/home/inf-39-2023/miniconda3/envs/Quast/bin/quast.py ../2_Assembly/SRR.asm.bp.p_ctg.fasta

Version: 5.2.0

System information:
  OS: Linux-6.7.4-100.fc38.x86_64-x86_64-with-glibc2.37 (linux_64)
  Python version: 3.10.13
  CPUs number: 16

Started: 2024-02-21 14:54:01

Logging to /home/inf-39-2023/bin/BINP29/Denovo/Quast/quast_results/results_2024_02_21_14_54_01/quast.log
NOTICE: Maximum number of threads is set to 4 (use --threads option to set it manually)

CWD: /home/inf-39-2023/bin/BINP29/Denovo/Quast
Main parameters: 
  MODE: default, threads: 4, min contig length: 500, min alignment length: 65, min alignment IDY: 95.0, \
  ambiguity: one, min local misassembly length: 200, min extensive misassembly length: 1000

Contigs:
  Pre-processing...
  ../2_Assembly/SRR.asm.bp.p_ctg.fasta ==> SRR.asm.bp.p_ctg

2024-02-21 14:54:01
Running Basic statistics processor...
  Contig files: 
    SRR.asm.bp.p_ctg
  Calculating N50 and L50...
    SRR.asm.bp.p_ctg, N50 = 809047, L50 = 6, auN = 820915.5, Total length = 12730920, GC % = 38.44, # N's per 100 kbp =  0.00
  Drawing Nx plot...
    saved to /home/inf-39-2023/bin/BINP29/Denovo/Quast/quast_results/results_2024_02_21_14_54_01/basic_stats/Nx_plot.pdf
  Drawing cumulative plot...
    saved to /home/inf-39-2023/bin/BINP29/Denovo/Quast/quast_results/results_2024_02_21_14_54_01/basic_stats/cumulative_plot.pdf
  Drawing GC content plot...
    saved to /home/inf-39-2023/bin/BINP29/Denovo/Quast/quast_results/results_2024_02_21_14_54_01/basic_stats/GC_content_plot.pdf
  Drawing SRR.asm.bp.p_ctg GC content plot...
    saved to /home/inf-39-2023/bin/BINP29/Denovo/Quast/quast_results/results_2024_02_21_14_54_01/basic_stats/SRR.asm.bp.p_ctg_GC_content_plot.pdf
Done.

NOTICE: Genes are not predicted by default. Use --gene-finding or --glimmer option to enable it.

2024-02-21 14:54:02
Creating large visual summaries...
This may take a while: press Ctrl-C to skip this step..
  1 of 2: Creating PDF with all tables and plots...
  2 of 2: Creating Icarus viewers...
Done

2024-02-21 14:54:02
RESULTS:
  Text versions of total report are saved to /home/inf-39-2023/bin/BINP29/Denovo/Quast/quast_results/results_2024_02_21_14_54_01/report.txt, report.tsv, and report.tex
  Text versions of transposed total report are saved to /home/inf-39-2023/bin/BINP29/Denovo/Quast/quast_results/results_2024_02_21_14_54_01/transposed_report.txt, transposed_report.tsv, and transposed_report.tex
  HTML version (interactive tables and plots) is saved to /home/inf-39-2023/bin/BINP29/Denovo/Quast/quast_results/results_2024_02_21_14_54_01/report.html
  PDF version (tables and plots) is saved to /home/inf-39-2023/bin/BINP29/Denovo/Quast/quast_results/results_2024_02_21_14_54_01/report.pdf
  Icarus (contig browser) is saved to /home/inf-39-2023/bin/BINP29/Denovo/Quast/quast_results/results_2024_02_21_14_54_01/icarus.html
  Log is saved to /home/inf-39-2023/bin/BINP29/Denovo/Quast/quast_results/results_2024_02_21_14_54_01/quast.log

Finished: 2024-02-21 14:54:02
Elapsed time: 0:00:01.522199
NOTICEs: 2; WARNINGs: 0; non-fatal ERRORs: 0

Thank you for using QUAST!
