/home/inf-39-2023/miniconda3/envs/Quast/bin/quast.py -r /home/inf-39-2023/bin/BINP29/Denovo/ncbi_dataset/data/GCF_000146045.2/GCF_000146045.2_R64_genomic.fna ../2_Assembly/SRR.asm.bp.p_ctg.fasta

Version: 5.2.0

System information:
  OS: Linux-6.7.4-100.fc38.x86_64-x86_64-with-glibc2.37 (linux_64)
  Python version: 3.10.13
  CPUs number: 16

Started: 2024-02-21 16:33:02

Logging to /home/inf-39-2023/bin/BINP29/Denovo/Quast/quast_results/results_2024_02_21_16_33_02/quast.log
NOTICE: Maximum number of threads is set to 4 (use --threads option to set it manually)

CWD: /home/inf-39-2023/bin/BINP29/Denovo/Quast
Main parameters: 
  MODE: default, threads: 4, min contig length: 500, min alignment length: 65, min alignment IDY: 95.0, \
  ambiguity: one, min local misassembly length: 200, min extensive misassembly length: 1000

Reference:
  /home/inf-39-2023/bin/BINP29/Denovo/ncbi_dataset/data/GCF_000146045.2/GCF_000146045.2_R64_genomic.fna ==> GCF_000146045.2_R64_genomic

Contigs:
  Pre-processing...
  ../2_Assembly/SRR.asm.bp.p_ctg.fasta ==> SRR.asm.bp.p_ctg

2024-02-21 16:33:03
Running Basic statistics processor...
  Reference genome:
    GCF_000146045.2_R64_genomic.fna, length = 12157105, num fragments = 17, GC % = 38.15
  Contig files: 
    SRR.asm.bp.p_ctg
  Calculating N50 and L50...
    SRR.asm.bp.p_ctg, N50 = 809047, L50 = 6, auN = 820915.5, Total length = 12730920, GC % = 38.44, # N's per 100 kbp =  0.00
  Drawing Nx plot...
    saved to /home/inf-39-2023/bin/BINP29/Denovo/Quast/quast_results/results_2024_02_21_16_33_02/basic_stats/Nx_plot.pdf
  Drawing NGx plot...
    saved to /home/inf-39-2023/bin/BINP29/Denovo/Quast/quast_results/results_2024_02_21_16_33_02/basic_stats/NGx_plot.pdf
  Drawing cumulative plot...
    saved to /home/inf-39-2023/bin/BINP29/Denovo/Quast/quast_results/results_2024_02_21_16_33_02/basic_stats/cumulative_plot.pdf
  Drawing GC content plot...
    saved to /home/inf-39-2023/bin/BINP29/Denovo/Quast/quast_results/results_2024_02_21_16_33_02/basic_stats/GC_content_plot.pdf
  Drawing SRR.asm.bp.p_ctg GC content plot...
    saved to /home/inf-39-2023/bin/BINP29/Denovo/Quast/quast_results/results_2024_02_21_16_33_02/basic_stats/SRR.asm.bp.p_ctg_GC_content_plot.pdf
Done.

2024-02-21 16:33:04
Running Contig analyzer...
WARNING: Version of installed minimap2 differs from its version in the QUAST package (2.24). Please make sure that you use an actual version of software.
  SRR.asm.bp.p_ctg
  Logging to files /home/inf-39-2023/bin/BINP29/Denovo/Quast/quast_results/results_2024_02_21_16_33_02/contigs_reports/contigs_report_SRR-asm-bp-p_ctg.stdout and contigs_report_SRR-asm-bp-p_ctg.stderr...
  Aligning contigs to the reference
WARNING: Version of installed minimap2 differs from its version in the QUAST package (2.24). Please make sure that you use an actual version of software.
  /home/inf-39-2023/miniconda3/envs/Quast/bin/minimap2 -c -x asm10 -B5 -O4,16 --no-long-join \
  -r 200 -N 50 -s 65 -z 200 --mask-level 0.9 --min-occ 200 -g 2500 --score-N 2 --cs \
  -t 4 quast_results/results_2024_02_21_16_33_02/quast_corrected_input/GCF_000146045.2_R64_genomic.fna \
  quast_results/results_2024_02_21_16_33_02/quast_corrected_input/SRR-asm-bp-p_ctg.fasta \
  > quast_results/results_2024_02_21_16_33_02/contigs_reports/minimap_output/SRR-asm-bp-p_ctg.coords_tmp \
  2>> quast_results/results_2024_02_21_16_33_02/contigs_reports/contigs_report_SRR-asm-bp-p_ctg.stderr
  Analysis is finished.

  Creating total report...
    saved to /home/inf-39-2023/bin/BINP29/Denovo/Quast/quast_results/results_2024_02_21_16_33_02/contigs_reports/misassemblies_report.txt, misassemblies_report.tsv, and misassemblies_report.tex
  Transposed version of total report...
    saved to /home/inf-39-2023/bin/BINP29/Denovo/Quast/quast_results/results_2024_02_21_16_33_02/contigs_reports/transposed_report_misassemblies.txt, transposed_report_misassemblies.tsv, and transposed_report_misassemblies.tex
  Creating total report...
    saved to /home/inf-39-2023/bin/BINP29/Denovo/Quast/quast_results/results_2024_02_21_16_33_02/contigs_reports/unaligned_report.txt, unaligned_report.tsv, and unaligned_report.tex
  Drawing misassemblies by types plot...
    saved to /home/inf-39-2023/bin/BINP29/Denovo/Quast/quast_results/results_2024_02_21_16_33_02/contigs_reports/misassemblies_plot.pdf
  Drawing misassemblies FRCurve plot...
    saved to /home/inf-39-2023/bin/BINP29/Denovo/Quast/quast_results/results_2024_02_21_16_33_02/contigs_reports/misassemblies_frcurve_plot.pdf
Done.

2024-02-21 16:33:08
Running NA-NGA calculation...
  SRR.asm.bp.p_ctg, Largest alignment = 843303, NA50 = 273893, NGA50 = 284119, LA50 = 13, LGA50 = 12
  Drawing cumulative plot...
    saved to /home/inf-39-2023/bin/BINP29/Denovo/Quast/quast_results/results_2024_02_21_16_33_02/aligned_stats/cumulative_plot.pdf
  Drawing NAx plot...
    saved to /home/inf-39-2023/bin/BINP29/Denovo/Quast/quast_results/results_2024_02_21_16_33_02/aligned_stats/NAx_plot.pdf
  Drawing NGAx plot...
    saved to /home/inf-39-2023/bin/BINP29/Denovo/Quast/quast_results/results_2024_02_21_16_33_02/aligned_stats/NGAx_plot.pdf
Done.

2024-02-21 16:33:09
Running Genome analyzer...
  NOTICE: No file with genomic features were provided. Use the --features option if you want to specify it.

  NOTICE: No file with operons were provided. Use the -O option if you want to specify it.
  SRR.asm.bp.p_ctg
  Analysis is finished.
  Skipping drawing Genome fraction, % histogram... (less than 2 columns histogram makes no sense)
Done.

NOTICE: Genes are not predicted by default. Use --gene-finding or --glimmer option to enable it.

2024-02-21 16:33:11
Creating large visual summaries...
This may take a while: press Ctrl-C to skip this step..
  1 of 2: Creating PDF with all tables and plots...
  2 of 2: Creating Icarus viewers...
Done

2024-02-21 16:33:12
RESULTS:
  Text versions of total report are saved to /home/inf-39-2023/bin/BINP29/Denovo/Quast/quast_results/results_2024_02_21_16_33_02/report.txt, report.tsv, and report.tex
  Text versions of transposed total report are saved to /home/inf-39-2023/bin/BINP29/Denovo/Quast/quast_results/results_2024_02_21_16_33_02/transposed_report.txt, transposed_report.tsv, and transposed_report.tex
  HTML version (interactive tables and plots) is saved to /home/inf-39-2023/bin/BINP29/Denovo/Quast/quast_results/results_2024_02_21_16_33_02/report.html
  PDF version (tables and plots) is saved to /home/inf-39-2023/bin/BINP29/Denovo/Quast/quast_results/results_2024_02_21_16_33_02/report.pdf
  Icarus (contig browser) is saved to /home/inf-39-2023/bin/BINP29/Denovo/Quast/quast_results/results_2024_02_21_16_33_02/icarus.html
  Log is saved to /home/inf-39-2023/bin/BINP29/Denovo/Quast/quast_results/results_2024_02_21_16_33_02/quast.log

Finished: 2024-02-21 16:33:12
Elapsed time: 0:00:09.789434
NOTICEs: 4; WARNINGs: 2; non-fatal ERRORs: 0

Thank you for using QUAST!
