#                                                                                              --- full sequence --- -------------- this domain -------------   hmm coord   ali coord   env coord
# target name                          accession   tlen query name           accession   qlen   E-value  score  bias   #  of  c-Evalue  i-Evalue  score  bias  from    to  from    to  from    to  acc description of target
#                  ------------------- ---------- ----- -------------------- ---------- ----- --------- ------ ----- --- --- --------- --------- ------ ----- ----- ----- ----- ----- ----- ----- ---- ---------------------
10130at4891_2|ptg000003l:543339-545867 -            843 10130at4891          -            447  6.9e-109  361.9  47.8   1   7   1.7e-54   2.2e-51  172.4   7.5     2   172     6   223     5   229 0.81 -
10130at4891_2|ptg000003l:543339-545867 -            843 10130at4891          -            447  6.9e-109  361.9  47.8   2   7    0.0019       2.5    4.1   0.0   161   200   244   286   239   291 0.72 -
10130at4891_2|ptg000003l:543339-545867 -            843 10130at4891          -            447  6.9e-109  361.9  47.8   3   7   2.9e-10   3.9e-07   26.6   0.1   196   228   305   337   298   342 0.84 -
10130at4891_2|ptg000003l:543339-545867 -            843 10130at4891          -            447  6.9e-109  361.9  47.8   4   7   8.8e-24   1.2e-20   71.1   0.3   223   284   356   418   344   437 0.89 -
10130at4891_2|ptg000003l:543339-545867 -            843 10130at4891          -            447  6.9e-109  361.9  47.8   5   7   1.1e-09   1.4e-06   24.7   1.3   279   333   456   515   430   531 0.78 -
10130at4891_2|ptg000003l:543339-545867 -            843 10130at4891          -            447  6.9e-109  361.9  47.8   6   7   6.3e-23   8.4e-20   68.3  12.1   328   444   534   671   523   673 0.73 -
10130at4891_2|ptg000003l:543339-545867 -            843 10130at4891          -            447  6.9e-109  361.9  47.8   7   7   2.1e-06    0.0028   13.8   0.1   412   446   660   697   641   698 0.77 -
15100at4891_6|ptg000011l:834561-836531 -            657 10130at4891          -            447   8.6e-20   68.2  24.0   1   4   2.2e-20   2.9e-17   59.9   5.2     1   171     4   212     4   219 0.73 -
15100at4891_6|ptg000011l:834561-836531 -            657 10130at4891          -            447   8.6e-20   68.2  24.0   2   4   1.2e-07   0.00016   17.9   3.3   192   290   277   395   216   436 0.70 -
15100at4891_6|ptg000011l:834561-836531 -            657 10130at4891          -            447   8.6e-20   68.2  24.0   3   4      0.23     3e+02   -2.8   0.2   346   359   499   512   446   573 0.57 -
15100at4891_6|ptg000011l:834561-836531 -            657 10130at4891          -            447   8.6e-20   68.2  24.0   4   4     0.033        45   -0.0   0.0   424   446   611   633   601   634 0.85 -
#
# Program:         hmmsearch
# Version:         3.1b2 (February 2015)
# Pipeline mode:   SEARCH
# Query file:      /home/inf-39-2023/bin/BINP29/Denovo/2_Assembly/busco_downloads/lineages/saccharomycetes_odb10/hmms/10130at4891.hmm
# Target file:     /home/inf-39-2023/bin/BINP29/Denovo/2_Assembly/BUSCO_SRR.asm.bp.p_ctg.fasta/run_saccharomycetes_odb10/metaeuk_output/initial_results/SRR.asm.bp.p_ctg.fasta.modified.fas
# Option settings: hmmsearch --domtblout /home/inf-39-2023/bin/BINP29/Denovo/2_Assembly/BUSCO_SRR.asm.bp.p_ctg.fasta/run_saccharomycetes_odb10/hmmer_output/initial_run_results/10130at4891.out --cpu 1 /home/inf-39-2023/bin/BINP29/Denovo/2_Assembly/busco_downloads/lineages/saccharomycetes_odb10/hmms/10130at4891.hmm /home/inf-39-2023/bin/BINP29/Denovo/2_Assembly/BUSCO_SRR.asm.bp.p_ctg.fasta/run_saccharomycetes_odb10/metaeuk_output/initial_results/SRR.asm.bp.p_ctg.fasta.modified.fas 
# Current dir:     /home/inf-39-2023/bin/BINP29/Denovo/2_Assembly
# Date:            Wed Feb 21 15:52:37 2024
# [ok]
