#                                                                                              --- full sequence --- -------------- this domain -------------   hmm coord   ali coord   env coord
# target name                          accession   tlen query name           accession   qlen   E-value  score  bias   #  of  c-Evalue  i-Evalue  score  bias  from    to  from    to  from    to  acc description of target
#                  ------------------- ---------- ----- -------------------- ---------- ----- --------- ------ ----- --- --- --------- --------- ------ ----- ----- ----- ----- ----- ----- ----- ---- ---------------------
10256at4891_2|ptg000003l:221402-223684 -            761 10256at4891          -            364  1.7e-130  432.8  23.2   1   5   1.4e-05     0.018   11.6   0.3     2    28     4    30     3    40 0.86 -
10256at4891_2|ptg000003l:221402-223684 -            761 10256at4891          -            364  1.7e-130  432.8  23.2   2   5     2e-05     0.027   11.0   0.2    27    61    74   107    65   120 0.75 -
10256at4891_2|ptg000003l:221402-223684 -            761 10256at4891          -            364  1.7e-130  432.8  23.2   3   5   2.5e-19   3.3e-16   56.8   0.1    43   103   122   196    97   205 0.79 -
10256at4891_2|ptg000003l:221402-223684 -            761 10256at4891          -            364  1.7e-130  432.8  23.2   4   5  4.4e-111  5.9e-108  358.7   5.1   101   343   241   509   231   515 0.92 -
10256at4891_2|ptg000003l:221402-223684 -            761 10256at4891          -            364  1.7e-130  432.8  23.2   5   5    0.0037         5    3.6   0.1   325   356   587   618   573   624 0.75 -
25626at4891_4|ptg000004l:122114-123346 -            411 10256at4891          -            364   4.4e-05   20.2   0.1   1   2   1.6e-07   0.00021   17.9   0.0   152   263   187   309   159   317 0.71 -
25626at4891_4|ptg000004l:122114-123346 -            411 10256at4891          -            364   4.4e-05   20.2   0.1   2   2     0.063        84   -0.5   0.1   277   325   342   392   337   397 0.81 -
#
# Program:         hmmsearch
# Version:         3.1b2 (February 2015)
# Pipeline mode:   SEARCH
# Query file:      /home/inf-39-2023/bin/BINP29/Denovo/2_Assembly/busco_downloads/lineages/saccharomycetes_odb10/hmms/10256at4891.hmm
# Target file:     /home/inf-39-2023/bin/BINP29/Denovo/2_Assembly/BUSCO_SRR.asm.bp.p_ctg.fasta/run_saccharomycetes_odb10/metaeuk_output/initial_results/SRR.asm.bp.p_ctg.fasta.modified.fas
# Option settings: hmmsearch --domtblout /home/inf-39-2023/bin/BINP29/Denovo/2_Assembly/BUSCO_SRR.asm.bp.p_ctg.fasta/run_saccharomycetes_odb10/hmmer_output/initial_run_results/10256at4891.out --cpu 1 /home/inf-39-2023/bin/BINP29/Denovo/2_Assembly/busco_downloads/lineages/saccharomycetes_odb10/hmms/10256at4891.hmm /home/inf-39-2023/bin/BINP29/Denovo/2_Assembly/BUSCO_SRR.asm.bp.p_ctg.fasta/run_saccharomycetes_odb10/metaeuk_output/initial_results/SRR.asm.bp.p_ctg.fasta.modified.fas 
# Current dir:     /home/inf-39-2023/bin/BINP29/Denovo/2_Assembly
# Date:            Wed Feb 21 15:52:37 2024
# [ok]
