#                                                                                                --- full sequence --- -------------- this domain -------------   hmm coord   ali coord   env coord
# target name                            accession   tlen query name           accession   qlen   E-value  score  bias   #  of  c-Evalue  i-Evalue  score  bias  from    to  from    to  from    to  acc description of target
#                    ------------------- ---------- ----- -------------------- ---------- ----- --------- ------ ----- --- --- --------- --------- ------ ----- ----- ----- ----- ----- ----- ----- ---- ---------------------
10649at4891_2|ptg000004l:230996-232786   -            597 10649at4891          -            313  1.6e-118  392.8  30.9   1   2   9.2e-73   5.7e-71  236.5   8.4     1   192   159   393   159   402 0.88 -
10649at4891_2|ptg000004l:230996-232786   -            597 10649at4891          -            313  1.6e-118  392.8  30.9   2   2     2e-49   1.3e-47  159.9   1.1   190   309   424   583   407   591 0.83 -
16921at4891_6|ptg000016l:181899-182717   -            273 10649at4891          -            313   2.4e-11   40.7   4.1   1   6      0.29        18    1.7   0.0   146   161     2    17     1    24 0.89 -
16921at4891_6|ptg000016l:181899-182717   -            273 10649at4891          -            313   2.4e-11   40.7   4.1   2   6     0.025       1.6    5.2   0.0   128   162    25    58    21    65 0.81 -
16921at4891_6|ptg000016l:181899-182717   -            273 10649at4891          -            313   2.4e-11   40.7   4.1   3   6     0.039       2.4    4.5   0.0   121   159    56    95    53   101 0.75 -
16921at4891_6|ptg000016l:181899-182717   -            273 10649at4891          -            313   2.4e-11   40.7   4.1   4   6   0.00038     0.024   11.1   0.1    94   188    71   171    68   186 0.68 -
16921at4891_6|ptg000016l:181899-182717   -            273 10649at4891          -            313   2.4e-11   40.7   4.1   5   6    0.0019      0.12    8.9   0.0   141   171   207   237   193   247 0.85 -
16921at4891_6|ptg000016l:181899-182717   -            273 10649at4891          -            313   2.4e-11   40.7   4.1   6   6     0.002      0.13    8.8   0.1   140   163   246   269   239   271 0.87 -
17074at4891_3|ptg000017l:164206-165084   -            293 10649at4891          -            313   7.2e-11   39.1   2.5   1   3     0.003      0.19    8.2   0.0   128   173    13    60     7    68 0.79 -
17074at4891_3|ptg000017l:164206-165084   -            293 10649at4891          -            313   7.2e-11   39.1   2.5   2   3   5.7e-06   0.00036   17.1   0.1   126   166    73   111    65   128 0.80 -
17074at4891_3|ptg000017l:164206-165084   -            293 10649at4891          -            313   7.2e-11   39.1   2.5   3   3   0.00028     0.018   11.6   0.1   103   161   155   212   146   229 0.84 -
16921at4891_8|ptg000010l:74467-75159     -            231 10649at4891          -            313   1.7e-10   37.9   2.0   1   5     0.022       1.4    5.3   0.0    14    41     1    28     1    40 0.85 -
16921at4891_8|ptg000010l:74467-75159     -            231 10649at4891          -            313   1.7e-10   37.9   2.0   2   5    0.0009     0.056    9.9   0.0   138   163    50    75    32    82 0.81 -
16921at4891_8|ptg000010l:74467-75159     -            231 10649at4891          -            313   1.7e-10   37.9   2.0   3   5      0.35        22    1.4   0.0   142   160    96   114    80   123 0.78 -
16921at4891_8|ptg000010l:74467-75159     -            231 10649at4891          -            313   1.7e-10   37.9   2.0   4   5    0.0022      0.14    8.6   0.1   130   164   133   167   123   175 0.79 -
16921at4891_8|ptg000010l:74467-75159     -            231 10649at4891          -            313   1.7e-10   37.9   2.0   5   5    0.0041      0.25    7.8   0.0   123   161   179   218   170   221 0.77 -
16921at4891_9|ptg000010l:93758-94756     -            333 10649at4891          -            313   8.2e-10   35.6   4.0   1   4      0.02       1.2    5.5   0.2   145   216    21    93     3    94 0.54 -
16921at4891_9|ptg000010l:93758-94756     -            333 10649at4891          -            313   8.2e-10   35.6   4.0   2   4     1e-05   0.00065   16.3   0.2   105   160    72   127    68   140 0.86 -
16921at4891_9|ptg000010l:93758-94756     -            333 10649at4891          -            313   8.2e-10   35.6   4.0   3   4     0.022       1.3    5.4   0.0   128   161   219   253   207   258 0.81 -
16921at4891_9|ptg000010l:93758-94756     -            333 10649at4891          -            313   8.2e-10   35.6   4.0   4   4    0.0021      0.13    8.7   0.0    83   155   258   331   253   333 0.91 -
16921at4891_3|ptg000006l:551155-551790   -            212 10649at4891          -            313   4.3e-09   33.3   0.2   1   3   2.2e-05    0.0013   15.2   0.0   128   209     1    94     1    95 0.55 -
16921at4891_3|ptg000006l:551155-551790   -            212 10649at4891          -            313   4.3e-09   33.3   0.2   2   3   9.2e-06   0.00057   16.4   0.0   103   161    80   137    71   146 0.81 -
16921at4891_3|ptg000006l:551155-551790   -            212 10649at4891          -            313   4.3e-09   33.3   0.2   3   3       2.9   1.8e+02   -1.6   0.0    95   112   193   210   165   212 0.69 -
15960at4891_0|ptg000014l:156967-157878   -            304 10649at4891          -            313   1.3e-08   31.7   1.1   1   4      0.88        55    0.1   0.0   143   176     6    45     4    47 0.68 -
15960at4891_0|ptg000014l:156967-157878   -            304 10649at4891          -            313   1.3e-08   31.7   1.1   2   4   4.8e-06    0.0003   17.4   0.1   128   211    32   108    13   111 0.83 -
15960at4891_0|ptg000014l:156967-157878   -            304 10649at4891          -            313   1.3e-08   31.7   1.1   3   4   4.9e-07   3.1e-05   20.6   0.1    83   207    72   188    64   196 0.75 -
15960at4891_0|ptg000014l:156967-157878   -            304 10649at4891          -            313   1.3e-08   31.7   1.1   4   4      0.23        15    2.0   0.0    20   275   260   281   242   301 0.65 -
3060at4891_2|ptg000004l:379350-382178    -            943 10649at4891          -            313   1.7e-08   31.3  10.8   1   6   6.6e-05    0.0041   13.6   0.2    89   209    81   192    54   193 0.77 -
3060at4891_2|ptg000004l:379350-382178    -            943 10649at4891          -            313   1.7e-08   31.3  10.8   2   6     0.019       1.2    5.5   0.3   100   158   175   232   161   288 0.65 -
3060at4891_2|ptg000004l:379350-382178    -            943 10649at4891          -            313   1.7e-08   31.3  10.8   3   6      0.41        26    1.2   0.0   189   239   400   459   393   464 0.60 -
3060at4891_2|ptg000004l:379350-382178    -            943 10649at4891          -            313   1.7e-08   31.3  10.8   4   6     0.053       3.3    4.1   0.0   101   160   444   505   432   511 0.70 -
3060at4891_2|ptg000004l:379350-382178    -            943 10649at4891          -            313   1.7e-08   31.3  10.8   5   6    0.0025      0.15    8.5   0.1    88   158   574   645   565   652 0.88 -
3060at4891_2|ptg000004l:379350-382178    -            943 10649at4891          -            313   1.7e-08   31.3  10.8   6   6     0.011      0.66    6.4   0.1    67   113   637   683   612   713 0.79 -
3606at4891_2|ptg000002l:201554-203944    -            797 10649at4891          -            313     3e-07   27.2   0.4   1   4       3.5   2.1e+02   -1.9   0.0   131   168   468   506   455   523 0.62 -
3606at4891_2|ptg000002l:201554-203944    -            797 10649at4891          -            313     3e-07   27.2   0.4   2   4     0.048         3    4.2   0.0    88   129   526   567   498   600 0.59 -
3606at4891_2|ptg000002l:201554-203944    -            797 10649at4891          -            313     3e-07   27.2   0.4   3   4      0.18        11    2.4   0.0   128   162   608   643   562   646 0.77 -
3606at4891_2|ptg000002l:201554-203944    -            797 10649at4891          -            313     3e-07   27.2   0.4   4   4   1.1e-05   0.00066   16.2   0.0    83   162   647   728   642   733 0.80 -
17077at4891_7|ptg000003l:672388-673722   -            445 10649at4891          -            313   4.6e-07   26.6   0.5   1   3    0.0089      0.56    6.6   0.1   139   165   145   171   130   184 0.80 -
17077at4891_7|ptg000003l:672388-673722   -            445 10649at4891          -            313   4.6e-07   26.6   0.5   2   3   0.00046     0.028   10.9   0.0    54   164   186   296   180   304 0.83 -
17077at4891_7|ptg000003l:672388-673722   -            445 10649at4891          -            313   4.6e-07   26.6   0.5   3   3     0.045       2.8    4.3   0.1   119   165   331   380   315   430 0.70 -
4206at4891_2|ptg000010l:112406-115159    -            918 10649at4891          -            313   8.3e-07   25.8   8.8   1   4       1.1        66   -0.2   0.1    88   163    56   133    38   196 0.55 -
4206at4891_2|ptg000010l:112406-115159    -            918 10649at4891          -            313   8.3e-07   25.8   8.8   2   4      0.88        55    0.1   0.1   128   207   145   219   132   226 0.52 -
4206at4891_2|ptg000010l:112406-115159    -            918 10649at4891          -            313   8.3e-07   25.8   8.8   3   4    0.0008      0.05   10.1   0.4    87   207   302   415   292   416 0.72 -
4206at4891_2|ptg000010l:112406-115159    -            918 10649at4891          -            313   8.3e-07   25.8   8.8   4   4   5.7e-05    0.0035   13.9   0.1    93   170   436   512   428   611 0.75 -
17785at4891_2|ptg000011l:828275-829651   -            459 10649at4891          -            313   9.5e-07   25.6   6.8   1   4    0.0021      0.13    8.7   0.6    15   126   107   139   105   200 0.52 -
17785at4891_2|ptg000011l:828275-829651   -            459 10649at4891          -            313   9.5e-07   25.6   6.8   2   4     0.057       3.6    4.0   0.0   120   155   197   234   191   243 0.78 -
17785at4891_2|ptg000011l:828275-829651   -            459 10649at4891          -            313   9.5e-07   25.6   6.8   3   4      0.17        11    2.4   0.1   139   167   299   327   281   342 0.72 -
17785at4891_2|ptg000011l:828275-829651   -            459 10649at4891          -            313   9.5e-07   25.6   6.8   4   4    0.0029      0.18    8.2   0.0   136   211   382   408   327   432 0.63 -
16921at4891_0|ptg000008l:611070-611840   -            257 10649at4891          -            313   1.4e-06   25.1   0.4   1   2    0.0069      0.43    7.0   0.0    79   163    64   149    57   168 0.79 -
16921at4891_0|ptg000008l:611070-611840   -            257 10649at4891          -            313   1.4e-06   25.1   0.4   2   2   3.7e-05    0.0023   14.5   0.1    79   159   172   255   166   257 0.77 -
17147at4891_9|ptg000005l:321518-322747   -            410 10649at4891          -            313   1.5e-06   24.9   1.0   1   2     2e-05    0.0012   15.3   0.1    99   164   130   197   122   215 0.78 -
17147at4891_9|ptg000005l:321518-322747   -            410 10649at4891          -            313   1.5e-06   24.9   1.0   2   2    0.0072      0.45    6.9   0.1   103   159   219   279   210   304 0.70 -
29122at4891_2|ptg000011l:738372-739637   -            422 10649at4891          -            313   1.6e-06   24.8   1.9   1   2      0.42        26    1.1   0.1   128   160    91   124    59   132 0.69 -
29122at4891_2|ptg000011l:738372-739637   -            422 10649at4891          -            313   1.6e-06   24.8   1.9   2   2     3e-07   1.9e-05   21.3   0.3   122   242   172   302   125   308 0.73 -
16921at4891_4|ptg000007l:472642-473127   -            162 10649at4891          -            313   1.9e-06   24.6   1.1   1   3      0.15       9.2    2.6   0.0   139   161    30    52    14    62 0.76 -
16921at4891_4|ptg000007l:472642-473127   -            162 10649at4891          -            313   1.9e-06   24.6   1.1   2   3   0.00011     0.007   12.9   0.0   128   163    65   101    59   106 0.77 -
16921at4891_4|ptg000007l:472642-473127   -            162 10649at4891          -            313   1.9e-06   24.6   1.1   3   3    0.0068      0.43    7.0   0.0    86   136   107   156   101   162 0.61 -
13320at4891_1|ptg000009l:374554-375648   -            365 10649at4891          -            313   2.5e-06   24.2   0.4   1   2    0.0042      0.26    7.7   0.1   133   161    40    70    28    81 0.66 -
13320at4891_1|ptg000009l:374554-375648   -            365 10649at4891          -            313   2.5e-06   24.2   0.4   2   2   6.9e-05    0.0043   13.6   0.0    86   164    79   161    68   180 0.72 -
3395at4891|ptg000011l:150296-153625      -           1110 10649at4891          -            313   3.2e-06   23.8   0.0   1   2     0.068       4.3    3.7   0.0   127   180   160   216   151   221 0.72 -
3395at4891|ptg000011l:150296-153625      -           1110 10649at4891          -            313   3.2e-06   23.8   0.0   2   2   3.8e-06   0.00024   17.7   0.0   101   164   239   304   202   313 0.73 -
17077at4891_2|ptg000009l:290638-291492   -            285 10649at4891          -            313   3.2e-06   23.8   1.9   1   4     0.089       5.5    3.4   0.0   130   161     6    37     3    51 0.80 -
17077at4891_2|ptg000009l:290638-291492   -            285 10649at4891          -            313   3.2e-06   23.8   1.9   2   4      0.42        26    1.1   0.0   119   157    34    77    27    83 0.66 -
17077at4891_2|ptg000009l:290638-291492   -            285 10649at4891          -            313   3.2e-06   23.8   1.9   3   4     0.035       2.2    4.7   0.0   140   159   123   142   109   147 0.78 -
17077at4891_2|ptg000009l:290638-291492   -            285 10649at4891          -            313   3.2e-06   23.8   1.9   4   4    0.0018      0.11    8.9   0.1   132   166   157   190   146   246 0.65 -
4263at4891_2|ptg000003l:737369-740404    -           1012 10649at4891          -            313   3.6e-06   23.7  11.1   1   4   0.00011    0.0069   12.9   0.1   100   164   150   215   145   223 0.84 -
4263at4891_2|ptg000003l:737369-740404    -           1012 10649at4891          -            313   3.6e-06   23.7  11.1   2   4    0.0035      0.22    8.0   0.6   131   207   224   299   215   303 0.88 -
4263at4891_2|ptg000003l:737369-740404    -           1012 10649at4891          -            313   3.6e-06   23.7  11.1   3   4      0.74        46    0.3   0.1    97   170   675   752   610   801 0.64 -
4263at4891_2|ptg000003l:737369-740404    -           1012 10649at4891          -            313   3.6e-06   23.7  11.1   4   4     0.011       0.7    6.3   0.1   128   194   936  1002   887  1010 0.84 -
12680at4891_2|ptg000017l:268705-269682   -            326 10649at4891          -            313   9.1e-06   22.3   0.4   1   3     0.074       4.6    3.6   0.0    85   116    22    53    12   101 0.73 -
12680at4891_2|ptg000017l:268705-269682   -            326 10649at4891          -            313   9.1e-06   22.3   0.4   2   3   1.7e-05    0.0011   15.5   0.1    95   161    77   143    63   152 0.78 -
12680at4891_2|ptg000017l:268705-269682   -            326 10649at4891          -            313   9.1e-06   22.3   0.4   3   3       1.4        86   -0.6   0.0     9    33   196   220   190   232 0.74 -
2368at4891_2|ptg000013l:468770-471571    -            934 10649at4891          -            313   1.1e-05   22.1   0.2   1   3       2.8   1.7e+02   -1.6   0.0   139   160   357   378   325   394 0.62 -
2368at4891_2|ptg000013l:468770-471571    -            934 10649at4891          -            313   1.1e-05   22.1   0.2   2   3   0.00026     0.016   11.7   0.1    90   161   458   530   442   561 0.85 -
2368at4891_2|ptg000013l:468770-471571    -            934 10649at4891          -            313   1.1e-05   22.1   0.2   3   3    0.0085      0.53    6.7   0.0   128   167   579   619   539   638 0.75 -
17077at4891_6|ptg000001l:154292-154936   -            215 10649at4891          -            313   1.1e-05   22.1   1.0   1   4     0.026       1.6    5.1   0.0    16    42    11    35     4    43 0.77 -
17077at4891_6|ptg000001l:154292-154936   -            215 10649at4891          -            313   1.1e-05   22.1   1.0   2   4    0.0076      0.47    6.9   0.0   128   161    45    78    37    92 0.84 -
17077at4891_6|ptg000001l:154292-154936   -            215 10649at4891          -            313   1.1e-05   22.1   1.0   3   4     0.034       2.1    4.7   0.0   144   161    61    78    60   127 0.58 -
17077at4891_6|ptg000001l:154292-154936   -            215 10649at4891          -            313   1.1e-05   22.1   1.0   4   4      0.04       2.5    4.5   0.0   141   159   165   183   149   189 0.81 -
8998at4891_7|ptg000014l:735866-737215    -            450 10649at4891          -            313   1.6e-05   21.6   1.4   1   2   1.4e-06     9e-05   19.1   1.1    70   164   103   198    94   254 0.80 -
8998at4891_7|ptg000014l:735866-737215    -            450 10649at4891          -            313   1.6e-05   21.6   1.4   2   2      0.72        45    0.4   0.0   194   194   262   262   195   365 0.63 -
2851at4891_2|ptg000013l:113953-116400    -            816 10649at4891          -            313   1.7e-05   21.5   7.7   1   5   0.00076     0.048   10.1   0.1    86   211   101   228    90   237 0.71 -
2851at4891_2|ptg000013l:113953-116400    -            816 10649at4891          -            313   1.7e-05   21.5   7.7   2   5    0.0066      0.41    7.1   0.0    76   207   377   519   371   521 0.65 -
2851at4891_2|ptg000013l:113953-116400    -            816 10649at4891          -            313   1.7e-05   21.5   7.7   3   5    0.0034      0.21    8.0   0.1   124   162   486   525   472   564 0.83 -
2851at4891_2|ptg000013l:113953-116400    -            816 10649at4891          -            313   1.7e-05   21.5   7.7   4   5      0.17        11    2.4   0.0   128   161   574   608   550   648 0.78 -
2851at4891_2|ptg000013l:113953-116400    -            816 10649at4891          -            313   1.7e-05   21.5   7.7   5   5       3.1   1.9e+02   -1.7   0.0   119   161   712   752   707   763 0.75 -
16921at4891_7|ptg000002l:236728-237624   -            299 10649at4891          -            313   6.6e-05   19.5   0.3   1   2    0.0009     0.056    9.9   0.2    86   210    80   155    14   167 0.59 -
16921at4891_7|ptg000002l:236728-237624   -            299 10649at4891          -            313   6.6e-05   19.5   0.3   2   2   8.1e-06   0.00051   16.6   0.2    86   207    80   202    74   208 0.76 -
17712at4891_2|ptg000007l:63625-65004     -            460 10649at4891          -            313   0.00015   18.3   2.2   1   1   0.00044     0.027   10.9   2.2   260   307   159   210     2   214 0.65 -
15470at4891_1|ptg000007l:535847-536884   -            346 10649at4891          -            313   0.00016   18.3   0.4   1   3       0.4        25    1.2   0.0   143   161    67    85    17    98 0.71 -
15470at4891_1|ptg000007l:535847-536884   -            346 10649at4891          -            313   0.00016   18.3   0.4   2   3    0.0068      0.42    7.0   0.0    20    45   162   187   147   219 0.84 -
15470at4891_1|ptg000007l:535847-536884   -            346 10649at4891          -            313   0.00016   18.3   0.4   3   3     0.012      0.76    6.2   0.0    15    43   297   325   292   336 0.83 -
11568at4891_2|ptg000017l:275223-276446   -            408 10649at4891          -            313   0.00025   17.6   0.6   1   3    0.0054      0.34    7.3   0.0    11    42    46    75    35    96 0.65 -
11568at4891_2|ptg000017l:275223-276446   -            408 10649at4891          -            313   0.00025   17.6   0.6   2   3    0.0091      0.57    6.6   0.1    96   161   110   176    98   185 0.88 -
11568at4891_2|ptg000017l:275223-276446   -            408 10649at4891          -            313   0.00025   17.6   0.6   3   3       1.9   1.2e+02   -1.0   0.0   194   210   311   327   300   361 0.70 -
28907at4891_2|ptg000003l:856309-857265   -            319 10649at4891          -            313   0.00046   16.8   0.2   1   2     0.002      0.12    8.8   0.1   141   210    54   116    47   124 0.74 -
28907at4891_2|ptg000003l:856309-857265   -            319 10649at4891          -            313   0.00046   16.8   0.2   2   2     0.021       1.3    5.4   0.0   110   160   171   224   162   253 0.77 -
27209at4891_7|ptg000013l:78600-80321     -            574 10649at4891          -            313   0.00062   16.3   1.3   1   1   3.8e-05    0.0023   14.4   1.3   117   220   275   374   254   417 0.67 -
4082at4891_2|ptg000002l:793821-796841    -           1007 10649at4891          -            313   0.00073   16.1   0.1   1   2    0.0011     0.067    9.7   0.0     3   144   113   259   111   273 0.81 -
4082at4891_2|ptg000002l:793821-796841    -           1007 10649at4891          -            313   0.00073   16.1   0.1   2   2     0.061       3.8    3.9   0.0   189   248   468   528   463   539 0.73 -
4082at4891_2|ptg000040l:10645-13665      -           1007 10649at4891          -            313   0.00073   16.1   0.1   1   2    0.0011     0.067    9.7   0.0     3   144   113   259   111   273 0.81 -
4082at4891_2|ptg000040l:10645-13665      -           1007 10649at4891          -            313   0.00073   16.1   0.1   2   2     0.061       3.8    3.9   0.0   189   248   468   528   463   539 0.73 -
10313at4891_2|ptg000008l:955426-957003   -            526 10649at4891          -            313   0.00092   15.8   0.4   1   3       5.3   3.3e+02   -2.5   0.1   132   157    90   115    82   125 0.75 -
10313at4891_2|ptg000008l:955426-957003   -            526 10649at4891          -            313   0.00092   15.8   0.4   2   3   1.5e-05   0.00092   15.8   0.4   123   216   178   271   170   280 0.81 -
10313at4891_2|ptg000008l:955426-957003   -            526 10649at4891          -            313   0.00092   15.8   0.4   3   3       1.7     1e+02   -0.8   0.1   130   169   293   332   272   381 0.56 -
17074at4891_2|ptg000003l:52077-53465     -            463 10649at4891          -            313   0.00094   15.7   9.4   1   5         7   4.3e+02   -2.9   0.2   171   197    85   111    68   117 0.75 -
17074at4891_2|ptg000003l:52077-53465     -            463 10649at4891          -            313   0.00094   15.7   9.4   2   5      0.97        61   -0.1   0.0   125   182   170   235   152   248 0.64 -
17074at4891_2|ptg000003l:52077-53465     -            463 10649at4891          -            313   0.00094   15.7   9.4   3   5      0.63        39    0.6   0.1   127   159   262   295   213   320 0.65 -
17074at4891_2|ptg000003l:52077-53465     -            463 10649at4891          -            313   0.00094   15.7   9.4   4   5   9.1e-05    0.0057   13.2   0.0    78   156   339   422   314   433 0.82 -
17074at4891_2|ptg000003l:52077-53465     -            463 10649at4891          -            313   0.00094   15.7   9.4   5   5     0.028       1.8    5.0   0.1   128   155   435   463   428   463 0.81 -
3223at4891_4|ptg000003l:627008-629695    -            896 10649at4891          -            313    0.0014   15.1   0.2   1   3   2.3e-05    0.0014   15.1   0.2    85   162   254   331   227   337 0.84 -
3223at4891_4|ptg000003l:627008-629695    -            896 10649at4891          -            313    0.0014   15.1   0.2   2   3       9.8   6.1e+02   -3.3   0.1   134   162   612   640   569   663 0.58 -
3223at4891_4|ptg000003l:627008-629695    -            896 10649at4891          -            313    0.0014   15.1   0.2   3   3       7.6   4.8e+02   -3.0   0.0    56    81   792   817   785   853 0.70 -
6943at4891_4|ptg000004l:113013-114467    -            485 10649at4891          -            313    0.0019   14.8   9.0   1   3     0.042       2.6    4.4   1.6   137   208   130   206    64   222 0.71 -
6943at4891_4|ptg000004l:113013-114467    -            485 10649at4891          -            313    0.0019   14.8   9.0   2   3     0.021       1.3    5.4   0.2   130   233   220   328   215   334 0.60 -
6943at4891_4|ptg000004l:113013-114467    -            485 10649at4891          -            313    0.0019   14.8   9.0   3   3    0.0081       0.5    6.8   0.1    71   117   332   378   328   399 0.70 -
6917at4891_2|ptg000006l:445926-447674    -            583 10649at4891          -            313    0.0023   14.5   7.2   1   3       1.3        82   -0.5   1.7   163   200   153   195   119   205 0.61 -
6917at4891_2|ptg000006l:445926-447674    -            583 10649at4891          -            313    0.0023   14.5   7.2   2   3     0.087       5.4    3.4   0.1   134   170   292   328   228   385 0.61 -
6917at4891_2|ptg000006l:445926-447674    -            583 10649at4891          -            313    0.0023   14.5   7.2   3   3   0.00067     0.042   10.3   0.0    11    64   454   509   447   515 0.86 -
11696at4891_2|ptg000007l:511519-513051   -            511 10649at4891          -            313    0.0051   13.3   0.3   1   3     0.012      0.72    6.3   0.0   189   211   332   354   317   373 0.79 -
11696at4891_2|ptg000007l:511519-513051   -            511 10649at4891          -            313    0.0051   13.3   0.3   2   3         2   1.2e+02   -1.1   0.0     9    32   364   387   354   402 0.83 -
11696at4891_2|ptg000007l:511519-513051   -            511 10649at4891          -            313    0.0051   13.3   0.3   3   3       0.1       6.5    3.1   0.0   124   161   412   451   405   468 0.77 -
33087at4891_2|ptg000008l:1017853-1019040 -            396 10649at4891          -            313    0.0063   13.0   0.3   1   1   0.00022     0.014   11.9   0.1   117   172   279   331   225   354 0.75 -
21297at4891_1|ptg000011l:380611-381618   -            336 10649at4891          -            313    0.0064   13.0   0.1   1   3       1.7     1e+02   -0.8   0.0   130   171    11    53     6    58 0.63 -
21297at4891_1|ptg000011l:380611-381618   -            336 10649at4891          -            313    0.0064   13.0   0.1   2   3       4.2   2.6e+02   -2.1   0.0   140   158   111   129   104   172 0.67 -
21297at4891_1|ptg000011l:380611-381618   -            336 10649at4891          -            313    0.0064   13.0   0.1   3   3   0.00085     0.053   10.0   0.0    12    41   251   280   245   306 0.89 -
6943at4891_1|ptg000002l:208627-209445    -            273 10649at4891          -            313    0.0091   12.5   0.9   1   2     0.018       1.1    5.6   0.0   189   209    67    87    38    93 0.82 -
6943at4891_1|ptg000002l:208627-209445    -            273 10649at4891          -            313    0.0091   12.5   0.9   2   2     0.093       5.8    3.3   0.0   190   225   164   199   138   203 0.83 -
18416at4891_5|ptg000005l:784230-785345   -            372 10649at4891          -            313      0.01   12.4   1.4   1   4    0.0055      0.34    7.3   0.1   102   156    76   133    62   143 0.71 -
18416at4891_5|ptg000005l:784230-785345   -            372 10649at4891          -            313      0.01   12.4   1.4   2   4       6.6   4.1e+02   -2.8   0.0   188   211   184   207   172   215 0.81 -
18416at4891_5|ptg000005l:784230-785345   -            372 10649at4891          -            313      0.01   12.4   1.4   3   4      0.41        25    1.2   0.0   193   218   235   260   227   265 0.72 -
18416at4891_5|ptg000005l:784230-785345   -            372 10649at4891          -            313      0.01   12.4   1.4   4   4       2.5   1.5e+02   -1.4   0.0   141   156   297   313   289   330 0.62 -
#
# Program:         hmmsearch
# Version:         3.1b2 (February 2015)
# Pipeline mode:   SEARCH
# Query file:      /home/inf-39-2023/bin/BINP29/Denovo/2_Assembly/busco_downloads/lineages/saccharomycetes_odb10/hmms/10649at4891.hmm
# Target file:     /home/inf-39-2023/bin/BINP29/Denovo/2_Assembly/BUSCO_SRR.asm.bp.p_ctg.fasta/run_saccharomycetes_odb10/metaeuk_output/initial_results/SRR.asm.bp.p_ctg.fasta.modified.fas
# Option settings: hmmsearch --domtblout /home/inf-39-2023/bin/BINP29/Denovo/2_Assembly/BUSCO_SRR.asm.bp.p_ctg.fasta/run_saccharomycetes_odb10/hmmer_output/initial_run_results/10649at4891.out --cpu 1 /home/inf-39-2023/bin/BINP29/Denovo/2_Assembly/busco_downloads/lineages/saccharomycetes_odb10/hmms/10649at4891.hmm /home/inf-39-2023/bin/BINP29/Denovo/2_Assembly/BUSCO_SRR.asm.bp.p_ctg.fasta/run_saccharomycetes_odb10/metaeuk_output/initial_results/SRR.asm.bp.p_ctg.fasta.modified.fas 
# Current dir:     /home/inf-39-2023/bin/BINP29/Denovo/2_Assembly
# Date:            Wed Feb 21 15:52:39 2024
# [ok]
