#                                                                                                --- full sequence --- -------------- this domain -------------   hmm coord   ali coord   env coord
# target name                            accession   tlen query name           accession   qlen   E-value  score  bias   #  of  c-Evalue  i-Evalue  score  bias  from    to  from    to  from    to  acc description of target
#                    ------------------- ---------- ----- -------------------- ---------- ----- --------- ------ ----- --- --- --------- --------- ------ ----- ----- ----- ----- ----- ----- ----- ---- ---------------------
1088at4891_4|ptg000005l:482687-485866    -           1060 1088at4891           -            840         0 1209.0  10.1   1   2   5.7e-21   5.9e-19   64.7   6.3     2   113    24   153    23   242 0.76 -
1088at4891_4|ptg000005l:482687-485866    -           1060 1088at4891           -            840         0 1209.0  10.1   2   2         0         0 1144.6   0.4   125   839   259  1060   194  1060 0.88 -
11161at4891_6|ptg000006l:598503-599603   -            367 1088at4891           -            840   1.3e-14   50.4   0.5   1   1   1.8e-16   1.8e-14   49.9   0.5   162   466    27   345    24   365 0.73 -
11161at4891_6|ptg000017l:117639-118739   -            367 1088at4891           -            840   1.3e-14   50.4   0.5   1   1   1.8e-16   1.8e-14   49.9   0.5   162   466    27   345    24   365 0.73 -
11161at4891_2|ptg000005l:1017666-1018778 -            371 1088at4891           -            840   4.4e-13   45.3   3.5   1   1   5.7e-15   5.9e-13   44.9   3.5   161   460    28   345    25   363 0.79 -
2020at4891_0|ptg000009l:527692-529278    -            529 1088at4891           -            840   5.6e-13   44.9   0.0   1   2   3.2e-10   3.3e-08   29.2   0.0   170   292    17   154     8   180 0.79 -
2020at4891_0|ptg000009l:527692-529278    -            529 1088at4891           -            840   5.6e-13   44.9   0.0   2   2   2.2e-05    0.0023   13.2   0.0   380   500   298   434   288   459 0.72 -
1679at4891_2|ptg000013l:449512-453372    -           1287 1088at4891           -            840     3e-11   39.2   0.2   1   2   2.4e-10   2.5e-08   29.6   0.1   129   315   304   486   219   500 0.78 -
1679at4891_2|ptg000013l:449512-453372    -           1287 1088at4891           -            840     3e-11   39.2   0.2   2   2     0.001      0.11    7.6   0.0   388   520   695   840   681   862 0.64 -
18663at4891_2|ptg000015l:228298-229758   -            487 1088at4891           -            840   3.6e-10   35.7   0.0   1   1     9e-12   9.3e-10   34.3   0.0   161   456    94   405    29   417 0.68 -
11161at4891_2|ptg000005l:1333798-1335195 -            466 1088at4891           -            840   2.6e-09   32.8   1.0   1   1   4.5e-11   4.6e-09   32.0   0.9   171   459    66   365    53   386 0.63 -
10350at4891_2|ptg000008l:740959-742527   -            523 1088at4891           -            840   6.1e-09   31.6   2.6   1   2   0.00029      0.03    9.4   1.8   169   275   149   263    10   283 0.73 -
10350at4891_2|ptg000008l:740959-742527   -            523 1088at4891           -            840   6.1e-09   31.6   2.6   2   2   2.1e-07   2.2e-05   19.8   0.0   382   455   383   456   359   469 0.87 -
17188at4891_4|ptg000014l:80555-82345     -            597 1088at4891           -            840   2.4e-08   29.6   1.5   1   2     4e-07   4.1e-05   18.9   0.4   171   276   229   343   179   362 0.84 -
17188at4891_4|ptg000014l:80555-82345     -            597 1088at4891           -            840   2.4e-08   29.6   1.5   2   2   0.00025     0.026    9.7   0.0   408   461   518   573   463   580 0.82 -
2020at4891_2|ptg000006l:412859-416077    -           1073 1088at4891           -            840   2.1e-07   26.5   1.0   1   2   1.7e-08   1.8e-06   23.5   0.4    66   321    53   310    24   326 0.65 -
2020at4891_2|ptg000006l:412859-416077    -           1073 1088at4891           -            840   2.1e-07   26.5   1.0   2   2      0.15        15    0.5   0.0   404   461   491   556   483   567 0.67 -
11838at4891_2|ptg000008l:918760-920427   -            556 1088at4891           -            840   2.6e-07   26.2   0.0   1   2    0.0025      0.26    6.4   0.0   169   210   159   207   150   218 0.81 -
11838at4891_2|ptg000008l:918760-920427   -            556 1088at4891           -            840   2.6e-07   26.2   0.0   2   2     1e-06    0.0001   17.6   0.0   397   459   411   473   404   530 0.87 -
11266at4891_7|ptg000011l:415416-416861   -            482 1088at4891           -            840   3.4e-07   25.8   0.2   1   1   4.5e-09   4.6e-07   25.4   0.2   170   460   132   438   119   456 0.77 -
12541at4891_2|ptg000014l:361660-364252   -            535 1088at4891           -            840   7.5e-07   24.7   0.0   1   1   1.1e-08   1.1e-06   24.1   0.0   170   455   148   454   137   466 0.82 -
21277at4891_1|ptg000005l:677915-679567   -            551 1088at4891           -            840   2.4e-06   23.0   4.0   1   3     0.013       1.3    4.0   0.2   169   218    57   115    44   181 0.66 -
21277at4891_1|ptg000005l:677915-679567   -            551 1088at4891           -            840   2.4e-06   23.0   4.0   2   3      0.13        14    0.7   1.1    53   145   173   269   134   282 0.58 -
21277at4891_1|ptg000005l:677915-679567   -            551 1088at4891           -            840   2.4e-06   23.0   4.0   3   3   8.4e-07   8.6e-05   17.9   0.0   356   465   285   396   271   429 0.90 -
15766at4891_4|ptg000005l:575310-577073   -            588 1088at4891           -            840   3.8e-05   19.1   0.0   1   2      0.28        29   -0.4   0.0   176   195   221   240   214   290 0.67 -
15766at4891_4|ptg000005l:575310-577073   -            588 1088at4891           -            840   3.8e-05   19.1   0.0   2   2   1.9e-06    0.0002   16.7   0.0   359   460   439   539   394   561 0.80 -
8762at4891_2|ptg000013l:229450-231213    -            588 1088at4891           -            840   4.8e-05   18.7   0.2   1   2   2.8e-06   0.00029   16.1   0.1   159   316    39   218    27   226 0.70 -
8762at4891_2|ptg000013l:229450-231213    -            588 1088at4891           -            840   4.8e-05   18.7   0.2   2   2      0.27        28   -0.4   0.0   421   459   380   418   377   436 0.86 -
4326at4891_2|ptg000005l:1108448-1111432  -            995 1088at4891           -            840   7.8e-05   18.0   0.0   1   2    0.0019      0.19    6.8   0.0   170   311   175   326    61   335 0.85 -
4326at4891_2|ptg000005l:1108448-1111432  -            995 1088at4891           -            840   7.8e-05   18.0   0.0   2   2   0.00048     0.049    8.8   0.0   359   459   435   533   411   548 0.82 -
9258at4891_2|ptg000006l:372453-374762    -            770 1088at4891           -            840     8e-05   18.0   0.1   1   2   7.7e-07     8e-05   18.0   0.1   166   461    75   398     6   410 0.75 -
9258at4891_2|ptg000006l:372453-374762    -            770 1088at4891           -            840     8e-05   18.0   0.1   2   2       3.7   3.9e+02   -4.1   0.5    93   122   643   672   616   692 0.45 -
7407at4891_2|ptg000017l:186429-188648    -            740 1088at4891           -            840   0.00031   16.1   0.0   1   2   1.4e-05    0.0014   13.8   0.1   169   276   182   307   155   404 0.73 -
7407at4891_2|ptg000017l:186429-188648    -            740 1088at4891           -            840   0.00031   16.1   0.0   2   2      0.52        53   -1.3   0.0   412   467   515   572   504   596 0.79 -
9846at4891_1|ptg000004l:117254-119470    -            739 1088at4891           -            840   0.00051   15.3   0.2   1   1   3.9e-05     0.004   12.3   0.2   165   472   254   583   247   598 0.72 -
9724at4891_2|ptg000002l:289455-291701    -            749 1088at4891           -            840   0.00076   14.7   0.6   1   2   0.00025     0.026    9.7   0.1   169   220   188   248   174   255 0.72 -
9724at4891_2|ptg000002l:289455-291701    -            749 1088at4891           -            840   0.00076   14.7   0.6   2   2     0.037       3.8    2.5   0.0   412   465   513   566   506   596 0.84 -
9633at4891_2|ptg000007l:827917-829431    -            505 1088at4891           -            840    0.0016   13.7   0.0   1   2   4.1e-05    0.0043   12.3   0.0   131   275    38   197     8   214 0.73 -
9633at4891_2|ptg000007l:827917-829431    -            505 1088at4891           -            840    0.0016   13.7   0.0   2   2       0.8        82   -1.9   0.0   411   459   342   393   316   416 0.76 -
9680at4891_2|ptg000001l:124240-126057    -            606 1088at4891           -            840    0.0029   12.8   0.0   1   2     0.052       5.4    2.0   0.0   169   196    44    71    31    98 0.87 -
9680at4891_2|ptg000001l:124240-126057    -            606 1088at4891           -            840    0.0029   12.8   0.0   2   2   2.8e-05    0.0029   12.8   0.0   380   456   291   368   280   401 0.79 -
8758at4891_1|ptg000005l:1199077-1200414  -            446 1088at4891           -            840    0.0054   11.9   0.2   1   1   6.6e-05    0.0068   11.6   0.2   390   464   337   412    89   429 0.63 -
12541at4891_4|ptg000011l:718500-720020   -            507 1088at4891           -            840     0.011   11.0   0.0   1   1   0.00016     0.017   10.3   0.0   361   458   362   457   180   468 0.78 -
#
# Program:         hmmsearch
# Version:         3.1b2 (February 2015)
# Pipeline mode:   SEARCH
# Query file:      /home/inf-39-2023/bin/BINP29/Denovo/2_Assembly/busco_downloads/lineages/saccharomycetes_odb10/hmms/1088at4891.hmm
# Target file:     /home/inf-39-2023/bin/BINP29/Denovo/2_Assembly/BUSCO_SRR.asm.bp.p_ctg.fasta/run_saccharomycetes_odb10/metaeuk_output/initial_results/SRR.asm.bp.p_ctg.fasta.modified.fas
# Option settings: hmmsearch --domtblout /home/inf-39-2023/bin/BINP29/Denovo/2_Assembly/BUSCO_SRR.asm.bp.p_ctg.fasta/run_saccharomycetes_odb10/hmmer_output/initial_run_results/1088at4891.out --cpu 1 /home/inf-39-2023/bin/BINP29/Denovo/2_Assembly/busco_downloads/lineages/saccharomycetes_odb10/hmms/1088at4891.hmm /home/inf-39-2023/bin/BINP29/Denovo/2_Assembly/BUSCO_SRR.asm.bp.p_ctg.fasta/run_saccharomycetes_odb10/metaeuk_output/initial_results/SRR.asm.bp.p_ctg.fasta.modified.fas 
# Current dir:     /home/inf-39-2023/bin/BINP29/Denovo/2_Assembly
# Date:            Wed Feb 21 15:52:41 2024
# [ok]
