#                                                                                              --- full sequence --- -------------- this domain -------------   hmm coord   ali coord   env coord
# target name                          accession   tlen query name           accession   qlen   E-value  score  bias   #  of  c-Evalue  i-Evalue  score  bias  from    to  from    to  from    to  acc description of target
#                  ------------------- ---------- ----- -------------------- ---------- ----- --------- ------ ----- --- --- --------- --------- ------ ----- ----- ----- ----- ----- ----- ----- ---- ---------------------
10892at4891_7|ptg000009l:57900-59315   -            472 10892at4891          -            355  2.4e-170  563.7  18.3   1   3   2.3e-08   1.6e-05   21.6   0.0     1    28     1    28     1    46 0.89 -
10892at4891_7|ptg000009l:57900-59315   -            472 10892at4891          -            355  2.4e-170  563.7  18.3   2   3   8.1e-96   5.4e-93  309.3   8.1    34   210    79   287    67   292 0.88 -
10892at4891_7|ptg000009l:57900-59315   -            472 10892at4891          -            355  2.4e-170  563.7  18.3   3   3   8.6e-71   5.8e-68  227.0   1.1   205   354   302   470   291   471 0.88 -
6567at4891_2|ptg000013l:446915-449245  -            777 10892at4891          -            355     0.004   13.7   0.0   1   2   0.00038      0.25    7.8   0.0    38    67   277   306   261   310 0.80 -
6567at4891_2|ptg000013l:446915-449245  -            777 10892at4891          -            355     0.004   13.7   0.0   2   2    0.0093       6.2    3.2   0.0    38    55   548   565   537   573 0.87 -
15588at4891_2|ptg000008l:559461-560546 -            362 10892at4891          -            355    0.0093   12.5   0.0   1   1   2.7e-05     0.018   11.6   0.0    37    58   123   144   101   175 0.84 -
4544at4891_2|ptg000017l:599943-603056  -           1038 10892at4891          -            355     0.012   12.1   0.0   1   1   3.9e-05     0.026   11.0   0.0    27    57   713   743   709   751 0.92 -
#
# Program:         hmmsearch
# Version:         3.1b2 (February 2015)
# Pipeline mode:   SEARCH
# Query file:      /home/inf-39-2023/bin/BINP29/Denovo/2_Assembly/busco_downloads/lineages/saccharomycetes_odb10/hmms/10892at4891.hmm
# Target file:     /home/inf-39-2023/bin/BINP29/Denovo/2_Assembly/BUSCO_SRR.asm.bp.p_ctg.fasta/run_saccharomycetes_odb10/metaeuk_output/initial_results/SRR.asm.bp.p_ctg.fasta.modified.fas
# Option settings: hmmsearch --domtblout /home/inf-39-2023/bin/BINP29/Denovo/2_Assembly/BUSCO_SRR.asm.bp.p_ctg.fasta/run_saccharomycetes_odb10/hmmer_output/initial_run_results/10892at4891.out --cpu 1 /home/inf-39-2023/bin/BINP29/Denovo/2_Assembly/busco_downloads/lineages/saccharomycetes_odb10/hmms/10892at4891.hmm /home/inf-39-2023/bin/BINP29/Denovo/2_Assembly/BUSCO_SRR.asm.bp.p_ctg.fasta/run_saccharomycetes_odb10/metaeuk_output/initial_results/SRR.asm.bp.p_ctg.fasta.modified.fas 
# Current dir:     /home/inf-39-2023/bin/BINP29/Denovo/2_Assembly
# Date:            Wed Feb 21 15:52:41 2024
# [ok]
