#                                                                                                --- full sequence --- -------------- this domain -------------   hmm coord   ali coord   env coord
# target name                            accession   tlen query name           accession   qlen   E-value  score  bias   #  of  c-Evalue  i-Evalue  score  bias  from    to  from    to  from    to  acc description of target
#                    ------------------- ---------- ----- -------------------- ---------- ----- --------- ------ ----- --- --- --------- --------- ------ ----- ----- ----- ----- ----- ----- ----- ---- ---------------------
11037at4891_2|ptg000015l:442921-444213   -            431 11037at4891          -            363    2e-185  613.1   1.6   1   1  3.1e-187  2.7e-185  612.7   1.6     2   362     8   418     7   419 0.92 -
18663at4891_2|ptg000015l:228298-229758   -            487 11037at4891          -            363   3.5e-95  316.3   0.1   1   1   5.6e-97     5e-95  315.7   0.1    16   360    88   465    73   468 0.85 -
9846at4891_1|ptg000004l:117254-119470    -            739 11037at4891          -            363   1.6e-72  241.7   1.6   1   1   2.8e-73   2.5e-71  237.7   1.6    17   320   243   576   225   602 0.81 -
10350at4891_2|ptg000008l:740959-742527   -            523 11037at4891          -            363   1.4e-64  215.5   0.1   1   1   2.3e-65     2e-63  211.7   0.1    12   317   129   463   119   471 0.85 -
11161at4891_6|ptg000006l:598503-599603   -            367 11037at4891          -            363   1.4e-62  209.0   2.9   1   1     4e-64   3.6e-62  207.6   2.9    17   329    21   354    17   363 0.85 -
11161at4891_6|ptg000017l:117639-118739   -            367 11037at4891          -            363   1.4e-62  209.0   2.9   1   1     4e-64   3.6e-62  207.6   2.9    17   329    21   354    17   363 0.85 -
12541at4891_1|ptg000003l:614076-615311   -            412 11037at4891          -            363   5.5e-62  207.0   0.1   1   1   1.9e-63   1.7e-61  205.4   0.1    12   324    26   377    16   404 0.80 -
4326at4891_2|ptg000005l:1108448-1111432  -            995 11037at4891          -            363   1.1e-61  206.0   0.0   1   2     3e-37   2.7e-35  119.2   0.0    13   220   155   378   141   422 0.74 -
4326at4891_2|ptg000005l:1108448-1111432  -            995 11037at4891          -            363   1.1e-61  206.0   0.0   2   2   9.7e-27   8.7e-25   84.6   0.0   215   330   434   550   426   572 0.90 -
12541at4891_4|ptg000011l:718500-720020   -            507 11037at4891          -            363   8.9e-61  203.0   0.0   1   1   2.3e-62   2.1e-60  201.8   0.0    12   324   117   468   110   494 0.81 -
11161at4891_2|ptg000005l:1017666-1018778 -            371 11037at4891          -            363   1.5e-59  199.0   4.7   1   1   8.2e-61   7.3e-59  196.8   4.7    16   332    22   363    18   369 0.84 -
15766at4891_4|ptg000005l:575310-577073   -            588 11037at4891          -            363   1.6e-59  198.9   2.3   1   2   1.8e-27   1.6e-25   87.0   0.5    17   181   196   388   184   403 0.78 -
15766at4891_4|ptg000005l:575310-577073   -            588 11037at4891          -            363   1.6e-59  198.9   2.3   2   2   1.1e-34   9.9e-33  110.8   0.1   216   319   439   543   428   577 0.89 -
9633at4891_2|ptg000007l:827917-829431    -            505 11037at4891          -            363   4.3e-58  194.2   0.0   1   1   4.6e-59   4.1e-57  191.0   0.0     9   317    54   394    46   400 0.81 -
9258at4891_2|ptg000006l:372453-374762    -            770 11037at4891          -            363     2e-57  192.0   0.1   1   1   2.3e-59     2e-57  192.0   0.1    19   318    65   398    53   428 0.81 -
11161at4891_2|ptg000005l:1333798-1335195 -            466 11037at4891          -            363     3e-57  191.4   0.1   1   1   5.5e-59   4.9e-57  190.7   0.1    16   343    48   395    40   409 0.85 -
13757at4891_2|ptg000002l:119716-122229   -            838 11037at4891          -            363   3.3e-57  191.3   0.7   1   2   6.5e-37   5.8e-35  118.1   0.2    19   186   269   450   257   472 0.85 -
13757at4891_2|ptg000002l:119716-122229   -            838 11037at4891          -            363   3.3e-57  191.3   0.7   2   2     1e-22     9e-21   71.4   0.0   215   320   516   621   512   663 0.89 -
12541at4891_2|ptg000014l:361660-364252   -            535 11037at4891          -            363   1.6e-56  189.1   0.0   1   1   2.5e-57   2.3e-55  185.3   0.0    15   319   130   463   116   477 0.85 -
9724at4891_2|ptg000002l:289455-291701    -            749 11037at4891          -            363     1e-54  183.1   2.0   1   2   4.7e-30   4.2e-28   95.6   0.1    10   164   164   329   157   337 0.81 -
9724at4891_2|ptg000002l:289455-291701    -            749 11037at4891          -            363     1e-54  183.1   2.0   2   2   8.4e-27   7.5e-25   84.9   0.4   215   316   445   562   428   592 0.88 -
8758at4891_1|ptg000005l:1199077-1200414  -            446 11037at4891          -            363   1.9e-54  182.3   0.4   1   1   4.3e-56   3.8e-54  181.2   0.4    16   336    83   431    76   435 0.84 -
11266at4891_7|ptg000011l:415416-416861   -            482 11037at4891          -            363   2.2e-51  172.1   0.2   1   1   3.6e-53   3.2e-51  171.6   0.2     2   319    97   442    96   460 0.80 -
21277at4891_1|ptg000005l:677915-679567   -            551 11037at4891          -            363   3.8e-51  171.4   0.2   1   1   6.3e-50   5.6e-48  160.9   0.2     8   328    29   404    23   418 0.73 -
7407at4891_2|ptg000017l:186429-188648    -            740 11037at4891          -            363   5.2e-46  154.5   0.0   1   2   1.2e-27   1.1e-25   87.6   0.0     2   163   146   320   145   331 0.83 -
7407at4891_2|ptg000017l:186429-188648    -            740 11037at4891          -            363   5.2e-46  154.5   0.0   2   2   1.7e-20   1.5e-18   64.1   0.0   237   317   479   565   475   572 0.87 -
11838at4891_2|ptg000008l:918760-920427   -            556 11037at4891          -            363   7.3e-46  154.0   0.8   1   1   4.1e-47   3.6e-45  151.7   0.8    15   331   142   491   128   528 0.76 -
8762at4891_2|ptg000013l:229450-231213    -            588 11037at4891          -            363   1.9e-44  149.4   1.5   1   2   2.6e-31   2.3e-29   99.7   0.8    15   271    31   325    16   329 0.74 -
8762at4891_2|ptg000013l:229450-231213    -            588 11037at4891          -            363   1.9e-44  149.4   1.5   2   2     3e-15   2.7e-13   46.9   0.0   273   317   377   421   363   426 0.94 -
9680at4891_2|ptg000001l:124240-126057    -            606 11037at4891          -            363     3e-43  145.4   0.3   1   1   3.4e-44     3e-42  142.1   0.3     6   319    16   376    10   383 0.72 -
17188at4891_4|ptg000014l:80555-82345     -            597 11037at4891          -            363   3.5e-36  122.1   0.9   1   2   1.7e-18   1.5e-16   57.5   0.1    34   160   229   353   223   393 0.89 -
17188at4891_4|ptg000014l:80555-82345     -            597 11037at4891          -            363   3.5e-36  122.1   0.9   2   2   3.4e-20     3e-18   63.1   0.1   195   316   447   571   428   578 0.77 -
31544at4891_2|ptg000008l:719760-721292   -            511 11037at4891          -            363     4e-21   72.6   0.1   1   3     2e-10   1.7e-08   31.0   0.0    17   161    86   250    75   274 0.73 -
31544at4891_2|ptg000008l:719760-721292   -            511 11037at4891          -            363     4e-21   72.6   0.1   2   3       3.7   3.3e+02   -2.8   0.0   216   255   341   381   340   386 0.70 -
31544at4891_2|ptg000008l:719760-721292   -            511 11037at4891          -            363     4e-21   72.6   0.1   3   3   1.2e-12   1.1e-10   38.3   0.0   263   317   435   489   418   508 0.86 -
5557at4891_3|ptg000016l:325676-327139    -            488 11037at4891          -            363   8.7e-06   22.1   0.0   1   1   1.6e-07   1.4e-05   21.4   0.0   216   338   351   477   341   487 0.83 -
1088at4891_4|ptg000005l:482687-485866    -           1060 11037at4891          -            363   8.9e-06   22.1   0.0   1   2   1.6e-06   0.00015   18.1   0.0    22   151   295   426   284   444 0.90 -
1088at4891_4|ptg000005l:482687-485866    -           1060 11037at4891          -            363   8.9e-06   22.1   0.0   2   2      0.19        17    1.4   0.0   262   317   587   640   526   647 0.80 -
5557at4891_8|ptg000011l:851995-853452    -            486 11037at4891          -            363   4.7e-05   19.7   0.0   1   1   7.8e-07     7e-05   19.2   0.0   216   338   350   476   339   486 0.81 -
2020at4891_0|ptg000009l:527692-529278    -            529 11037at4891          -            363     0.019   11.1   0.0   1   2     0.056         5    3.2   0.0    25   153     8   141     2   150 0.68 -
2020at4891_0|ptg000009l:527692-529278    -            529 11037at4891          -            363     0.019   11.1   0.0   2   2    0.0099      0.88    5.7   0.0   222   286   284   349   281   361 0.91 -
#
# Program:         hmmsearch
# Version:         3.1b2 (February 2015)
# Pipeline mode:   SEARCH
# Query file:      /home/inf-39-2023/bin/BINP29/Denovo/2_Assembly/busco_downloads/lineages/saccharomycetes_odb10/hmms/11037at4891.hmm
# Target file:     /home/inf-39-2023/bin/BINP29/Denovo/2_Assembly/BUSCO_SRR.asm.bp.p_ctg.fasta/run_saccharomycetes_odb10/metaeuk_output/initial_results/SRR.asm.bp.p_ctg.fasta.modified.fas
# Option settings: hmmsearch --domtblout /home/inf-39-2023/bin/BINP29/Denovo/2_Assembly/BUSCO_SRR.asm.bp.p_ctg.fasta/run_saccharomycetes_odb10/hmmer_output/initial_run_results/11037at4891.out --cpu 1 /home/inf-39-2023/bin/BINP29/Denovo/2_Assembly/busco_downloads/lineages/saccharomycetes_odb10/hmms/11037at4891.hmm /home/inf-39-2023/bin/BINP29/Denovo/2_Assembly/BUSCO_SRR.asm.bp.p_ctg.fasta/run_saccharomycetes_odb10/metaeuk_output/initial_results/SRR.asm.bp.p_ctg.fasta.modified.fas 
# Current dir:     /home/inf-39-2023/bin/BINP29/Denovo/2_Assembly
# Date:            Wed Feb 21 15:52:35 2024
# [ok]
