#                                                                                              --- full sequence --- -------------- this domain -------------   hmm coord   ali coord   env coord
# target name                          accession   tlen query name           accession   qlen   E-value  score  bias   #  of  c-Evalue  i-Evalue  score  bias  from    to  from    to  from    to  acc description of target
#                  ------------------- ---------- ----- -------------------- ---------- ----- --------- ------ ----- --- --- --------- --------- ------ ----- ----- ----- ----- ----- ----- ----- ---- ---------------------
12487at4891_5|ptg000011l:878376-879536 -            387 12487at4891          -            308  2.5e-165  546.1   0.4   1   1  1.8e-167  9.6e-165  544.2   0.4     1   308     2   363     2   363 0.90 -
42at4891_2|ptg000006l:580756-587394    -           2213 12487at4891          -            308  1.3e-103  343.4   0.0   1   2   5.7e-42     3e-39  132.0   0.0     4   130    24   164    22   194 0.89 -
42at4891_2|ptg000006l:580756-587394    -           2213 12487at4891          -            308  1.3e-103  343.4   0.0   2   2   2.4e-65   1.3e-62  208.8   0.0   144   307   229   404   219   405 0.91 -
6387at4891_2|ptg000007l:680117-681679  -            521 12487at4891          -            308   2.6e-09   33.7   0.0   1   2   1.5e-11   8.1e-09   32.1   0.0   139   296     5   179     2   189 0.73 -
6387at4891_2|ptg000007l:680117-681679  -            521 12487at4891          -            308   2.6e-09   33.7   0.0   2   2      0.52   2.8e+02   -2.5   0.0   172   208   237   273   221   290 0.73 -
8551at4891_2|ptg000017l:635666-637084  -            473 12487at4891          -            308   5.2e-07   26.2   0.1   1   1   2.6e-09   1.4e-06   24.7   0.1   154   292    15   173     2   181 0.66 -
3849at4891_2|ptg000014l:87948-90263    -            772 12487at4891          -            308   9.2e-07   25.3   0.2   1   1   4.4e-09   2.3e-06   24.0   0.2   198   294    87   198    48   211 0.64 -
#
# Program:         hmmsearch
# Version:         3.1b2 (February 2015)
# Pipeline mode:   SEARCH
# Query file:      /home/inf-39-2023/bin/BINP29/Denovo/2_Assembly/busco_downloads/lineages/saccharomycetes_odb10/hmms/12487at4891.hmm
# Target file:     /home/inf-39-2023/bin/BINP29/Denovo/2_Assembly/BUSCO_SRR.asm.bp.p_ctg.fasta/run_saccharomycetes_odb10/metaeuk_output/initial_results/SRR.asm.bp.p_ctg.fasta.modified.fas
# Option settings: hmmsearch --domtblout /home/inf-39-2023/bin/BINP29/Denovo/2_Assembly/BUSCO_SRR.asm.bp.p_ctg.fasta/run_saccharomycetes_odb10/hmmer_output/initial_run_results/12487at4891.out --cpu 1 /home/inf-39-2023/bin/BINP29/Denovo/2_Assembly/busco_downloads/lineages/saccharomycetes_odb10/hmms/12487at4891.hmm /home/inf-39-2023/bin/BINP29/Denovo/2_Assembly/BUSCO_SRR.asm.bp.p_ctg.fasta/run_saccharomycetes_odb10/metaeuk_output/initial_results/SRR.asm.bp.p_ctg.fasta.modified.fas 
# Current dir:     /home/inf-39-2023/bin/BINP29/Denovo/2_Assembly
# Date:            Wed Feb 21 15:52:39 2024
# [ok]
