#                                                                                              --- full sequence --- -------------- this domain -------------   hmm coord   ali coord   env coord
# target name                          accession   tlen query name           accession   qlen   E-value  score  bias   #  of  c-Evalue  i-Evalue  score  bias  from    to  from    to  from    to  acc description of target
#                  ------------------- ---------- ----- -------------------- ---------- ----- --------- ------ ----- --- --- --------- --------- ------ ----- ----- ----- ----- ----- ----- ----- ---- ---------------------
13164at4891_7|ptg000001l:122722-124035 -            438 13164at4891          -            307  4.1e-137  453.6   1.9   1   3   3.3e-06     0.003   14.0   0.1     2    30    28    56    27    59 0.88 -
13164at4891_7|ptg000001l:122722-124035 -            438 13164at4891          -            307  4.1e-137  453.6   1.9   2   3  7.6e-135  6.8e-132  436.5   0.1    18   270    76   346    60   364 0.92 -
13164at4891_7|ptg000001l:122722-124035 -            438 13164at4891          -            307  4.1e-137  453.6   1.9   3   3     0.022        20    1.4   0.0   279   304   395   424   353   430 0.70 -
7582at4891_3|ptg000008l:718091-719194  -            368 13164at4891          -            307   1.9e-15   54.1   0.0   1   2   1.6e-11   1.4e-08   31.5   0.0    29   157     7   125     3   132 0.79 -
7582at4891_3|ptg000008l:718091-719194  -            368 13164at4891          -            307   1.9e-15   54.1   0.0   2   2   1.2e-06     0.001   15.5   0.0   161   243   211   296   198   308 0.75 -
7582at4891_2|ptg000003l:786756-788243  -            496 13164at4891          -            307   1.8e-14   50.8   0.2   1   2   1.3e-12   1.2e-09   35.0   0.0    27   157    73   194    64   200 0.80 -
7582at4891_2|ptg000003l:786756-788243  -            496 13164at4891          -            307   1.8e-14   50.8   0.2   2   2   3.8e-05     0.034   10.5   0.1   141   230   275   373   227   449 0.72 -
#
# Program:         hmmsearch
# Version:         3.1b2 (February 2015)
# Pipeline mode:   SEARCH
# Query file:      /home/inf-39-2023/bin/BINP29/Denovo/2_Assembly/busco_downloads/lineages/saccharomycetes_odb10/hmms/13164at4891.hmm
# Target file:     /home/inf-39-2023/bin/BINP29/Denovo/2_Assembly/BUSCO_SRR.asm.bp.p_ctg.fasta/run_saccharomycetes_odb10/metaeuk_output/initial_results/SRR.asm.bp.p_ctg.fasta.modified.fas
# Option settings: hmmsearch --domtblout /home/inf-39-2023/bin/BINP29/Denovo/2_Assembly/BUSCO_SRR.asm.bp.p_ctg.fasta/run_saccharomycetes_odb10/hmmer_output/initial_run_results/13164at4891.out --cpu 1 /home/inf-39-2023/bin/BINP29/Denovo/2_Assembly/busco_downloads/lineages/saccharomycetes_odb10/hmms/13164at4891.hmm /home/inf-39-2023/bin/BINP29/Denovo/2_Assembly/BUSCO_SRR.asm.bp.p_ctg.fasta/run_saccharomycetes_odb10/metaeuk_output/initial_results/SRR.asm.bp.p_ctg.fasta.modified.fas 
# Current dir:     /home/inf-39-2023/bin/BINP29/Denovo/2_Assembly
# Date:            Wed Feb 21 15:52:36 2024
# [ok]
