#                                                                                                --- full sequence --- -------------- this domain -------------   hmm coord   ali coord   env coord
# target name                            accession   tlen query name           accession   qlen   E-value  score  bias   #  of  c-Evalue  i-Evalue  score  bias  from    to  from    to  from    to  acc description of target
#                    ------------------- ---------- ----- -------------------- ---------- ----- --------- ------ ----- --- --- --------- --------- ------ ----- ----- ----- ----- ----- ----- ----- ---- ---------------------
1341at4891_2|ptg000015l:259017-262049    -           1011 1341at4891           -            616  1.3e-227  754.3  13.7   1   4     7e-28   1.8e-26   89.8   0.2     1   104    11   147    11   153 0.87 -
1341at4891_2|ptg000015l:259017-262049    -           1011 1341at4891           -            616  1.3e-227  754.3  13.7   2   4   4.9e-20   1.3e-18   63.9   0.1   105   227   177   336   169   355 0.78 -
1341at4891_2|ptg000015l:259017-262049    -           1011 1341at4891           -            616  1.3e-227  754.3  13.7   3   4   2.3e-86     6e-85  283.0   0.2   236   417   538   762   533   768 0.83 -
1341at4891_2|ptg000015l:259017-262049    -           1011 1341at4891           -            616  1.3e-227  754.3  13.7   4   4   2.6e-98   6.7e-97  322.5   1.3   389   615   770  1011   763  1011 0.90 -
8274at4891_4|ptg000013l:384311-386401    -            697 1341at4891           -            616   3.1e-25   85.7   0.0   1   1   2.6e-26   6.6e-25   84.7   0.0   292   491   477   692   469   695 0.76 -
10618at4891_9|ptg000011l:290175-290999   -            275 1341at4891           -            616   4.2e-24   82.0   0.0   1   1   2.1e-25   5.3e-24   81.7   0.0   260   490    13   272     5   275 0.73 -
17309at4891_9|ptg000003l:670848-671588   -            247 1341at4891           -            616   4.5e-24   81.9   0.0   1   1   2.1e-25   5.4e-24   81.6   0.0   319   491    59   244     5   247 0.79 -
10800at4891_8|ptg000005l:59932-60960     -            343 1341at4891           -            616   9.2e-24   80.9   0.0   1   1     5e-25   1.3e-23   80.4   0.0   307   492   102   304    92   309 0.78 -
1220at4891_2|ptg000005l:495560-500521    -           1654 1341at4891           -            616   1.4e-23   80.3   1.3   1   3   0.00019    0.0049   12.4   0.0   347   488   369   519   337   541 0.68 -
1220at4891_2|ptg000005l:495560-500521    -           1654 1341at4891           -            616   1.4e-23   80.3   1.3   2   3     0.017      0.43    6.0   0.0   262   318   598   656   585   662 0.81 -
1220at4891_2|ptg000005l:495560-500521    -           1654 1341at4891           -            616   1.4e-23   80.3   1.3   3   3   1.7e-18   4.3e-17   58.9   0.1   298   488   752   973   745   986 0.70 -
12549at4891|ptg000015l:166037-167080     -            348 1341at4891           -            616   1.8e-23   79.9   0.3   1   2   2.5e-21   6.5e-20   68.2   0.2   264   451    19   233     8   240 0.77 -
12549at4891|ptg000015l:166037-167080     -            348 1341at4891           -            616   1.8e-23   79.9   0.3   2   2    0.0011     0.028    9.9   0.0   463   491   280   308   272   333 0.89 -
13862at4891_2|ptg000003l:675713-678172   -            820 1341at4891           -            616   7.1e-23   78.0   0.0   1   1   5.7e-24   1.5e-22   76.9   0.0   254   491   194   466   181   470 0.73 -
10800at4891_5|ptg000017l:423482-424645   -            388 1341at4891           -            616   1.3e-22   77.0   0.1   1   1   7.4e-24   1.9e-22   76.5   0.1   308   493    95   294    83   330 0.78 -
10618at4891_9|ptg000001l:97392-98225     -            278 1341at4891           -            616     2e-22   76.5   0.0   1   1   1.1e-23   2.7e-22   76.0   0.0   262   490    20   277     9   278 0.69 -
12549at4891|ptg000003l:272517-273491     -            325 1341at4891           -            616   2.9e-22   75.9   1.8   1   2   2.5e-21   6.3e-20   68.2   0.4   263   431    10   207     7   225 0.78 -
12549at4891|ptg000003l:272517-273491     -            325 1341at4891           -            616   2.9e-22   75.9   1.8   2   2    0.0081      0.21    7.0   0.0   460   496   273   309   266   312 0.87 -
18893at4891_0|ptg000011l:124756-125544   -            263 1341at4891           -            616   2.9e-22   75.9   0.0   1   1   1.4e-23   3.6e-22   75.6   0.0   262   488     6   263     4   263 0.74 -
1979at4891_9|ptg000015l:317397-318143    -            249 1341at4891           -            616   3.8e-22   75.6   0.0   1   1   1.6e-23   4.2e-22   75.4   0.0   263   488     2   247     1   249 0.77 -
10800at4891_1|ptg000010l:269054-270052   -            333 1341at4891           -            616   4.6e-22   75.3   0.0   1   1   2.6e-23   6.6e-22   74.7   0.0   308   493    72   274    56   281 0.79 -
12549at4891_5|ptg000017l:523145-524230   -            362 1341at4891           -            616   2.8e-21   72.7   1.6   1   2   1.7e-18   4.3e-17   58.9   0.2   264   451    17   231     7   255 0.74 -
12549at4891_5|ptg000017l:523145-524230   -            362 1341at4891           -            616   2.8e-21   72.7   1.6   2   2   0.00011    0.0029   13.2   0.1   463   519   278   335   274   350 0.82 -
12549at4891_0|ptg000014l:720336-721283   -            316 1341at4891           -            616   5.2e-21   71.8   0.1   1   1   3.7e-22   9.5e-21   70.9   0.0   250   431    16   220    10   234 0.73 -
12549at4891_7|ptg000008l:520632-521738   -            369 1341at4891           -            616   6.9e-21   71.4   0.6   1   2   2.7e-19     7e-18   61.5   0.1   263   436    23   226    16   253 0.74 -
12549at4891_7|ptg000008l:520632-521738   -            369 1341at4891           -            616   6.9e-21   71.4   0.6   2   2    0.0033     0.085    8.3   0.0   465   491   292   318   282   324 0.90 -
10800at4891_8|ptg000004l:312568-313497   -            310 1341at4891           -            616   7.3e-21   71.3   0.3   1   1   3.7e-22   9.5e-21   70.9   0.3   309   491    87   282    76   288 0.76 -
4279at4891_2|ptg000014l:706442-708964    -            841 1341at4891           -            616   1.6e-20   70.2   0.1   1   1     1e-21   2.6e-20   69.5   0.1   282   492   590   826   586   839 0.72 -
12549at4891_1|ptg000004l:351313-352617   -            435 1341at4891           -            616   1.7e-20   70.1   0.1   1   2   8.3e-19   2.1e-17   59.9   0.0   264   454    29   230    24   255 0.74 -
12549at4891_1|ptg000004l:351313-352617   -            435 1341at4891           -            616   1.7e-20   70.1   0.1   2   2    0.0035     0.089    8.3   0.0   462   490   273   301   259   307 0.87 -
1979at4891_9|ptg000012l:59159-59875      -            239 1341at4891           -            616   2.4e-20   69.6   0.0   1   1     1e-21   2.6e-20   69.5   0.0   262   445     1   196     1   239 0.67 -
18893at4891_2|ptg000005l:91849-92655     -            269 1341at4891           -            616   4.1e-20   68.8   0.0   1   1   1.9e-21     5e-20   68.6   0.0   264   488    12   269     7   269 0.69 -
18893at4891_6|ptg000008l:937753-938757   -            335 1341at4891           -            616   4.6e-20   68.7   0.8   1   1   4.1e-20   1.1e-18   64.2   0.8   297   490    93   334    58   335 0.65 -
12549at4891_4|ptg000002l:614285-615226   -            314 1341at4891           -            616   8.8e-20   67.7   0.1   1   2   2.5e-18   6.4e-17   58.3   0.0   263   431    13   208     7   222 0.69 -
12549at4891_4|ptg000002l:614285-615226   -            314 1341at4891           -            616   8.8e-20   67.7   0.1   2   2    0.0059      0.15    7.5   0.0   465   492   278   305   272   310 0.90 -
13862at4891_1|ptg000011l:990565-991827   -            421 1341at4891           -            616   1.3e-19   67.1   0.3   1   1   3.3e-20   8.4e-19   64.5   0.3   256   499   111   403   101   409 0.69 -
7925at4891_4|ptg000002l:792437-793336    -            300 1341at4891           -            616   1.9e-19   66.7   0.0   1   1   8.4e-21   2.2e-19   66.4   0.0   259   494    11   272     1   283 0.78 -
17728at4891_7|ptg000002l:259107-259979   -            291 1341at4891           -            616   2.6e-19   66.2   0.0   1   2   1.3e-19   3.3e-18   62.5   0.0   279   432    26   196     5   210 0.76 -
17728at4891_7|ptg000002l:259107-259979   -            291 1341at4891           -            616   2.6e-19   66.2   0.0   2   2      0.36       9.2    1.6   0.0   465   492   262   289   255   291 0.92 -
8179at4891_1|ptg000010l:58569-59591      -            341 1341at4891           -            616   2.8e-19   66.1   0.1   1   1   1.4e-20   3.7e-19   65.7   0.1   298   494    88   322    16   329 0.69 -
18893at4891_8|ptg000014l:67072-67932     -            287 1341at4891           -            616   3.3e-19   65.8   0.6   1   1   4.7e-20   1.2e-18   64.0   0.6   263   493     6   284     3   287 0.63 -
2373at4891_2|ptg000007l:252657-254768    -            704 1341at4891           -            616   4.7e-19   65.3   0.0   1   1   3.6e-20   9.3e-19   64.4   0.0   303   491   132   337   125   340 0.74 -
10800at4891_2|ptg000005l:111489-113378   -            630 1341at4891           -            616   5.2e-19   65.2   0.2   1   1     3e-20   7.7e-19   64.6   0.2   262   491    56   303    47   311 0.71 -
17728at4891_8|ptg000003l:446982-447866   -            295 1341at4891           -            616   6.6e-19   64.9   0.0   1   2     7e-19   1.8e-17   60.1   0.0   264   435     9   199     4   208 0.79 -
17728at4891_8|ptg000003l:446982-447866   -            295 1341at4891           -            616   6.6e-19   64.9   0.0   2   2      0.18       4.7    2.6   0.0   466   491   268   293   259   295 0.90 -
10618at4891_1|ptg000005l:1223821-1225359 -            513 1341at4891           -            616   7.1e-19   64.7   0.2   1   2   1.2e-09     3e-08   29.6   0.2   341   376   303   338   241   341 0.79 -
10618at4891_1|ptg000005l:1223821-1225359 -            513 1341at4891           -            616   7.1e-19   64.7   0.2   2   2   1.2e-10     3e-09   33.0   0.0   376   503   359   492   355   507 0.79 -
10800at4891_3|ptg000002l:63674-64627     -            318 1341at4891           -            616   1.8e-18   63.4   0.0   1   1   8.8e-20   2.3e-18   63.1   0.0   285   491    49   278    36   283 0.74 -
1979at4891_2|ptg000006l:506917-511344    -           1476 1341at4891           -            616   1.8e-18   63.4   0.0   1   1   1.2e-19     3e-18   62.7   0.0   258   508  1175  1463  1140  1473 0.64 -
18893at4891_2|ptg000003l:782315-783397   -            361 1341at4891           -            616   3.3e-18   62.5   0.1   1   1   1.7e-19   4.5e-18   62.1   0.1   298   492   150   355   114   359 0.77 -
10618at4891_2|ptg000013l:169331-170326   -            332 1341at4891           -            616   3.3e-18   62.5   0.2   1   2   2.1e-09   5.3e-08   28.8   0.1   318   374   107   171    81   174 0.72 -
10618at4891_2|ptg000013l:169331-170326   -            332 1341at4891           -            616   3.3e-18   62.5   0.2   2   2   2.9e-10   7.5e-09   31.6   0.0   380   491   213   328   209   331 0.81 -
17265at4891_6|ptg000017l:489342-490793   -            484 1341at4891           -            616   4.5e-18   62.1   0.1   1   1   2.5e-19   6.5e-18   61.6   0.1   262   432   172   357   149   378 0.76 -
18893at4891_0|ptg000005l:829911-830846   -            312 1341at4891           -            616   5.2e-18   61.9   0.3   1   1   2.5e-19   6.4e-18   61.6   0.3   338   490   153   309   105   312 0.73 -
8179at4891_6|ptg000017l:466083-467246    -            388 1341at4891           -            616   1.3e-17   60.6   0.0   1   1   6.8e-19   1.8e-17   60.1   0.0   350   495   173   325    52   332 0.82 -
4279at4891_0|ptg000015l:86403-88121      -            573 1341at4891           -            616   1.8e-17   60.1   0.0   1   1   8.7e-19   2.2e-17   59.8   0.0   264   442   308   496   273   559 0.74 -
17728at4891_4|ptg000005l:1236974-1237873 -            300 1341at4891           -            616   3.2e-17   59.3   0.0   1   2   4.1e-18     1e-16   57.6   0.0   260   432     3   190     1   198 0.76 -
17728at4891_4|ptg000005l:1236974-1237873 -            300 1341at4891           -            616   3.2e-17   59.3   0.0   2   2       2.1        55   -1.0   0.0   464   492   257   285   246   288 0.85 -
7925at4891_4|ptg000005l:129743-130630    -            296 1341at4891           -            616   3.7e-17   59.1   0.0   1   1   2.7e-18   7.1e-17   58.1   0.0   281   493    42   292     2   295 0.68 -
10800at4891_6|ptg000003l:653931-654851   -            307 1341at4891           -            616   5.3e-17   58.6   0.1   1   1   2.9e-18   7.4e-17   58.1   0.1   298   493    70   286    40   303 0.74 -
17265at4891_1|ptg000003l:79555-80496     -            314 1341at4891           -            616   5.4e-17   58.5   0.1   1   2   1.7e-17   4.5e-16   55.5   0.1   261   432     4   215     2   236 0.71 -
17265at4891_1|ptg000003l:79555-80496     -            314 1341at4891           -            616   5.4e-17   58.5   0.1   2   2       2.2        57   -1.0   0.0   466   492   282   308   276   311 0.89 -
8179at4891_6|ptg000007l:445528-446583    -            352 1341at4891           -            616   1.5e-16   57.1   0.0   1   1   7.2e-18   1.8e-16   56.8   0.0   349   497   128   283    10   288 0.81 -
4279at4891_2|ptg000011l:105260-107206    -            649 1341at4891           -            616   1.5e-16   57.0   0.0   1   1   9.8e-18   2.5e-16   56.3   0.0   340   439   476   574   470   634 0.82 -
14247at4891_2|ptg000003l:465197-466843   -            549 1341at4891           -            616   3.1e-16   56.0   0.1   1   2   7.3e-17   1.9e-15   53.4   0.0   344   431   264   355   250   362 0.87 -
14247at4891_2|ptg000003l:465197-466843   -            549 1341at4891           -            616   3.1e-16   56.0   0.1   2   2       1.2        32   -0.2   0.0   464   493   436   465   432   469 0.89 -
12549at4891_5|ptg000005l:1191684-1192538 -            285 1341at4891           -            616   3.3e-16   55.9   0.0   1   1   1.8e-17   4.6e-16   55.5   0.0   261   431     4   192     2   206 0.73 -
12549at4891_2|ptg000007l:524615-525445   -            277 1341at4891           -            616   7.5e-16   54.8   0.1   1   1   3.9e-17   9.9e-16   54.4   0.1   264   432     1   187     1   210 0.74 -
10618at4891_1|ptg000008l:894540-895424   -            295 1341at4891           -            616   9.2e-16   54.5   0.3   1   2   1.8e-08   4.7e-07   25.7   0.2   335   374   108   147    59   150 0.71 -
10618at4891_1|ptg000008l:894540-895424   -            295 1341at4891           -            616   9.2e-16   54.5   0.3   2   2   7.5e-09   1.9e-07   27.0   0.0   380   490   179   293   175   295 0.83 -
17309at4891_3|ptg000011l:768687-769553   -            289 1341at4891           -            616   4.9e-15   52.1   0.1   1   2   5.3e-15   1.4e-13   47.3   0.0   306   442    66   214    18   233 0.75 -
17309at4891_3|ptg000011l:768687-769553   -            289 1341at4891           -            616   4.9e-15   52.1   0.1   2   2      0.13       3.3    3.1   0.1   465   497   254   286   240   288 0.89 -
18893at4891|ptg000011l:771443-772264     -            274 1341at4891           -            616   6.6e-15   51.6   0.0   1   1   3.2e-16   8.2e-15   51.3   0.0   282   490    31   267     7   272 0.73 -
18893at4891_8|ptg000017l:538303-539118   -            272 1341at4891           -            616   8.4e-15   51.3   0.0   1   1   8.4e-16   2.2e-14   49.9   0.0   348   491   117   266    14   270 0.69 -
17309at4891_1|ptg000003l:651504-652319   -            272 1341at4891           -            616   1.1e-14   50.9   0.0   1   1   1.1e-15   2.9e-14   49.5   0.0   308   490    58   269     7   271 0.67 -
8179at4891_4|ptg000002l:522556-523779    -            408 1341at4891           -            616   1.9e-14   50.1   0.0   1   1   1.2e-15     3e-14   49.5   0.0   308   454    93   258    82   296 0.67 -
18893at4891_3|ptg000006l:642183-642980   -            266 1341at4891           -            616   2.2e-14   49.9   0.0   1   1   1.1e-15   2.8e-14   49.6   0.0   264   492    13   262     5   265 0.67 -
10800at4891_4|ptg000017l:324872-325915   -            348 1341at4891           -            616     4e-14   49.1   0.0   1   1   2.3e-15   5.8e-14   48.5   0.0   342   487   158   327   149   330 0.72 -
7925at4891_2|ptg000014l:443074-444303    -            410 1341at4891           -            616   5.3e-14   48.7   0.1   1   2   2.5e-12   6.6e-11   38.4   0.0   262   412    22   191     8   201 0.67 -
7925at4891_2|ptg000014l:443074-444303    -            410 1341at4891           -            616   5.3e-14   48.7   0.1   2   2    0.0036     0.092    8.2   0.0   396   492   230   343   219   360 0.73 -
693at4891_2|ptg000014l:92509-97236       -           1576 1341at4891           -            616     6e-14   48.5   0.0   1   2   1.9e-14   4.8e-13   45.5   0.0   295   396  1311  1422  1269  1435 0.76 -
693at4891_2|ptg000014l:92509-97236       -           1576 1341at4891           -            616     6e-14   48.5   0.0   2   2      0.97        25    0.2   0.0   403   444  1457  1502  1442  1564 0.57 -
10800at4891_1|ptg000009l:418734-419729   -            332 1341at4891           -            616   1.1e-13   47.6   0.2   1   2   9.4e-12   2.4e-10   36.6   0.0   342   414   124   204    48   250 0.85 -
10800at4891_1|ptg000009l:418734-419729   -            332 1341at4891           -            616   1.1e-13   47.6   0.2   2   2    0.0021     0.054    9.0   0.1   454   492   282   321   271   326 0.80 -
18893at4891_0|ptg000003l:772681-773454   -            258 1341at4891           -            616   1.5e-13   47.2   0.0   1   1   7.7e-15     2e-13   46.8   0.0   263   479    10   242     4   257 0.70 -
19258at4891_3|ptg000011l:240916-241785   -            290 1341at4891           -            616   2.9e-13   46.2   0.5   1   2       2.3        59   -1.1   0.1   113   185    46   117    29   120 0.73 -
19258at4891_3|ptg000011l:240916-241785   -            290 1341at4891           -            616   2.9e-13   46.2   0.5   2   2   2.8e-14   7.2e-13   44.9   0.0   336   486   135   284   125   289 0.83 -
8179at4891_2|ptg000015l:510284-512575    -            764 1341at4891           -            616   3.5e-13   45.9   0.0   1   1   2.2e-14   5.7e-13   45.3   0.0   347   492   459   612   365   623 0.79 -
19258at4891_3|ptg000005l:1430177-1431073 -            299 1341at4891           -            616   6.1e-13   45.1   0.1   1   1   3.7e-14   9.4e-13   44.5   0.1   324   437    80   204    63   218 0.83 -
693at4891_2|ptg000010l:89143-92952       -           1270 1341at4891           -            616     8e-13   44.8   0.0   1   1   6.5e-14   1.7e-12   43.7   0.0   294   490  1024  1255   981  1263 0.62 -
12549at4891_6|ptg000011l:79390-80259     -            290 1341at4891           -            616   1.3e-12   44.0   0.0   1   2     2e-13   5.1e-12   42.1   0.0   346   431   107   193     1   201 0.68 -
12549at4891_6|ptg000011l:79390-80259     -            290 1341at4891           -            616   1.3e-12   44.0   0.0   2   2       5.1   1.3e+02   -2.2   0.0   467   491   259   283   251   287 0.83 -
13303at4891_9|ptg000005l:1079922-1081415 -            498 1341at4891           -            616   2.6e-12   43.1   0.0   1   3   1.8e-06   4.5e-05   19.2   0.0   347   388   136   180   126   202 0.79 -
13303at4891_9|ptg000005l:1079922-1081415 -            498 1341at4891           -            616   2.6e-12   43.1   0.0   2   3     2e-05   0.00051   15.7   0.0   397   435   264   305   253   314 0.81 -
13303at4891_9|ptg000005l:1079922-1081415 -            498 1341at4891           -            616   2.6e-12   43.1   0.0   3   3     0.049       1.3    4.5   0.0   466   497   436   467   423   484 0.87 -
24610at4891_2|ptg000001l:193167-194273   -            369 1341at4891           -            616   2.8e-12   42.9   0.0   1   1   1.6e-13   4.2e-12   42.4   0.0   340   428   132   233   124   243 0.76 -
2630at4891_2|ptg000002l:378772-383127    -           1452 1341at4891           -            616   5.2e-12   42.1   0.1   1   1   8.3e-13   2.1e-11   40.0   0.1   346   487   127   293   113   302 0.79 -
17309at4891_7|ptg000005l:1331652-1333190 -            513 1341at4891           -            616   5.7e-12   41.9   0.9   1   1   2.3e-12   5.8e-11   38.6   0.9   343   445   307   407   172   471 0.65 -
24610at4891_6|ptg000006l:675169-675801   -            211 1341at4891           -            616   6.7e-12   41.7   0.2   1   1     3e-13   7.6e-12   41.5   0.2   283   432    39   202     8   211 0.77 -
17728at4891_8|ptg000006l:536057-537118   -            354 1341at4891           -            616   1.6e-11   40.4   2.5   1   2   3.2e-11   8.3e-10   34.8   2.1   283   431    61   242    53   249 0.68 -
17728at4891_8|ptg000006l:536057-537118   -            354 1341at4891           -            616   1.6e-11   40.4   2.5   2   2       0.9        23    0.3   0.0   465   491   327   353   314   354 0.87 -
18893at4891_9|ptg000012l:103993-104784   -            264 1341at4891           -            616   1.9e-11   40.2   0.1   1   1   9.1e-13   2.3e-11   39.9   0.1   308   485    69   257     6   263 0.70 -
7925at4891_3|ptg000001l:200271-201755    -            495 1341at4891           -            616     2e-11   40.1   0.0   1   2   2.1e-08   5.5e-07   25.5   0.0   301   387    56   153    28   162 0.76 -
7925at4891_3|ptg000001l:200271-201755    -            495 1341at4891           -            616     2e-11   40.1   0.0   2   2   0.00027    0.0068   11.9   0.0   402   493   358   468   351   474 0.65 -
7925at4891_6|ptg000014l:180469-181347    -            293 1341at4891           -            616   2.4e-11   39.8   0.0   1   1   1.2e-12   3.1e-11   39.5   0.0   338   488   107   273    78   279 0.77 -
18893at4891_2|ptg000016l:261677-262273   -            199 1341at4891           -            616   2.6e-11   39.7   0.0   1   1   1.3e-12   3.4e-11   39.4   0.0   337   487    24   190    12   194 0.77 -
9903at4891_6|ptg000005l:38794-39612      -            273 1341at4891           -            616   3.1e-11   39.5   0.0   1   1   1.3e-12   3.4e-11   39.4   0.0   297   443    39   195     1   255 0.62 -
10800at4891_9|ptg000002l:458137-459027   -            297 1341at4891           -            616   4.1e-11   39.1   0.4   1   1   2.4e-12   6.1e-11   38.5   0.4   295   488    57   283    39   286 0.70 -
10800at4891_7|ptg000005l:1103675-1104628 -            318 1341at4891           -            616   6.6e-11   38.4   0.0   1   1   1.2e-11   3.2e-10   36.2   0.0   263   444     6   217     3   282 0.68 -
13507at4891_4|ptg000012l:62507-63811     -            435 1341at4891           -            616   2.2e-10   36.7   0.4   1   3     0.035      0.89    5.0   0.1   308   345    80   121    31   141 0.82 -
13507at4891_4|ptg000012l:62507-63811     -            435 1341at4891           -            616   2.2e-10   36.7   0.4   2   3     0.038      0.97    4.8   0.0   362   376   170   184   166   217 0.78 -
13507at4891_4|ptg000012l:62507-63811     -            435 1341at4891           -            616   2.2e-10   36.7   0.4   3   3   7.8e-08     2e-06   23.6   0.0   379   499   228   351   223   392 0.74 -
5371at4891_3|ptg000008l:502527-503513    -            329 1341at4891           -            616   3.1e-10   36.2   0.2   1   1   2.6e-11   6.8e-10   35.1   0.1   317   413    80   171    20   180 0.75 -
12549at4891_0|ptg000011l:442624-443481   -            286 1341at4891           -            616   9.4e-10   34.6   0.1   1   2     7e-10   1.8e-08   30.4   0.0   346   442   100   196    10   217 0.72 -
12549at4891_0|ptg000011l:442624-443481   -            286 1341at4891           -            616   9.4e-10   34.6   0.1   2   2       0.2       5.2    2.4   0.0   452   489   248   285   238   286 0.90 -
14247at4891_6|ptg000010l:213566-214237   -            224 1341at4891           -            616   1.6e-09   33.8   0.0   1   1   7.3e-11   1.9e-09   33.6   0.0   346   433   110   202    55   211 0.77 -
2373at4891_6|ptg000003l:837281-838264    -            328 1341at4891           -            616   5.9e-09   32.0   0.0   1   1   3.2e-10   8.2e-09   31.5   0.0   359   486   179   327   174   328 0.69 -
2373at4891_0|ptg000006l:645205-646158    -            318 1341at4891           -            616   1.3e-08   30.8   0.0   1   2   1.7e-09   4.4e-08   29.1   0.0   347   433   149   241   143   250 0.82 -
2373at4891_0|ptg000006l:645205-646158    -            318 1341at4891           -            616   1.3e-08   30.8   0.0   2   2       1.8        47   -0.7   0.0    29    68   245   289   240   294 0.70 -
4598at4891_7|ptg000008l:940068-942725    -            886 1341at4891           -            616   2.3e-08   30.0   0.5   1   3         1        26    0.1   0.0   261   333    18    98    11   113 0.66 -
4598at4891_7|ptg000008l:940068-942725    -            886 1341at4891           -            616   2.3e-08   30.0   0.5   2   3   9.8e-08   2.5e-06   23.3   0.1   345   378   142   175   135   181 0.91 -
4598at4891_7|ptg000008l:940068-942725    -            886 1341at4891           -            616   2.3e-08   30.0   0.5   3   3      0.18       4.6    2.6   0.0   381   481   201   306   192   317 0.66 -
24610at4891_1|ptg000017l:604470-604997   -            176 1341at4891           -            616   2.6e-08   29.8   0.0   1   1   1.2e-09   3.2e-08   29.5   0.0   342   408     6    74     1    90 0.83 -
12549at4891|ptg000016l:163727-164524     -            266 1341at4891           -            616   3.5e-08   29.4   0.2   1   2   9.4e-07   2.4e-05   20.0   0.0   348   387    71   113    59   183 0.71 -
12549at4891|ptg000016l:163727-164524     -            266 1341at4891           -            616   3.5e-08   29.4   0.2   2   2    0.0048      0.12    7.8   0.0   463   499   229   265   200   266 0.80 -
10800at4891_5|ptg000006l:199062-200114   -            351 1341at4891           -            616   8.3e-08   28.2   0.0   1   2   1.4e-08   3.5e-07   26.1   0.0   342   386   106   152    95   185 0.78 -
10800at4891_5|ptg000006l:199062-200114   -            351 1341at4891           -            616   8.3e-08   28.2   0.0   2   2         2        52   -0.9   0.0   459   495   272   308   267   313 0.86 -
10618at4891_1|ptg000007l:830568-831530   -            321 1341at4891           -            616   1.3e-07   27.5   1.4   1   2     7e-07   1.8e-05   20.5   1.5   309   378    81   160    42   164 0.72 -
10618at4891_1|ptg000007l:830568-831530   -            321 1341at4891           -            616   1.3e-07   27.5   1.4   2   2      0.05       1.3    4.4   0.0   373   416   179   219   171   321 0.56 -
17239at4891_2|ptg000006l:428478-430475   -            666 1341at4891           -            616   2.3e-07   26.8   0.1   1   2   1.6e-07   4.2e-06   22.5   0.0   342   374   326   358   321   362 0.89 -
17239at4891_2|ptg000006l:428478-430475   -            666 1341at4891           -            616   2.3e-07   26.8   0.1   2   2      0.33       8.5    1.7   0.0   415   443   436   463   423   523 0.78 -
7925at4891|ptg000003l:437746-438777      -            344 1341at4891           -            616   3.1e-07   26.3   0.6   1   1   1.7e-08   4.3e-07   25.8   0.6   344   486   156   320    98   324 0.60 -
5371at4891_0|ptg000006l:603830-604747    -            306 1341at4891           -            616   4.9e-07   25.6   0.3   1   1   2.7e-08   6.9e-07   25.2   0.3   262   431     8   195     2   218 0.63 -
9903at4891_2|ptg000006l:573120-575027    -            636 1341at4891           -            616   5.5e-07   25.5   0.0   1   1   3.3e-08   8.4e-07   24.9   0.0   346   495   432   595   382   616 0.72 -
19258at4891_2|ptg000017l:451064-452446   -            461 1341at4891           -            616   6.1e-07   25.3   0.2   1   1   1.9e-07     5e-06   22.3   0.2   345   433   277   381   271   391 0.70 -
10800at4891_1|ptg000017l:541482-542456   -            325 1341at4891           -            616   8.4e-07   24.9   0.0   1   1   5.3e-08   1.4e-06   24.2   0.0   346   497   155   312   140   319 0.69 -
10800at4891_0|ptg000003l:774622-775620   -            333 1341at4891           -            616   1.6e-06   23.9   0.0   1   1   7.7e-08     2e-06   23.6   0.0   345   434   104   203    63   236 0.69 -
5371at4891_2|ptg000004l:91202-93373      -            724 1341at4891           -            616   1.8e-06   23.8   4.0   1   3   6.6e-07   1.7e-05   20.6   0.7   330   375   396   441   302   449 0.69 -
5371at4891_2|ptg000004l:91202-93373      -            724 1341at4891           -            616   1.8e-06   23.8   4.0   2   3      0.76        20    0.5   0.0   405   437   498   533   478   550 0.75 -
5371at4891_2|ptg000004l:91202-93373      -            724 1341at4891           -            616   1.8e-06   23.8   4.0   3   3      0.91        24    0.3   0.0   466   491   687   712   683   714 0.93 -
7925at4891_6|ptg000003l:190873-192564    -            564 1341at4891           -            616   2.3e-05   20.1   0.3   1   2   4.7e-06   0.00012   17.7   0.2   247   386   159   314    93   325 0.59 -
7925at4891_6|ptg000003l:190873-192564    -            564 1341at4891           -            616   2.3e-05   20.1   0.3   2   2       1.2        30   -0.1   0.0   403   442   367   407   355   419 0.76 -
13303at4891_4|ptg000009l:405907-406635   -            243 1341at4891           -            616   6.4e-05   18.7   0.0   1   2   4.3e-05    0.0011   14.6   0.0   316   381    83   156    80   170 0.71 -
13303at4891_4|ptg000009l:405907-406635   -            243 1341at4891           -            616   6.4e-05   18.7   0.0   2   2      0.23         6    2.2   0.0   380   436   178   239   174   243 0.67 -
7925at4891_6|ptg000008l:427227-428942    -            572 1341at4891           -            616   7.1e-05   18.5   0.1   1   2   1.5e-05   0.00038   16.1   0.0   347   386   281   322   158   332 0.74 -
7925at4891_6|ptg000008l:427227-428942    -            572 1341at4891           -            616   7.1e-05   18.5   0.1   2   2       1.3        33   -0.2   0.0   403   442   375   415   365   429 0.77 -
7349at4891_2|ptg000017l:543561-546203    -            881 1341at4891           -            616   0.00057   15.5   0.1   1   2   0.00017    0.0044   12.6   0.1   348   392   528   579   518   599 0.76 -
7349at4891_2|ptg000017l:543561-546203    -            881 1341at4891           -            616   0.00057   15.5   0.1   2   2       1.2        32   -0.2   0.0   403   446   775   816   756   830 0.76 -
17728at4891|ptg000007l:677240-677737     -            166 1341at4891           -            616    0.0095   11.5   0.0   1   2       0.3       7.6    1.9   0.0   399   452    21    79    12    94 0.70 -
17728at4891|ptg000007l:677240-677737     -            166 1341at4891           -            616    0.0095   11.5   0.0   2   2    0.0051      0.13    7.7   0.0   451   490   124   166   118   166 0.84 -
#
# Program:         hmmsearch
# Version:         3.1b2 (February 2015)
# Pipeline mode:   SEARCH
# Query file:      /home/inf-39-2023/bin/BINP29/Denovo/2_Assembly/busco_downloads/lineages/saccharomycetes_odb10/hmms/1341at4891.hmm
# Target file:     /home/inf-39-2023/bin/BINP29/Denovo/2_Assembly/BUSCO_SRR.asm.bp.p_ctg.fasta/run_saccharomycetes_odb10/metaeuk_output/initial_results/SRR.asm.bp.p_ctg.fasta.modified.fas
# Option settings: hmmsearch --domtblout /home/inf-39-2023/bin/BINP29/Denovo/2_Assembly/BUSCO_SRR.asm.bp.p_ctg.fasta/run_saccharomycetes_odb10/hmmer_output/initial_run_results/1341at4891.out --cpu 1 /home/inf-39-2023/bin/BINP29/Denovo/2_Assembly/busco_downloads/lineages/saccharomycetes_odb10/hmms/1341at4891.hmm /home/inf-39-2023/bin/BINP29/Denovo/2_Assembly/BUSCO_SRR.asm.bp.p_ctg.fasta/run_saccharomycetes_odb10/metaeuk_output/initial_results/SRR.asm.bp.p_ctg.fasta.modified.fas 
# Current dir:     /home/inf-39-2023/bin/BINP29/Denovo/2_Assembly
# Date:            Wed Feb 21 15:52:39 2024
# [ok]
