#                                                                                                --- full sequence --- -------------- this domain -------------   hmm coord   ali coord   env coord
# target name                            accession   tlen query name           accession   qlen   E-value  score  bias   #  of  c-Evalue  i-Evalue  score  bias  from    to  from    to  from    to  acc description of target
#                    ------------------- ---------- ----- -------------------- ---------- ----- --------- ------ ----- --- --- --------- --------- ------ ----- ----- ----- ----- ----- ----- ----- ---- ---------------------
13757at4891_2|ptg000002l:119716-122229   -            838 13757at4891          -            575    1e-203  675.3  51.5   1   4      0.54        52   -0.6   1.4    26    55   110   139    79   152 0.66 -
13757at4891_2|ptg000002l:119716-122229   -            838 13757at4891          -            575    1e-203  675.3  51.5   2   4  4.7e-141  4.5e-139  461.8   1.4    50   355   184   504   164   507 0.92 -
13757at4891_2|ptg000002l:119716-122229   -            838 13757at4891          -            575    1e-203  675.3  51.5   3   4     5e-41   4.7e-39  131.6   9.3   338   477   511   695   507   709 0.80 -
13757at4891_2|ptg000002l:119716-122229   -            838 13757at4891          -            575    1e-203  675.3  51.5   4   4   1.8e-31   1.7e-29  100.0   0.1   478   573   739   838   727   838 0.91 -
12541at4891_2|ptg000014l:361660-364252   -            535 13757at4891          -            575  5.8e-117  388.8   0.0   1   1  9.1e-119  8.7e-117  388.2   0.0    64   427    66   462    56   483 0.90 -
12541at4891_1|ptg000003l:614076-615311   -            412 13757at4891          -            575   1.7e-92  308.0   0.0   1   1   2.6e-94   2.5e-92  307.5   0.0   102   438     6   382     3   393 0.86 -
12541at4891_4|ptg000011l:718500-720020   -            507 13757at4891          -            575   3.4e-89  297.1   0.0   1   1     5e-91   4.8e-89  296.6   0.0   102   429    97   464    84   483 0.85 -
10350at4891_2|ptg000008l:740959-742527   -            523 13757at4891          -            575   6.3e-89  296.3   3.8   1   1   1.2e-90   1.2e-88  295.4   3.8    10   427    18   464     2   470 0.78 -
15766at4891_4|ptg000005l:575310-577073   -            588 13757at4891          -            575   1.2e-84  282.2   0.7   1   2         9   8.6e+02   -4.7   3.2    33    80    35    82    12    98 0.55 -
15766at4891_4|ptg000005l:575310-577073   -            588 13757at4891          -            575   1.2e-84  282.2   0.7   2   2   1.2e-86   1.2e-84  282.2   0.7    77   428   141   543   123   559 0.84 -
18663at4891_2|ptg000015l:228298-229758   -            487 13757at4891          -            575   1.1e-83  278.9   0.1   1   1   1.7e-85   1.7e-83  278.4   0.1    50   429    14   414     5   435 0.80 -
9846at4891_1|ptg000004l:117254-119470    -            739 13757at4891          -            575   1.2e-77  259.0   1.8   1   1   1.3e-79   1.2e-77  259.0   1.8    76   426   189   573   109   603 0.75 -
9633at4891_2|ptg000007l:827917-829431    -            505 13757at4891          -            575   2.8e-75  251.2   0.0   1   1   4.5e-77   4.3e-75  250.6   0.0   102   428    39   394    10   400 0.86 -
4326at4891_2|ptg000005l:1108448-1111432  -            995 13757at4891          -            575   9.1e-73  242.9   9.8   1   3   2.6e-62   2.5e-60  201.8   0.6    44   328    79   356    55   391 0.84 -
4326at4891_2|ptg000005l:1108448-1111432  -            995 13757at4891          -            575   9.1e-73  242.9   9.8   2   3       2.8   2.7e+02   -3.0   2.1     5    41   387   423   381   433 0.68 -
4326at4891_2|ptg000005l:1108448-1111432  -            995 13757at4891          -            575   9.1e-73  242.9   9.8   3   3   3.4e-15   3.3e-13   46.3   0.0   360   427   469   537   462   547 0.88 -
11161at4891_2|ptg000005l:1017666-1018778 -            371 13757at4891          -            575   8.8e-71  236.3   4.5   1   1   1.4e-72   1.3e-70  235.8   4.5   107   442     3   363     1   368 0.87 -
11838at4891_2|ptg000008l:918760-920427   -            556 13757at4891          -            575   7.4e-70  233.3   6.0   1   1   1.6e-71   1.5e-69  232.3   5.9   108   478   125   533    34   547 0.80 -
11161at4891_2|ptg000005l:1333798-1335195 -            466 13757at4891          -            575   1.5e-68  229.0   0.5   1   1   2.3e-70   2.2e-68  228.4   0.5   105   443    27   385    12   389 0.85 -
11037at4891_2|ptg000015l:442921-444213   -            431 13757at4891          -            575   4.7e-65  217.4   3.3   1   1   1.4e-66   1.4e-64  215.9   2.1   105   449     3   382     1   413 0.82 -
9258at4891_2|ptg000006l:372453-374762    -            770 13757at4891          -            575   4.9e-65  217.4   1.1   1   2   5.1e-67   4.9e-65  217.4   1.1    74   427    10   398     1   427 0.80 -
9258at4891_2|ptg000006l:372453-374762    -            770 13757at4891          -            575   4.9e-65  217.4   1.1   2   2       1.8   1.7e+02   -2.3   2.5    13    41   661   689   633   700 0.68 -
11161at4891_6|ptg000006l:598503-599603   -            367 13757at4891          -            575   5.2e-65  217.3   1.2   1   1   7.9e-67   7.5e-65  216.8   1.2   123   443    16   358     1   363 0.85 -
11161at4891_6|ptg000017l:117639-118739   -            367 13757at4891          -            575   5.2e-65  217.3   1.2   1   1   7.9e-67   7.5e-65  216.8   1.2   123   443    16   358     1   363 0.85 -
8758at4891_1|ptg000005l:1199077-1200414  -            446 13757at4891          -            575   1.3e-60  202.8   0.1   1   1   1.9e-62   1.8e-60  202.3   0.1   105   446    62   431    53   439 0.84 -
11266at4891_7|ptg000011l:415416-416861   -            482 13757at4891          -            575   1.5e-59  199.3   1.4   1   1   2.2e-61   2.1e-59  198.8   1.4    44   440    38   454     5   463 0.77 -
9724at4891_2|ptg000002l:289455-291701    -            749 13757at4891          -            575   2.1e-58  195.5   2.1   1   2   2.7e-46   2.6e-44  149.0   1.1    70   297   112   364    40   412 0.75 -
9724at4891_2|ptg000002l:289455-291701    -            749 13757at4891          -            575   2.1e-58  195.5   2.1   2   2     9e-15   8.6e-13   44.9   0.0   374   426   510   563   490   585 0.88 -
7407at4891_2|ptg000017l:186429-188648    -            740 13757at4891          -            575   7.4e-58  193.7   0.1   1   2   7.6e-45   7.2e-43  144.2   0.1    66   283   103   328    42   377 0.80 -
7407at4891_2|ptg000017l:186429-188648    -            740 13757at4891          -            575   7.4e-58  193.7   0.1   2   2   1.7e-15   1.6e-13   47.3   0.0   373   426   511   565   490   568 0.92 -
9680at4891_2|ptg000001l:124240-126057    -            606 13757at4891          -            575     3e-57  191.7   0.3   1   1   3.1e-59     3e-57  191.7   0.3   106   427     6   375     2   392 0.80 -
21277at4891_1|ptg000005l:677915-679567   -            551 13757at4891          -            575   8.5e-57  190.2   0.8   1   2   2.8e-44   2.6e-42  142.3   0.5   112   334    25   265    20   279 0.80 -
21277at4891_1|ptg000005l:677915-679567   -            551 13757at4891          -            575   8.5e-57  190.2   0.8   2   2   5.1e-15   4.9e-13   45.7   0.0   366   426   331   392   304   414 0.82 -
8762at4891_2|ptg000013l:229450-231213    -            588 13757at4891          -            575   6.1e-53  177.4   6.9   1   2   7.7e-43   7.4e-41  137.5   1.7   105   350    11   276     2   285 0.82 -
8762at4891_2|ptg000013l:229450-231213    -            588 13757at4891          -            575   6.1e-53  177.4   6.9   2   2   6.6e-14   6.3e-12   42.0   0.0   383   430   377   425   375   439 0.93 -
17188at4891_4|ptg000014l:80555-82345     -            597 13757at4891          -            575   8.9e-39  130.7   5.3   1   2   1.3e-23   1.3e-21   74.0   1.4   145   306   229   395   181   407 0.86 -
17188at4891_4|ptg000014l:80555-82345     -            597 13757at4891          -            575   8.9e-39  130.7   5.3   2   2     1e-18   9.9e-17   57.9   0.0   375   426   520   572   507   575 0.94 -
31544at4891_2|ptg000008l:719760-721292   -            511 13757at4891          -            575   7.5e-38  127.6   1.6   1   2   8.7e-26   8.3e-24   81.2   0.5   128   312    86   289    66   296 0.81 -
31544at4891_2|ptg000008l:719760-721292   -            511 13757at4891          -            575   7.5e-38  127.6   1.6   2   2   6.8e-15   6.5e-13   45.3   0.0   375   427   437   489   432   506 0.91 -
2020at4891_0|ptg000009l:527692-529278    -            529 13757at4891          -            575   1.1e-08   31.4   0.0   1   2   5.2e-10     5e-08   29.1   0.0   130   267     2   143     1   177 0.84 -
2020at4891_0|ptg000009l:527692-529278    -            529 13757at4891          -            575   1.1e-08   31.4   0.0   2   2      0.57        54   -0.7   0.0   375   396   328   349   305   359 0.74 -
1088at4891_4|ptg000005l:482687-485866    -           1060 13757at4891          -            575   4.1e-06   22.8   0.6   1   2   7.8e-06   0.00075   15.4   0.1    35   234   206   396   171   426 0.66 -
1088at4891_4|ptg000005l:482687-485866    -           1060 13757at4891          -            575   4.1e-06   22.8   0.6   2   2    0.0064      0.61    5.7   0.1   354   425   563   639   522   644 0.74 -
#
# Program:         hmmsearch
# Version:         3.1b2 (February 2015)
# Pipeline mode:   SEARCH
# Query file:      /home/inf-39-2023/bin/BINP29/Denovo/2_Assembly/busco_downloads/lineages/saccharomycetes_odb10/hmms/13757at4891.hmm
# Target file:     /home/inf-39-2023/bin/BINP29/Denovo/2_Assembly/BUSCO_SRR.asm.bp.p_ctg.fasta/run_saccharomycetes_odb10/metaeuk_output/initial_results/SRR.asm.bp.p_ctg.fasta.modified.fas
# Option settings: hmmsearch --domtblout /home/inf-39-2023/bin/BINP29/Denovo/2_Assembly/BUSCO_SRR.asm.bp.p_ctg.fasta/run_saccharomycetes_odb10/hmmer_output/initial_run_results/13757at4891.out --cpu 1 /home/inf-39-2023/bin/BINP29/Denovo/2_Assembly/busco_downloads/lineages/saccharomycetes_odb10/hmms/13757at4891.hmm /home/inf-39-2023/bin/BINP29/Denovo/2_Assembly/BUSCO_SRR.asm.bp.p_ctg.fasta/run_saccharomycetes_odb10/metaeuk_output/initial_results/SRR.asm.bp.p_ctg.fasta.modified.fas 
# Current dir:     /home/inf-39-2023/bin/BINP29/Denovo/2_Assembly
# Date:            Wed Feb 21 15:52:35 2024
# [ok]
