#                                                                                              --- full sequence --- -------------- this domain -------------   hmm coord   ali coord   env coord
# target name                          accession   tlen query name           accession   qlen   E-value  score  bias   #  of  c-Evalue  i-Evalue  score  bias  from    to  from    to  from    to  acc description of target
#                  ------------------- ---------- ----- -------------------- ---------- ----- --------- ------ ----- --- --- --------- --------- ------ ----- ----- ----- ----- ----- ----- ----- ---- ---------------------
15784at4891_2|ptg000012l:152132-153238 -            369 15784at4891          -            328  3.7e-185  611.8   0.2   1   1  1.5e-187  4.4e-185  611.6   0.2     1   328     3   369     3   369 0.94 -
11916at4891_2|ptg000008l:249316-250419 -            368 15784at4891          -            328  9.4e-103  341.0   0.6   1   1  3.6e-105  1.1e-102  340.8   0.6     2   327     3   367     2   368 0.90 -
6770at4891_2|ptg000015l:441162-442649  -            496 15784at4891          -            328   2.5e-10   37.2   0.0   1   1   1.4e-12   4.2e-10   36.4   0.0    53   151   326   431   316   452 0.78 -
11682at4891_6|ptg000008l:179533-180762 -            410 15784at4891          -            328   2.1e-07   27.6   0.3   1   3   3.3e-05    0.0097   12.3   0.0    55    86     7    40     3    50 0.83 -
11682at4891_6|ptg000008l:179533-180762 -            410 15784at4891          -            328   2.1e-07   27.6   0.3   2   3   2.6e-05    0.0076   12.6   0.0    98   137    79   118    68   125 0.91 -
11682at4891_6|ptg000008l:179533-180762 -            410 15784at4891          -            328   2.1e-07   27.6   0.3   3   3       1.6   4.8e+02   -3.2   0.0   214   227   220   233   208   258 0.70 -
5710at4891_1|ptg000003l:566987-568927  -            647 15784at4891          -            328   8.8e-06   22.2   0.0   1   1   4.7e-08   1.4e-05   21.6   0.0    50   134   165   256   137   362 0.84 -
8344at4891_2|ptg000014l:54844-56799    -            475 15784at4891          -            328   1.4e-05   21.6   0.1   1   2      0.13        38    0.5   0.0   141   225   172   263   144   266 0.61 -
8344at4891_2|ptg000014l:54844-56799    -            475 15784at4891          -            328   1.4e-05   21.6   0.1   2   2     4e-07   0.00012   18.5   0.0    48   109   311   373   297   390 0.86 -
11682at4891_5|ptg000015l:73552-74394   -            281 15784at4891          -            328   0.00017   18.0   0.1   1   2   2.3e-06   0.00068   16.1   0.0    54   134     6   107     2   119 0.81 -
11682at4891_5|ptg000015l:73552-74394   -            281 15784at4891          -            328   0.00017   18.0   0.1   2   2      0.52   1.5e+02   -1.6   0.0   275   310   131   167   110   179 0.74 -
16038at4891_2|ptg000009l:163928-165487 -            520 15784at4891          -            328    0.0017   14.8   0.0   1   2       1.2   3.5e+02   -2.7   0.0   116   157   165   208   151   210 0.70 -
16038at4891_2|ptg000009l:163928-165487 -            520 15784at4891          -            328    0.0017   14.8   0.0   2   2   1.6e-05    0.0047   13.3   0.0    53   108   281   342   250   356 0.71 -
4356at4891_2|ptg000008l:786312-788189  -            626 15784at4891          -            328    0.0024   14.3   0.0   1   2       0.9   2.7e+02   -2.4   0.0    31    84    36    90    19   100 0.66 -
4356at4891_2|ptg000008l:786312-788189  -            626 15784at4891          -            328    0.0024   14.3   0.0   2   2   2.8e-05    0.0084   12.5   0.0    54   107   338   392   336   405 0.81 -
#
# Program:         hmmsearch
# Version:         3.1b2 (February 2015)
# Pipeline mode:   SEARCH
# Query file:      /home/inf-39-2023/bin/BINP29/Denovo/2_Assembly/busco_downloads/lineages/saccharomycetes_odb10/hmms/15784at4891.hmm
# Target file:     /home/inf-39-2023/bin/BINP29/Denovo/2_Assembly/BUSCO_SRR.asm.bp.p_ctg.fasta/run_saccharomycetes_odb10/metaeuk_output/initial_results/SRR.asm.bp.p_ctg.fasta.modified.fas
# Option settings: hmmsearch --domtblout /home/inf-39-2023/bin/BINP29/Denovo/2_Assembly/BUSCO_SRR.asm.bp.p_ctg.fasta/run_saccharomycetes_odb10/hmmer_output/initial_run_results/15784at4891.out --cpu 1 /home/inf-39-2023/bin/BINP29/Denovo/2_Assembly/busco_downloads/lineages/saccharomycetes_odb10/hmms/15784at4891.hmm /home/inf-39-2023/bin/BINP29/Denovo/2_Assembly/BUSCO_SRR.asm.bp.p_ctg.fasta/run_saccharomycetes_odb10/metaeuk_output/initial_results/SRR.asm.bp.p_ctg.fasta.modified.fas 
# Current dir:     /home/inf-39-2023/bin/BINP29/Denovo/2_Assembly
# Date:            Wed Feb 21 15:52:35 2024
# [ok]
