#                                                                                             --- full sequence --- -------------- this domain -------------   hmm coord   ali coord   env coord
# target name                         accession   tlen query name           accession   qlen   E-value  score  bias   #  of  c-Evalue  i-Evalue  score  bias  from    to  from    to  from    to  acc description of target
#                 ------------------- ---------- ----- -------------------- ---------- ----- --------- ------ ----- --- --- --------- --------- ------ ----- ----- ----- ----- ----- ----- ----- ---- ---------------------
16464at4891_7|ptg000003l:50036-51955  -            640 16464at4891          -            497  4.4e-158  524.1  41.2   1   2    3e-145    1e-142  473.5   3.0     1   307     1   334     1   362 0.90 -
16464at4891_7|ptg000003l:50036-51955  -            640 16464at4891          -            497  4.4e-158  524.1  41.2   2   2   2.2e-16   7.5e-14   48.4  30.5   298   477   367   609   358   640 0.76 -
5557at4891_3|ptg000002l:103249-104664 -            472 16464at4891          -            497     7e-12   41.9   0.1   1   1   5.9e-14     2e-11   40.4   0.1    27   223   239   448   227   464 0.76 -
5557at4891_8|ptg000011l:851995-853452 -            486 16464at4891          -            497   1.1e-11   41.3   0.2   1   1   5.1e-14   1.7e-11   40.6   0.2    62   225   286   467   253   478 0.77 -
5557at4891_3|ptg000011l:880501-881901 -            467 16464at4891          -            497   9.2e-11   38.2   0.0   1   2      0.41   1.4e+02   -2.0   0.0   288   323   228   261   226   280 0.72 -
5557at4891_3|ptg000011l:880501-881901 -            467 16464at4891          -            497   9.2e-11   38.2   0.0   2   2   7.6e-13   2.6e-10   36.7   0.0    70   221   280   447   271   463 0.80 -
5557at4891_3|ptg000016l:325676-327139 -            488 16464at4891          -            497   1.8e-10   37.2   0.0   1   1     1e-12   3.3e-10   36.4   0.0    67   225   292   468   282   480 0.81 -
2413at4891_2|ptg000002l:432255-435011 -            919 16464at4891          -            497   2.2e-08   30.4   0.9   1   2   1.5e-10   5.1e-08   29.1   0.0    92   238   615   779   589   782 0.79 -
2413at4891_2|ptg000002l:432255-435011 -            919 16464at4891          -            497   2.2e-08   30.4   0.9   2   2      0.37   1.2e+02   -1.8   0.6   330   389   807   866   772   884 0.40 -
2485at4891_2|ptg000008l:906414-909107 -            898 16464at4891          -            497   1.1e-07   28.0   1.7   1   2      0.49   1.6e+02   -2.2   0.6   452   477   192   217   181   250 0.56 -
2485at4891_2|ptg000008l:906414-909107 -            898 16464at4891          -            497   1.1e-07   28.0   1.7   2   2   4.9e-10   1.6e-07   27.5   0.0   103   222   651   789   638   806 0.80 -
40331at4891_2|ptg000013l:83644-83952  -            103 16464at4891          -            497   0.00042   16.2   6.0   1   1   1.4e-06   0.00048   16.0   6.0   342   440     9   100     2   103 0.71 -
#
# Program:         hmmsearch
# Version:         3.1b2 (February 2015)
# Pipeline mode:   SEARCH
# Query file:      /home/inf-39-2023/bin/BINP29/Denovo/2_Assembly/busco_downloads/lineages/saccharomycetes_odb10/hmms/16464at4891.hmm
# Target file:     /home/inf-39-2023/bin/BINP29/Denovo/2_Assembly/BUSCO_SRR.asm.bp.p_ctg.fasta/run_saccharomycetes_odb10/metaeuk_output/initial_results/SRR.asm.bp.p_ctg.fasta.modified.fas
# Option settings: hmmsearch --domtblout /home/inf-39-2023/bin/BINP29/Denovo/2_Assembly/BUSCO_SRR.asm.bp.p_ctg.fasta/run_saccharomycetes_odb10/hmmer_output/initial_run_results/16464at4891.out --cpu 1 /home/inf-39-2023/bin/BINP29/Denovo/2_Assembly/busco_downloads/lineages/saccharomycetes_odb10/hmms/16464at4891.hmm /home/inf-39-2023/bin/BINP29/Denovo/2_Assembly/BUSCO_SRR.asm.bp.p_ctg.fasta/run_saccharomycetes_odb10/metaeuk_output/initial_results/SRR.asm.bp.p_ctg.fasta.modified.fas 
# Current dir:     /home/inf-39-2023/bin/BINP29/Denovo/2_Assembly
# Date:            Wed Feb 21 15:52:39 2024
# [ok]
