#                                                                                                --- full sequence --- -------------- this domain -------------   hmm coord   ali coord   env coord
# target name                            accession   tlen query name           accession   qlen   E-value  score  bias   #  of  c-Evalue  i-Evalue  score  bias  from    to  from    to  from    to  acc description of target
#                    ------------------- ---------- ----- -------------------- ---------- ----- --------- ------ ----- --- --- --------- --------- ------ ----- ----- ----- ----- ----- ----- ----- ---- ---------------------
17785at4891_2|ptg000011l:828275-829651   -            459 17785at4891          -            348  1.1e-152  505.4   6.6   1   2   6.8e-73     3e-71  237.5   0.0     1   151     7   175     7   189 0.93 -
17785at4891_2|ptg000011l:828275-829651   -            459 17785at4891          -            348  1.1e-152  505.4   6.6   2   2   1.8e-81   7.9e-80  265.7   4.2   147   348   194   453   184   453 0.88 -
16921at4891_9|ptg000010l:93758-94756     -            333 17785at4891          -            348   8.6e-32  107.7   8.0   1   6   4.7e-05    0.0021   14.4   0.0   118   168     2    54     1    61 0.86 -
16921at4891_9|ptg000010l:93758-94756     -            333 17785at4891          -            348   8.6e-32  107.7   8.0   2   6   1.8e-13   7.9e-12   42.1   0.6    94   169    69   146    65   186 0.83 -
16921at4891_9|ptg000010l:93758-94756     -            333 17785at4891          -            348   8.6e-32  107.7   8.0   3   6    0.0025      0.11    8.7   0.0   127   168   185   227   151   229 0.77 -
16921at4891_9|ptg000010l:93758-94756     -            333 17785at4891          -            348   8.6e-32  107.7   8.0   4   6   5.2e-09   2.3e-07   27.4   0.0    95   168   193   269   188   272 0.85 -
16921at4891_9|ptg000010l:93758-94756     -            333 17785at4891          -            348   8.6e-32  107.7   8.0   5   6   0.00035     0.015   11.5   0.1   303   320   276   293   271   296 0.92 -
16921at4891_9|ptg000010l:93758-94756     -            333 17785at4891          -            348   8.6e-32  107.7   8.0   6   6   0.00026     0.011   12.0   0.0   114   147   298   332   293   333 0.86 -
16921at4891_6|ptg000016l:181899-182717   -            273 17785at4891          -            348   2.6e-29   99.6   2.8   1   3   1.3e-12   5.6e-11   39.3   0.0    96   168     1    73     1    78 0.94 -
16921at4891_6|ptg000016l:181899-182717   -            273 17785at4891          -            348   2.6e-29   99.6   2.8   2   3   1.7e-10   7.4e-09   32.3   0.1    94   167    79   153    74   168 0.91 -
16921at4891_6|ptg000016l:181899-182717   -            273 17785at4891          -            348   2.6e-29   99.6   2.8   3   3   1.4e-08     6e-07   26.0   0.1   131   186   206   265   191   272 0.86 -
3060at4891_2|ptg000004l:379350-382178    -            943 17785at4891          -            348   2.3e-28   96.4   9.9   1   6   7.7e-09   3.4e-07   26.8   0.1    96   165    96   167    83   172 0.87 -
3060at4891_2|ptg000004l:379350-382178    -            943 17785at4891          -            348   2.3e-28   96.4   9.9   2   6   9.1e-06    0.0004   16.7   0.5    94   209   177   299   170   320 0.71 -
3060at4891_2|ptg000004l:379350-382178    -            943 17785at4891          -            348   2.3e-28   96.4   9.9   3   6   5.7e-05    0.0025   14.1   0.1   206   319   378   503   337   504 0.73 -
3060at4891_2|ptg000004l:379350-382178    -            943 17785at4891          -            348   2.3e-28   96.4   9.9   4   6    0.0041      0.18    8.0   0.0    94   151   445   505   441   535 0.77 -
3060at4891_2|ptg000004l:379350-382178    -            943 17785at4891          -            348   2.3e-28   96.4   9.9   5   6     0.037       1.6    4.9   0.0   137   182   549   600   526   600 0.65 -
3060at4891_2|ptg000004l:379350-382178    -            943 17785at4891          -            348   2.3e-28   96.4   9.9   6   6   3.5e-11   1.5e-09   34.6   0.1    93   198   587   699   580   712 0.84 -
2851at4891_2|ptg000013l:113953-116400    -            816 17785at4891          -            348   6.8e-25   85.1   8.9   1   7      0.57        25    1.0   0.0   216   293    58   136    49   138 0.76 -
2851at4891_2|ptg000013l:113953-116400    -            816 17785at4891          -            348   6.8e-25   85.1   8.9   2   7     8e-07   3.5e-05   20.2   0.1    94   188   117   229   101   236 0.72 -
2851at4891_2|ptg000013l:113953-116400    -            816 17785at4891          -            348   6.8e-25   85.1   8.9   3   7      0.11       4.8    3.3   0.0    91   164   208   285   202   318 0.69 -
2851at4891_2|ptg000013l:113953-116400    -            816 17785at4891          -            348   6.8e-25   85.1   8.9   4   7   0.00041     0.018   11.3   0.1   115   248   383   520   379   521 0.77 -
2851at4891_2|ptg000013l:113953-116400    -            816 17785at4891          -            348   6.8e-25   85.1   8.9   5   7   6.1e-06   0.00027   17.3   0.1    95   148   507   562   472   564 0.77 -
2851at4891_2|ptg000013l:113953-116400    -            816 17785at4891          -            348   6.8e-25   85.1   8.9   6   7   1.2e-09   5.3e-08   29.5   0.0    95   166   507   580   499   583 0.90 -
2851at4891_2|ptg000013l:113953-116400    -            816 17785at4891          -            348   6.8e-25   85.1   8.9   7   7   1.3e-13   5.7e-12   42.5   0.1    96   205   550   668   547   682 0.77 -
16921at4891_8|ptg000010l:74467-75159     -            231 17785at4891          -            348     4e-23   79.2   0.3   1   4   2.1e-06   9.3e-05   18.8   0.0   123   168     1    47     1    49 0.86 -
16921at4891_8|ptg000010l:74467-75159     -            231 17785at4891          -            348     4e-23   79.2   0.3   2   4   1.7e-09   7.3e-08   29.0   0.0    95   159    14    80    13    91 0.84 -
16921at4891_8|ptg000010l:74467-75159     -            231 17785at4891          -            348     4e-23   79.2   0.3   3   4   2.9e-07   1.3e-05   21.7   0.2    94   152    97   164    93   171 0.77 -
16921at4891_8|ptg000010l:74467-75159     -            231 17785at4891          -            348     4e-23   79.2   0.3   4   4   1.2e-07   5.2e-06   22.9   0.0   108   164   173   230   169   231 0.91 -
3606at4891_2|ptg000002l:201554-203944    -            797 17785at4891          -            348   7.8e-23   78.3   0.3   1   4       4.7   2.1e+02   -2.0   0.0   216   248   463   495   437   501 0.69 -
3606at4891_2|ptg000002l:201554-203944    -            797 17785at4891          -            348   7.8e-23   78.3   0.3   2   4   3.4e-08   1.5e-06   24.7   0.1   114   184   519   596   511   598 0.79 -
3606at4891_2|ptg000002l:201554-203944    -            797 17785at4891          -            348   7.8e-23   78.3   0.3   3   4   8.5e-08   3.7e-06   23.4   0.0    96   169   584   659   581   660 0.88 -
3606at4891_2|ptg000002l:201554-203944    -            797 17785at4891          -            348   7.8e-23   78.3   0.3   4   4   1.1e-08     5e-07   26.3   0.0    96   153   668   728   664   736 0.87 -
4206at4891_2|ptg000010l:112406-115159    -            918 17785at4891          -            348   4.5e-22   75.8   2.4   1   5   3.8e-07   1.7e-05   21.3   0.1   104   249    80   221    43   229 0.80 -
4206at4891_2|ptg000010l:112406-115159    -            918 17785at4891          -            348   4.5e-22   75.8   2.4   2   5     0.026       1.1    5.4   0.0   111   170   251   311   241   315 0.85 -
4206at4891_2|ptg000010l:112406-115159    -            918 17785at4891          -            348   4.5e-22   75.8   2.4   3   5     5e-06   0.00022   17.6   0.1   106   167   332   393   325   394 0.83 -
4206at4891_2|ptg000010l:112406-115159    -            918 17785at4891          -            348   4.5e-22   75.8   2.4   4   5   2.1e-07   9.2e-06   22.1   0.0   212   257   380   425   378   449 0.86 -
4206at4891_2|ptg000010l:112406-115159    -            918 17785at4891          -            348   4.5e-22   75.8   2.4   5   5   2.7e-05    0.0012   15.2   0.0    96   148   447   502   440   519 0.71 -
17077at4891_7|ptg000003l:672388-673722   -            445 17785at4891          -            348   7.6e-22   75.0   5.1   1   4   1.9e-06   8.3e-05   19.0   0.1   109   169   122   184   117   187 0.88 -
17077at4891_7|ptg000003l:672388-673722   -            445 17785at4891          -            348   7.6e-22   75.0   5.1   2   4   7.2e-05    0.0032   13.8   0.1   216   254   173   211   172   226 0.87 -
17077at4891_7|ptg000003l:672388-673722   -            445 17785at4891          -            348   7.6e-22   75.0   5.1   3   4   8.5e-14   3.7e-12   43.2   0.1    94   190   233   336   226   358 0.82 -
17077at4891_7|ptg000003l:672388-673722   -            445 17785at4891          -            348   7.6e-22   75.0   5.1   4   4      0.13       5.8    3.1   0.0   131   153   405   427   355   430 0.74 -
17077at4891_2|ptg000009l:290638-291492   -            285 17785at4891          -            348   5.3e-21   72.3  14.3   1   6     8e-10   3.5e-08   30.1   0.2   117   177     2    69     1    80 0.80 -
17077at4891_2|ptg000009l:290638-291492   -            285 17785at4891          -            348   5.3e-21   72.3  14.3   2   6      0.21       9.1    2.4   0.0   126   149    55    78    50    98 0.78 -
17077at4891_2|ptg000009l:290638-291492   -            285 17785at4891          -            348   5.3e-21   72.3  14.3   3   6   1.3e-08   5.9e-07   26.1   0.3   117   184   110   182   104   187 0.65 -
17077at4891_2|ptg000009l:290638-291492   -            285 17785at4891          -            348   5.3e-21   72.3  14.3   4   6   1.6e-08   7.2e-07   25.8   0.1    94   160   126   194   125   216 0.78 -
17077at4891_2|ptg000009l:290638-291492   -            285 17785at4891          -            348   5.3e-21   72.3  14.3   5   6     9e-06    0.0004   16.8   0.1   215   321   149   245   148   252 0.72 -
17077at4891_2|ptg000009l:290638-291492   -            285 17785at4891          -            348   5.3e-21   72.3  14.3   6   6    0.0033      0.15    8.3   0.0    94   138   228   273   222   284 0.68 -
17077at4891_6|ptg000001l:154292-154936   -            215 17785at4891          -            348   7.8e-21   71.7   0.9   1   3   1.5e-14   6.5e-13   45.6   0.5    94   169    19    95    16   117 0.85 -
17077at4891_6|ptg000001l:154292-154936   -            215 17785at4891          -            348   7.8e-21   71.7   0.9   2   3     0.092         4    3.6   0.0   126   152    96   122    92   139 0.76 -
17077at4891_6|ptg000001l:154292-154936   -            215 17785at4891          -            348   7.8e-21   71.7   0.9   3   3   3.9e-07   1.7e-05   21.3   0.0   116   168   150   201   142   215 0.81 -
17074at4891_2|ptg000003l:52077-53465     -            463 17785at4891          -            348   1.8e-19   67.2   1.2   1   4   0.00043     0.019   11.3   0.0    87   167   186   270   149   272 0.78 -
17074at4891_2|ptg000003l:52077-53465     -            463 17785at4891          -            348   1.8e-19   67.2   1.2   2   4     6e-08   2.6e-06   23.9   0.0    92   168   231   313   224   317 0.84 -
17074at4891_2|ptg000003l:52077-53465     -            463 17785at4891          -            348   1.8e-19   67.2   1.2   3   4   1.3e-07   5.6e-06   22.8   0.0    96   168   281   355   279   359 0.90 -
17074at4891_2|ptg000003l:52077-53465     -            463 17785at4891          -            348   1.8e-19   67.2   1.2   4   4   6.1e-09   2.7e-07   27.2   0.3    93   182   362   463   356   463 0.81 -
8291at4891_7|ptg000017l:639682-641826    -            715 17785at4891          -            348   1.8e-19   67.2  13.3   1   5   8.8e-05    0.0039   13.5   0.1   112   151     5    44     1    60 0.86 -
8291at4891_7|ptg000017l:639682-641826    -            715 17785at4891          -            348   1.8e-19   67.2  13.3   2   5   3.7e-07   1.6e-05   21.3   1.0    94   169   112   187   108   189 0.79 -
8291at4891_7|ptg000017l:639682-641826    -            715 17785at4891          -            348   1.8e-19   67.2  13.3   3   5   7.3e-12   3.2e-10   36.8   0.1    94   208   193   313   185   333 0.77 -
8291at4891_7|ptg000017l:639682-641826    -            715 17785at4891          -            348   1.8e-19   67.2  13.3   4   5         3   1.3e+02   -1.4   0.0   327   346   361   380   357   381 0.89 -
8291at4891_7|ptg000017l:639682-641826    -            715 17785at4891          -            348   1.8e-19   67.2  13.3   5   5       9.8   4.3e+02   -3.1   0.0    80   108   577   605   550   642 0.52 -
15960at4891_0|ptg000014l:156967-157878   -            304 17785at4891          -            348   7.8e-19   65.1   9.7   1   3   9.1e-08     4e-06   23.3   0.0    91   168     3    83     1    86 0.85 -
15960at4891_0|ptg000014l:156967-157878   -            304 17785at4891          -            348   7.8e-19   65.1   9.7   2   3   1.1e-08   4.7e-07   26.4   2.0    95   248    92   237    91   245 0.85 -
15960at4891_0|ptg000014l:156967-157878   -            304 17785at4891          -            348   7.8e-19   65.1   9.7   3   3   1.7e-05   0.00073   15.9   0.2   214   254   246   286   241   301 0.86 -
665at4891_4|ptg000005l:1307495-1311091   -           1199 17785at4891          -            348   1.4e-18   64.3   6.4   1   4   7.6e-12   3.3e-10   36.7   0.1   211   321    45   169    32   174 0.77 -
665at4891_4|ptg000005l:1307495-1311091   -           1199 17785at4891          -            348   1.4e-18   64.3   6.4   2   4   1.7e-10   7.3e-09   32.3   0.6   116   254    91   244    89   249 0.73 -
665at4891_4|ptg000005l:1307495-1311091   -           1199 17785at4891          -            348   1.4e-18   64.3   6.4   3   4   4.2e-05    0.0018   14.6   0.1   214   250   248   284   241   293 0.87 -
665at4891_4|ptg000005l:1307495-1311091   -           1199 17785at4891          -            348   1.4e-18   64.3   6.4   4   4       2.4     1e+02   -1.1   0.2   146   188   500   541   474   553 0.73 -
16305at4891_3|ptg000002l:370765-372369   -            535 17785at4891          -            348   1.7e-18   64.0   0.2   1   3   2.9e-07   1.3e-05   21.7   0.1    93   162   234   304   228   320 0.89 -
16305at4891_3|ptg000002l:370765-372369   -            535 17785at4891          -            348   1.7e-18   64.0   0.2   2   3     0.067         3    4.0   0.0   125   168   323   366   307   370 0.88 -
16305at4891_3|ptg000002l:370765-372369   -            535 17785at4891          -            348   1.7e-18   64.0   0.2   3   3   4.1e-11   1.8e-09   34.3   0.1    94   156   374   437   372   451 0.89 -
11568at4891_2|ptg000017l:275223-276446   -            408 17785at4891          -            348   1.7e-18   64.0   1.2   1   2   7.2e-17   3.2e-15   53.2   1.6   116   253    42   177    37   189 0.83 -
11568at4891_2|ptg000017l:275223-276446   -            408 17785at4891          -            348   1.7e-18   64.0   1.2   2   2    0.0044      0.19    7.9   0.0   116   158   290   335   281   349 0.87 -
8998at4891_7|ptg000014l:735866-737215    -            450 17785at4891          -            348   2.7e-18   63.3   0.4   1   4   0.00081     0.036   10.3   0.0    91   168    47   127     6   133 0.78 -
8998at4891_7|ptg000014l:735866-737215    -            450 17785at4891          -            348   2.7e-18   63.3   0.4   2   4   5.1e-13   2.2e-11   40.6   0.5    94   210   135   259   127   270 0.81 -
8998at4891_7|ptg000014l:735866-737215    -            450 17785at4891          -            348   2.7e-18   63.3   0.4   3   4       2.2        95   -0.9   0.0   303   319   261   277   257   293 0.85 -
8998at4891_7|ptg000014l:735866-737215    -            450 17785at4891          -            348   2.7e-18   63.3   0.4   4   4     0.013      0.58    6.4   0.0    97   148   308   364   291   369 0.82 -
16921at4891_3|ptg000006l:551155-551790   -            212 17785at4891          -            348   1.4e-17   61.0   1.5   1   2   2.1e-05    0.0009   15.6   0.3   227   267     8    48     1    61 0.76 -
16921at4891_3|ptg000006l:551155-551790   -            212 17785at4891          -            348   1.4e-17   61.0   1.5   2   2   4.8e-14   2.1e-12   44.0   0.0    94   192    79   181    72   201 0.82 -
17074at4891_3|ptg000017l:164206-165084   -            293 17785at4891          -            348   2.5e-16   56.9   0.2   1   3     0.014      0.62    6.2   0.0   303   318    29    44     6    56 0.69 -
17074at4891_3|ptg000017l:164206-165084   -            293 17785at4891          -            348   2.5e-16   56.9   0.2   2   3   0.00018    0.0081   12.5   0.0   214   256    71   111    53   135 0.71 -
17074at4891_3|ptg000017l:164206-165084   -            293 17785at4891          -            348   2.5e-16   56.9   0.2   3   3   2.7e-11   1.2e-09   34.9   0.0    94   169   154   228   150   257 0.79 -
16921at4891_4|ptg000007l:472642-473127   -            162 17785at4891          -            348   2.4e-15   53.7   3.6   1   2   3.5e-08   1.5e-06   24.7   0.3    95   169    35   116    17   122 0.78 -
16921at4891_4|ptg000007l:472642-473127   -            162 17785at4891          -            348   2.4e-15   53.7   3.6   2   2   8.9e-12   3.9e-10   36.5   0.3    95   169    82   157    78   161 0.89 -
17147at4891_9|ptg000005l:321518-322747   -            410 17785at4891          -            348   5.2e-14   49.2   0.0   1   3    0.0021     0.092    9.0   0.0   111   148   108   147   102   153 0.84 -
17147at4891_9|ptg000005l:321518-322747   -            410 17785at4891          -            348   5.2e-14   49.2   0.0   2   3     4e-10   1.7e-08   31.1   0.0    94   161   133   203   131   211 0.85 -
17147at4891_9|ptg000005l:321518-322747   -            410 17785at4891          -            348   5.2e-14   49.2   0.0   3   3   0.00015    0.0066   12.7   0.0   113   154   241   283   228   379 0.81 -
4490at4891_2|ptg000008l:192003-194357    -            785 17785at4891          -            348   5.5e-13   45.9   1.5   1   6     2e-07   8.7e-06   22.2   0.1   112   186    51   133    21   143 0.64 -
4490at4891_2|ptg000008l:192003-194357    -            785 17785at4891          -            348   5.5e-13   45.9   1.5   2   6     0.011      0.49    6.6   0.0   112   149   194   236   184   262 0.62 -
4490at4891_2|ptg000008l:192003-194357    -            785 17785at4891          -            348   5.5e-13   45.9   1.5   3   6      0.04       1.8    4.8   0.0   113   153   274   315   267   349 0.85 -
4490at4891_2|ptg000008l:192003-194357    -            785 17785at4891          -            348   5.5e-13   45.9   1.5   4   6      0.98        43    0.2   0.0   119   150   438   469   415   478 0.80 -
4490at4891_2|ptg000008l:192003-194357    -            785 17785at4891          -            348   5.5e-13   45.9   1.5   5   6      0.31        14    1.8   0.0   101   150   585   637   572   651 0.79 -
4490at4891_2|ptg000008l:192003-194357    -            785 17785at4891          -            348   5.5e-13   45.9   1.5   6   6      0.59        26    0.9   0.0   303   316   669   682   661   687 0.82 -
7896at4891_2|ptg000007l:423728-425572    -            615 17785at4891          -            348   8.6e-13   45.2   0.6   1   5       4.2   1.8e+02   -1.9   0.0   104   149   145   191   130   211 0.73 -
7896at4891_2|ptg000007l:423728-425572    -            615 17785at4891          -            348   8.6e-13   45.2   0.6   2   5      0.46        20    1.3   0.0   121   165   207   253   194   254 0.80 -
7896at4891_2|ptg000007l:423728-425572    -            615 17785at4891          -            348   8.6e-13   45.2   0.6   3   5   0.00023      0.01   12.1   0.1   214   256   244   289   236   309 0.68 -
7896at4891_2|ptg000007l:423728-425572    -            615 17785at4891          -            348   8.6e-13   45.2   0.6   4   5   9.7e-05    0.0042   13.4   0.0   130   186   308   366   298   390 0.86 -
7896at4891_2|ptg000007l:423728-425572    -            615 17785at4891          -            348   8.6e-13   45.2   0.6   5   5   8.1e-05    0.0035   13.6   0.0    94   148   556   612   546   614 0.88 -
16921at4891_0|ptg000008l:611070-611840   -            257 17785at4891          -            348   1.3e-12   44.7   0.1   1   2   8.5e-11   3.7e-09   33.3   0.0    96   194    47   153    43   157 0.85 -
16921at4891_0|ptg000008l:611070-611840   -            257 17785at4891          -            348   1.3e-12   44.7   0.1   2   2     1e-05   0.00046   16.5   0.0   115   172   109   167   108   196 0.78 -
20201at4891_2|ptg000005l:522101-523066   -            322 17785at4891          -            348   1.4e-12   44.6   8.4   1   6       2.1        90   -0.9   0.0   270   287    20    37    14    47 0.81 -
20201at4891_2|ptg000005l:522101-523066   -            322 17785at4891          -            348   1.4e-12   44.6   8.4   2   6   4.2e-05    0.0018   14.6   0.1   117   166    52   109    26   111 0.80 -
20201at4891_2|ptg000005l:522101-523066   -            322 17785at4891          -            348   1.4e-12   44.6   8.4   3   6    0.0012     0.051    9.8   0.0   116   151   100   136    90   149 0.74 -
20201at4891_2|ptg000005l:522101-523066   -            322 17785at4891          -            348   1.4e-12   44.6   8.4   4   6   2.3e-06    0.0001   18.7   0.1   115   166   145   199   139   204 0.82 -
20201at4891_2|ptg000005l:522101-523066   -            322 17785at4891          -            348   1.4e-12   44.6   8.4   5   6     0.042       1.9    4.7   0.1   304   317   211   224   200   228 0.88 -
20201at4891_2|ptg000005l:522101-523066   -            322 17785at4891          -            348   1.4e-12   44.6   8.4   6   6      0.21       9.4    2.4   0.0    72   146   239   321   233   322 0.63 -
16921at4891_7|ptg000002l:236728-237624   -            299 17785at4891          -            348   3.2e-12   43.4   0.6   1   3   4.3e-09   1.9e-07   27.7   0.1    94   172    55   134    31   140 0.87 -
16921at4891_7|ptg000002l:236728-237624   -            299 17785at4891          -            348   3.2e-12   43.4   0.6   2   3   0.00018    0.0081   12.4   0.1    94   155   139   210   134   221 0.70 -
16921at4891_7|ptg000002l:236728-237624   -            299 17785at4891          -            348   3.2e-12   43.4   0.6   3   3     0.093       4.1    3.6   0.0    95   111   190   206   185   287 0.61 -
14374at4891_0|ptg000013l:94204-95049     -            282 17785at4891          -            348   8.8e-12   41.9   1.0   1   3   4.2e-08   1.9e-06   24.4   0.1    95   168    18    99    14   115 0.86 -
14374at4891_0|ptg000013l:94204-95049     -            282 17785at4891          -            348   8.8e-12   41.9   1.0   2   3   5.7e-05    0.0025   14.1   0.1    95   166    64   143    62   146 0.71 -
14374at4891_0|ptg000013l:94204-95049     -            282 17785at4891          -            348   8.8e-12   41.9   1.0   3   3   2.6e-05    0.0011   15.3   0.1    93   161   165   245   153   280 0.65 -
17074at4891_6|ptg000008l:609575-610285   -            237 17785at4891          -            348   1.1e-11   41.7   2.2   1   3    0.0013     0.058    9.6   0.1    92   165    10    84     2    90 0.73 -
17074at4891_6|ptg000008l:609575-610285   -            237 17785at4891          -            348   1.1e-11   41.7   2.2   2   3   9.8e-06   0.00043   16.6   0.0   115   168    75   129    67   134 0.92 -
17074at4891_6|ptg000008l:609575-610285   -            237 17785at4891          -            348   1.1e-11   41.7   2.2   3   3   1.2e-08   5.3e-07   26.2   0.4    92   246    93   237    87   237 0.83 -
29122at4891_2|ptg000011l:738372-739637   -            422 17785at4891          -            348   5.3e-11   39.4   3.5   1   4    0.0023       0.1    8.9   0.0   115   153    87   126    79   154 0.80 -
29122at4891_2|ptg000011l:738372-739637   -            422 17785at4891          -            348   5.3e-11   39.4   3.5   2   4   7.9e-06   0.00035   16.9   0.0   108   169   169   230   160   238 0.92 -
29122at4891_2|ptg000011l:738372-739637   -            422 17785at4891          -            348   5.3e-11   39.4   3.5   3   4      0.03       1.3    5.2   0.0    94   157   243   308   235   317 0.71 -
29122at4891_2|ptg000011l:738372-739637   -            422 17785at4891          -            348   5.3e-11   39.4   3.5   4   4      0.29        13    1.9   0.1   301   316   403   418   390   420 0.84 -
4263at4891_2|ptg000003l:737369-740404    -           1012 17785at4891          -            348   2.1e-10   37.4   8.7   1   5   1.5e-09   6.7e-08   29.2   0.8    94   186   152   252   147   331 0.72 -
4263at4891_2|ptg000003l:737369-740404    -           1012 17785at4891          -            348   2.1e-10   37.4   8.7   2   5         4   1.7e+02   -1.8   0.0   288   315   664   691   643   698 0.79 -
4263at4891_2|ptg000003l:737369-740404    -           1012 17785at4891          -            348   2.1e-10   37.4   8.7   3   5     0.017      0.73    6.0   0.0   106   152   695   743   665   790 0.73 -
4263at4891_2|ptg000003l:737369-740404    -           1012 17785at4891          -            348   2.1e-10   37.4   8.7   4   5       7.2   3.2e+02   -2.7   0.0   115   144   877   911   873   928 0.68 -
4263at4891_2|ptg000003l:737369-740404    -           1012 17785at4891          -            348   2.1e-10   37.4   8.7   5   5      0.61        27    0.9   0.1   132   177   949   994   927   997 0.70 -
15470at4891_1|ptg000007l:535847-536884   -            346 17785at4891          -            348   2.2e-10   37.3   0.1   1   3   2.8e-07   1.2e-05   21.7   0.0   115   183     5    80     2    83 0.81 -
15470at4891_1|ptg000007l:535847-536884   -            346 17785at4891          -            348   2.2e-10   37.3   0.1   2   3     0.027       1.2    5.3   0.0   135   157    68    90    61   119 0.74 -
15470at4891_1|ptg000007l:535847-536884   -            346 17785at4891          -            348   2.2e-10   37.3   0.1   3   3    0.0013     0.057    9.7   0.1    24   180    93   253    85   322 0.58 -
13320at4891_1|ptg000009l:374554-375648   -            365 17785at4891          -            348   2.9e-10   36.9   0.0   1   3   1.5e-08   6.7e-07   25.9   0.0    96   167    54   127    48   136 0.85 -
13320at4891_1|ptg000009l:374554-375648   -            365 17785at4891          -            348   2.9e-10   36.9   0.0   2   3    0.0063      0.28    7.4   0.0   237   286   143   191   134   204 0.79 -
13320at4891_1|ptg000009l:374554-375648   -            365 17785at4891          -            348   2.9e-10   36.9   0.0   3   3       3.1   1.4e+02   -1.5   0.0   218   247   268   297   240   316 0.62 -
6943at4891_4|ptg000004l:113013-114467    -            485 17785at4891          -            348   3.5e-10   36.7   8.2   1   3   3.5e-05    0.0015   14.8   0.5    93   251    82   252    73   266 0.69 -
6943at4891_4|ptg000004l:113013-114467    -            485 17785at4891          -            348   3.5e-10   36.7   8.2   2   3      0.11       4.8    3.3   0.0    97   168   238   312   227   318 0.81 -
6943at4891_4|ptg000004l:113013-114467    -            485 17785at4891          -            348   3.5e-10   36.7   8.2   3   3     2e-07   8.9e-06   22.2   1.1    93   150   319   379   316   392 0.80 -
5986at4891_2|ptg000007l:426109-427647    -            513 17785at4891          -            348   2.2e-09   34.1   0.8   1   3     0.039       1.7    4.8   0.4   272   321    94   157    18   165 0.49 -
5986at4891_2|ptg000007l:426109-427647    -            513 17785at4891          -            348   2.2e-09   34.1   0.8   2   3   1.7e-08   7.3e-07   25.8   0.0    94   155   184   246   179   261 0.81 -
5986at4891_2|ptg000007l:426109-427647    -            513 17785at4891          -            348   2.2e-09   34.1   0.8   3   3       2.9   1.3e+02   -1.4   0.0    93   111   271   289   249   305 0.63 -
16921at4891_5|ptg000011l:822309-823004   -            232 17785at4891          -            348   2.3e-09   34.0   3.8   1   2      0.69        30    0.7   0.0   124   171     5    54     1    76 0.64 -
16921at4891_5|ptg000011l:822309-823004   -            232 17785at4891          -            348   2.3e-09   34.0   3.8   2   2     8e-09   3.5e-07   26.8   3.0    63   166    84   188    52   232 0.59 -
17077at4891_3|ptg000008l:811332-812174   -            281 17785at4891          -            348   2.9e-09   33.6   6.7   1   4   6.1e-06   0.00027   17.3   0.6   220   320    23   137     6   139 0.65 -
17077at4891_3|ptg000008l:811332-812174   -            281 17785at4891          -            348   2.9e-09   33.6   6.7   2   4     8e-07   3.5e-05   20.2   0.2    94   168    78   155    69   180 0.85 -
17077at4891_3|ptg000008l:811332-812174   -            281 17785at4891          -            348   2.9e-09   33.6   6.7   3   4   0.00017    0.0076   12.5   0.0    93   155   120   187   119   199 0.76 -
17077at4891_3|ptg000008l:811332-812174   -            281 17785at4891          -            348   2.9e-09   33.6   6.7   4   4       1.3        55   -0.2   0.0   104   150   230   277   215   281 0.72 -
1495at4891_2|ptg000005l:1394636-1398445  -           1270 17785at4891          -            348   7.4e-09   32.3   0.2   1   3   3.5e-06   0.00015   18.1   0.2    80   151    62   141    37   149 0.80 -
1495at4891_2|ptg000005l:1394636-1398445  -           1270 17785at4891          -            348   7.4e-09   32.3   0.2   2   3    0.0007     0.031   10.5   0.0   102   157   236   296   220   303 0.76 -
1495at4891_2|ptg000005l:1394636-1398445  -           1270 17785at4891          -            348   7.4e-09   32.3   0.2   3   3       3.1   1.3e+02   -1.4   0.0   287   316   620   648   572   650 0.84 -
6943at4891_1|ptg000002l:208627-209445    -            273 17785at4891          -            348   1.5e-08   31.3   0.8   1   3      0.16       7.2    2.8   0.0   302   320    70    88    63   107 0.82 -
6943at4891_1|ptg000002l:208627-209445    -            273 17785at4891          -            348   1.5e-08   31.3   0.8   2   3    0.0023       0.1    8.9   0.0   297   321   161   185   140   201 0.82 -
6943at4891_1|ptg000002l:208627-209445    -            273 17785at4891          -            348   1.5e-08   31.3   0.8   3   3   1.9e-05   0.00082   15.7   0.0    94   148   213   270   190   273 0.78 -
28907at4891_2|ptg000003l:856309-857265   -            319 17785at4891          -            348   1.9e-08   31.0   0.0   1   1     7e-10   3.1e-08   30.3   0.0    89   251    51   224    39   235 0.77 -
2368at4891_2|ptg000013l:468770-471571    -            934 17785at4891          -            348   1.9e-08   30.9   0.7   1   2       1.8        77   -0.6   0.1   171   252   361   444   350   462 0.64 -
2368at4891_2|ptg000013l:468770-471571    -            934 17785at4891          -            348   1.9e-08   30.9   0.7   2   2   1.7e-07   7.7e-06   22.4   0.0    96   256   472   617   449   629 0.82 -
14374at4891_2|ptg000008l:788546-789586   -            347 17785at4891          -            348   5.5e-08   29.5   1.3   1   3   0.00064     0.028   10.7   0.2    96   149    26    87    22    94 0.69 -
14374at4891_2|ptg000008l:788546-789586   -            347 17785at4891          -            348   5.5e-08   29.5   1.3   2   3      0.13       5.8    3.1   0.0   111   150   203   247   186   261 0.75 -
14374at4891_2|ptg000008l:788546-789586   -            347 17785at4891          -            348   5.5e-08   29.5   1.3   3   3   0.00043     0.019   11.2   0.0   114   153   298   338   289   347 0.74 -
20201at4891_5|ptg000007l:442942-443886   -            315 17785at4891          -            348     2e-07   27.6   0.5   1   3      0.42        18    1.4   0.0    96   110     3    17     1    62 0.77 -
20201at4891_5|ptg000007l:442942-443886   -            315 17785at4891          -            348     2e-07   27.6   0.5   2   3     2e-05   0.00088   15.6   0.0   116   157    87   128    83   169 0.75 -
20201at4891_5|ptg000007l:442942-443886   -            315 17785at4891          -            348     2e-07   27.6   0.5   3   3     0.017      0.76    6.0   0.0   131   162   254   285   242   299 0.87 -
10099at4891_2|ptg000002l:594852-597371   -            840 17785at4891          -            348     4e-07   26.6   0.3   1   3       2.8   1.2e+02   -1.3   0.0   133   149    31    47    19    59 0.64 -
10099at4891_2|ptg000002l:594852-597371   -            840 17785at4891          -            348     4e-07   26.6   0.3   2   3   8.6e-05    0.0038   13.5   0.0   111   167   128   185   123   203 0.90 -
10099at4891_2|ptg000002l:594852-597371   -            840 17785at4891          -            348     4e-07   26.6   0.3   3   3      0.22       9.7    2.3   0.0   173   244   311   381   304   389 0.81 -
1653at4891_4|ptg000008l:850268-852322    -            685 17785at4891          -            348   4.2e-07   26.6   0.0   1   1   3.5e-08   1.5e-06   24.7   0.0    95   190    14   120    10   129 0.74 -
18416at4891_5|ptg000005l:784230-785345   -            372 17785at4891          -            348   1.7e-06   24.5   0.1   1   3   0.00059     0.026   10.8   0.0   131   238    73   194    46   207 0.67 -
18416at4891_5|ptg000005l:784230-785345   -            372 17785at4891          -            348   1.7e-06   24.5   0.1   2   3     0.052       2.3    4.4   0.0   302   322   234   254   206   266 0.78 -
18416at4891_5|ptg000005l:784230-785345   -            372 17785at4891          -            348   1.7e-06   24.5   0.1   3   3     0.023         1    5.6   0.0   118   147   281   312   268   326 0.63 -
17712at4891_2|ptg000007l:63625-65004     -            460 17785at4891          -            348   2.2e-06   24.2   0.2   1   3      0.12       5.2    3.2   0.0   119   149    12    45     2    52 0.72 -
17712at4891_2|ptg000007l:63625-65004     -            460 17785at4891          -            348   2.2e-06   24.2   0.2   2   3   0.00031     0.013   11.7   0.0   115   153    66   105    50   111 0.85 -
17712at4891_2|ptg000007l:63625-65004     -            460 17785at4891          -            348   2.2e-06   24.2   0.2   3   3     0.023         1    5.6   0.0   132   177   158   208   140   236 0.58 -
14552at4891_2|ptg000002l:127651-128790   -            380 17785at4891          -            348   9.5e-06   22.1   0.4   1   2   0.00036     0.016   11.5   0.0    72   148    12    87     2   109 0.77 -
14552at4891_2|ptg000002l:127651-128790   -            380 17785at4891          -            348   9.5e-06   22.1   0.4   2   2    0.0028      0.12    8.6   0.1    79   207   208   338   202   368 0.72 -
2568at4891_2|ptg000005l:812839-816264    -           1142 17785at4891          -            348   9.6e-06   22.1   1.2   1   2       2.2        95   -0.9   0.0   133   168    80   117    65   122 0.65 -
2568at4891_2|ptg000005l:812839-816264    -           1142 17785at4891          -            348   9.6e-06   22.1   1.2   2   2   9.7e-07   4.3e-05   19.9   0.4    95   192   127   235   122   242 0.79 -
11696at4891_2|ptg000007l:511519-513051   -            511 17785at4891          -            348   1.1e-05   21.8   1.7   1   2   9.1e-07     4e-05   20.0   0.5   117   250   318   449   306   476 0.79 -
11696at4891_2|ptg000007l:511519-513051   -            511 17785at4891          -            348   1.1e-05   21.8   1.7   2   2      0.94        41    0.3   0.0   117   148   476   508   468   511 0.77 -
27209at4891_7|ptg000013l:78600-80321     -            574 17785at4891          -            348   1.9e-05   21.1   4.1   1   2   0.00016    0.0071   12.6   1.3   268   319   266   317   236   335 0.64 -
27209at4891_7|ptg000013l:78600-80321     -            574 17785at4891          -            348   1.9e-05   21.1   4.1   2   2    0.0027      0.12    8.6   0.1    94   211   347   464   323   525 0.61 -
10660at4891_2|ptg000013l:519519-521471   -            651 17785at4891          -            348   8.2e-05   19.0   0.2   1   2      0.21       9.1    2.4   0.0   118   150    79   113    67   144 0.61 -
10660at4891_2|ptg000013l:519519-521471   -            651 17785at4891          -            348   8.2e-05   19.0   0.2   2   2   0.00017    0.0075   12.6   0.1    95   163   157   226   149   240 0.84 -
12237at4891_2|ptg000014l:480272-481933   -            554 17785at4891          -            348     9e-05   18.9   0.1   1   2   0.00022    0.0099   12.2   0.0   102   169   119   197   110   204 0.73 -
12237at4891_2|ptg000014l:480272-481933   -            554 17785at4891          -            348     9e-05   18.9   0.1   2   2    0.0098      0.43    6.8   0.0   211   333   181   315   179   330 0.62 -
33087at4891_2|ptg000008l:1017853-1019040 -            396 17785at4891          -            348   0.00029   17.2   0.1   1   3      0.59        26    0.9   0.0   304   319    29    44    15    54 0.84 -
33087at4891_2|ptg000008l:1017853-1019040 -            396 17785at4891          -            348   0.00029   17.2   0.1   2   3      0.29        13    1.9   0.0    99   154   205   271   172   281 0.68 -
33087at4891_2|ptg000008l:1017853-1019040 -            396 17785at4891          -            348   0.00029   17.2   0.1   3   3   0.00073     0.032   10.5   0.0   117   164   288   336   272   352 0.81 -
12680at4891_2|ptg000017l:268705-269682   -            326 17785at4891          -            348    0.0005   16.4   0.0   1   2    0.0022     0.098    8.9   0.0   151   319   100   140    10   147 0.46 -
12680at4891_2|ptg000017l:268705-269682   -            326 17785at4891          -            348    0.0005   16.4   0.0   2   2     0.065       2.8    4.1   0.0    94   127   262   295   211   314 0.74 -
16921at4891_3|ptg000005l:1002954-1003748 -            265 17785at4891          -            348    0.0006   16.2   0.0   1   2    0.0019     0.084    9.1   0.0   229   263    13    47     1   145 0.67 -
16921at4891_3|ptg000005l:1002954-1003748 -            265 17785at4891          -            348    0.0006   16.2   0.0   2   2      0.56        25    1.0   0.0   114   147   160   194   151   203 0.83 -
12947at4891_2|ptg000012l:72001-73275     -            425 17785at4891          -            348   0.00065   16.1   0.0   1   2   0.00084     0.037   10.3   0.0   212   249    65   102    56   108 0.91 -
12947at4891_2|ptg000012l:72001-73275     -            425 17785at4891          -            348   0.00065   16.1   0.0   2   2      0.11         5    3.3   0.0   137   178   288   329   231   351 0.79 -
2531at4891_2|ptg000007l:345809-348142    -            778 17785at4891          -            348   0.00067   16.0   0.1   1   3     0.012      0.51    6.5   0.0   301   320   420   439   402   450 0.79 -
2531at4891_2|ptg000007l:345809-348142    -            778 17785at4891          -            348   0.00067   16.0   0.1   2   3     0.016      0.69    6.1   0.0    94   148   666   723   644   733 0.74 -
2531at4891_2|ptg000007l:345809-348142    -            778 17785at4891          -            348   0.00067   16.0   0.1   3   3       3.3   1.4e+02   -1.5   0.0   125   147   755   777   732   778 0.74 -
6711at4891_3|ptg000010l:294377-296545    -            723 17785at4891          -            348    0.0017   14.7   0.1   1   2   0.00064     0.028   10.7   0.1   100   165   615   684   595   698 0.76 -
6711at4891_3|ptg000010l:294377-296545    -            723 17785at4891          -            348    0.0017   14.7   0.1   2   2      0.47        21    1.2   0.0   303   318   706   721   696   723 0.84 -
10649at4891_2|ptg000004l:230996-232786   -            597 17785at4891          -            348    0.0018   14.6   0.0   1   3   0.00031     0.013   11.7   0.0   108   180   288   364   260   380 0.76 -
10649at4891_2|ptg000004l:230996-232786   -            597 17785at4891          -            348    0.0018   14.6   0.0   2   3       6.5   2.8e+02   -2.5   0.0    67   317   420   441   410   445 0.51 -
10649at4891_2|ptg000004l:230996-232786   -            597 17785at4891          -            348    0.0018   14.6   0.0   3   3       2.5   1.1e+02   -1.1   0.0   170   197   518   545   497   551 0.61 -
19161at4891_7|ptg000005l:256197-258119   -            641 17785at4891          -            348    0.0025   14.1   0.1   1   1    0.0001    0.0046   13.3   0.1   110   230   177   298   160   311 0.75 -
#
# Program:         hmmsearch
# Version:         3.1b2 (February 2015)
# Pipeline mode:   SEARCH
# Query file:      /home/inf-39-2023/bin/BINP29/Denovo/2_Assembly/busco_downloads/lineages/saccharomycetes_odb10/hmms/17785at4891.hmm
# Target file:     /home/inf-39-2023/bin/BINP29/Denovo/2_Assembly/BUSCO_SRR.asm.bp.p_ctg.fasta/run_saccharomycetes_odb10/metaeuk_output/initial_results/SRR.asm.bp.p_ctg.fasta.modified.fas
# Option settings: hmmsearch --domtblout /home/inf-39-2023/bin/BINP29/Denovo/2_Assembly/BUSCO_SRR.asm.bp.p_ctg.fasta/run_saccharomycetes_odb10/hmmer_output/initial_run_results/17785at4891.out --cpu 1 /home/inf-39-2023/bin/BINP29/Denovo/2_Assembly/busco_downloads/lineages/saccharomycetes_odb10/hmms/17785at4891.hmm /home/inf-39-2023/bin/BINP29/Denovo/2_Assembly/BUSCO_SRR.asm.bp.p_ctg.fasta/run_saccharomycetes_odb10/metaeuk_output/initial_results/SRR.asm.bp.p_ctg.fasta.modified.fas 
# Current dir:     /home/inf-39-2023/bin/BINP29/Denovo/2_Assembly
# Date:            Wed Feb 21 15:52:37 2024
# [ok]
