#                                                                                                --- full sequence --- -------------- this domain -------------   hmm coord   ali coord   env coord
# target name                            accession   tlen query name           accession   qlen   E-value  score  bias   #  of  c-Evalue  i-Evalue  score  bias  from    to  from    to  from    to  acc description of target
#                    ------------------- ---------- ----- -------------------- ---------- ----- --------- ------ ----- --- --- --------- --------- ------ ----- ----- ----- ----- ----- ----- ----- ---- ---------------------
18510at4891_2|ptg000015l:100027-101022   -            332 18510at4891          -            246  1.3e-117  389.3  11.2   1   2   2.9e-69   2.3e-67  224.6   0.1     5   133     5   142     1   153 0.92 -
18510at4891_2|ptg000015l:100027-101022   -            332 18510at4891          -            246  1.3e-117  389.3  11.2   2   2   2.5e-47   2.1e-45  152.8   7.5   135   246   176   327   171   327 0.80 -
28186at4891_7|ptg000003l:355829-356806   -            326 18510at4891          -            246   1.8e-46  156.2   1.8   1   3   7.1e-30   5.8e-28   95.6   0.1    13   131    27   155    19   169 0.84 -
28186at4891_7|ptg000003l:355829-356806   -            326 18510at4891          -            246   1.8e-46  156.2   1.8   2   3   3.9e-13   3.2e-11   40.8   0.0    42   126   173   261   154   266 0.78 -
28186at4891_7|ptg000003l:355829-356806   -            326 18510at4891          -            246   1.8e-46  156.2   1.8   3   3   1.6e-09   1.3e-07   29.0   0.4   182   244   236   318   231   320 0.77 -
25148at4891|ptg000011l:514274-515254     -            327 18510at4891          -            246   1.9e-25   87.4   1.0   1   4   2.9e-06   0.00024   18.3   0.0    93   147    30    88    25    96 0.81 -
25148at4891|ptg000011l:514274-515254     -            327 18510at4891          -            246   1.9e-25   87.4   1.0   2   4   2.3e-05    0.0019   15.3   0.1   133   172    94   133    89   149 0.80 -
25148at4891|ptg000011l:514274-515254     -            327 18510at4891          -            246   1.9e-25   87.4   1.0   3   4   3.6e-08   2.9e-06   24.6   0.1    12    91   145   224   135   234 0.81 -
25148at4891|ptg000011l:514274-515254     -            327 18510at4891          -            246   1.9e-25   87.4   1.0   4   4   1.2e-08   9.7e-07   26.1   0.0     8    86   239   319   233   324 0.85 -
31279at4891_2|ptg000008l:419567-420493   -            309 18510at4891          -            246   3.4e-25   86.6   1.9   1   3     2e-14   1.6e-12   45.0   0.1     9   129    12   138     5   153 0.83 -
31279at4891_2|ptg000008l:419567-420493   -            309 18510at4891          -            246   3.4e-25   86.6   1.9   2   3   1.3e-10   1.1e-08   32.5   0.0    54   139   156   248   149   266 0.81 -
31279at4891_2|ptg000008l:419567-420493   -            309 18510at4891          -            246   3.4e-25   86.6   1.9   3   3    0.0073      0.59    7.2   0.0   206   244   263   301   259   303 0.86 -
28186at4891_3|ptg000007l:359493-360305   -            271 18510at4891          -            246   2.6e-24   83.7   0.8   1   2   5.9e-16   4.8e-14   50.0   0.0    13   129     2   133     1   147 0.82 -
28186at4891_3|ptg000007l:359493-360305   -            271 18510at4891          -            246   2.6e-24   83.7   0.8   2   2   1.7e-10   1.4e-08   32.1   0.3   134   210   161   233   147   245 0.85 -
30524at4891_4|ptg000011l:570910-571749   -            280 18510at4891          -            246   3.6e-24   83.2   1.0   1   3   2.1e-13   1.7e-11   41.7   0.0    13   132     6   129     2   149 0.82 -
30524at4891_4|ptg000011l:570910-571749   -            280 18510at4891          -            246   3.6e-24   83.2   1.0   2   3   5.6e-08   4.5e-06   23.9   0.0    13    93   100   189    95   197 0.75 -
30524at4891_4|ptg000011l:570910-571749   -            280 18510at4891          -            246   3.6e-24   83.2   1.0   3   3   1.5e-09   1.3e-07   29.0   0.1   178   244   200   276   194   278 0.73 -
22538at4891_4|ptg000014l:304929-306545   -            539 18510at4891          -            246   4.3e-24   82.9   3.7   1   4   0.00023     0.019   12.1   0.0    13    36   226   249   216   259 0.88 -
22538at4891_4|ptg000014l:304929-306545   -            539 18510at4891          -            246   4.3e-24   82.9   3.7   2   4   4.4e-09   3.6e-07   27.6   0.1   135   210   296   372   295   382 0.83 -
22538at4891_4|ptg000014l:304929-306545   -            539 18510at4891          -            246   4.3e-24   82.9   3.7   3   4   1.8e-08   1.5e-06   25.5   0.1    56   146   396   496   372   500 0.69 -
22538at4891_4|ptg000014l:304929-306545   -            539 18510at4891          -            246   4.3e-24   82.9   3.7   4   4   0.00018     0.014   12.5   0.0    55    86   502   533   496   537 0.57 -
12347at4891_2|ptg000003l:336514-339216   -            901 18510at4891          -            246   8.2e-24   82.0   0.1   1   2   2.3e-23   1.8e-21   74.3   0.0    15   209   537   757   531   763 0.83 -
12347at4891_2|ptg000003l:336514-339216   -            901 18510at4891          -            246   8.2e-24   82.0   0.1   2   2      0.67        55    0.7   0.0    55    94   780   818   760   831 0.73 -
18807at4891_3|ptg000006l:591591-592481   -            297 18510at4891          -            246   1.7e-23   81.0   0.1   1   3   2.6e-11   2.1e-09   34.9   0.0    11   136    28   160    22   168 0.86 -
18807at4891_3|ptg000006l:591591-592481   -            297 18510at4891          -            246   1.7e-23   81.0   0.1   2   3     2e-16   1.6e-14   51.6   0.0     2   128   116   241   115   252 0.89 -
18807at4891_3|ptg000006l:591591-592481   -            297 18510at4891          -            246   1.7e-23   81.0   0.1   3   3     0.056       4.6    4.3   0.0   210   243   263   297   239   297 0.52 -
28186at4891_0|ptg000002l:643748-644623   -            292 18510at4891          -            246   2.8e-23   80.3   1.2   1   3   1.2e-16   9.5e-15   52.4   0.0     4   129     3   141     1   159 0.80 -
28186at4891_0|ptg000002l:643748-644623   -            292 18510at4891          -            246   2.8e-23   80.3   1.2   2   3   1.1e-08   8.6e-07   26.3   0.1   134   210   169   241   155   256 0.80 -
28186at4891_0|ptg000002l:643748-644623   -            292 18510at4891          -            246   2.8e-23   80.3   1.2   3   3    0.0059      0.48    7.5   0.0    19    50   221   252   213   291 0.53 -
28186at4891_7|ptg000002l:401376-402227   -            284 18510at4891          -            246   1.2e-22   78.2   1.2   1   2   3.1e-16   2.5e-14   50.9   0.0    12   129    10   141     1   153 0.79 -
28186at4891_7|ptg000002l:401376-402227   -            284 18510at4891          -            246   1.2e-22   78.2   1.2   2   2   1.9e-08   1.6e-06   25.4   0.2   134   210   169   241   159   251 0.83 -
18807at4891|ptg000017l:140409-141215     -            269 18510at4891          -            246   2.4e-21   74.0   0.1   1   3   2.5e-11     2e-09   34.9   0.0    13   139     2   135     1   139 0.89 -
18807at4891|ptg000017l:140409-141215     -            269 18510at4891          -            246   2.4e-21   74.0   0.1   2   3   3.2e-14   2.6e-12   44.4   0.0     9   127    95   212    90   221 0.88 -
18807at4891|ptg000017l:140409-141215     -            269 18510at4891          -            246   2.4e-21   74.0   0.1   3   3     0.036       2.9    4.9   0.0   213   243   239   269   222   269 0.80 -
18807at4891_2|ptg000007l:571692-572783   -            364 18510at4891          -            246     3e-21   73.7   0.9   1   3   7.7e-14   6.3e-12   43.1   0.1     8   129    50   176    43   190 0.87 -
18807at4891_2|ptg000007l:571692-572783   -            364 18510at4891          -            246     3e-21   73.7   0.9   2   3   1.5e-09   1.2e-07   29.1   0.0    39   127   186   282   178   294 0.79 -
18807at4891_2|ptg000007l:571692-572783   -            364 18510at4891          -            246     3e-21   73.7   0.9   3   3       9.9     8e+02   -3.1   0.1   212   229   320   338   315   352 0.65 -
19275at4891_3|ptg000006l:135950-136909   -            320 18510at4891          -            246   9.1e-21   72.1   1.8   1   4   0.00036     0.029   11.5   0.0   182   209    11    38     2    48 0.68 -
19275at4891_3|ptg000006l:135950-136909   -            320 18510at4891          -            246   9.1e-21   72.1   1.8   2   4   3.3e-10   2.7e-08   31.2   0.3    48   128    57   139    40   144 0.85 -
19275at4891_3|ptg000006l:135950-136909   -            320 18510at4891          -            246   9.1e-21   72.1   1.8   3   4   5.9e-05    0.0048   14.0   0.0    54   127   166   241   148   258 0.85 -
19275at4891_3|ptg000006l:135950-136909   -            320 18510at4891          -            246   9.1e-21   72.1   1.8   4   4   0.00027     0.022   11.9   0.0    55    87   268   300   251   309 0.70 -
17771at4891_2|ptg000002l:211295-212425   -            377 18510at4891          -            246   2.6e-19   67.3   1.1   1   4   9.7e-07   7.9e-05   19.9   0.0   172   227    45    99    28   109 0.84 -
17771at4891_2|ptg000002l:211295-212425   -            377 18510at4891          -            246   2.6e-19   67.3   1.1   2   4   6.9e-08   5.6e-06   23.6   0.1   136   219   134   215   126   260 0.78 -
17771at4891_2|ptg000002l:211295-212425   -            377 18510at4891          -            246   2.6e-19   67.3   1.1   3   4   0.00031     0.025   11.7   0.0   175   210   283   319   277   340 0.72 -
17771at4891_2|ptg000002l:211295-212425   -            377 18510at4891          -            246   2.6e-19   67.3   1.1   4   4      0.18        15    2.6   0.0    55    85   342   372   318   377 0.63 -
18954at4891_7|ptg000016l:101226-102230   -            335 18510at4891          -            246   4.4e-18   63.3   3.2   1   3   1.5e-07   1.2e-05   22.5   0.3    11   128    47   173    42   176 0.84 -
18954at4891_7|ptg000016l:101226-102230   -            335 18510at4891          -            246   4.4e-18   63.3   3.2   2   3   4.7e-10   3.8e-08   30.7   0.1     8   128   144   275   138   280 0.73 -
18954at4891_7|ptg000016l:101226-102230   -            335 18510at4891          -            246   4.4e-18   63.3   3.2   3   3   3.9e-05    0.0032   14.6   0.0    54    88   297   331   291   334 0.91 -
19275at4891_4|ptg000011l:753794-754705   -            304 18510at4891          -            246     7e-18   62.6   0.7   1   2   4.8e-11   3.9e-09   34.0   0.1    12   127    15   146    10   153 0.78 -
19275at4891_4|ptg000011l:753794-754705   -            304 18510at4891          -            246     7e-18   62.6   0.7   2   2   3.1e-11   2.5e-09   34.6   0.1    13   148   122   261   120   300 0.82 -
18954at4891_7|ptg000009l:145631-146521   -            297 18510at4891          -            246   8.2e-18   62.4   5.1   1   3   1.2e-11   9.5e-10   36.0   1.3    11   177     8   185     5   187 0.86 -
18954at4891_7|ptg000009l:145631-146521   -            297 18510at4891          -            246   8.2e-18   62.4   5.1   2   3   1.9e-06   0.00016   18.9   0.0   137   211   165   242   160   260 0.77 -
18954at4891_7|ptg000009l:145631-146521   -            297 18510at4891          -            246   8.2e-18   62.4   5.1   3   3   0.00073     0.059   10.4   0.1    54    86   262   294   256   297 0.88 -
19275at4891_5|ptg000003l:640435-641331   -            299 18510at4891          -            246   1.5e-17   61.5   1.6   1   3   9.9e-05     0.008   13.3   0.0   101   130     3    32     1    37 0.78 -
19275at4891_5|ptg000003l:640435-641331   -            299 18510at4891          -            246   1.5e-17   61.5   1.6   2   3   1.1e-05   0.00092   16.4   0.0    45   126    49   139    40   142 0.75 -
19275at4891_5|ptg000003l:640435-641331   -            299 18510at4891          -            246   1.5e-17   61.5   1.6   3   3   6.9e-13   5.6e-11   40.0   0.2    14   172   117   296   106   299 0.77 -
21192at4891_4|ptg000008l:86993-88045     -            351 18510at4891          -            246   1.3e-16   58.4   0.3   1   4     0.058       4.7    4.2   0.0   100   128     6    33     2    38 0.71 -
21192at4891_4|ptg000008l:86993-88045     -            351 18510at4891          -            246   1.3e-16   58.4   0.3   2   4   1.2e-07   9.8e-06   22.8   0.0    45   126    92   177    79   183 0.83 -
21192at4891_4|ptg000008l:86993-88045     -            351 18510at4891          -            246   1.3e-16   58.4   0.3   3   4   4.6e-08   3.7e-06   24.2   0.0    14   126   155   287   154   294 0.67 -
21192at4891_4|ptg000008l:86993-88045     -            351 18510at4891          -            246   1.3e-16   58.4   0.3   4   4     0.011      0.91    6.6   0.0   214   244   316   346   304   351 0.62 -
22313at4891_2|ptg000017l:455481-456446   -            322 18510at4891          -            246   6.6e-16   56.2   1.4   1   2   3.1e-08   2.6e-06   24.7   0.2    11   127    23   155    10   164 0.78 -
22313at4891_2|ptg000017l:455481-456446   -            322 18510at4891          -            246   6.6e-16   56.2   1.4   2   2   1.2e-09   9.8e-08   29.4   0.1    44   174   167   299   161   311 0.87 -
25148at4891_0|ptg000013l:361422-362216   -            265 18510at4891          -            246   2.4e-15   54.3   0.2   1   2   1.3e-11   1.1e-09   35.8   0.0    15   127     1   115     1   134 0.78 -
25148at4891_0|ptg000013l:361422-362216   -            265 18510at4891          -            246   2.4e-15   54.3   0.2   2   2   1.2e-06    0.0001   19.5   0.1    11   126    96   216    92   222 0.82 -
27889at4891_8|ptg000014l:152116-152928   -            271 18510at4891          -            246   2.9e-15   54.0   0.0   1   2   2.2e-07   1.8e-05   22.0   0.1   101   211     6   125     1   137 0.83 -
27889at4891_8|ptg000014l:152116-152928   -            271 18510at4891          -            246   2.9e-15   54.0   0.0   2   2   8.1e-10   6.6e-08   30.0   0.0    58   130   147   221   124   246 0.82 -
19275at4891_1|ptg000002l:29706-30533     -            276 18510at4891          -            246     6e-14   49.7   0.1   1   2   4.2e-07   3.4e-05   21.0   0.0   103   205     1   119     1   126 0.73 -
19275at4891_1|ptg000002l:29706-30533     -            276 18510at4891          -            246     6e-14   49.7   0.1   2   2   3.1e-07   2.5e-05   21.5   0.0    55   127   150   227   123   246 0.81 -
25148at4891_6|ptg000003l:265214-266029   -            272 18510at4891          -            246   3.7e-13   47.1   0.3   1   2   3.4e-08   2.8e-06   24.6   0.0    16   131     2   123     1   168 0.83 -
25148at4891_6|ptg000003l:265214-266029   -            272 18510at4891          -            246   3.7e-13   47.1   0.3   2   2   6.2e-07   5.1e-05   20.5   0.1    10    83   191   270   182   272 0.83 -
28982at4891_4|ptg000016l:348187-349101   -            305 18510at4891          -            246   5.2e-13   46.7   1.3   1   3    0.0014      0.11    9.5   0.0   100   141     5    46     2    56 0.81 -
28982at4891_4|ptg000016l:348187-349101   -            305 18510at4891          -            246   5.2e-13   46.7   1.3   2   3   4.6e-05    0.0037   14.4   0.1    14   126   125   248   114   262 0.68 -
28982at4891_4|ptg000016l:348187-349101   -            305 18510at4891          -            246   5.2e-13   46.7   1.3   3   3   1.9e-06   0.00015   18.9   0.0    53    87   269   303   250   305 0.85 -
30869at4891_2|ptg000005l:1258080-1258979 -            300 18510at4891          -            246   7.6e-13   46.1   0.3   1   3     0.046       3.7    4.6   0.0   101   128     6    33     2    50 0.72 -
30869at4891_2|ptg000005l:1258080-1258979 -            300 18510at4891          -            246   7.6e-13   46.1   0.3   2   3   2.9e-07   2.3e-05   21.6   0.1    15    89   117   193   107   202 0.81 -
30869at4891_2|ptg000005l:1258080-1258979 -            300 18510at4891          -            246   7.6e-13   46.1   0.3   3   3   1.1e-05   0.00085   16.5   0.0    15    86   223   296   212   300 0.87 -
18807at4891_3|ptg000001l:27934-28821     -            296 18510at4891          -            246     2e-12   44.7   6.1   1   4   0.00085     0.069   10.2   0.0   180   224     4    54     2    55 0.75 -
18807at4891_3|ptg000001l:27934-28821     -            296 18510at4891          -            246     2e-12   44.7   6.1   2   4   0.00048     0.039   11.0   0.0    53   127    43   123    34   133 0.79 -
18807at4891_3|ptg000001l:27934-28821     -            296 18510at4891          -            246     2e-12   44.7   6.1   3   4   9.3e-08   7.5e-06   23.2   0.3    55   135   173   250   154   262 0.85 -
18807at4891_3|ptg000001l:27934-28821     -            296 18510at4891          -            246     2e-12   44.7   6.1   4   4      0.17        14    2.7   0.3   212   245   261   294   254   295 0.83 -
22443at4891_4|ptg000006l:168487-169395   -            303 18510at4891          -            246   5.3e-12   43.4   0.6   1   1   4.5e-12   3.7e-10   37.3   0.6     7   200     9   227     4   233 0.77 -
22443at4891_6|ptg000009l:259597-260451   -            285 18510at4891          -            246   2.2e-11   41.4   1.0   1   3   0.00097     0.079   10.0   0.1     9    87     9    89     3    95 0.76 -
22443at4891_6|ptg000009l:259597-260451   -            285 18510at4891          -            246   2.2e-11   41.4   1.0   2   3   3.3e-09   2.7e-07   27.9   0.0    13   126   104   229    95   237 0.78 -
22443at4891_6|ptg000009l:259597-260451   -            285 18510at4891          -            246   2.2e-11   41.4   1.0   3   3      0.85        69    0.4   0.1   212   245   246   280   233   281 0.71 -
25148at4891_6|ptg000002l:369437-370294   -            286 18510at4891          -            246   2.3e-11   41.3   0.7   1   2    0.0033      0.27    8.3   0.1    15    88     2    76     1    91 0.55 -
25148at4891_6|ptg000002l:369437-370294   -            286 18510at4891          -            246   2.3e-11   41.3   0.7   2   2     1e-08   8.2e-07   26.4   0.1    11   162   109   283   101   286 0.69 -
22304at4891_6|ptg000005l:1401102-1402001 -            300 18510at4891          -            246   2.3e-08   31.5   0.0   1   2      0.11       8.6    3.4   0.0    93   128     5    40     1    48 0.81 -
22304at4891_6|ptg000005l:1401102-1402001 -            300 18510at4891          -            246   2.3e-08   31.5   0.0   2   2   2.9e-08   2.4e-06   24.9   0.0     8   127   119   239   113   284 0.84 -
19275at4891_2|ptg000003l:147851-148522   -            224 18510at4891          -            246   0.00051   17.2   2.6   1   3     0.003      0.24    8.5   0.3    55    91     6    42     3    51 0.90 -
19275at4891_2|ptg000003l:147851-148522   -            224 18510at4891          -            246   0.00051   17.2   2.6   2   3      0.68        55    0.7   0.0   179   209    62    92    40   100 0.82 -
19275at4891_2|ptg000003l:147851-148522   -            224 18510at4891          -            246   0.00051   17.2   2.6   3   3    0.0037       0.3    8.2   0.1    18   126    72   188    59   211 0.69 -
#
# Program:         hmmsearch
# Version:         3.1b2 (February 2015)
# Pipeline mode:   SEARCH
# Query file:      /home/inf-39-2023/bin/BINP29/Denovo/2_Assembly/busco_downloads/lineages/saccharomycetes_odb10/hmms/18510at4891.hmm
# Target file:     /home/inf-39-2023/bin/BINP29/Denovo/2_Assembly/BUSCO_SRR.asm.bp.p_ctg.fasta/run_saccharomycetes_odb10/metaeuk_output/initial_results/SRR.asm.bp.p_ctg.fasta.modified.fas
# Option settings: hmmsearch --domtblout /home/inf-39-2023/bin/BINP29/Denovo/2_Assembly/BUSCO_SRR.asm.bp.p_ctg.fasta/run_saccharomycetes_odb10/hmmer_output/initial_run_results/18510at4891.out --cpu 1 /home/inf-39-2023/bin/BINP29/Denovo/2_Assembly/busco_downloads/lineages/saccharomycetes_odb10/hmms/18510at4891.hmm /home/inf-39-2023/bin/BINP29/Denovo/2_Assembly/BUSCO_SRR.asm.bp.p_ctg.fasta/run_saccharomycetes_odb10/metaeuk_output/initial_results/SRR.asm.bp.p_ctg.fasta.modified.fas 
# Current dir:     /home/inf-39-2023/bin/BINP29/Denovo/2_Assembly
# Date:            Wed Feb 21 15:52:39 2024
# [ok]
