#                                                                                              --- full sequence --- -------------- this domain -------------   hmm coord   ali coord   env coord
# target name                          accession   tlen query name           accession   qlen   E-value  score  bias   #  of  c-Evalue  i-Evalue  score  bias  from    to  from    to  from    to  acc description of target
#                  ------------------- ---------- ----- -------------------- ---------- ----- --------- ------ ----- --- --- --------- --------- ------ ----- ----- ----- ----- ----- ----- ----- ---- ---------------------
1947at4891_1|ptg000017l:631552-634587  -           1012 1947at4891           -            847         0 1466.5  11.8   1   3  5.2e-103  1.5e-100  334.9   0.3     1   254     1   320     1   327 0.87 -
1947at4891_1|ptg000017l:631552-634587  -           1012 1947at4891           -            847         0 1466.5  11.8   2   3  1.3e-232  3.9e-230  763.6   0.9   241   655   329   768   321   781 0.92 -
1947at4891_1|ptg000017l:631552-634587  -           1012 1947at4891           -            847         0 1466.5  11.8   3   3  1.9e-115  5.6e-113  376.0   0.6   611   847   762  1010   755  1010 0.91 -
23266at4891_2|ptg000005l:268746-270614 -            623 1947at4891           -            847   1.7e-56  189.2   2.1   1   2   5.3e-47   1.6e-44  149.6   0.0   309   515     7   209     2   266 0.90 -
23266at4891_2|ptg000005l:268746-270614 -            623 1947at4891           -            847   1.7e-56  189.2   2.1   2   2   1.3e-13   3.9e-11   39.1   0.5   653   726   325   396   298   426 0.79 -
26056at4891|ptg000003l:257776-258657   -            294 1947at4891           -            847   1.1e-34  117.0   0.3   1   2   5.8e-31   1.7e-28   96.6   0.0   323   500     2   184     1   192 0.85 -
26056at4891|ptg000003l:257776-258657   -            294 1947at4891           -            847   1.1e-34  117.0   0.3   2   2   1.8e-07   5.3e-05   18.8   0.1   666   732   198   266   191   283 0.86 -
24838at4891_2|ptg000003l:48802-49821   -            340 1947at4891           -            847   9.5e-20   67.6   1.4   1   3   1.9e-15   5.6e-13   45.2   0.2   305   428     9   125     3   134 0.90 -
24838at4891_2|ptg000003l:48802-49821   -            340 1947at4891           -            847   9.5e-20   67.6   1.4   2   3     0.015       4.4    2.6   0.0    97   148   139   189   130   213 0.74 -
24838at4891_2|ptg000003l:48802-49821   -            340 1947at4891           -            847   9.5e-20   67.6   1.4   3   3   5.2e-07   0.00015   17.3   0.0   240   294   278   332   257   337 0.93 -
16113at4891_2|ptg000015l:333849-335138 -            430 1947at4891           -            847   1.8e-14   50.2   0.0   1   1   7.8e-17   2.3e-14   49.8   0.0   305   462    36   190    22   245 0.86 -
9096at4891_7|ptg000015l:446462-448336  -            625 1947at4891           -            847   5.1e-07   25.5   0.0   1   1   2.6e-09   7.7e-07   24.9   0.0   320   395   319   390   313   403 0.88 -
32435at4891|ptg000003l:386467-387852   -            462 1947at4891           -            847     2e-06   23.6   0.0   1   3   3.3e-05      0.01   11.3   0.0     7    74     4    72     2    81 0.89 -
32435at4891|ptg000003l:386467-387852   -            462 1947at4891           -            847     2e-06   23.6   0.0   2   3      0.84   2.5e+02   -3.2   0.0   222   288   304   370   299   372 0.72 -
32435at4891|ptg000003l:386467-387852   -            462 1947at4891           -            847     2e-06   23.6   0.0   3   3   0.00012     0.036    9.5   0.0   260   294   419   453   410   460 0.87 -
11823at4891_4|ptg000017l:284891-286228 -            446 1947at4891           -            847   3.2e-05   19.6   0.0   1   1   1.5e-07   4.4e-05   19.1   0.0   305   395    67   153    53   196 0.83 -
11823at4891_4|ptg000015l:101171-102457 -            429 1947at4891           -            847   3.2e-05   19.6   0.0   1   1   1.9e-07   5.6e-05   18.8   0.0   309   458    60   207    51   225 0.80 -
#
# Program:         hmmsearch
# Version:         3.1b2 (February 2015)
# Pipeline mode:   SEARCH
# Query file:      /home/inf-39-2023/bin/BINP29/Denovo/2_Assembly/busco_downloads/lineages/saccharomycetes_odb10/hmms/1947at4891.hmm
# Target file:     /home/inf-39-2023/bin/BINP29/Denovo/2_Assembly/BUSCO_SRR.asm.bp.p_ctg.fasta/run_saccharomycetes_odb10/metaeuk_output/initial_results/SRR.asm.bp.p_ctg.fasta.modified.fas
# Option settings: hmmsearch --domtblout /home/inf-39-2023/bin/BINP29/Denovo/2_Assembly/BUSCO_SRR.asm.bp.p_ctg.fasta/run_saccharomycetes_odb10/hmmer_output/initial_run_results/1947at4891.out --cpu 1 /home/inf-39-2023/bin/BINP29/Denovo/2_Assembly/busco_downloads/lineages/saccharomycetes_odb10/hmms/1947at4891.hmm /home/inf-39-2023/bin/BINP29/Denovo/2_Assembly/BUSCO_SRR.asm.bp.p_ctg.fasta/run_saccharomycetes_odb10/metaeuk_output/initial_results/SRR.asm.bp.p_ctg.fasta.modified.fas 
# Current dir:     /home/inf-39-2023/bin/BINP29/Denovo/2_Assembly
# Date:            Wed Feb 21 15:52:39 2024
# [ok]
