#                                                                                              --- full sequence --- -------------- this domain -------------   hmm coord   ali coord   env coord
# target name                          accession   tlen query name           accession   qlen   E-value  score  bias   #  of  c-Evalue  i-Evalue  score  bias  from    to  from    to  from    to  acc description of target
#                  ------------------- ---------- ----- -------------------- ---------- ----- --------- ------ ----- --- --- --------- --------- ------ ----- ----- ----- ----- ----- ----- ----- ---- ---------------------
20394at4891_6|ptg000017l:184140-185054 -            305 20394at4891          -            247  1.6e-122  404.8   6.0   1   2  3.9e-108  2.6e-105  348.5   1.5     1   216     4   251     4   264 0.91 -
20394at4891_6|ptg000017l:184140-185054 -            305 20394at4891          -            247  1.6e-122  404.8   6.0   2   2   2.1e-19   1.4e-16   57.9   0.2   213   247   271   305   254   305 0.93 -
17189at4891_2|ptg000008l:450376-452277 -            634 20394at4891          -            247   8.1e-09   32.5   0.1   1   2   6.8e-09   4.5e-06   23.5   0.1   124   208   408   502   353   517 0.82 -
17189at4891_2|ptg000008l:450376-452277 -            634 20394at4891          -            247   8.1e-09   32.5   0.1   2   2   0.00093      0.62    6.6   0.0   211   237   597   623   587   629 0.86 -
27845at4891|ptg000003l:170885-172117   -            411 20394at4891          -            247   1.2e-08   31.9   0.1   1   2   1.7e-09   1.2e-06   25.4   0.1   135   199   247   315   240   345 0.82 -
27845at4891|ptg000003l:170885-172117   -            411 20394at4891          -            247   1.2e-08   31.9   0.1   2   2    0.0057       3.8    4.0   0.0   213   236   378   401   365   408 0.85 -
20539at4891_2|ptg000013l:252729-253826 -            366 20394at4891          -            247   2.3e-08   31.0   0.2   1   2   7.7e-11   5.2e-08   29.8   0.0   130   210   218   299   181   311 0.86 -
20539at4891_2|ptg000013l:252729-253826 -            366 20394at4891          -            247   2.3e-08   31.0   0.2   2   2       1.1   7.1e+02   -3.4   0.0   214   235   327   348   321   351 0.84 -
#
# Program:         hmmsearch
# Version:         3.1b2 (February 2015)
# Pipeline mode:   SEARCH
# Query file:      /home/inf-39-2023/bin/BINP29/Denovo/2_Assembly/busco_downloads/lineages/saccharomycetes_odb10/hmms/20394at4891.hmm
# Target file:     /home/inf-39-2023/bin/BINP29/Denovo/2_Assembly/BUSCO_SRR.asm.bp.p_ctg.fasta/run_saccharomycetes_odb10/metaeuk_output/initial_results/SRR.asm.bp.p_ctg.fasta.modified.fas
# Option settings: hmmsearch --domtblout /home/inf-39-2023/bin/BINP29/Denovo/2_Assembly/BUSCO_SRR.asm.bp.p_ctg.fasta/run_saccharomycetes_odb10/hmmer_output/initial_run_results/20394at4891.out --cpu 1 /home/inf-39-2023/bin/BINP29/Denovo/2_Assembly/busco_downloads/lineages/saccharomycetes_odb10/hmms/20394at4891.hmm /home/inf-39-2023/bin/BINP29/Denovo/2_Assembly/BUSCO_SRR.asm.bp.p_ctg.fasta/run_saccharomycetes_odb10/metaeuk_output/initial_results/SRR.asm.bp.p_ctg.fasta.modified.fas 
# Current dir:     /home/inf-39-2023/bin/BINP29/Denovo/2_Assembly
# Date:            Wed Feb 21 15:52:42 2024
# [ok]
