#                                                                                              --- full sequence --- -------------- this domain -------------   hmm coord   ali coord   env coord
# target name                          accession   tlen query name           accession   qlen   E-value  score  bias   #  of  c-Evalue  i-Evalue  score  bias  from    to  from    to  from    to  acc description of target
#                  ------------------- ---------- ----- -------------------- ---------- ----- --------- ------ ----- --- --- --------- --------- ------ ----- ----- ----- ----- ----- ----- ----- ---- ---------------------
2052at4891_2|ptg000006l:255341-259219  -           1293 2052at4891           -            952         0 1141.1  32.6   1   4   5.8e-71     6e-69  230.1   4.6     1   252     1   321     1   335 0.81 -
2052at4891_2|ptg000006l:255341-259219  -           1293 2052at4891           -            952         0 1141.1  32.6   2   4   1.4e-27   1.4e-25   86.6   0.1   236   340   339   463   324   527 0.79 -
2052at4891_2|ptg000006l:255341-259219  -           1293 2052at4891           -            952         0 1141.1  32.6   3   4   2.7e-98   2.8e-96  320.6   1.0   356   592   529   796   510   806 0.87 -
2052at4891_2|ptg000006l:255341-259219  -           1293 2052at4891           -            952         0 1141.1  32.6   4   4  1.1e-157  1.2e-155  517.1   7.9   596   944   826  1204   810  1211 0.90 -
16921at4891_9|ptg000010l:93758-94756   -            333 2052at4891           -            952   5.3e-11   38.4   0.3   1   4     0.012       1.2    4.0   0.0   120   167    10    55     5    62 0.77 -
16921at4891_9|ptg000010l:93758-94756   -            333 2052at4891           -            952   5.3e-11   38.4   0.3   2   4   6.7e-05    0.0069   11.5   0.1   125   186    65   124    46   152 0.83 -
16921at4891_9|ptg000010l:93758-94756   -            333 2052at4891           -            952   5.3e-11   38.4   0.3   3   4   3.6e-07   3.7e-05   19.0   0.1   113   189   219   294   190   311 0.80 -
16921at4891_9|ptg000010l:93758-94756   -            333 2052at4891           -            952   5.3e-11   38.4   0.3   4   4      0.68        70   -1.7   0.0   119   142   309   332   295   333 0.86 -
4490at4891_2|ptg000008l:192003-194357  -            785 2052at4891           -            952   7.6e-08   27.9   3.1   1   3   5.3e-05    0.0055   11.8   0.1   114   186    59   131    16   148 0.86 -
4490at4891_2|ptg000008l:192003-194357  -            785 2052at4891           -            952   7.6e-08   27.9   3.1   2   3     0.017       1.8    3.5   0.0   147   189   270   313   221   325 0.77 -
4490at4891_2|ptg000008l:192003-194357  -            785 2052at4891           -            952   7.6e-08   27.9   3.1   3   3   6.7e-05    0.0069   11.5   0.1   119   228   611   733   602   746 0.68 -
4206at4891_2|ptg000010l:112406-115159  -            918 2052at4891           -            952   1.2e-07   27.2   2.5   1   3   1.3e-05    0.0013   13.9   0.2   118   187   150   221   136   227 0.83 -
4206at4891_2|ptg000010l:112406-115159  -            918 2052at4891           -            952   1.2e-07   27.2   2.5   2   3   0.00027     0.028    9.5   0.0    99   189   326   419   293   439 0.71 -
4206at4891_2|ptg000010l:112406-115159  -            918 2052at4891           -            952   1.2e-07   27.2   2.5   3   3     0.099        10    1.0   0.0   116   143   474   502   442   513 0.74 -
20201at4891_2|ptg000005l:522101-523066 -            322 2052at4891           -            952   1.6e-07   26.8   0.8   1   4   1.7e-06   0.00017   16.8   0.0   120   187    61   134    34   141 0.83 -
20201at4891_2|ptg000005l:522101-523066 -            322 2052at4891           -            952   1.6e-07   26.8   0.8   2   4   2.2e-05    0.0023   13.1   0.3   120   197   110   190   100   200 0.82 -
20201at4891_2|ptg000005l:522101-523066 -            322 2052at4891           -            952   1.6e-07   26.8   0.8   3   4   0.00095     0.098    7.7   0.2   115   188   150   227   139   241 0.70 -
20201at4891_2|ptg000005l:522101-523066 -            322 2052at4891           -            952   1.6e-07   26.8   0.8   4   4     0.066       6.8    1.6   0.0   129   194   211   283   202   295 0.74 -
8998at4891_7|ptg000014l:735866-737215  -            450 2052at4891           -            952   7.7e-07   24.6   2.9   1   2     1e-06   0.00011   17.5   1.0    80   187    76   192    67   203 0.74 -
8998at4891_7|ptg000014l:735866-737215  -            450 2052at4891           -            952   7.7e-07   24.6   2.9   2   2    0.0018      0.18    6.8   0.0   120   228   210   318   195   333 0.72 -
3060at4891_2|ptg000004l:379350-382178  -            943 2052at4891           -            952     3e-06   22.6  10.3   1   5      0.23        24   -0.2   0.0   118   185    83   149    77   158 0.65 -
3060at4891_2|ptg000004l:379350-382178  -            943 2052at4891           -            952     3e-06   22.6  10.3   2   5   0.00051     0.052    8.6   0.2    96   235   139   280   132   286 0.71 -
3060at4891_2|ptg000004l:379350-382178  -            943 2052at4891           -            952     3e-06   22.6  10.3   3   5       1.4   1.4e+02   -2.8   0.2   101   129   334   362   330   370 0.87 -
3060at4891_2|ptg000004l:379350-382178  -            943 2052at4891           -            952     3e-06   22.6  10.3   4   5     0.041       4.2    2.3   0.0    48   142   392   501   380   509 0.56 -
3060at4891_2|ptg000004l:379350-382178  -            943 2052at4891           -            952     3e-06   22.6  10.3   5   5   1.3e-05    0.0014   13.8   0.4   118   190   577   648   552   685 0.83 -
15960at4891_0|ptg000014l:156967-157878 -            304 2052at4891           -            952   1.6e-05   20.2   0.7   1   2   0.00054     0.055    8.5   0.0   110   232    72   192    26   204 0.65 -
15960at4891_0|ptg000014l:156967-157878 -            304 2052at4891           -            952   1.6e-05   20.2   0.7   2   2   0.00024     0.025    9.7   0.5   118   191   212   285   197   302 0.75 -
17077at4891_6|ptg000001l:154292-154936 -            215 2052at4891           -            952   2.3e-05   19.7   0.0   1   1   2.8e-07   2.9e-05   19.4   0.0   117   308     7   190     2   212 0.80 -
16921at4891_8|ptg000010l:74467-75159   -            231 2052at4891           -            952   3.5e-05   19.1   0.0   1   3    0.0026      0.27    6.2   0.0   120   190     4    73     2    90 0.81 -
16921at4891_8|ptg000010l:74467-75159   -            231 2052at4891           -            952   3.5e-05   19.1   0.0   2   3      0.45        47   -1.2   0.0   121   142    88   110    79   113 0.81 -
16921at4891_8|ptg000010l:74467-75159   -            231 2052at4891           -            952   3.5e-05   19.1   0.0   3   3   0.00025     0.026    9.6   0.0   118   173   135   199   125   218 0.68 -
10660at4891_2|ptg000013l:519519-521471 -            651 2052at4891           -            952   3.8e-05   19.0   0.0   1   1   5.3e-07   5.5e-05   18.5   0.0   127   193   154   218   140   225 0.83 -
16921at4891_7|ptg000002l:236728-237624 -            299 2052at4891           -            952   4.2e-05   18.8   0.0   1   2   6.6e-06   0.00068   14.8   0.0   118   227    44   151    12   160 0.76 -
16921at4891_7|ptg000002l:236728-237624 -            299 2052at4891           -            952   4.2e-05   18.8   0.0   2   2     0.057       5.9    1.8   0.0   117   144   176   204   161   219 0.78 -
16921at4891_6|ptg000016l:181899-182717 -            273 2052at4891           -            952   4.5e-05   18.7   1.9   1   3      0.07       7.2    1.5   0.0   132   190     2    57     1    76 0.72 -
16921at4891_6|ptg000016l:181899-182717 -            273 2052at4891           -            952   4.5e-05   18.7   1.9   2   3   0.00012     0.012   10.7   1.5   116   187    66   135    29   144 0.63 -
16921at4891_6|ptg000016l:181899-182717 -            273 2052at4891           -            952   4.5e-05   18.7   1.9   3   3    0.0074      0.76    4.7   0.0    96   142   213   262   208   271 0.86 -
6943at4891_4|ptg000004l:113013-114467  -            485 2052at4891           -            952   0.00035   15.8   1.0   1   1   1.1e-05    0.0012   14.1   1.0    74   190   253   381   219   400 0.60 -
16921at4891_4|ptg000007l:472642-473127 -            162 2052at4891           -            952    0.0004   15.6   0.5   1   2     0.032       3.3    2.6   0.1   260   303     8    52     2    97 0.44 -
16921at4891_4|ptg000007l:472642-473127 -            162 2052at4891           -            952    0.0004   15.6   0.5   2   2   3.5e-05    0.0036   12.4   0.2    99   166    89   156    81   160 0.74 -
14374at4891_0|ptg000013l:94204-95049   -            282 2052at4891           -            952    0.0004   15.6   0.1   1   2     0.022       2.3    3.2   0.0   128   238    16   132    10   144 0.67 -
14374at4891_0|ptg000013l:94204-95049   -            282 2052at4891           -            952    0.0004   15.6   0.1   2   2   0.00012     0.012   10.7   0.1   123   186   160   229   140   274 0.82 -
5986at4891_2|ptg000007l:426109-427647  -            513 2052at4891           -            952   0.00045   15.4   0.0   1   2   0.00026     0.027    9.5   0.0    99   188    62   156    53   177 0.74 -
5986at4891_2|ptg000007l:426109-427647  -            513 2052at4891           -            952   0.00045   15.4   0.0   2   2     0.019         2    3.4   0.0   126   189   181   242   172   285 0.81 -
16921at4891_3|ptg000006l:551155-551790 -            212 2052at4891           -            952   0.00051   15.3   0.0   1   1   8.6e-06   0.00088   14.5   0.0    89   229    41   173    32   184 0.76 -
17077at4891_7|ptg000003l:672388-673722 -            445 2052at4891           -            952   0.00076   14.7   0.3   1   2   0.00053     0.055    8.5   0.2   125   202   145   221   136   255 0.73 -
17077at4891_7|ptg000003l:672388-673722 -            445 2052at4891           -            952   0.00076   14.7   0.3   2   2     0.012       1.3    4.0   0.0   119   229   265   372   233   418 0.70 -
3606at4891_2|ptg000002l:201554-203944  -            797 2052at4891           -            952    0.0032   12.6   0.0   1   3      0.24        25   -0.3   0.0    99   142   451   494   438   511 0.84 -
3606at4891_2|ptg000002l:201554-203944  -            797 2052at4891           -            952    0.0032   12.6   0.0   2   3    0.0023      0.24    6.4   0.0   120   186   531   596   523   603 0.80 -
3606at4891_2|ptg000002l:201554-203944  -            797 2052at4891           -            952    0.0032   12.6   0.0   3   3     0.059         6    1.8   0.0   108   188   645   725   602   739 0.61 -
17147at4891_9|ptg000005l:321518-322747 -            410 2052at4891           -            952    0.0052   11.9   0.0   1   2   0.00024     0.024    9.7   0.0   264   338   155   231   138   251 0.69 -
17147at4891_9|ptg000005l:321518-322747 -            410 2052at4891           -            952    0.0052   11.9   0.0   2   2      0.47        48   -1.2   0.0   115   143   249   277   240   321 0.67 -
17074at4891_2|ptg000003l:52077-53465   -            463 2052at4891           -            952    0.0058   11.7   0.0   1   2    0.0011      0.11    7.5   0.0    99   186   328   423   316   432 0.75 -
17074at4891_2|ptg000003l:52077-53465   -            463 2052at4891           -            952    0.0058   11.7   0.0   2   2     0.045       4.6    2.1   0.0   116   141   438   463   427   463 0.91 -
15470at4891_1|ptg000007l:535847-536884 -            346 2052at4891           -            952    0.0061   11.7   0.0   1   2     0.002       0.2    6.7   0.0   265   339     5    81     1   143 0.85 -
15470at4891_1|ptg000007l:535847-536884 -            346 2052at4891           -            952    0.0061   11.7   0.0   2   2     0.022       2.2    3.2   0.0   269   327   195   253   167   264 0.90 -
17074at4891_3|ptg000017l:164206-165084 -            293 2052at4891           -            952    0.0062   11.7   0.0   1   2      0.44        45   -1.1   0.0   127   145    28    46    14   119 0.63 -
17074at4891_3|ptg000017l:164206-165084 -            293 2052at4891           -            952    0.0062   11.7   0.0   2   2   0.00019      0.02   10.0   0.0   127   231   152   249   139   261 0.82 -
16921at4891_0|ptg000008l:611070-611840 -            257 2052at4891           -            952     0.011   10.8   0.0   1   1   0.00013     0.014   10.5   0.0   243   340    44   144    16   156 0.80 -
6691at4891_2|ptg000003l:135792-137510  -            573 2052at4891           -            952     0.036    9.1   0.0   1   1   0.00051     0.052    8.6   0.0   118   190   240   313   226   352 0.75 -
#
# Program:         hmmsearch
# Version:         3.1b2 (February 2015)
# Pipeline mode:   SEARCH
# Query file:      /home/inf-39-2023/bin/BINP29/Denovo/2_Assembly/busco_downloads/lineages/saccharomycetes_odb10/hmms/2052at4891.hmm
# Target file:     /home/inf-39-2023/bin/BINP29/Denovo/2_Assembly/BUSCO_SRR.asm.bp.p_ctg.fasta/run_saccharomycetes_odb10/metaeuk_output/initial_results/SRR.asm.bp.p_ctg.fasta.modified.fas
# Option settings: hmmsearch --domtblout /home/inf-39-2023/bin/BINP29/Denovo/2_Assembly/BUSCO_SRR.asm.bp.p_ctg.fasta/run_saccharomycetes_odb10/hmmer_output/initial_run_results/2052at4891.out --cpu 1 /home/inf-39-2023/bin/BINP29/Denovo/2_Assembly/busco_downloads/lineages/saccharomycetes_odb10/hmms/2052at4891.hmm /home/inf-39-2023/bin/BINP29/Denovo/2_Assembly/BUSCO_SRR.asm.bp.p_ctg.fasta/run_saccharomycetes_odb10/metaeuk_output/initial_results/SRR.asm.bp.p_ctg.fasta.modified.fas 
# Current dir:     /home/inf-39-2023/bin/BINP29/Denovo/2_Assembly
# Date:            Wed Feb 21 15:52:42 2024
# [ok]
