#                                                                                              --- full sequence --- -------------- this domain -------------   hmm coord   ali coord   env coord
# target name                          accession   tlen query name           accession   qlen   E-value  score  bias   #  of  c-Evalue  i-Evalue  score  bias  from    to  from    to  from    to  acc description of target
#                  ------------------- ---------- ----- -------------------- ---------- ----- --------- ------ ----- --- --- --------- --------- ------ ----- ----- ----- ----- ----- ----- ----- ---- ---------------------
21145at4891_2|ptg000002l:269156-270280 -            375 21145at4891          -            281  4.7e-109  361.1  20.4   1   2   1.2e-62   8.2e-60  199.5  15.4     1   172    26   220    26   233 0.80 -
21145at4891_2|ptg000002l:269156-270280 -            375 21145at4891          -            281  4.7e-109  361.1  20.4   2   2   1.9e-51   1.3e-48  162.8   3.5   139   281   218   374   195   374 0.81 -
19532at4891_7|ptg000008l:358938-360461 -            508 21145at4891          -            281   1.2e-13   48.0   2.9   1   1     3e-16     2e-13   47.3   2.9    46   136    10   108     3   123 0.80 -
7136at4891_7|ptg000014l:377343-379211  -            623 21145at4891          -            281   1.2e-10   38.2  11.2   1   3   1.6e-11     1e-08   31.8   0.6    39   116   101   182    94   241 0.83 -
7136at4891_7|ptg000014l:377343-379211  -            623 21145at4891          -            281   1.2e-10   38.2  11.2   2   3     0.099        66   -0.3   0.1   109   156   297   344   263   372 0.66 -
7136at4891_7|ptg000014l:377343-379211  -            623 21145at4891          -            281   1.2e-10   38.2  11.2   3   3   2.3e-05     0.015   11.6   1.0    57   124   386   458   380   505 0.80 -
7136at4891_7|ptg000015l:343095-345008  -            638 21145at4891          -            281   3.2e-10   36.8   1.2   1   2   1.3e-11   8.4e-09   32.2   0.1    31   121   114   209   105   298 0.80 -
7136at4891_7|ptg000015l:343095-345008  -            638 21145at4891          -            281   3.2e-10   36.8   1.2   2   2     0.012       8.1    2.7   0.2    59   114   396   453   389   474 0.77 -
#
# Program:         hmmsearch
# Version:         3.1b2 (February 2015)
# Pipeline mode:   SEARCH
# Query file:      /home/inf-39-2023/bin/BINP29/Denovo/2_Assembly/busco_downloads/lineages/saccharomycetes_odb10/hmms/21145at4891.hmm
# Target file:     /home/inf-39-2023/bin/BINP29/Denovo/2_Assembly/BUSCO_SRR.asm.bp.p_ctg.fasta/run_saccharomycetes_odb10/metaeuk_output/initial_results/SRR.asm.bp.p_ctg.fasta.modified.fas
# Option settings: hmmsearch --domtblout /home/inf-39-2023/bin/BINP29/Denovo/2_Assembly/BUSCO_SRR.asm.bp.p_ctg.fasta/run_saccharomycetes_odb10/hmmer_output/initial_run_results/21145at4891.out --cpu 1 /home/inf-39-2023/bin/BINP29/Denovo/2_Assembly/busco_downloads/lineages/saccharomycetes_odb10/hmms/21145at4891.hmm /home/inf-39-2023/bin/BINP29/Denovo/2_Assembly/BUSCO_SRR.asm.bp.p_ctg.fasta/run_saccharomycetes_odb10/metaeuk_output/initial_results/SRR.asm.bp.p_ctg.fasta.modified.fas 
# Current dir:     /home/inf-39-2023/bin/BINP29/Denovo/2_Assembly
# Date:            Wed Feb 21 15:52:40 2024
# [ok]
