#                                                                                                --- full sequence --- -------------- this domain -------------   hmm coord   ali coord   env coord
# target name                            accession   tlen query name           accession   qlen   E-value  score  bias   #  of  c-Evalue  i-Evalue  score  bias  from    to  from    to  from    to  acc description of target
#                    ------------------- ---------- ----- -------------------- ---------- ----- --------- ------ ----- --- --- --------- --------- ------ ----- ----- ----- ----- ----- ----- ----- ---- ---------------------
21160at4891_2|ptg000014l:173680-175008   -            443 21160at4891          -            242  2.9e-102  338.5   4.1   1   2   7.6e-64     1e-61  205.7   5.9     6   167    60   245    54   272 0.87 -
21160at4891_2|ptg000014l:173680-175008   -            443 21160at4891          -            242  2.9e-102  338.5   4.1   2   2   2.3e-40   3.1e-38  128.8   0.0   157   242   315   405   312   405 0.89 -
5280at4891_1|ptg000009l:505124-506842    -            573 21160at4891          -            242   7.8e-55  183.2   0.3   1   3   3.2e-13   4.3e-11   40.0   0.0    70   154    30   116    13   124 0.90 -
5280at4891_1|ptg000009l:505124-506842    -            573 21160at4891          -            242   7.8e-55  183.2   0.3   2   3   2.1e-27   2.9e-25   86.4   0.1    77   238   125   293   118   297 0.91 -
5280at4891_1|ptg000009l:505124-506842    -            573 21160at4891          -            242   7.8e-55  183.2   0.3   3   3   2.4e-17   3.2e-15   53.5   0.0    74   162   318   407   298   419 0.85 -
21160at4891_7|ptg000015l:279079-280065   -            329 21160at4891          -            242   1.5e-42  142.9   0.0   1   3   3.5e-05    0.0047   13.6   0.0    80   159     1    95     1   105 0.65 -
21160at4891_7|ptg000015l:279079-280065   -            329 21160at4891          -            242   1.5e-42  142.9   0.0   2   3   1.3e-21   1.8e-19   67.4   0.3    75   171   105   205    96   232 0.82 -
21160at4891_7|ptg000015l:279079-280065   -            329 21160at4891          -            242   1.5e-42  142.9   0.0   3   3     1e-17   1.3e-15   54.7   0.0   166   240   255   329   242   329 0.94 -
21160at4891_3|ptg000002l:165019-165951   -            311 21160at4891          -            242   8.9e-38  127.3   0.0   1   3       0.1        13    2.3   0.0   120   137     1    18     1    25 0.82 -
21160at4891_3|ptg000002l:165019-165951   -            311 21160at4891          -            242   8.9e-38  127.3   0.0   2   3   5.5e-22   7.4e-20   68.6   0.1    59   167    38   155    30   177 0.80 -
21160at4891_3|ptg000002l:165019-165951   -            311 21160at4891          -            242   8.9e-38  127.3   0.0   3   3   4.4e-17   5.9e-15   52.6   0.0   156   240   218   302   204   304 0.94 -
28029at4891_2|ptg000008l:289470-290711   -            414 21160at4891          -            242   4.4e-33  111.9   0.0   1   2   1.4e-25   1.9e-23   80.4   0.0    73   200   163   298   153   302 0.84 -
28029at4891_2|ptg000008l:289470-290711   -            414 21160at4891          -            242   4.4e-33  111.9   0.0   2   2     2e-12   2.7e-10   37.4   0.0    76   155   265   346   260   351 0.91 -
5280at4891_2|ptg000001l:69617-70723      -            369 21160at4891          -            242     2e-32  109.8   2.0   1   3   1.1e-24   1.5e-22   77.5   0.0    80   237     1   158     1   163 0.90 -
5280at4891_2|ptg000001l:69617-70723      -            369 21160at4891          -            242     2e-32  109.8   2.0   2   3   2.8e-07   3.7e-05   20.5   0.1   154   237   195   283   170   288 0.74 -
5280at4891_2|ptg000001l:69617-70723      -            369 21160at4891          -            242     2e-32  109.8   2.0   3   3   0.00035     0.047   10.4   0.0    75   142   298   366   290   369 0.89 -
5578at4891_2|ptg000003l:467911-469917    -            669 21160at4891          -            242   3.6e-31  105.7   3.6   1   4   7.7e-16     1e-13   48.5   0.3    78   169    10   102     2   116 0.87 -
5578at4891_2|ptg000003l:467911-469917    -            669 21160at4891          -            242   3.6e-31  105.7   3.6   2   4   0.00039     0.053   10.2   0.0    95   157   150   212   144   224 0.82 -
5578at4891_2|ptg000003l:467911-469917    -            669 21160at4891          -            242   3.6e-31  105.7   3.6   3   4   5.7e-08   7.6e-06   22.8   0.1    73   137   269   334   234   340 0.91 -
5578at4891_2|ptg000003l:467911-469917    -            669 21160at4891          -            242   3.6e-31  105.7   3.6   4   4     1e-07   1.4e-05   21.9   0.0    99   138   515   557   442   588 0.84 -
7982at4891_2|ptg000003l:187951-190611    -            887 21160at4891          -            242   6.5e-31  104.8   0.9   1   4   9.7e-05     0.013   12.2   0.0   111   153    51    93    41   110 0.83 -
7982at4891_2|ptg000003l:187951-190611    -            887 21160at4891          -            242   6.5e-31  104.8   0.9   2   4   1.9e-08   2.6e-06   24.3   0.0    90   153   358   422   338   440 0.79 -
7982at4891_2|ptg000003l:187951-190611    -            887 21160at4891          -            242   6.5e-31  104.8   0.9   3   4     0.021       2.9    4.5   0.0   163   229   526   592   509   602 0.88 -
7982at4891_2|ptg000003l:187951-190611    -            887 21160at4891          -            242   6.5e-31  104.8   0.9   4   4   7.3e-19   9.7e-17   58.4   0.3    76   240   661   839   652   845 0.81 -
21160at4891_8|ptg000011l:89242-89874     -            211 21160at4891          -            242   1.1e-28   97.5   0.2   1   2     3e-13     4e-11   40.1   0.0    80   147     1    68     1    77 0.86 -
21160at4891_8|ptg000011l:89242-89874     -            211 21160at4891          -            242   1.1e-28   97.5   0.2   2   2   3.8e-18   5.1e-16   56.1   0.1    72   163    77   169    63   179 0.91 -
5280at4891_0|ptg000015l:131641-132774    -            378 21160at4891          -            242   3.6e-23   79.5   2.5   1   3   1.8e-19   2.5e-17   60.4   0.5    79   237     2   160     1   165 0.86 -
5280at4891_0|ptg000015l:131641-132774    -            378 21160at4891          -            242   3.6e-23   79.5   2.5   2   3   1.2e-06   0.00015   18.5   0.0   163   242   197   280   187   280 0.85 -
5280at4891_0|ptg000015l:131641-132774    -            378 21160at4891          -            242   3.6e-23   79.5   2.5   3   3         3     4e+02   -2.5   0.0    12    31   292   311   285   340 0.61 -
5280at4891_3|ptg000008l:101332-102666    -            445 21160at4891          -            242   5.2e-22   75.7   0.0   1   4   7.7e-10     1e-07   28.9   0.0    79   179     2   111     1   130 0.78 -
5280at4891_3|ptg000008l:101332-102666    -            445 21160at4891          -            242   5.2e-22   75.7   0.0   2   4   3.2e-05    0.0043   13.7   0.0   118   166   187   236   181   264 0.83 -
5280at4891_3|ptg000008l:101332-102666    -            445 21160at4891          -            242   5.2e-22   75.7   0.0   3   4    0.0024      0.32    7.6   0.0   165   202   342   379   337   393 0.83 -
5280at4891_3|ptg000008l:101332-102666    -            445 21160at4891          -            242   5.2e-22   75.7   0.0   4   4   3.8e-07   5.1e-05   20.1   0.0   111   154   399   444   389   445 0.79 -
30116at4891_2|ptg000014l:469341-470492   -            384 21160at4891          -            242   4.1e-15   53.1   0.9   1   2   0.00058     0.077    9.6   0.2    67   154   113   201    97   217 0.75 -
30116at4891_2|ptg000014l:469341-470492   -            384 21160at4891          -            242   4.1e-15   53.1   0.9   2   2   2.3e-13   3.1e-11   40.4   0.0    74   164   217   312   210   330 0.80 -
30116at4891_5|ptg000010l:240612-241187   -            192 21160at4891          -            242   9.2e-13   45.4   0.5   1   2   2.9e-07   3.9e-05   20.5   0.1    73   146    15    88     6    95 0.84 -
30116at4891_5|ptg000010l:240612-241187   -            192 21160at4891          -            242   9.2e-13   45.4   0.5   2   2   3.5e-08   4.7e-06   23.4   0.0    69   149   108   189   100   191 0.90 -
30348at4891_1|ptg000008l:685781-686662   -            294 21160at4891          -            242   5.7e-12   42.8   0.1   1   1   1.5e-13   2.1e-11   41.0   0.1    80   170    20   112     8   138 0.84 -
36258at4891_2|ptg000016l:81110-81493     -            128 21160at4891          -            242   3.9e-10   36.8   0.0   1   1   3.3e-12   4.5e-10   36.6   0.0    68   153    18   105     5   122 0.81 -
21155at4891_4|ptg000011l:246259-247635   -            459 21160at4891          -            242   4.2e-09   33.4   0.0   1   2     0.036       4.8    3.8   0.0   153   179   132   158   112   175 0.77 -
21155at4891_4|ptg000011l:246259-247635   -            459 21160at4891          -            242   4.2e-09   33.4   0.0   2   2   3.4e-09   4.6e-07   26.8   0.0    68   140   269   342   253   369 0.84 -
38422at4891_2|ptg000014l:359564-360085   -            174 21160at4891          -            242   5.6e-09   33.0   0.1   1   2     0.001      0.13    8.9   0.0   155   204    32    80    16    81 0.76 -
38422at4891_2|ptg000014l:359564-360085   -            174 21160at4891          -            242   5.6e-09   33.0   0.1   2   2   8.2e-10   1.1e-07   28.8   0.0    80   142    47   110    32   137 0.83 -
27342at4891_2|ptg000005l:200464-201279   -            272 21160at4891          -            242   3.1e-05   20.8   0.0   1   1     4e-07   5.4e-05   20.0   0.0   100   152   214   267   178   271 0.71 -
10138at4891_4|ptg000014l:603577-605283   -            569 21160at4891          -            242   0.00072   16.3   0.0   1   1   8.2e-06    0.0011   15.7   0.0   167   239   337   407   304   409 0.87 -
31662at4891_9|ptg000005l:1418437-1419444 -            336 21160at4891          -            242    0.0068   13.1   0.0   1   1   0.00011     0.014   12.0   0.0   164   228   127   200   111   205 0.77 -
#
# Program:         hmmsearch
# Version:         3.1b2 (February 2015)
# Pipeline mode:   SEARCH
# Query file:      /home/inf-39-2023/bin/BINP29/Denovo/2_Assembly/busco_downloads/lineages/saccharomycetes_odb10/hmms/21160at4891.hmm
# Target file:     /home/inf-39-2023/bin/BINP29/Denovo/2_Assembly/BUSCO_SRR.asm.bp.p_ctg.fasta/run_saccharomycetes_odb10/metaeuk_output/initial_results/SRR.asm.bp.p_ctg.fasta.modified.fas
# Option settings: hmmsearch --domtblout /home/inf-39-2023/bin/BINP29/Denovo/2_Assembly/BUSCO_SRR.asm.bp.p_ctg.fasta/run_saccharomycetes_odb10/hmmer_output/initial_run_results/21160at4891.out --cpu 1 /home/inf-39-2023/bin/BINP29/Denovo/2_Assembly/busco_downloads/lineages/saccharomycetes_odb10/hmms/21160at4891.hmm /home/inf-39-2023/bin/BINP29/Denovo/2_Assembly/BUSCO_SRR.asm.bp.p_ctg.fasta/run_saccharomycetes_odb10/metaeuk_output/initial_results/SRR.asm.bp.p_ctg.fasta.modified.fas 
# Current dir:     /home/inf-39-2023/bin/BINP29/Denovo/2_Assembly
# Date:            Wed Feb 21 15:52:40 2024
# [ok]
