#                                                                                              --- full sequence --- -------------- this domain -------------   hmm coord   ali coord   env coord
# target name                          accession   tlen query name           accession   qlen   E-value  score  bias   #  of  c-Evalue  i-Evalue  score  bias  from    to  from    to  from    to  acc description of target
#                  ------------------- ---------- ----- -------------------- ---------- ----- --------- ------ ----- --- --- --------- --------- ------ ----- ----- ----- ----- ----- ----- ----- ---- ---------------------
21615at4891_1|ptg000001l:192124-192981 -            286 21615at4891          -            179   2.6e-73  243.2   3.9   1   3   3.2e-18   2.9e-16   57.3   0.0     1    54     6    64     6    71 0.88 -
21615at4891_1|ptg000001l:192124-192981 -            286 21615at4891          -            179   2.6e-73  243.2   3.9   2   3   2.9e-56   2.6e-54  181.3   1.3    54   169    95   223    87   231 0.92 -
21615at4891_1|ptg000001l:192124-192981 -            286 21615at4891          -            179   2.6e-73  243.2   3.9   3   3     0.095       8.5    3.7   0.0   164   179   261   276   239   276 0.86 -
960at4891|ptg000013l:171409-174540     -           1044 21615at4891          -            179   7.1e-22   75.6   0.0   1   3     5e-13   4.5e-11   40.4   0.0    13   165   446   607   435   618 0.79 -
960at4891|ptg000013l:171409-174540     -           1044 21615at4891          -            179   7.1e-22   75.6   0.0   2   3   1.4e-08   1.3e-06   25.9   0.0     1    49   667   720   667   734 0.85 -
960at4891|ptg000013l:171409-174540     -           1044 21615at4891          -            179   7.1e-22   75.6   0.0   3   3     0.036       3.2    5.1   0.0    93   154   890   951   872   967 0.84 -
4581at4891_8|ptg000009l:224544-226373  -            610 21615at4891          -            179   1.7e-21   74.4   0.3   1   4   3.4e-05    0.0031   14.9   0.0    13    48    97   132    82   144 0.83 -
4581at4891_8|ptg000009l:224544-226373  -            610 21615at4891          -            179   1.7e-21   74.4   0.3   2   4   2.4e-05    0.0022   15.4   0.1    97   159   224   286   202   303 0.85 -
4581at4891_8|ptg000009l:224544-226373  -            610 21615at4891          -            179   1.7e-21   74.4   0.3   3   4   3.6e-07   3.2e-05   21.4   0.0    14    46   412   444   395   451 0.87 -
4581at4891_8|ptg000009l:224544-226373  -            610 21615at4891          -            179   1.7e-21   74.4   0.3   4   4   5.7e-06   0.00051   17.4   0.0    95   157   511   573   507   587 0.89 -
960at4891_6|ptg000014l:168492-171623   -           1044 21615at4891          -            179   1.3e-20   71.5   0.2   1   3   7.8e-13     7e-11   39.8   0.0    13   168   446   614   435   620 0.72 -
960at4891_6|ptg000014l:168492-171623   -           1044 21615at4891          -            179   1.3e-20   71.5   0.2   2   3   1.1e-08     1e-06   26.2   0.0     1    49   667   720   667   734 0.86 -
960at4891_6|ptg000014l:168492-171623   -           1044 21615at4891          -            179   1.3e-20   71.5   0.2   3   3      0.55        49    1.2   0.0    95   154   892   951   872   968 0.82 -
3331at4891_2|ptg000001l:106431-108686  -            752 21615at4891          -            179   1.4e-20   71.4   0.1   1   4   4.5e-07     4e-05   21.0   0.0    13    60   215   262   210   285 0.90 -
3331at4891_2|ptg000001l:106431-108686  -            752 21615at4891          -            179   1.4e-20   71.4   0.1   2   4    0.0016      0.14    9.5   0.0    98   154   366   422   358   439 0.89 -
3331at4891_2|ptg000001l:106431-108686  -            752 21615at4891          -            179   1.4e-20   71.4   0.1   3   4   4.4e-08   3.9e-06   24.3   0.0    12    47   547   582   532   592 0.79 -
3331at4891_2|ptg000001l:106431-108686  -            752 21615at4891          -            179   1.4e-20   71.4   0.1   4   4    0.0006     0.054   10.8   0.0    96   154   647   705   642   719 0.88 -
869at4891_2|ptg000003l:814542-818129   -           1196 21615at4891          -            179     9e-16   55.7   0.3   1   2   9.9e-10   8.9e-08   29.7   0.1    13   167   587   758   572   765 0.69 -
869at4891_2|ptg000003l:814542-818129   -           1196 21615at4891          -            179     9e-16   55.7   0.3   2   2   2.1e-07   1.9e-05   22.1   0.0     4    47   815   863   812   870 0.79 -
3331at4891_5|ptg000005l:890826-892145  -            440 21615at4891          -            179   4.6e-14   50.2   7.1   1   4   2.7e-05    0.0024   15.2   0.3    28    47     6    25     1    32 0.89 -
3331at4891_5|ptg000005l:890826-892145  -            440 21615at4891          -            179   4.6e-14   50.2   7.1   2   4     0.001      0.09   10.1   0.1    83   143   101   163    90   191 0.80 -
3331at4891_5|ptg000005l:890826-892145  -            440 21615at4891          -            179   4.6e-14   50.2   7.1   3   4   8.2e-05    0.0073   13.7   0.0    24    46   277   299   249   304 0.78 -
3331at4891_5|ptg000005l:890826-892145  -            440 21615at4891          -            179   4.6e-14   50.2   7.1   4   4   0.00019     0.017   12.5   0.1    93   165   359   437   343   440 0.73 -
14562at4891_2|ptg000005l:943290-944903 -            538 21615at4891          -            179   1.2e-11   42.3   0.1   1   3   2.2e-05     0.002   15.5   0.0    87   144   149   205   133   238 0.82 -
14562at4891_2|ptg000005l:943290-944903 -            538 21615at4891          -            179   1.2e-11   42.3   0.1   2   3   3.7e-05    0.0033   14.8   0.0     7    47   312   355   306   360 0.80 -
14562at4891_2|ptg000005l:943290-944903 -            538 21615at4891          -            179   1.2e-11   42.3   0.1   3   3     0.005      0.44    7.9   0.0    98   156   455   513   441   525 0.90 -
21615at4891_7|ptg000011l:185727-186458 -            244 21615at4891          -            179   2.7e-11   41.1   0.0   1   2   6.6e-06   0.00059   17.2   0.0    13    73    19    77    10   119 0.73 -
21615at4891_7|ptg000011l:185727-186458 -            244 21615at4891          -            179   2.7e-11   41.1   0.0   2   2   2.1e-07   1.9e-05   22.1   0.0    97   146   145   194   109   207 0.79 -
6341at4891_0|ptg000017l:628091-629305  -            405 21615at4891          -            179   8.3e-10   36.3   0.2   1   2   1.4e-05    0.0013   16.1   0.0    12    74   174   236   158   256 0.81 -
6341at4891_0|ptg000017l:628091-629305  -            405 21615at4891          -            179   8.3e-10   36.3   0.2   2   2   4.1e-06   0.00037   17.9   0.0    99   156   305   364   298   381 0.80 -
6341at4891_2|ptg000007l:845389-847455  -            689 21615at4891          -            179   1.2e-09   35.8   0.1   1   3         6   5.4e+02   -2.2   0.0    87   140   196   250   190   275 0.64 -
6341at4891_2|ptg000007l:845389-847455  -            689 21615at4891          -            179   1.2e-09   35.8   0.1   2   3   2.3e-05     0.002   15.5   0.0    11    43   449   481   435   484 0.81 -
6341at4891_2|ptg000007l:845389-847455  -            689 21615at4891          -            179   1.2e-09   35.8   0.1   3   3   9.7e-06   0.00087   16.7   0.0    98   158   570   634   554   646 0.80 -
6341at4891_5|ptg000003l:907363-908835  -            491 21615at4891          -            179   1.7e-07   28.7   0.0   1   2    0.0015      0.13    9.6   0.0     4    43   254   299   251   306 0.75 -
6341at4891_5|ptg000003l:907363-908835  -            491 21615at4891          -            179   1.7e-07   28.7   0.0   2   2   9.9e-06   0.00089   16.7   0.0   100   156   391   451   381   465 0.76 -
6341at4891_9|ptg000005l:801784-802794  -            337 21615at4891          -            179   2.6e-07   28.2   0.4   1   2    0.0006     0.053   10.9   0.0    13    40   121   148   111   159 0.90 -
6341at4891_9|ptg000005l:801784-802794  -            337 21615at4891          -            179   2.6e-07   28.2   0.4   2   2   2.9e-05    0.0026   15.1   0.2    89   141   231   283   219   315 0.74 -
6341at4891_9|ptg000008l:37062-37991    -            310 21615at4891          -            179   9.6e-07   26.3   0.2   1   2   0.00014     0.013   12.9   0.0    12    43    77   108    63   131 0.85 -
6341at4891_9|ptg000008l:37062-37991    -            310 21615at4891          -            179   9.6e-07   26.3   0.2   2   2   0.00038     0.034   11.5   0.0    96   167   211   285   192   292 0.80 -
1597at4891_4|ptg000011l:186690-188417  -            576 21615at4891          -            179   1.3e-06   25.9   0.4   1   2   6.7e-05    0.0059   14.0   0.1    14    47     8    41     3    56 0.86 -
1597at4891_4|ptg000011l:186690-188417  -            576 21615at4891          -            179   1.3e-06   25.9   0.4   2   2    0.0014      0.12    9.7   0.0    72   143   126   191   116   216 0.77 -
1597at4891_2|ptg000010l:206827-209937  -           1037 21615at4891          -            179   2.1e-06   25.2   0.2   1   2    0.0015      0.13    9.6   0.1    13    47   394   428   378   437 0.86 -
1597at4891_2|ptg000010l:206827-209937  -           1037 21615at4891          -            179   2.1e-06   25.2   0.2   2   2   0.00015     0.014   12.8   0.0    99   142   517   560   477   570 0.83 -
21615at4891_7|ptg000008l:39048-39641   -            198 21615at4891          -            179   2.8e-06   24.8   0.2   1   1   4.1e-07   3.7e-05   21.2   0.2    13   140     2   148     1   179 0.70 -
6341at4891_5|ptg000013l:63181-64929    -            583 21615at4891          -            179     5e-06   24.0   0.0   1   2    0.0017      0.15    9.4   0.0    11    43   365   397   349   406 0.82 -
6341at4891_5|ptg000013l:63181-64929    -            583 21615at4891          -            179     5e-06   24.0   0.0   2   2   0.00032     0.028   11.8   0.0    96   141   487   532   465   567 0.80 -
21615at4891_9|ptg000017l:18074-18715   -            214 21615at4891          -            179   0.00023   18.6   0.1   1   2   7.7e-05    0.0069   13.8   0.1    13    44     3    34     1    47 0.84 -
21615at4891_9|ptg000017l:18074-18715   -            214 21615at4891          -            179   0.00023   18.6   0.1   2   2      0.18        16    2.8   0.0    99   126   125   152    98   169 0.88 -
21615at4891|ptg000011l:930044-930628   -            195 21615at4891          -            179   0.00026   18.4   0.1   1   2   7.1e-05    0.0063   13.9   0.0    13    47    16    50    11    63 0.86 -
21615at4891|ptg000011l:930044-930628   -            195 21615at4891          -            179   0.00026   18.4   0.1   2   2      0.24        21    2.4   0.0   104   132   142   171   106   193 0.69 -
13964at4891|ptg000017l:584994-587345   -            784 21615at4891          -            179    0.0003   18.2   0.0   1   1   7.6e-06   0.00068   17.0   0.0    15    45   490   520   483   529 0.91 -
12292at4891_8|ptg000003l:664041-666623 -            861 21615at4891          -            179    0.0004   17.8   0.8   1   3       8.6   7.7e+02   -2.7   0.0     6    36   441   471   437   482 0.86 -
12292at4891_8|ptg000003l:664041-666623 -            861 21615at4891          -            179    0.0004   17.8   0.8   2   3    0.0031      0.28    8.5   0.0    22    44   628   650   607   653 0.80 -
12292at4891_8|ptg000003l:664041-666623 -            861 21615at4891          -            179    0.0004   17.8   0.8   3   3     0.015       1.4    6.3   0.1    81   144   722   784   705   794 0.76 -
1597at4891_4|ptg000003l:491999-493627  -            543 21615at4891          -            179   0.00057   17.3   0.0   1   2   0.00038     0.034   11.5   0.0    19    46    43    70    31   118 0.74 -
1597at4891_4|ptg000003l:491999-493627  -            543 21615at4891          -            179   0.00057   17.3   0.0   2   2      0.12        11    3.3   0.0   104   144   163   204   136   224 0.83 -
0at4891_2|ptg000004l:328702-343431     -           4910 21615at4891          -            179   0.00059   17.2   5.4   1   4      0.16        14    3.0   0.0    11    46   296   331   290   346 0.81 -
0at4891_2|ptg000004l:328702-343431     -           4910 21615at4891          -            179   0.00059   17.2   5.4   2   4    0.0046      0.41    8.0   0.1    12    44   635   667   626   679 0.84 -
0at4891_2|ptg000004l:328702-343431     -           4910 21615at4891          -            179   0.00059   17.2   5.4   3   4     0.057       5.1    4.4   0.0    20    44  1358  1382  1347  1424 0.87 -
0at4891_2|ptg000004l:328702-343431     -           4910 21615at4891          -            179   0.00059   17.2   5.4   4   4       3.7   3.3e+02   -1.5   0.1    14    45  1731  1762  1725  1770 0.80 -
10975at4891_2|ptg000006l:339019-341028 -            670 21615at4891          -            179    0.0019   15.6   0.2   1   1   4.4e-05     0.004   14.5   0.2   127   161   542   579   491   591 0.78 -
16056at4891_2|ptg000013l:419668-422982 -           1105 21615at4891          -            179    0.0032   14.8   0.9   1   3     0.009      0.81    7.0   0.0    17    43    89   114    76   124 0.74 -
16056at4891_2|ptg000013l:419668-422982 -           1105 21615at4891          -            179    0.0032   14.8   0.9   2   3      0.19        17    2.7   0.0   142   176   241   275   233   277 0.87 -
16056at4891_2|ptg000013l:419668-422982 -           1105 21615at4891          -            179    0.0032   14.8   0.9   3   3      0.51        45    1.3   0.1    96   136  1007  1051   985  1071 0.76 -
1597at4891_4|ptg000011l:617896-619518  -            541 21615at4891          -            179    0.0033   14.8   0.2   1   2   0.00085     0.076   10.4   0.0    13    46    23    56    12    65 0.87 -
1597at4891_4|ptg000011l:617896-619518  -            541 21615at4891          -            179    0.0033   14.8   0.2   2   2      0.31        27    2.0   0.0   103   149   148   198   112   219 0.62 -
1597at4891_4|ptg000005l:242142-243806  -            555 21615at4891          -            179    0.0065   13.9   0.5   1   2   0.00096     0.086   10.2   0.0    13    46    44    77    40    90 0.86 -
1597at4891_4|ptg000005l:242142-243806  -            555 21615at4891          -            179    0.0065   13.9   0.5   2   2      0.65        58    1.0   0.0   105   132   171   199   133   240 0.64 -
33356at4891_7|ptg000001l:141237-141881 -            215 21615at4891          -            179     0.012   13.0   0.0   1   1   0.00025     0.022   12.1   0.0    24    71    21    67    15    85 0.81 -
22405at4891_9|ptg000006l:170119-170961 -            281 21615at4891          -            179     0.018   12.4   0.0   1   2   0.00074     0.066   10.6   0.0    25    60     8    43     2    70 0.82 -
22405at4891_9|ptg000006l:170119-170961 -            281 21615at4891          -            179     0.018   12.4   0.0   2   2       3.9   3.4e+02   -1.6   0.0   113   139   230   256   225   275 0.70 -
#
# Program:         hmmsearch
# Version:         3.1b2 (February 2015)
# Pipeline mode:   SEARCH
# Query file:      /home/inf-39-2023/bin/BINP29/Denovo/2_Assembly/busco_downloads/lineages/saccharomycetes_odb10/hmms/21615at4891.hmm
# Target file:     /home/inf-39-2023/bin/BINP29/Denovo/2_Assembly/BUSCO_SRR.asm.bp.p_ctg.fasta/run_saccharomycetes_odb10/metaeuk_output/initial_results/SRR.asm.bp.p_ctg.fasta.modified.fas
# Option settings: hmmsearch --domtblout /home/inf-39-2023/bin/BINP29/Denovo/2_Assembly/BUSCO_SRR.asm.bp.p_ctg.fasta/run_saccharomycetes_odb10/hmmer_output/initial_run_results/21615at4891.out --cpu 1 /home/inf-39-2023/bin/BINP29/Denovo/2_Assembly/busco_downloads/lineages/saccharomycetes_odb10/hmms/21615at4891.hmm /home/inf-39-2023/bin/BINP29/Denovo/2_Assembly/BUSCO_SRR.asm.bp.p_ctg.fasta/run_saccharomycetes_odb10/metaeuk_output/initial_results/SRR.asm.bp.p_ctg.fasta.modified.fas 
# Current dir:     /home/inf-39-2023/bin/BINP29/Denovo/2_Assembly
# Date:            Wed Feb 21 15:52:42 2024
# [ok]
