#                                                                                               --- full sequence --- -------------- this domain -------------   hmm coord   ali coord   env coord
# target name                           accession   tlen query name           accession   qlen   E-value  score  bias   #  of  c-Evalue  i-Evalue  score  bias  from    to  from    to  from    to  acc description of target
#                   ------------------- ---------- ----- -------------------- ---------- ----- --------- ------ ----- --- --- --------- --------- ------ ----- ----- ----- ----- ----- ----- ----- ---- ---------------------
2171at4891_2|ptg000005l:1479790-1482768 -            993 2171at4891           -            621    1e-217  721.8  63.2   1   7   7.8e-71     1e-67  226.3  22.5     7   155    24   181    19   194 0.93 -
2171at4891_2|ptg000005l:1479790-1482768 -            993 2171at4891           -            621    1e-217  721.8  63.2   2   7     1e-21   1.4e-18   64.1   0.0   154   214   218   278   200   281 0.93 -
2171at4891_2|ptg000005l:1479790-1482768 -            993 2171at4891           -            621    1e-217  721.8  63.2   3   7     6e-37     8e-34  114.4  13.8   207   382   297   547   290   557 0.75 -
2171at4891_2|ptg000005l:1479790-1482768 -            993 2171at4891           -            621    1e-217  721.8  63.2   4   7   2.1e-14   2.8e-11   40.0   0.2   368   407   572   611   558   621 0.82 -
2171at4891_2|ptg000005l:1479790-1482768 -            993 2171at4891           -            621    1e-217  721.8  63.2   5   7      0.24   3.2e+02   -3.2   0.0   404   426   632   654   626   661 0.80 -
2171at4891_2|ptg000005l:1479790-1482768 -            993 2171at4891           -            621    1e-217  721.8  63.2   6   7     8e-82   1.1e-78  262.6   0.3   431   597   705   887   681   891 0.92 -
2171at4891_2|ptg000005l:1479790-1482768 -            993 2171at4891           -            621    1e-217  721.8  63.2   7   7   1.9e-09   2.6e-06   23.5   0.0   594   621   909   936   903   936 0.94 -
25196at4891_2|ptg000002l:79665-81581    -            639 2171at4891           -            621   2.2e-08   30.4   0.0   1   1   3.8e-11   5.1e-08   29.2   0.0   454   592   453   608   435   635 0.64 -
#
# Program:         hmmsearch
# Version:         3.1b2 (February 2015)
# Pipeline mode:   SEARCH
# Query file:      /home/inf-39-2023/bin/BINP29/Denovo/2_Assembly/busco_downloads/lineages/saccharomycetes_odb10/hmms/2171at4891.hmm
# Target file:     /home/inf-39-2023/bin/BINP29/Denovo/2_Assembly/BUSCO_SRR.asm.bp.p_ctg.fasta/run_saccharomycetes_odb10/metaeuk_output/initial_results/SRR.asm.bp.p_ctg.fasta.modified.fas
# Option settings: hmmsearch --domtblout /home/inf-39-2023/bin/BINP29/Denovo/2_Assembly/BUSCO_SRR.asm.bp.p_ctg.fasta/run_saccharomycetes_odb10/hmmer_output/initial_run_results/2171at4891.out --cpu 1 /home/inf-39-2023/bin/BINP29/Denovo/2_Assembly/busco_downloads/lineages/saccharomycetes_odb10/hmms/2171at4891.hmm /home/inf-39-2023/bin/BINP29/Denovo/2_Assembly/BUSCO_SRR.asm.bp.p_ctg.fasta/run_saccharomycetes_odb10/metaeuk_output/initial_results/SRR.asm.bp.p_ctg.fasta.modified.fas 
# Current dir:     /home/inf-39-2023/bin/BINP29/Denovo/2_Assembly
# Date:            Wed Feb 21 15:52:40 2024
# [ok]
