#                                                                                              --- full sequence --- -------------- this domain -------------   hmm coord   ali coord   env coord
# target name                          accession   tlen query name           accession   qlen   E-value  score  bias   #  of  c-Evalue  i-Evalue  score  bias  from    to  from    to  from    to  acc description of target
#                  ------------------- ---------- ----- -------------------- ---------- ----- --------- ------ ----- --- --- --------- --------- ------ ----- ----- ----- ----- ----- ----- ----- ---- ---------------------
22104at4891_2|ptg000011l:873897-876134 -            746 22104at4891          -            477  1.7e-158  525.5  34.1   1   5   1.4e-08   7.4e-06   22.1   0.0     1    35     6    41     6    67 0.83 -
22104at4891_2|ptg000011l:873897-876134 -            746 22104at4891          -            477  1.7e-158  525.5  34.1   2   5   1.4e-40   7.3e-38  127.6   0.1    21   136   111   237    95   254 0.86 -
22104at4891_2|ptg000011l:873897-876134 -            746 22104at4891          -            477  1.7e-158  525.5  34.1   3   5   5.7e-65   3.1e-62  208.0  11.9   150   344   292   535   285   541 0.79 -
22104at4891_2|ptg000011l:873897-876134 -            746 22104at4891          -            477  1.7e-158  525.5  34.1   4   5   6.9e-41   3.7e-38  128.6   3.7   338   428   546   645   543   652 0.91 -
22104at4891_2|ptg000011l:873897-876134 -            746 22104at4891          -            477  1.7e-158  525.5  34.1   5   5   5.7e-16     3e-13   46.5   0.9   413   469   657   720   644   730 0.78 -
22104at4891_2|ptg000007l:722048-724216 -            723 22104at4891          -            477  2.2e-148  492.1  37.3   1   5   3.7e-08     2e-05   20.7   0.0     1    34     6    40     6    44 0.91 -
22104at4891_2|ptg000007l:722048-724216 -            723 22104at4891          -            477  2.2e-148  492.1  37.3   2   5   9.8e-36   5.3e-33  111.6   2.3    23   136    75   210    54   231 0.83 -
22104at4891_2|ptg000007l:722048-724216 -            723 22104at4891          -            477  2.2e-148  492.1  37.3   3   5   1.2e-07   6.7e-05   19.0   1.4   150   198   265   325   259   334 0.79 -
22104at4891_2|ptg000007l:722048-724216 -            723 22104at4891          -            477  2.2e-148  492.1  37.3   4   5     2e-94   1.1e-91  305.1  11.0   185   427   335   623   327   631 0.87 -
22104at4891_2|ptg000007l:722048-724216 -            723 22104at4891          -            477  2.2e-148  492.1  37.3   5   5   1.2e-14   6.2e-12   42.1   0.9   422   466   644   688   626   708 0.76 -
22104at4891_8|ptg000007l:721351-724186 -            830 22104at4891          -            477  5.5e-146  484.2  37.3   1   5   3.2e-06    0.0017   14.3   0.0     8    34   131   157   126   162 0.90 -
22104at4891_8|ptg000007l:721351-724186 -            830 22104at4891          -            477  5.5e-146  484.2  37.3   2   5   1.1e-35     6e-33  111.4   2.2    23   136   192   327   170   350 0.83 -
22104at4891_8|ptg000007l:721351-724186 -            830 22104at4891          -            477  5.5e-146  484.2  37.3   3   5   1.6e-07   8.8e-05   18.6   1.5   150   198   382   442   377   446 0.78 -
22104at4891_8|ptg000007l:721351-724186 -            830 22104at4891          -            477  5.5e-146  484.2  37.3   4   5   2.5e-94   1.4e-91  304.8  10.9   185   427   452   740   443   748 0.87 -
22104at4891_8|ptg000007l:721351-724186 -            830 22104at4891          -            477  5.5e-146  484.2  37.3   5   5   1.4e-14   7.3e-12   41.9   0.9   422   466   761   805   742   825 0.76 -
22104at4891_8|ptg000017l:180233-182275 -            681 22104at4891          -            477   8.2e-55  183.5  12.6   1   4   4.6e-16   2.5e-13   46.8   0.0    25   150    20   160     3   179 0.76 -
22104at4891_8|ptg000017l:180233-182275 -            681 22104at4891          -            477   8.2e-55  183.5  12.6   2   4     0.027        14    1.4   0.1   146   170   190   215   185   230 0.81 -
22104at4891_8|ptg000017l:180233-182275 -            681 22104at4891          -            477   8.2e-55  183.5  12.6   3   4   4.6e-13   2.4e-10   36.9   0.1   199   265   289   359   254   366 0.82 -
22104at4891_8|ptg000017l:180233-182275 -            681 22104at4891          -            477   8.2e-55  183.5  12.6   4   4   7.2e-33   3.9e-30  102.2   3.2   307   459   476   652   443   671 0.78 -
22104at4891_8|ptg000006l:517062-519029 -            656 22104at4891          -            477   1.9e-52  175.8  11.1   1   4   1.7e-15     9e-13   44.9   0.0    26   140    21   145     1   169 0.79 -
22104at4891_8|ptg000006l:517062-519029 -            656 22104at4891          -            477   1.9e-52  175.8  11.1   2   4      0.28   1.5e+02   -2.0   0.1   150   169   192   211   187   225 0.86 -
22104at4891_8|ptg000006l:517062-519029 -            656 22104at4891          -            477   1.9e-52  175.8  11.1   3   4   1.7e-12   9.3e-10   35.0   0.0   193   257   278   347   248   390 0.85 -
22104at4891_8|ptg000006l:517062-519029 -            656 22104at4891          -            477   1.9e-52  175.8  11.1   4   4   1.2e-31   6.2e-29   98.2   2.7   301   458   466   650   439   654 0.79 -
#
# Program:         hmmsearch
# Version:         3.1b2 (February 2015)
# Pipeline mode:   SEARCH
# Query file:      /home/inf-39-2023/bin/BINP29/Denovo/2_Assembly/busco_downloads/lineages/saccharomycetes_odb10/hmms/22104at4891.hmm
# Target file:     /home/inf-39-2023/bin/BINP29/Denovo/2_Assembly/BUSCO_SRR.asm.bp.p_ctg.fasta/run_saccharomycetes_odb10/metaeuk_output/initial_results/SRR.asm.bp.p_ctg.fasta.modified.fas
# Option settings: hmmsearch --domtblout /home/inf-39-2023/bin/BINP29/Denovo/2_Assembly/BUSCO_SRR.asm.bp.p_ctg.fasta/run_saccharomycetes_odb10/hmmer_output/initial_run_results/22104at4891.out --cpu 1 /home/inf-39-2023/bin/BINP29/Denovo/2_Assembly/busco_downloads/lineages/saccharomycetes_odb10/hmms/22104at4891.hmm /home/inf-39-2023/bin/BINP29/Denovo/2_Assembly/BUSCO_SRR.asm.bp.p_ctg.fasta/run_saccharomycetes_odb10/metaeuk_output/initial_results/SRR.asm.bp.p_ctg.fasta.modified.fas 
# Current dir:     /home/inf-39-2023/bin/BINP29/Denovo/2_Assembly
# Date:            Wed Feb 21 15:52:41 2024
# [ok]
