#                                                                                                --- full sequence --- -------------- this domain -------------   hmm coord   ali coord   env coord
# target name                            accession   tlen query name           accession   qlen   E-value  score  bias   #  of  c-Evalue  i-Evalue  score  bias  from    to  from    to  from    to  acc description of target
#                    ------------------- ---------- ----- -------------------- ---------- ----- --------- ------ ----- --- --- --------- --------- ------ ----- ----- ----- ----- ----- ----- ----- ---- ---------------------
22443at4891_4|ptg000006l:168487-169395   -            303 22443at4891          -            266    1e-154  511.0  14.2   1   2  1.6e-111  1.3e-109  363.0   4.4     1   180     4   188     4   195 0.97 -
22443at4891_4|ptg000006l:168487-169395   -            303 22443at4891          -            266    1e-154  511.0  14.2   2   2   1.1e-47     9e-46  153.7   2.2   177   261   204   288   197   297 0.96 -
22443at4891_6|ptg000009l:259597-260451   -            285 22443at4891          -            266   2.3e-67  224.5   2.2   1   2   6.7e-52   5.6e-50  167.5   0.6     1   178     3   180     3   188 0.93 -
22443at4891_6|ptg000009l:259597-260451   -            285 22443at4891          -            266   2.3e-67  224.5   2.2   2   2   3.9e-18   3.3e-16   56.8   0.0   180   261   202   282   193   284 0.92 -
18954at4891_7|ptg000009l:145631-146521   -            297 22443at4891          -            266   4.3e-28   95.8   3.4   1   2   2.6e-12   2.2e-10   37.7   0.1     9    94     8   100     2   105 0.84 -
18954at4891_7|ptg000009l:145631-146521   -            297 22443at4891          -            266   4.3e-28   95.8   3.4   2   2   9.4e-19   7.9e-17   58.8   0.4    13   178   111   293   100   296 0.73 -
12347at4891_2|ptg000003l:336514-339216   -            901 22443at4891          -            266   5.5e-27   92.1   0.3   1   2     1e-18   8.4e-17   58.8   0.2    10   176   535   705   525   709 0.86 -
12347at4891_2|ptg000003l:336514-339216   -            901 22443at4891          -            266   5.5e-27   92.1   0.3   2   2     3e-10   2.5e-08   30.9   0.0    10    88   731   812   725   819 0.86 -
18954at4891_7|ptg000016l:101226-102230   -            335 22443at4891          -            266   2.1e-26   90.3   0.3   1   2   3.3e-12   2.8e-10   37.4   0.0    10    92    48   136    41   143 0.81 -
18954at4891_7|ptg000016l:101226-102230   -            335 22443at4891          -            266   2.1e-26   90.3   0.3   2   2   1.9e-16   1.6e-14   51.3   0.0    12   176   148   326   138   331 0.77 -
17771at4891_2|ptg000002l:211295-212425   -            377 22443at4891          -            266   1.2e-25   87.7   0.4   1   3     0.021       1.8    5.2   0.0    10    38    56    84    48   103 0.78 -
17771at4891_2|ptg000002l:211295-212425   -            377 22443at4891          -            266   1.2e-25   87.7   0.4   2   3   0.00036      0.03   11.0   0.0   216   261   117   162   101   167 0.84 -
17771at4891_2|ptg000002l:211295-212425   -            377 22443at4891          -            266   1.2e-25   87.7   0.4   3   3   3.1e-21   2.6e-19   67.0   0.0    11   177   180   371   172   376 0.77 -
18807at4891_2|ptg000007l:571692-572783   -            364 22443at4891          -            266     5e-22   75.9   3.3   1   2   2.4e-19     2e-17   60.8   0.1    10   181    54   237    47   246 0.85 -
18807at4891_2|ptg000007l:571692-572783   -            364 22443at4891          -            266     5e-22   75.9   3.3   2   2   0.00057     0.048   10.4   0.5    11    38   258   285   253   357 0.63 -
18807at4891_3|ptg000006l:591591-592481   -            297 22443at4891          -            266   7.9e-22   75.2   4.6   1   2   1.5e-22   1.2e-20   71.3   1.5    10   180    29   201    23   207 0.89 -
18807at4891_3|ptg000006l:591591-592481   -            297 22443at4891          -            266   7.9e-22   75.2   4.6   2   2     0.073       6.1    3.5   0.1    10    38   215   243   206   260 0.81 -
18807at4891|ptg000017l:140409-141215     -            269 22443at4891          -            266   8.5e-22   75.1   2.0   1   2   3.7e-22   3.1e-20   70.0   0.5    11   180     2   173     1   180 0.90 -
18807at4891|ptg000017l:140409-141215     -            269 22443at4891          -            266   8.5e-22   75.1   2.0   2   2     0.065       5.4    3.6   0.0    11    38   188   215   178   269 0.68 -
19275at4891_4|ptg000011l:753794-754705   -            304 22443at4891          -            266   1.1e-20   71.5   1.5   1   2   1.8e-16   1.5e-14   51.4   0.3    10   172    15   190    10   203 0.84 -
19275at4891_4|ptg000011l:753794-754705   -            304 22443at4891          -            266   1.1e-20   71.5   1.5   2   2   1.9e-06   0.00016   18.5   0.0    11    73   215   282   208   301 0.78 -
31279at4891_2|ptg000008l:419567-420493   -            309 22443at4891          -            266   1.1e-19   68.2   4.6   1   2   6.6e-14   5.5e-12   43.0   0.3     8   158    13   167     8   258 0.77 -
31279at4891_2|ptg000008l:419567-420493   -            309 22443at4891          -            266   1.1e-19   68.2   4.6   2   2   2.6e-11   2.1e-09   34.5   0.5    12   179   113   303   102   306 0.74 -
19275at4891_5|ptg000003l:640435-641331   -            299 22443at4891          -            266   2.8e-19   66.9   1.7   1   2   3.7e-14   3.1e-12   43.8   1.3    11   172     5   184     2   195 0.82 -
19275at4891_5|ptg000003l:640435-641331   -            299 22443at4891          -            266   2.8e-19   66.9   1.7   2   2   8.1e-07   6.8e-05   19.7   0.0    10    71   208   271   199   285 0.83 -
28186at4891_7|ptg000003l:355829-356806   -            326 22443at4891          -            266   2.1e-18   64.0   1.1   1   2   1.3e-10   1.1e-08   32.2   0.1     6    96    22   114    17   122 0.88 -
28186at4891_7|ptg000003l:355829-356806   -            326 22443at4891          -            266   2.1e-18   64.0   1.1   2   2   2.1e-09   1.8e-07   28.2   0.1    11   177   127   318   121   323 0.75 -
19275at4891_3|ptg000006l:135950-136909   -            320 22443at4891          -            266   3.2e-18   63.4   4.2   1   2   1.2e-13     1e-11   42.1   1.2    23   177    25   196    11   203 0.77 -
19275at4891_3|ptg000006l:135950-136909   -            320 22443at4891          -            266   3.2e-18   63.4   4.2   2   2   8.1e-07   6.8e-05   19.7   0.1    16    99   222   310   214   312 0.72 -
25148at4891_6|ptg000002l:369437-370294   -            286 22443at4891          -            266   1.1e-15   55.1   2.2   1   3   3.1e-08   2.6e-06   24.4   0.4   185   261     1    75     1    78 0.92 -
25148at4891_6|ptg000002l:369437-370294   -            286 22443at4891          -            266   1.1e-15   55.1   2.2   2   3     0.029       2.5    4.8   0.0   117   188   121   194   104   198 0.73 -
25148at4891_6|ptg000002l:369437-370294   -            286 22443at4891          -            266   1.1e-15   55.1   2.2   3   3   4.7e-08   3.9e-06   23.8   0.0     8    77   202   275   200   285 0.78 -
27889at4891_8|ptg000014l:152116-152928   -            271 22443at4891          -            266   1.4e-15   54.8   0.2   1   2   7.9e-07   6.6e-05   19.7   0.0    11   177     8   173     2   176 0.73 -
27889at4891_8|ptg000014l:152116-152928   -            271 22443at4891          -            266   1.4e-15   54.8   0.2   2   2   4.3e-10   3.6e-08   30.4   0.2     8    86   191   267   184   271 0.91 -
19275at4891_1|ptg000002l:29706-30533     -            276 22443at4891          -            266   7.1e-15   52.4   2.0   1   2   3.4e-09   2.8e-07   27.5   0.2    12   177     2   179     1   187 0.75 -
19275at4891_1|ptg000002l:29706-30533     -            276 22443at4891          -            266   7.1e-15   52.4   2.0   2   2     3e-08   2.5e-06   24.4   0.1    11    84   203   276   198   276 0.92 -
25148at4891|ptg000011l:514274-515254     -            327 22443at4891          -            266   2.6e-14   50.6   4.9   1   2   2.9e-10   2.4e-08   31.0   1.6     7   177    36   217    31   224 0.75 -
25148at4891|ptg000011l:514274-515254     -            327 22443at4891          -            266   2.6e-14   50.6   4.9   2   2   3.9e-07   3.3e-05   20.7   0.1     8    89   241   321   237   327 0.81 -
25148at4891_0|ptg000013l:361422-362216   -            265 22443at4891          -            266   5.4e-14   49.5   0.1   1   1   2.9e-08   2.4e-06   24.4   0.0    27   174   107   263    81   265 0.80 -
25148at4891_6|ptg000003l:265214-266029   -            272 22443at4891          -            266     6e-14   49.4   3.0   1   2   6.3e-07   5.3e-05   20.1   0.2   185   261     1    75     1    77 0.87 -
25148at4891_6|ptg000003l:265214-266029   -            272 22443at4891          -            266     6e-14   49.4   3.0   2   2   2.9e-09   2.4e-07   27.7   0.3    14   178    97   272    85   272 0.69 -
30524at4891_4|ptg000011l:570910-571749   -            280 22443at4891          -            266     1e-13   48.6   1.8   1   2     0.002      0.17    8.6   0.0    13    88     8    84     2    97 0.82 -
30524at4891_4|ptg000011l:570910-571749   -            280 22443at4891          -            266     1e-13   48.6   1.8   2   2   1.3e-12   1.1e-10   38.7   0.7    10   179    99   278    90   280 0.75 -
28186at4891_7|ptg000002l:401376-402227   -            284 22443at4891          -            266   1.6e-13   48.0   5.4   1   2   1.8e-08   1.5e-06   25.2   1.8     6   187     6   206     2   215 0.76 -
28186at4891_7|ptg000002l:401376-402227   -            284 22443at4891          -            266   1.6e-13   48.0   5.4   2   2   2.5e-07   2.1e-05   21.4   0.1     8    71   213   277   207   283 0.78 -
21192at4891_4|ptg000008l:86993-88045     -            351 22443at4891          -            266   2.1e-13   47.6   0.1   1   4     0.015       1.2    5.8   0.0   105   159     9    63     5    79 0.72 -
21192at4891_4|ptg000008l:86993-88045     -            351 22443at4891          -            266   2.1e-13   47.6   0.1   2   4   3.8e-05    0.0031   14.2   0.0   135   180    94   139    82   147 0.89 -
21192at4891_4|ptg000008l:86993-88045     -            351 22443at4891          -            266   2.1e-13   47.6   0.1   3   4     0.015       1.3    5.7   0.0    12    42   155   185   146   247 0.58 -
21192at4891_4|ptg000008l:86993-88045     -            351 22443at4891          -            266   2.1e-13   47.6   0.1   4   4   8.5e-06   0.00071   16.4   0.0    11    90   264   351   252   351 0.74 -
30869at4891_2|ptg000005l:1258080-1258979 -            300 22443at4891          -            266   2.3e-13   47.5   0.6   1   2   8.2e-06   0.00068   16.4   0.1    13   179     9   190     3   193 0.60 -
30869at4891_2|ptg000005l:1258080-1258979 -            300 22443at4891          -            266   2.3e-13   47.5   0.6   2   2   4.3e-08   3.6e-06   23.9   0.0    15    90   225   299   210   300 0.84 -
28186at4891_0|ptg000002l:643748-644623   -            292 22443at4891          -            266   3.6e-13   46.8   3.9   1   2   5.6e-09   4.7e-07   26.8   1.1    10   181    10   200     3   213 0.76 -
28186at4891_0|ptg000002l:643748-644623   -            292 22443at4891          -            266   3.6e-13   46.8   3.9   2   2   1.8e-06   0.00015   18.6   0.1     7    70   212   276   206   290 0.78 -
22304at4891_6|ptg000005l:1401102-1402001 -            300 22443at4891          -            266   5.9e-13   46.1   0.1   1   2   6.1e-08   5.1e-06   23.4   0.1    13   166    16   183     7   196 0.70 -
22304at4891_6|ptg000005l:1401102-1402001 -            300 22443at4891          -            266   5.9e-13   46.1   0.1   2   2   6.1e-07   5.1e-05   20.1   0.0     5    72   209   276   202   290 0.80 -
28982at4891_4|ptg000016l:348187-349101   -            305 22443at4891          -            266   9.6e-13   45.4   1.7   1   2   7.5e-05    0.0063   13.3   0.1    12    93     9    99     3   108 0.74 -
28982at4891_4|ptg000016l:348187-349101   -            305 22443at4891          -            266   9.6e-13   45.4   1.7   2   2   1.9e-09   1.6e-07   28.3   0.3    10   177   123   300   115   302 0.77 -
28186at4891_3|ptg000007l:359493-360305   -            271 22443at4891          -            266   5.1e-12   43.1   1.1   1   3    0.0028      0.24    8.1   0.0   133   172    40    79     6    91 0.83 -
28186at4891_3|ptg000007l:359493-360305   -            271 22443at4891          -            266   5.1e-12   43.1   1.1   2   3   2.9e-05    0.0024   14.6   0.1    41    89   144   192    97   199 0.72 -
28186at4891_3|ptg000007l:359493-360305   -            271 22443at4891          -            266   5.1e-12   43.1   1.1   3   3   5.1e-06   0.00042   17.1   0.0     7    69   204   267   198   270 0.82 -
22313at4891_2|ptg000017l:455481-456446   -            322 22443at4891          -            266   5.6e-12   42.9  13.0   1   2     1e-08   8.7e-07   25.9   4.6    10   210    24   258    14   261 0.72 -
22313at4891_2|ptg000017l:455481-456446   -            322 22443at4891          -            266   5.6e-12   42.9  13.0   2   2   7.8e-10   6.5e-08   29.6   1.2    25   179   145   308   121   316 0.84 -
18510at4891_2|ptg000015l:100027-101022   -            332 22443at4891          -            266   1.2e-10   38.6   1.4   1   2   2.2e-08   1.9e-06   24.8   0.1     8   173    10   198     3   245 0.76 -
18510at4891_2|ptg000015l:100027-101022   -            332 22443at4891          -            266   1.2e-10   38.6   1.4   2   2    0.0015      0.13    9.0   0.1   143   178   291   326   242   329 0.58 -
22538at4891_4|ptg000014l:304929-306545   -            539 22443at4891          -            266   2.1e-09   34.5   3.9   1   2   3.8e-06   0.00032   17.5   1.7    46   168   283   415   272   424 0.79 -
22538at4891_4|ptg000014l:304929-306545   -            539 22443at4891          -            266   2.1e-09   34.5   3.9   2   2   2.7e-05    0.0023   14.7   0.0    13    89   455   535   448   538 0.76 -
18807at4891_3|ptg000001l:27934-28821     -            296 22443at4891          -            266     7e-07   26.2   4.9   1   3      0.12        10    2.7   0.1     5    70     2    67     1    75 0.68 -
18807at4891_3|ptg000001l:27934-28821     -            296 22443at4891          -            266     7e-07   26.2   4.9   2   3       3.9   3.3e+02   -2.2   0.0   168   195    82   110    73   128 0.60 -
18807at4891_3|ptg000001l:27934-28821     -            296 22443at4891          -            266     7e-07   26.2   4.9   3   3   4.7e-08   3.9e-06   23.8   1.5   136   259   161   294   139   295 0.74 -
#
# Program:         hmmsearch
# Version:         3.1b2 (February 2015)
# Pipeline mode:   SEARCH
# Query file:      /home/inf-39-2023/bin/BINP29/Denovo/2_Assembly/busco_downloads/lineages/saccharomycetes_odb10/hmms/22443at4891.hmm
# Target file:     /home/inf-39-2023/bin/BINP29/Denovo/2_Assembly/BUSCO_SRR.asm.bp.p_ctg.fasta/run_saccharomycetes_odb10/metaeuk_output/initial_results/SRR.asm.bp.p_ctg.fasta.modified.fas
# Option settings: hmmsearch --domtblout /home/inf-39-2023/bin/BINP29/Denovo/2_Assembly/BUSCO_SRR.asm.bp.p_ctg.fasta/run_saccharomycetes_odb10/hmmer_output/initial_run_results/22443at4891.out --cpu 1 /home/inf-39-2023/bin/BINP29/Denovo/2_Assembly/busco_downloads/lineages/saccharomycetes_odb10/hmms/22443at4891.hmm /home/inf-39-2023/bin/BINP29/Denovo/2_Assembly/BUSCO_SRR.asm.bp.p_ctg.fasta/run_saccharomycetes_odb10/metaeuk_output/initial_results/SRR.asm.bp.p_ctg.fasta.modified.fas 
# Current dir:     /home/inf-39-2023/bin/BINP29/Denovo/2_Assembly
# Date:            Wed Feb 21 15:52:43 2024
# [ok]
