#                                                                                              --- full sequence --- -------------- this domain -------------   hmm coord   ali coord   env coord
# target name                          accession   tlen query name           accession   qlen   E-value  score  bias   #  of  c-Evalue  i-Evalue  score  bias  from    to  from    to  from    to  acc description of target
#                  ------------------- ---------- ----- -------------------- ---------- ----- --------- ------ ----- --- --- --------- --------- ------ ----- ----- ----- ----- ----- ----- ----- ---- ---------------------
23386at4891_4|ptg000016l:40442-41503   -            354 23386at4891          -            207   1.4e-71  237.6  14.4   1   4   6.9e-11   4.7e-08   30.1   0.4     1    55     6    82     6    85 0.76 -
23386at4891_4|ptg000016l:40442-41503   -            354 23386at4891          -            207   1.4e-71  237.6  14.4   2   4   2.6e-21   1.8e-18   64.2   0.0    54   112   103   165    87   171 0.89 -
23386at4891_4|ptg000016l:40442-41503   -            354 23386at4891          -            207   1.4e-71  237.6  14.4   3   4   6.9e-12   4.6e-09   33.4   0.2   103   146   208   251   181   260 0.88 -
23386at4891_4|ptg000016l:40442-41503   -            354 23386at4891          -            207   1.4e-71  237.6  14.4   4   4   4.9e-37   3.3e-34  115.6   2.2   140   207   266   336   255   336 0.91 -
8466at4891_2|ptg000002l:54175-56607    -            811 23386at4891          -            207   6.2e-08   29.7   0.4   1   3     0.072        48    0.7   0.0    51    91   471   512   447   526 0.75 -
8466at4891_2|ptg000002l:54175-56607    -            811 23386at4891          -            207   6.2e-08   29.7   0.4   2   3     0.032        21    1.8   0.0     2    29   591   624   590   635 0.78 -
8466at4891_2|ptg000002l:54175-56607    -            811 23386at4891          -            207   6.2e-08   29.7   0.4   3   3   1.1e-08   7.1e-06   23.0   0.1    39    92   701   760   675   801 0.67 -
28663at4891_6|ptg000014l:394238-395488 -            417 23386at4891          -            207    0.0017   15.2   0.0   1   1   5.5e-06    0.0037   14.1   0.0    42    80   156   194   150   213 0.80 -
18887at4891_7|ptg000001l:60838-62490   -            551 23386at4891          -            207     0.021   11.7   0.0   1   1   6.2e-05     0.042   10.7   0.0    41    81   261   302   244   327 0.82 -
#
# Program:         hmmsearch
# Version:         3.1b2 (February 2015)
# Pipeline mode:   SEARCH
# Query file:      /home/inf-39-2023/bin/BINP29/Denovo/2_Assembly/busco_downloads/lineages/saccharomycetes_odb10/hmms/23386at4891.hmm
# Target file:     /home/inf-39-2023/bin/BINP29/Denovo/2_Assembly/BUSCO_SRR.asm.bp.p_ctg.fasta/run_saccharomycetes_odb10/metaeuk_output/initial_results/SRR.asm.bp.p_ctg.fasta.modified.fas
# Option settings: hmmsearch --domtblout /home/inf-39-2023/bin/BINP29/Denovo/2_Assembly/BUSCO_SRR.asm.bp.p_ctg.fasta/run_saccharomycetes_odb10/hmmer_output/initial_run_results/23386at4891.out --cpu 1 /home/inf-39-2023/bin/BINP29/Denovo/2_Assembly/busco_downloads/lineages/saccharomycetes_odb10/hmms/23386at4891.hmm /home/inf-39-2023/bin/BINP29/Denovo/2_Assembly/BUSCO_SRR.asm.bp.p_ctg.fasta/run_saccharomycetes_odb10/metaeuk_output/initial_results/SRR.asm.bp.p_ctg.fasta.modified.fas 
# Current dir:     /home/inf-39-2023/bin/BINP29/Denovo/2_Assembly
# Date:            Wed Feb 21 15:52:42 2024
# [ok]
