#                                                                                              --- full sequence --- -------------- this domain -------------   hmm coord   ali coord   env coord
# target name                          accession   tlen query name           accession   qlen   E-value  score  bias   #  of  c-Evalue  i-Evalue  score  bias  from    to  from    to  from    to  acc description of target
#                  ------------------- ---------- ----- -------------------- ---------- ----- --------- ------ ----- --- --- --------- --------- ------ ----- ----- ----- ----- ----- ----- ----- ---- ---------------------
24998at4891_2|ptg000003l:647481-648527 -            349 24998at4891          -            204   3.1e-48  161.6  31.5   1   4   6.5e-32   2.5e-29   99.9   3.1     4    63    17    76    14    82 0.92 -
24998at4891_2|ptg000003l:647481-648527 -            349 24998at4891          -            204   3.1e-48  161.6  31.5   2   4   6.9e-17   2.6e-14   50.9   2.6    57   127    88   173    84   213 0.60 -
24998at4891_2|ptg000003l:647481-648527 -            349 24998at4891          -            204   3.1e-48  161.6  31.5   3   4   7.1e-07   0.00027   18.2   9.3   151   196   279   324   216   333 0.68 -
24998at4891_2|ptg000003l:647481-648527 -            349 24998at4891          -            204   3.1e-48  161.6  31.5   4   4      0.99   3.8e+02   -1.9   0.0   183   203   325   345   322   346 0.75 -
26931at4891_7|ptg000015l:284545-285387 -            281 24998at4891          -            204   3.8e-07   27.5   6.8   1   2      0.42   1.6e+02   -0.7   0.2    92   129    11    48     5   106 0.62 -
26931at4891_7|ptg000015l:284545-285387 -            281 24998at4891          -            204   3.8e-07   27.5   6.8   2   2     1e-09   3.8e-07   27.5   6.8     5    60   219   273   214   280 0.82 -
33647at4891_8|ptg000011l:447079-447657 -            193 24998at4891          -            204   2.1e-06   25.1   5.1   1   2     0.057        22    2.1   0.5    86   132    52    97    43   125 0.59 -
33647at4891_8|ptg000011l:447079-447657 -            193 24998at4891          -            204   2.1e-06   25.1   5.1   2   2   5.5e-09   2.1e-06   25.1   5.1     4    44   141   183   138   193 0.82 -
28953at4891_2|ptg000014l:335576-336565 -            330 24998at4891          -            204   1.3e-05   22.5   5.3   1   3      0.14        54    0.9   0.7    88   133    43    88    26   157 0.68 -
28953at4891_2|ptg000014l:335576-336565 -            330 24998at4891          -            204   1.3e-05   22.5   5.3   2   3       1.5   5.9e+02   -2.5   0.0   134   134   151   151   122   195 0.54 -
28953at4891_2|ptg000014l:335576-336565 -            330 24998at4891          -            204   1.3e-05   22.5   5.3   3   3   3.4e-08   1.3e-05   22.5   5.3     6    58   278   329   273   330 0.85 -
4022at4891_4|ptg000006l:100199-102382  -            728 24998at4891          -            204    0.0016   15.7   3.4   1   1     1e-05     0.004   14.4   3.4     6    38   234   266   230   285 0.84 -
9643at4891_3|ptg000007l:386191-388098  -            636 24998at4891          -            204    0.0019   15.4  18.5   1   3   0.00019     0.072   10.2   3.2    18    62   229   273   215   320 0.73 -
9643at4891_3|ptg000007l:386191-388098  -            636 24998at4891          -            204    0.0019   15.4  18.5   2   3   4.2e-05     0.016   12.4   4.6    15    72   390   443   385   535 0.86 -
9643at4891_3|ptg000007l:386191-388098  -            636 24998at4891          -            204    0.0019   15.4  18.5   3   3      0.71   2.7e+02   -1.4   0.1    95   148   526   579   504   591 0.70 -
36646at4891_1|ptg000017l:312963-313634 -            224 24998at4891          -            204      0.14    9.4   8.6   1   2     0.026        10    3.2   1.9    90   159    22    91    14   112 0.74 -
36646at4891_1|ptg000017l:312963-313634 -            224 24998at4891          -            204      0.14    9.4   8.6   2   2   0.00018     0.069   10.3   0.6    95   141   141   187   128   219 0.82 -
#
# Program:         hmmsearch
# Version:         3.1b2 (February 2015)
# Pipeline mode:   SEARCH
# Query file:      /home/inf-39-2023/bin/BINP29/Denovo/2_Assembly/busco_downloads/lineages/saccharomycetes_odb10/hmms/24998at4891.hmm
# Target file:     /home/inf-39-2023/bin/BINP29/Denovo/2_Assembly/BUSCO_SRR.asm.bp.p_ctg.fasta/run_saccharomycetes_odb10/metaeuk_output/initial_results/SRR.asm.bp.p_ctg.fasta.modified.fas
# Option settings: hmmsearch --domtblout /home/inf-39-2023/bin/BINP29/Denovo/2_Assembly/BUSCO_SRR.asm.bp.p_ctg.fasta/run_saccharomycetes_odb10/hmmer_output/initial_run_results/24998at4891.out --cpu 1 /home/inf-39-2023/bin/BINP29/Denovo/2_Assembly/busco_downloads/lineages/saccharomycetes_odb10/hmms/24998at4891.hmm /home/inf-39-2023/bin/BINP29/Denovo/2_Assembly/BUSCO_SRR.asm.bp.p_ctg.fasta/run_saccharomycetes_odb10/metaeuk_output/initial_results/SRR.asm.bp.p_ctg.fasta.modified.fas 
# Current dir:     /home/inf-39-2023/bin/BINP29/Denovo/2_Assembly
# Date:            Wed Feb 21 15:52:41 2024
# [ok]
