#                                                                                              --- full sequence --- -------------- this domain -------------   hmm coord   ali coord   env coord
# target name                          accession   tlen query name           accession   qlen   E-value  score  bias   #  of  c-Evalue  i-Evalue  score  bias  from    to  from    to  from    to  acc description of target
#                  ------------------- ---------- ----- -------------------- ---------- ----- --------- ------ ----- --- --- --------- --------- ------ ----- ----- ----- ----- ----- ----- ----- ---- ---------------------
25214at4891_2|ptg000011l:549773-551224 -            484 25214at4891          -            336  7.4e-154  509.3  48.1   1   4   4.5e-29     4e-26   89.4   0.1     2    65    24    93    23    97 0.92 -
25214at4891_2|ptg000011l:549773-551224 -            484 25214at4891          -            336  7.4e-154  509.3  48.1   2   4  4.3e-108  3.8e-105  349.2   6.9    64   246   119   309   112   317 0.96 -
25214at4891_2|ptg000011l:549773-551224 -            484 25214at4891          -            336  7.4e-154  509.3  48.1   3   4   1.2e-15     1e-12   45.3   0.8   243   297   336   393   317   417 0.84 -
25214at4891_2|ptg000011l:549773-551224 -            484 25214at4891          -            336  7.4e-154  509.3  48.1   4   4   1.6e-13   1.4e-10   38.2  22.6   279   336   426   483   406   483 0.89 -
14584at4891_2|ptg000014l:521272-522546 -            425 25214at4891          -            336   8.9e-16   55.4   1.7   1   1   2.1e-18   1.9e-15   54.3   1.7    37   229    84   282    78   290 0.82 -
7920at4891_2|ptg000013l:80729-82216    -            496 25214at4891          -            336      0.87    6.1  25.5   1   2      0.95   8.4e+02   -3.7   0.0   212   243   260   293   251   297 0.73 -
7920at4891_2|ptg000013l:80729-82216    -            496 25214at4891          -            336      0.87    6.1  25.5   2   2   0.00043      0.38    7.3  23.3   228   334   387   495   378   496 0.72 -
#
# Program:         hmmsearch
# Version:         3.1b2 (February 2015)
# Pipeline mode:   SEARCH
# Query file:      /home/inf-39-2023/bin/BINP29/Denovo/2_Assembly/busco_downloads/lineages/saccharomycetes_odb10/hmms/25214at4891.hmm
# Target file:     /home/inf-39-2023/bin/BINP29/Denovo/2_Assembly/BUSCO_SRR.asm.bp.p_ctg.fasta/run_saccharomycetes_odb10/metaeuk_output/initial_results/SRR.asm.bp.p_ctg.fasta.modified.fas
# Option settings: hmmsearch --domtblout /home/inf-39-2023/bin/BINP29/Denovo/2_Assembly/BUSCO_SRR.asm.bp.p_ctg.fasta/run_saccharomycetes_odb10/hmmer_output/initial_run_results/25214at4891.out --cpu 1 /home/inf-39-2023/bin/BINP29/Denovo/2_Assembly/busco_downloads/lineages/saccharomycetes_odb10/hmms/25214at4891.hmm /home/inf-39-2023/bin/BINP29/Denovo/2_Assembly/BUSCO_SRR.asm.bp.p_ctg.fasta/run_saccharomycetes_odb10/metaeuk_output/initial_results/SRR.asm.bp.p_ctg.fasta.modified.fas 
# Current dir:     /home/inf-39-2023/bin/BINP29/Denovo/2_Assembly
# Date:            Wed Feb 21 15:52:42 2024
# [ok]
