#                                                                                                --- full sequence --- -------------- this domain -------------   hmm coord   ali coord   env coord
# target name                            accession   tlen query name           accession   qlen   E-value  score  bias   #  of  c-Evalue  i-Evalue  score  bias  from    to  from    to  from    to  acc description of target
#                    ------------------- ---------- ----- -------------------- ---------- ----- --------- ------ ----- --- --- --------- --------- ------ ----- ----- ----- ----- ----- ----- ----- ---- ---------------------
25313at4891_2|ptg000005l:1209357-1210595 -            413 25313at4891          -            265   1.9e-93  310.2   4.3   1   2   7.3e-95   6.5e-92  305.2   3.4    15   257    75   368    61   372 0.83 -
25313at4891_2|ptg000005l:1209357-1210595 -            413 25313at4891          -            265   1.9e-93  310.2   4.3   2   2       0.3   2.7e+02   -1.7   0.0   253   265   389   401   385   401 0.84 -
23143at4891_7|ptg000003l:53725-54693     -            323 25313at4891          -            265   4.6e-41  138.5   0.0   1   2    0.0035       3.2    4.6   0.0    78   163     4    95     2   102 0.66 -
23143at4891_7|ptg000003l:53725-54693     -            323 25313at4891          -            265   4.6e-41  138.5   0.0   2   2   1.4e-42   1.2e-39  133.8   0.0    67   265    92   311    62   311 0.82 -
26895at4891_2|ptg000008l:887639-888697   -            353 25313at4891          -            265   1.1e-18   65.1   2.1   1   3      0.54   4.8e+02   -2.6   0.0   208   225   109   126   106   131 0.82 -
26895at4891_2|ptg000008l:887639-888697   -            353 25313at4891          -            265   1.1e-18   65.1   2.1   2   3     9e-11     8e-08   29.5   0.1   126   182   179   240   137   247 0.73 -
26895at4891_2|ptg000008l:887639-888697   -            353 25313at4891          -            265   1.1e-18   65.1   2.1   3   3   2.9e-12   2.6e-09   34.4   0.2   180   252   259   339   247   343 0.80 -
#
# Program:         hmmsearch
# Version:         3.1b2 (February 2015)
# Pipeline mode:   SEARCH
# Query file:      /home/inf-39-2023/bin/BINP29/Denovo/2_Assembly/busco_downloads/lineages/saccharomycetes_odb10/hmms/25313at4891.hmm
# Target file:     /home/inf-39-2023/bin/BINP29/Denovo/2_Assembly/BUSCO_SRR.asm.bp.p_ctg.fasta/run_saccharomycetes_odb10/metaeuk_output/initial_results/SRR.asm.bp.p_ctg.fasta.modified.fas
# Option settings: hmmsearch --domtblout /home/inf-39-2023/bin/BINP29/Denovo/2_Assembly/BUSCO_SRR.asm.bp.p_ctg.fasta/run_saccharomycetes_odb10/hmmer_output/initial_run_results/25313at4891.out --cpu 1 /home/inf-39-2023/bin/BINP29/Denovo/2_Assembly/busco_downloads/lineages/saccharomycetes_odb10/hmms/25313at4891.hmm /home/inf-39-2023/bin/BINP29/Denovo/2_Assembly/BUSCO_SRR.asm.bp.p_ctg.fasta/run_saccharomycetes_odb10/metaeuk_output/initial_results/SRR.asm.bp.p_ctg.fasta.modified.fas 
# Current dir:     /home/inf-39-2023/bin/BINP29/Denovo/2_Assembly
# Date:            Wed Feb 21 15:52:43 2024
# [ok]
