#                                                                                              --- full sequence --- -------------- this domain -------------   hmm coord   ali coord   env coord
# target name                          accession   tlen query name           accession   qlen   E-value  score  bias   #  of  c-Evalue  i-Evalue  score  bias  from    to  from    to  from    to  acc description of target
#                  ------------------- ---------- ----- -------------------- ---------- ----- --------- ------ ----- --- --- --------- --------- ------ ----- ----- ----- ----- ----- ----- ----- ---- ---------------------
2549at4891_2|ptg000015l:476752-481413  -           1554 2549at4891           -            978         0 1505.5  56.0   1   8  1.2e-151  1.5e-149  496.5   2.9     6   268    32   312    17   331 0.92 -
2549at4891_2|ptg000015l:476752-481413  -           1554 2549at4891           -            978         0 1505.5  56.0   2   8     9e-62   1.2e-59  199.0   0.7   259   366   332   440   328   459 0.94 -
2549at4891_2|ptg000015l:476752-481413  -           1554 2549at4891           -            978         0 1505.5  56.0   3   8   2.5e-70   3.2e-68  227.3   3.1   352   481   515   644   487   654 0.91 -
2549at4891_2|ptg000015l:476752-481413  -           1554 2549at4891           -            978         0 1505.5  56.0   4   8   3.6e-17   4.6e-15   51.4   0.1   480   534   708   767   687   780 0.87 -
2549at4891_2|ptg000015l:476752-481413  -           1554 2549at4891           -            978         0 1505.5  56.0   5   8   1.6e-05     0.002   12.8   0.0   527   556   784   813   768   827 0.82 -
2549at4891_2|ptg000015l:476752-481413  -           1554 2549at4891           -            978         0 1505.5  56.0   6   8   3.5e-19   4.5e-17   58.0   2.1   551   642   883  1002   834  1063 0.74 -
2549at4891_2|ptg000015l:476752-481413  -           1554 2549at4891           -            978         0 1505.5  56.0   7   8  3.1e-130  3.9e-128  425.6   2.4   650   917  1138  1434  1130  1447 0.92 -
2549at4891_2|ptg000015l:476752-481413  -           1554 2549at4891           -            978         0 1505.5  56.0   8   8   1.2e-18   1.5e-16   56.3   2.5   909   978  1456  1549  1444  1549 0.75 -
3060at4891_2|ptg000004l:379350-382178  -            943 2549at4891           -            978   7.5e-08   27.5   2.4   1   3     3e-06   0.00038   15.2   0.5   820   920    94   196    82   225 0.79 -
3060at4891_2|ptg000004l:379350-382178  -            943 2549at4891           -            978   7.5e-08   27.5   2.4   2   3   8.1e-05      0.01   10.5   0.0   818   919   404   506   392   532 0.82 -
3060at4891_2|ptg000004l:379350-382178  -            943 2549at4891           -            978   7.5e-08   27.5   2.4   3   3       1.5   1.9e+02   -3.6   0.0   923   959   589   626   579   652 0.54 -
8998at4891_7|ptg000014l:735866-737215  -            450 2549at4891           -            978   9.4e-06   20.6   1.0   1   1   1.4e-07   1.8e-05   19.6   1.0   716   884   121   286   113   330 0.82 -
16921at4891_0|ptg000008l:611070-611840 -            257 2549at4891           -            978   1.8e-05   19.6   0.1   1   2    0.0025      0.32    5.6   0.1   855   916    40   102    15   150 0.57 -
16921at4891_0|ptg000008l:611070-611840 -            257 2549at4891           -            978   1.8e-05   19.6   0.1   2   2   2.6e-05    0.0033   12.1   0.0   821   875   200   254   167   257 0.86 -
16921at4891_9|ptg000010l:93758-94756   -            333 2549at4891           -            978   2.1e-05   19.4   2.3   1   2   3.4e-05    0.0043   11.7   0.4   816   919    15   128     4   156 0.67 -
16921at4891_9|ptg000010l:93758-94756   -            333 2549at4891           -            978   2.1e-05   19.4   2.3   2   2   0.00072     0.092    7.3   0.1   857   919   232   295   189   327 0.75 -
15960at4891_0|ptg000014l:156967-157878 -            304 2549at4891           -            978   2.2e-05   19.3   0.3   1   2   4.4e-07   5.6e-05   18.0   0.1   791   916    16   147     4   208 0.68 -
15960at4891_0|ptg000014l:156967-157878 -            304 2549at4891           -            978   2.2e-05   19.3   0.3   2   2      0.32        41   -1.4   0.0   901   919   266   284   261   286 0.84 -
17147at4891_9|ptg000005l:321518-322747 -            410 2549at4891           -            978   2.7e-05   19.0   0.0   1   2   1.1e-06   0.00014   16.7   0.0   759   917   121   279    96   307 0.79 -
17147at4891_9|ptg000005l:321518-322747 -            410 2549at4891           -            978   2.7e-05   19.0   0.0   2   2      0.13        17   -0.2   0.0   721   775   344   401   340   407 0.68 -
5986at4891_2|ptg000007l:426109-427647  -            513 2549at4891           -            978   4.5e-05   18.3   0.1   1   2   1.6e-05    0.0021   12.8   0.0   768   877    92   201    78   218 0.78 -
5986at4891_2|ptg000007l:426109-427647  -            513 2549at4891           -            978   4.5e-05   18.3   0.1   2   2     0.016         2    2.9   0.1   735   793   230   296   215   309 0.77 -
16921at4891_8|ptg000010l:74467-75159   -            231 2549at4891           -            978   5.4e-05   18.0   1.5   1   2   8.9e-07   0.00011   17.0   0.5   817   914    10   110     6   114 0.80 -
16921at4891_8|ptg000010l:74467-75159   -            231 2549at4891           -            978   5.4e-05   18.0   1.5   2   2   1.3e-05    0.0017   13.1   0.9   818   916    53   161    51   167 0.79 -
16921at4891_3|ptg000006l:551155-551790 -            212 2549at4891           -            978    0.0001   17.1   0.6   1   2     0.053       6.8    1.2   0.0   901   939    15    53    12    73 0.76 -
16921at4891_3|ptg000006l:551155-551790 -            212 2549at4891           -            978    0.0001   17.1   0.6   2   2     4e-05     0.005   11.5   0.2   772   913    79   212    76   212 0.67 -
16921at4891_6|ptg000016l:181899-182717 -            273 2549at4891           -            978   0.00011   17.0   1.2   1   2     9e-05     0.011   10.3   0.5   821   917    40   136    22   163 0.61 -
16921at4891_6|ptg000016l:181899-182717 -            273 2549at4891           -            978   0.00011   17.0   1.2   2   2    0.0045      0.58    4.7   0.0   818   874   208   263   191   269 0.75 -
17074at4891_3|ptg000017l:164206-165084 -            293 2549at4891           -            978   0.00014   16.6   0.1   1   2     0.014       1.8    3.0   0.0   888   918    17    47    13    98 0.82 -
17074at4891_3|ptg000017l:164206-165084 -            293 2549at4891           -            978   0.00014   16.6   0.1   2   2   0.00012     0.015   10.0   0.1   860   924   154   217   143   243 0.73 -
17785at4891_2|ptg000011l:828275-829651 -            459 2549at4891           -            978   0.00044   15.0   1.0   1   2      0.08        10    0.6   0.1   897   915   114   132   107   137 0.90 -
17785at4891_2|ptg000011l:828275-829651 -            459 2549at4891           -            978   0.00044   15.0   1.0   2   2   1.7e-05    0.0021   12.8   0.1   826   918   310   408   293   434 0.76 -
17077at4891_6|ptg000001l:154292-154936 -            215 2549at4891           -            978   0.00054   14.7   0.8   1   2   6.8e-06   0.00087   14.1   0.1   849   918     8    77     2   122 0.77 -
17077at4891_6|ptg000001l:154292-154936 -            215 2549at4891           -            978   0.00054   14.7   0.8   2   2      0.37        47   -1.6   0.0   857   915   164   181   152   200 0.64 -
6943at4891_1|ptg000002l:208627-209445  -            273 2549at4891           -            978   0.00061   14.6   0.1   1   3    0.0024      0.31    5.6   0.0   901   930    72   102    49   127 0.79 -
6943at4891_1|ptg000002l:208627-209445  -            273 2549at4891           -            978   0.00061   14.6   0.1   2   3     0.002      0.25    5.9   0.0   900   926   167   193   121   212 0.82 -
6943at4891_1|ptg000002l:208627-209445  -            273 2549at4891           -            978   0.00061   14.6   0.1   3   3      0.45        57   -1.9   0.0   903   919   215   231   210   265 0.80 -
16921at4891_7|ptg000002l:236728-237624 -            299 2549at4891           -            978   0.00078   14.2   0.0   1   1   7.8e-06     0.001   13.9   0.0   814   914    90   202    75   256 0.63 -
11696at4891_2|ptg000007l:511519-513051 -            511 2549at4891           -            978     0.001   13.8   0.7   1   1     2e-05    0.0025   12.5   0.3   783   918   299   450   282   472 0.60 -
27209at4891_7|ptg000013l:78600-80321   -            574 2549at4891           -            978    0.0014   13.4   0.5   1   2   6.8e-05    0.0087   10.7   0.1   771   920   301   411   273   435 0.56 -
27209at4891_7|ptg000013l:78600-80321   -            574 2549at4891           -            978    0.0014   13.4   0.5   2   2     0.085        11    0.5   0.0   816   841   489   514   483   525 0.82 -
17077at4891_2|ptg000009l:290638-291492 -            285 2549at4891           -            978    0.0067   11.1   0.7   1   3     0.066       8.4    0.9   0.0   897   917    17    35     7    82 0.65 -
17077at4891_2|ptg000009l:290638-291492 -            285 2549at4891           -            978    0.0067   11.1   0.7   2   3      0.09        12    0.4   0.1   857   915   123   182   112   190 0.64 -
17077at4891_2|ptg000009l:290638-291492 -            285 2549at4891           -            978    0.0067   11.1   0.7   3   3     0.001      0.13    6.8   0.0   819   873   227   281   139   284 0.67 -
1653at4891_4|ptg000008l:850268-852322  -            685 2549at4891           -            978     0.022    9.4   0.2   1   2    0.0013      0.17    6.5   0.0   728   786    56   114    47   124 0.84 -
1653at4891_4|ptg000008l:850268-852322  -            685 2549at4891           -            978     0.022    9.4   0.2   2   2     0.079        10    0.6   0.0   778   795   270   287   255   346 0.73 -
17077at4891_3|ptg000008l:811332-812174 -            281 2549at4891           -            978     0.038    8.6   1.0   1   1   0.00041     0.053    8.1   1.0   817   917    35   137     7   153 0.78 -
#
# Program:         hmmsearch
# Version:         3.1b2 (February 2015)
# Pipeline mode:   SEARCH
# Query file:      /home/inf-39-2023/bin/BINP29/Denovo/2_Assembly/busco_downloads/lineages/saccharomycetes_odb10/hmms/2549at4891.hmm
# Target file:     /home/inf-39-2023/bin/BINP29/Denovo/2_Assembly/BUSCO_SRR.asm.bp.p_ctg.fasta/run_saccharomycetes_odb10/metaeuk_output/initial_results/SRR.asm.bp.p_ctg.fasta.modified.fas
# Option settings: hmmsearch --domtblout /home/inf-39-2023/bin/BINP29/Denovo/2_Assembly/BUSCO_SRR.asm.bp.p_ctg.fasta/run_saccharomycetes_odb10/hmmer_output/initial_run_results/2549at4891.out --cpu 1 /home/inf-39-2023/bin/BINP29/Denovo/2_Assembly/busco_downloads/lineages/saccharomycetes_odb10/hmms/2549at4891.hmm /home/inf-39-2023/bin/BINP29/Denovo/2_Assembly/BUSCO_SRR.asm.bp.p_ctg.fasta/run_saccharomycetes_odb10/metaeuk_output/initial_results/SRR.asm.bp.p_ctg.fasta.modified.fas 
# Current dir:     /home/inf-39-2023/bin/BINP29/Denovo/2_Assembly
# Date:            Wed Feb 21 15:52:40 2024
# [ok]
