#                                                                                                --- full sequence --- -------------- this domain -------------   hmm coord   ali coord   env coord
# target name                            accession   tlen query name           accession   qlen   E-value  score  bias   #  of  c-Evalue  i-Evalue  score  bias  from    to  from    to  from    to  acc description of target
#                    ------------------- ---------- ----- -------------------- ---------- ----- --------- ------ ----- --- --- --------- --------- ------ ----- ----- ----- ----- ----- ----- ----- ---- ---------------------
2630at4891_2|ptg000002l:378772-383127    -           1452 2630at4891           -            841  2.5e-271  899.8  62.1   1   7  1.2e-131  2.9e-130  433.1  11.1     1   313     1   360     1   364 0.86 -
2630at4891_2|ptg000002l:378772-383127    -           1452 2630at4891           -            841  2.5e-271  899.8  62.1   2   7   1.7e-24   4.1e-23   78.7   9.5   274   399   403   546   376   568 0.80 -
2630at4891_2|ptg000002l:378772-383127    -           1452 2630at4891           -            841  2.5e-271  899.8  62.1   3   7   8.5e-82     2e-80  268.2  11.0   392   588   578   791   558   821 0.87 -
2630at4891_2|ptg000002l:378772-383127    -           1452 2630at4891           -            841  2.5e-271  899.8  62.1   4   7     5e-16   1.2e-14   50.7   0.2   578   641   832   895   820   995 0.78 -
2630at4891_2|ptg000002l:378772-383127    -           1452 2630at4891           -            841  2.5e-271  899.8  62.1   5   7   0.00017    0.0041   12.5   0.0   631   679  1009  1058   994  1065 0.85 -
2630at4891_2|ptg000002l:378772-383127    -           1452 2630at4891           -            841  2.5e-271  899.8  62.1   6   7   6.4e-08   1.5e-06   23.9   0.0   683   745  1091  1165  1067  1188 0.78 -
2630at4891_2|ptg000002l:378772-383127    -           1452 2630at4891           -            841  2.5e-271  899.8  62.1   7   7     6e-15   1.4e-13   47.1   0.3   748   839  1198  1313  1187  1315 0.75 -
12549at4891_7|ptg000008l:520632-521738   -            369 2630at4891           -            841   3.8e-23   78.8   0.4   1   2   9.5e-22   2.2e-20   69.6   0.2    70   207    89   231    60   237 0.90 -
12549at4891_7|ptg000008l:520632-521738   -            369 2630at4891           -            841   3.8e-23   78.8   0.4   2   2    0.0066      0.16    7.3   0.0   216   247   283   314   281   325 0.89 -
18893at4891_2|ptg000005l:91849-92655     -            269 2630at4891           -            841   6.2e-20   68.2   0.1   1   1   4.9e-21   1.2e-19   67.2   0.0    97   245   102   266    95   269 0.78 -
12549at4891_5|ptg000017l:523145-524230   -            362 2630at4891           -            841   1.3e-18   63.8   1.2   1   2   4.4e-18   1.1e-16   57.5   0.6    76   208    92   222    88   231 0.88 -
12549at4891_5|ptg000017l:523145-524230   -            362 2630at4891           -            841   1.3e-18   63.8   1.2   2   2     0.036      0.85    4.8   0.0   222   248   277   303   273   351 0.76 -
12549at4891_6|ptg000011l:79390-80259     -            290 2630at4891           -            841   1.8e-18   63.3   0.3   1   1     9e-20   2.1e-18   63.1   0.3    97   208    99   204    79   266 0.79 -
12549at4891_4|ptg000002l:614285-615226   -            314 2630at4891           -            841     2e-18   63.2   0.2   1   2   9.3e-19   2.2e-17   59.7   0.1    73   207    81   218    48   222 0.84 -
12549at4891_4|ptg000002l:614285-615226   -            314 2630at4891           -            841     2e-18   63.2   0.2   2   2      0.44        10    1.3   0.0   222   248   275   301   271   309 0.86 -
12549at4891_2|ptg000007l:524615-525445   -            277 2630at4891           -            841   3.8e-18   62.2   0.5   1   1   3.5e-19   8.2e-18   61.1   0.3    78   207    68   196    59   202 0.83 -
12549at4891|ptg000015l:166037-167080     -            348 2630at4891           -            841   1.2e-17   60.5   0.0   1   2   1.4e-17   3.2e-16   55.9   0.0    77   208    95   224    89   235 0.91 -
12549at4891|ptg000015l:166037-167080     -            348 2630at4891           -            841   1.2e-17   60.5   0.0   2   2      0.18       4.2    2.6   0.0   223   248   280   305   274   343 0.81 -
2373at4891_2|ptg000007l:252657-254768    -            704 2630at4891           -            841   1.5e-16   56.9   0.2   1   1     1e-17   2.4e-16   56.3   0.2    56   273   134   358   117   405 0.79 -
12549at4891_5|ptg000005l:1191684-1192538 -            285 2630at4891           -            841   2.2e-16   56.4   0.5   1   1   1.5e-17   3.6e-16   55.7   0.4    77   208    73   203    31   211 0.80 -
12549at4891_1|ptg000004l:351313-352617   -            435 2630at4891           -            841   5.8e-16   55.0   0.1   1   2   4.7e-16   1.1e-14   50.8   0.1    76   207    96   217    72   226 0.81 -
12549at4891_1|ptg000004l:351313-352617   -            435 2630at4891           -            841   5.8e-16   55.0   0.1   2   2      0.31       7.3    1.8   0.0   219   247   270   298   264   305 0.87 -
18893at4891_0|ptg000011l:124756-125544   -            263 2630at4891           -            841   9.1e-16   54.4   0.6   1   1   4.2e-17   9.9e-16   54.3   0.6    94   245    95   260    16   263 0.70 -
8274at4891_4|ptg000013l:384311-386401    -            697 2630at4891           -            841   5.2e-15   51.9   0.0   1   1   3.3e-16   7.8e-15   51.3   0.0   106   218   540   652   527   689 0.74 -
7925at4891|ptg000003l:437746-438777      -            344 2630at4891           -            841   8.9e-15   51.1   0.3   1   1   6.4e-16   1.5e-14   50.3   0.3    58   170   109   223   102   262 0.80 -
17265at4891_1|ptg000003l:79555-80496     -            314 2630at4891           -            841   9.3e-15   51.0   0.1   1   1   7.4e-16   1.8e-14   50.1   0.1    70   207    80   224    41   227 0.79 -
19258at4891_3|ptg000011l:240916-241785   -            290 2630at4891           -            841     1e-14   50.9   0.2   1   1   5.4e-16   1.3e-14   50.6   0.2    85   247   125   285    80   288 0.85 -
17728at4891_8|ptg000003l:446982-447866   -            295 2630at4891           -            841   1.2e-14   50.7   0.0   1   2   2.6e-15   6.2e-14   48.3   0.0    54   207    52   205    47   209 0.89 -
17728at4891_8|ptg000003l:446982-447866   -            295 2630at4891           -            841   1.2e-14   50.7   0.0   2   2       1.3        31   -0.3   0.0   217   247   259   289   248   291 0.83 -
10618at4891_9|ptg000011l:290175-290999   -            275 2630at4891           -            841   1.9e-14   50.0   0.0   1   1   3.2e-15   7.7e-14   48.0   0.0    59   216    68   222    62   271 0.74 -
12549at4891|ptg000003l:272517-273491     -            325 2630at4891           -            841   2.4e-14   49.7   1.3   1   1   1.5e-15   3.5e-14   49.1   0.9    77   213    85   227    42   243 0.81 -
1979at4891_2|ptg000006l:506917-511344    -           1476 2630at4891           -            841   3.1e-14   49.3   0.0   1   1   2.1e-15   4.9e-14   48.7   0.0   102   248  1280  1437  1239  1465 0.77 -
18893at4891_2|ptg000003l:782315-783397   -            361 2630at4891           -            841   6.4e-14   48.3   0.1   1   1   6.1e-15   1.5e-13   47.1   0.1    69   242   170   345   151   350 0.76 -
1220at4891_2|ptg000005l:495560-500521    -           1654 2630at4891           -            841   9.3e-14   47.7   0.8   1   2   0.00058     0.014   10.8   0.0    96   246   359   517   340   523 0.68 -
1220at4891_2|ptg000005l:495560-500521    -           1654 2630at4891           -            841   9.3e-14   47.7   0.8   2   2   5.3e-11   1.3e-09   34.1   0.2    84   247   788   972   770   985 0.74 -
18893at4891_9|ptg000012l:103993-104784   -            264 2630at4891           -            841   1.6e-13   46.9   0.1   1   1   8.8e-15   2.1e-13   46.6   0.1    86   245   100   257    58   261 0.87 -
10800at4891_5|ptg000017l:423482-424645   -            388 2630at4891           -            841   3.1e-13   46.0   0.0   1   1   3.2e-14   7.6e-13   44.7   0.0    50   247    89   288    78   298 0.83 -
10618at4891_9|ptg000001l:97392-98225     -            278 2630at4891           -            841   4.5e-13   45.5   0.0   1   2       9.6   2.3e+02   -3.2   0.0    19    58     9    51     4    63 0.65 -
10618at4891_9|ptg000001l:97392-98225     -            278 2630at4891           -            841   4.5e-13   45.5   0.0   2   2   6.5e-14   1.5e-12   43.7   0.0    59   247    73   274    68   276 0.79 -
10800at4891_1|ptg000010l:269054-270052   -            333 2630at4891           -            841   7.2e-13   44.8   0.0   1   1   4.7e-14   1.1e-12   44.2   0.0    53   247    66   268    60   278 0.85 -
1979at4891_9|ptg000012l:59159-59875      -            239 2630at4891           -            841   1.1e-12   44.2   0.0   1   1   4.1e-13   9.6e-12   41.1   0.0    54   245    45   238    37   239 0.74 -
10800at4891_2|ptg000005l:111489-113378   -            630 2630at4891           -            841   1.5e-12   43.7   0.1   1   1   9.4e-14   2.2e-12   43.2   0.1    60   248   109   300   103   312 0.85 -
7925at4891_3|ptg000001l:200271-201755    -            495 2630at4891           -            841   1.6e-12   43.7   0.2   1   2   4.6e-07   1.1e-05   21.0   0.1   109   145   114   150    99   154 0.90 -
7925at4891_3|ptg000001l:200271-201755    -            495 2630at4891           -            841   1.6e-12   43.7   0.2   2   2   9.6e-07   2.3e-05   20.0   0.0   152   262   348   475   320   485 0.63 -
7925at4891_4|ptg000005l:129743-130630    -            296 2630at4891           -            841   1.7e-12   43.6   0.2   1   2   1.4e-13   3.4e-12   42.6   0.0    96   207   106   227    82   238 0.85 -
7925at4891_4|ptg000005l:129743-130630    -            296 2630at4891           -            841   1.7e-12   43.6   0.2   2   2       9.9   2.3e+02   -3.2   0.1   221   245   260   284   255   286 0.84 -
17265at4891_6|ptg000017l:489342-490793   -            484 2630at4891           -            841   1.7e-12   43.6   0.5   1   1   1.5e-13   3.6e-12   42.5   0.5    56   208   220   367   215   382 0.83 -
10800at4891_8|ptg000005l:59932-60960     -            343 2630at4891           -            841   2.4e-12   43.1   0.0   1   1   2.1e-13     5e-12   42.0   0.0    53   248    97   300    91   309 0.84 -
1979at4891_9|ptg000015l:317397-318143    -            249 2630at4891           -            841   2.9e-12   42.8   0.0   1   1     2e-13   4.6e-12   42.1   0.0   105   247    98   246    80   249 0.81 -
10800at4891_6|ptg000003l:653931-654851   -            307 2630at4891           -            841   7.1e-12   41.5   0.0   1   1   4.8e-13   1.1e-11   40.8   0.0    56   249    76   281    72   307 0.75 -
7925at4891_6|ptg000014l:180469-181347    -            293 2630at4891           -            841   1.6e-11   40.3   0.1   1   2       5.5   1.3e+02   -2.4   0.0   698   731    37    70    33    75 0.85 -
7925at4891_6|ptg000014l:180469-181347    -            293 2630at4891           -            841   1.6e-11   40.3   0.1   2   2   1.5e-12   3.6e-11   39.2   0.0    94   248   104   273    87   277 0.82 -
17309at4891_9|ptg000003l:670848-671588   -            247 2630at4891           -            841   1.8e-11   40.2   0.0   1   1   1.7e-12     4e-11   39.0   0.0    39   247    26   240    20   243 0.82 -
4279at4891_2|ptg000011l:105260-107206    -            649 2630at4891           -            841   2.1e-11   40.0   0.0   1   1   1.9e-12   4.6e-11   38.8   0.0    98   247   475   630   469   636 0.80 -
8179at4891_4|ptg000002l:522556-523779    -            408 2630at4891           -            841   2.3e-11   39.8   0.0   1   1   1.1e-12   2.7e-11   39.6   0.0    62   208    96   246    88   298 0.85 -
14247at4891_2|ptg000003l:465197-466843   -            549 2630at4891           -            841   4.5e-11   38.8   0.0   1   1   2.7e-12   6.5e-11   38.3   0.0   101   208   262   366   213   408 0.83 -
17728at4891_7|ptg000002l:259107-259979   -            291 2630at4891           -            841     7e-11   38.2   0.0   1   1     9e-12   2.1e-10   36.6   0.0    61   214    61   216    52   220 0.77 -
12549at4891_0|ptg000014l:720336-721283   -            316 2630at4891           -            841   9.2e-11   37.8   0.0   1   1     7e-12   1.7e-10   37.0   0.0   103   208   132   231   112   238 0.84 -
10618at4891_1|ptg000008l:894540-895424   -            295 2630at4891           -            841     1e-10   37.7   0.2   1   2     7e-07   1.6e-05   20.4   0.1    46   134    61   148    52   155 0.85 -
10618at4891_1|ptg000008l:894540-895424   -            295 2630at4891           -            841     1e-10   37.7   0.2   2   2   2.8e-05   0.00067   15.1   0.0   174   247   202   290   195   292 0.73 -
10618at4891_1|ptg000005l:1223821-1225359 -            513 2630at4891           -            841   1.9e-10   36.8   0.4   1   2   4.2e-09     1e-07   27.8   0.5    72   134   274   337   248   341 0.86 -
10618at4891_1|ptg000005l:1223821-1225359 -            513 2630at4891           -            841   1.9e-10   36.8   0.4   2   2     0.012       0.3    6.4   0.0   173   247   386   476   375   483 0.71 -
18893at4891|ptg000011l:771443-772264     -            274 2630at4891           -            841   2.3e-10   36.5   0.1   1   1   1.2e-11   2.8e-10   36.2   0.1    59   204    63   204    44   265 0.76 -
5371at4891_0|ptg000006l:603830-604747    -            306 2630at4891           -            841   3.7e-10   35.8   0.8   1   1     3e-11     7e-10   34.9   0.5    74   207    78   205    57   213 0.77 -
4279at4891_0|ptg000015l:86403-88121      -            573 2630at4891           -            841   7.1e-10   34.9   0.0   1   1   5.7e-11   1.3e-09   34.0   0.0    77   247   373   549   336   554 0.71 -
1341at4891_2|ptg000015l:259017-262049    -           1011 2630at4891           -            841   9.9e-10   34.4   1.6   1   2   1.4e-06   3.4e-05   19.4   0.2    51   136   615   707   609   713 0.82 -
1341at4891_2|ptg000015l:259017-262049    -           1011 2630at4891           -            841   9.9e-10   34.4   1.6   2   2   8.1e-05    0.0019   13.6   0.1   182   247   794   875   756   888 0.75 -
13862at4891_1|ptg000011l:990565-991827   -            421 2630at4891           -            841     1e-09   34.4   0.4   1   2   9.4e-11   2.2e-09   33.2   0.1    64   145   176   264   163   271 0.74 -
13862at4891_1|ptg000011l:990565-991827   -            421 2630at4891           -            841     1e-09   34.4   0.4   2   2       4.8   1.1e+02   -2.2   0.0   221   247   365   391   353   394 0.74 -
18893at4891_2|ptg000016l:261677-262273   -            199 2630at4891           -            841   1.3e-09   34.0   0.0   1   1   6.6e-11   1.6e-09   33.7   0.0    94   249    22   192    10   196 0.82 -
8179at4891_2|ptg000015l:510284-512575    -            764 2630at4891           -            841   1.3e-09   34.0   0.0   1   1   8.9e-11   2.1e-09   33.3   0.0    76   241   428   597   400   611 0.77 -
10800at4891_8|ptg000004l:312568-313497   -            310 2630at4891           -            841   2.1e-09   33.3   0.1   1   1   1.7e-10     4e-09   32.4   0.1    77   247   104   278    87   282 0.74 -
8179at4891_6|ptg000007l:445528-446583    -            352 2630at4891           -            841   2.2e-09   33.3   0.0   1   1   1.2e-10   2.9e-09   32.9   0.0    77   241    96   264    73   277 0.74 -
13862at4891_2|ptg000003l:675713-678172   -            820 2630at4891           -            841   2.6e-09   33.0   0.0   1   1   2.1e-10     5e-09   32.1   0.0   104   247   298   462   248   499 0.74 -
4279at4891_2|ptg000014l:706442-708964    -            841 2630at4891           -            841     3e-09   32.8   0.0   1   1   2.2e-10   5.1e-09   32.0   0.0    97   207   665   768   596   824 0.75 -
17309at4891_3|ptg000011l:768687-769553   -            289 2630at4891           -            841   3.5e-09   32.6   0.0   1   1   3.5e-10   8.2e-09   31.4   0.0   109   204   125   211   101   215 0.86 -
17309at4891_7|ptg000005l:1331652-1333190 -            513 2630at4891           -            841     5e-09   32.1   0.1   1   2   7.3e-10   1.7e-08   30.3   0.0    93   204   298   401   287   404 0.84 -
17309at4891_7|ptg000005l:1331652-1333190 -            513 2630at4891           -            841     5e-09   32.1   0.1   2   2       4.2        99   -2.0   0.1   220   247   435   462   431   474 0.90 -
17309at4891_1|ptg000003l:651504-652319   -            272 2630at4891           -            841   5.5e-09   31.9   0.0   1   2   8.7e-10   2.1e-08   30.0   0.0   109   207   115   204   110   212 0.86 -
17309at4891_1|ptg000003l:651504-652319   -            272 2630at4891           -            841   5.5e-09   31.9   0.0   2   2       4.8   1.1e+02   -2.2   0.0   309   330   216   237   205   248 0.83 -
10800at4891_9|ptg000002l:458137-459027   -            297 2630at4891           -            841   5.7e-09   31.9   2.5   1   1   3.7e-10   8.8e-09   31.3   2.5    88   247   111   282   101   288 0.73 -
2373at4891_0|ptg000006l:645205-646158    -            318 2630at4891           -            841   6.3e-09   31.7   0.1   1   1   4.4e-10   1.1e-08   31.0   0.1    97   209   140   251   136   314 0.88 -
8179at4891_6|ptg000017l:466083-467246    -            388 2630at4891           -            841   6.3e-09   31.7   0.0   1   1   3.5e-10   8.3e-09   31.3   0.0    92   210   156   267   116   313 0.76 -
10618at4891_2|ptg000013l:169331-170326   -            332 2630at4891           -            841   9.8e-09   31.1   0.0   1   2   1.2e-06   2.9e-05   19.6   0.0    61   151    98   183    82   192 0.84 -
10618at4891_2|ptg000013l:169331-170326   -            332 2630at4891           -            841   9.8e-09   31.1   0.0   2   2    0.0017      0.04    9.3   0.0   173   247   235   324   223   331 0.70 -
693at4891_2|ptg000014l:92509-97236       -           1576 2630at4891           -            841   1.4e-08   30.6   0.0   1   2     3e-06   7.1e-05   18.3   0.0   103   147  1368  1412  1354  1416 0.88 -
693at4891_2|ptg000014l:92509-97236       -           1576 2630at4891           -            841   1.4e-08   30.6   0.0   2   2    0.0012     0.029    9.7   0.0   173   205  1462  1498  1458  1555 0.75 -
18893at4891_8|ptg000017l:538303-539118   -            272 2630at4891           -            841   1.4e-08   30.6   0.1   1   1   2.4e-09   5.6e-08   28.6   0.1   101   240   111   250    79   255 0.74 -
18893at4891_0|ptg000003l:772681-773454   -            258 2630at4891           -            841   1.5e-08   30.5   0.1   1   2       2.1        50   -1.0   0.0   649   690    26    67    18    86 0.83 -
18893at4891_0|ptg000003l:772681-773454   -            258 2630at4891           -            841   1.5e-08   30.5   0.1   2   2   1.9e-08   4.6e-07   25.6   0.0    97   207   100   200    71   244 0.78 -
12549at4891|ptg000016l:163727-164524     -            266 2630at4891           -            841   1.6e-08   30.4   1.5   1   2   1.1e-09   2.6e-08   29.7   0.3    94   144    58   109    26   118 0.89 -
12549at4891|ptg000016l:163727-164524     -            266 2630at4891           -            841   1.6e-08   30.4   1.5   2   2       3.8        89   -1.8   0.0   222   246   228   252   223   254 0.89 -
10800at4891_3|ptg000002l:63674-64627     -            318 2630at4891           -            841   2.6e-08   29.7   0.0   1   1   1.5e-09   3.5e-08   29.3   0.0    58   212    70   224    40   273 0.75 -
7349at4891_2|ptg000017l:543561-546203    -            881 2630at4891           -            841   2.9e-08   29.6   0.1   1   1   1.9e-09   4.5e-08   28.9   0.1    95   146   515   572   468   580 0.83 -
18893at4891_0|ptg000005l:829911-830846   -            312 2630at4891           -            841   2.9e-08   29.6   0.2   1   1   1.7e-09     4e-08   29.1   0.2   108   248   164   307   116   311 0.75 -
693at4891_2|ptg000010l:89143-92952       -           1270 2630at4891           -            841     4e-08   29.1   0.0   1   1   3.2e-09   7.6e-08   28.2   0.0   102   204  1081  1195  1066  1205 0.76 -
18893at4891_3|ptg000006l:642183-642980   -            266 2630at4891           -            841     6e-08   28.5   0.1   1   1   8.3e-09     2e-07   26.8   0.1   102   213   107   208    77   249 0.75 -
8179at4891_1|ptg000010l:58569-59591      -            341 2630at4891           -            841   6.5e-08   28.4   0.4   1   1   4.1e-09   9.6e-08   27.8   0.4    96   244   137   308    67   330 0.71 -
5371at4891_3|ptg000008l:502527-503513    -            329 2630at4891           -            841     8e-08   28.1   0.2   1   1   5.7e-09   1.4e-07   27.3   0.2    93   210    97   221    32   237 0.68 -
18893at4891_6|ptg000008l:937753-938757   -            335 2630at4891           -            841   9.3e-08   27.9   0.0   1   2   9.1e-09   2.2e-07   26.7   0.0   105   208   160   268   149   278 0.84 -
18893at4891_6|ptg000008l:937753-938757   -            335 2630at4891           -            841   9.3e-08   27.9   0.0   2   2       7.2   1.7e+02   -2.8   0.0   222   244   306   328   301   329 0.81 -
24610at4891_6|ptg000006l:675169-675801   -            211 2630at4891           -            841     1e-07   27.7   0.3   1   1     7e-09   1.7e-07   27.0   0.1    92   201   103   205    78   210 0.84 -
14247at4891_6|ptg000010l:213566-214237   -            224 2630at4891           -            841   1.5e-07   27.2   0.0   1   1   9.4e-09   2.2e-07   26.6   0.0    96   200   101   203    87   214 0.69 -
7925at4891_6|ptg000003l:190873-192564    -            564 2630at4891           -            841   1.6e-07   27.1   0.1   1   2   4.6e-08   1.1e-06   24.3   0.0    95   145   262   312   198   317 0.85 -
7925at4891_6|ptg000003l:190873-192564    -            564 2630at4891           -            841   1.6e-07   27.1   0.1   2   2       1.2        29   -0.2   0.0   174   207   373   407   369   418 0.77 -
7925at4891_6|ptg000008l:427227-428942    -            572 2630at4891           -            841   2.9e-07   26.3   0.1   1   2   8.6e-08     2e-06   23.4   0.0    94   145   269   320   206   324 0.83 -
7925at4891_6|ptg000008l:427227-428942    -            572 2630at4891           -            841   2.9e-07   26.3   0.1   2   2       1.4        34   -0.5   0.0   174   207   381   415   378   419 0.74 -
7925at4891_2|ptg000014l:443074-444303    -            410 2630at4891           -            841   4.4e-07   25.6   0.7   1   2     1e-06   2.4e-05   19.9   0.1    96   145   113   161    81   170 0.82 -
7925at4891_2|ptg000014l:443074-444303    -            410 2630at4891           -            841   4.4e-07   25.6   0.7   2   2     0.066       1.6    4.0   0.0   174   207   243   277   240   281 0.85 -
17728at4891_8|ptg000006l:536057-537118   -            354 2630at4891           -            841   5.5e-07   25.3   5.5   1   2   8.8e-08   2.1e-06   23.4   4.1    62   138    94   173    52   263 0.73 -
17728at4891_8|ptg000006l:536057-537118   -            354 2630at4891           -            841   5.5e-07   25.3   5.5   2   2       1.5        34   -0.5   0.0   223   246   325   348   319   350 0.88 -
18893at4891_8|ptg000014l:67072-67932     -            287 2630at4891           -            841     7e-07   25.0   0.1   1   1   8.5e-08     2e-06   23.5   0.1   102   243   103   270    21   281 0.78 -
13507at4891_4|ptg000012l:62507-63811     -            435 2630at4891           -            841   1.6e-06   23.8   0.3   1   1   1.3e-07     3e-06   22.9   0.3   173   276   253   374   241   393 0.71 -
12549at4891_0|ptg000011l:442624-443481   -            286 2630at4891           -            841   1.9e-06   23.5   1.2   1   2   8.4e-07     2e-05   20.2   0.3   101   207    96   197    21   201 0.73 -
12549at4891_0|ptg000011l:442624-443481   -            286 2630at4891           -            841   1.9e-06   23.5   1.2   2   2       1.9        46   -0.9   0.0   222   247   258   283   251   285 0.89 -
19258at4891_3|ptg000005l:1430177-1431073 -            299 2630at4891           -            841     2e-06   23.4   1.1   1   2       2.7        64   -1.4   0.1   615   660    29    72    27    97 0.72 -
19258at4891_3|ptg000005l:1430177-1431073 -            299 2630at4891           -            841     2e-06   23.4   1.1   2   2   1.7e-07   4.1e-06   22.4   0.6    62   148    66   151    49   206 0.66 -
10800at4891_1|ptg000017l:541482-542456   -            325 2630at4891           -            841   2.1e-06   23.4   0.5   1   2   1.2e-07   2.8e-06   23.0   0.0    94   146   144   196   103   260 0.87 -
10800at4891_1|ptg000017l:541482-542456   -            325 2630at4891           -            841   2.1e-06   23.4   0.5   2   2         9   2.1e+02   -3.1   0.1   207   247   280   320   267   321 0.77 -
10800at4891_5|ptg000006l:199062-200114   -            351 2630at4891           -            841   2.4e-06   23.2   0.0   1   1   2.3e-07   5.5e-06   22.0   0.0   102   146   106   151    92   165 0.86 -
9903at4891_6|ptg000005l:38794-39612      -            273 2630at4891           -            841   3.2e-06   22.8   0.0   1   1   4.7e-07   1.1e-05   21.0   0.0   100   206    93   193    44   248 0.71 -
4598at4891_7|ptg000008l:940068-942725    -            886 2630at4891           -            841   3.7e-06   22.6   0.2   1   1     1e-06   2.4e-05   19.9   0.2   108   245   146   310   135   315 0.67 -
10800at4891_4|ptg000017l:324872-325915   -            348 2630at4891           -            841     5e-06   22.1   0.2   1   1   2.1e-07     5e-06   22.1   0.2   109   215   166   286   147   330 0.69 -
16921at4891_3|ptg000006l:551155-551790   -            212 2630at4891           -            841   5.7e-06   22.0   0.0   1   4       2.1        50   -1.0   0.0   686   704    13    31     4    46 0.70 -
16921at4891_3|ptg000006l:551155-551790   -            212 2630at4891           -            841   5.7e-06   22.0   0.0   2   4    0.0017     0.039    9.3   0.0   769   810    61   103    29   114 0.69 -
16921at4891_3|ptg000006l:551155-551790   -            212 2630at4891           -            841   5.7e-06   22.0   0.0   3   4     0.005      0.12    7.7   0.0   678   735   108   171   102   175 0.79 -
16921at4891_3|ptg000006l:551155-551790   -            212 2630at4891           -            841   5.7e-06   22.0   0.0   4   4       0.6        14    0.8   0.0   670   700   181   212   172   212 0.83 -
24610at4891_1|ptg000017l:604470-604997   -            176 2630at4891           -            841   6.5e-06   21.8   0.0   1   1   3.6e-07   8.6e-06   21.4   0.0   102   145     6    50     2    56 0.89 -
17728at4891_4|ptg000005l:1236974-1237873 -            300 2630at4891           -            841   1.6e-05   20.4   0.0   1   2     2e-06   4.7e-05   18.9   0.0    59   201    56   193    40   198 0.75 -
17728at4891_4|ptg000005l:1236974-1237873 -            300 2630at4891           -            841   1.6e-05   20.4   0.0   2   2       7.2   1.7e+02   -2.8   0.0   228   248   261   281   256   289 0.80 -
3044at4891_1|ptg000008l:219203-222211    -           1003 2630at4891           -            841   1.8e-05   20.3   0.1   1   1   1.3e-06   3.2e-05   19.5   0.1   101   133   796   828   772   831 0.91 -
5371at4891_2|ptg000004l:91202-93373      -            724 2630at4891           -            841   1.9e-05   20.3   0.0   1   3   0.00011    0.0027   13.1   0.1   102   134   409   441   371   447 0.81 -
5371at4891_2|ptg000004l:91202-93373      -            724 2630at4891           -            841   1.9e-05   20.3   0.0   2   3      0.11       2.7    3.2   0.0   187   211   516   540   497   567 0.81 -
5371at4891_2|ptg000004l:91202-93373      -            724 2630at4891           -            841   1.9e-05   20.3   0.0   3   3       1.7        40   -0.7   0.0   226   247   687   708   683   712 0.90 -
7925at4891_4|ptg000002l:792437-793336    -            300 2630at4891           -            841   2.2e-05   20.0   0.0   1   1   1.3e-06   3.1e-05   19.5   0.0   101   152   111   161   102   253 0.78 -
10800at4891_7|ptg000005l:1103675-1104628 -            318 2630at4891           -            841   0.00011   17.7   0.2   1   2   1.9e-05   0.00046   15.7   0.1    77   205    74   213    51   219 0.70 -
10800at4891_7|ptg000005l:1103675-1104628 -            318 2630at4891           -            841   0.00011   17.7   0.2   2   2       4.7   1.1e+02   -2.1   0.0   222   247   248   273   241   279 0.84 -
13303at4891_9|ptg000005l:1079922-1081415 -            498 2630at4891           -            841   0.00014   17.3   0.1   1   2   0.00015    0.0035   12.7   0.0   105   134   135   164   127   179 0.83 -
13303at4891_9|ptg000005l:1079922-1081415 -            498 2630at4891           -            841   0.00014   17.3   0.1   2   2      0.27       6.5    1.9   0.0   214   247   422   457   414   469 0.78 -
9903at4891_2|ptg000006l:573120-575027    -            636 2630at4891           -            841   0.00018   17.0   0.0   1   1   2.5e-05   0.00059   15.3   0.0    75   201   398   526   378   532 0.72 -
4206at4891_2|ptg000010l:112406-115159    -            918 2630at4891           -            841   0.00027   16.4   0.0   1   2   0.00055     0.013   10.8   0.0   667   739   339   418   324   449 0.77 -
4206at4891_2|ptg000010l:112406-115159    -            918 2630at4891           -            841   0.00027   16.4   0.0   2   2      0.13         3    3.0   0.0   679   810   479   616   466   623 0.75 -
10618at4891_1|ptg000007l:830568-831530   -            321 2630at4891           -            841   0.00029   16.3   0.3   1   2       9.7   2.3e+02   -3.2   0.3   278   327    18    69    15    72 0.63 -
10618at4891_1|ptg000007l:830568-831530   -            321 2630at4891           -            841   0.00029   16.3   0.3   2   2   1.2e-05   0.00029   16.3   0.3    65   133    86   156    79   159 0.77 -
2373at4891_6|ptg000003l:837281-838264    -            328 2630at4891           -            841   0.00032   16.2   0.0   1   1   2.4e-05   0.00058   15.3   0.0   121   247   182   328   173   328 0.69 -
17728at4891|ptg000007l:677240-677737     -            166 2630at4891           -            841   0.00032   16.2   0.0   1   2   0.00049     0.012   11.0   0.0   174   227    31    86    14    97 0.74 -
17728at4891|ptg000007l:677240-677737     -            166 2630at4891           -            841   0.00032   16.2   0.0   2   2      0.11       2.5    3.3   0.0   209   245   126   161   123   164 0.83 -
24610at4891_2|ptg000001l:193167-194273   -            369 2630at4891           -            841   0.00038   15.9   0.1   1   2   0.00056     0.013   10.8   0.0   108   136   141   169   130   185 0.86 -
24610at4891_2|ptg000001l:193167-194273   -            369 2630at4891           -            841   0.00038   15.9   0.1   2   2      0.14       3.3    2.9   0.0   221   249   339   367   331   369 0.87 -
10800at4891_1|ptg000009l:418734-419729   -            332 2630at4891           -            841    0.0015   13.9   0.1   1   1   0.00018    0.0042   12.5   0.0   113   146   136   169   124   182 0.91 -
17074at4891_3|ptg000017l:164206-165084   -            293 2630at4891           -            841    0.0016   13.8   0.2   1   2    0.0076      0.18    7.1   0.2   776   809   143   177    14   216 0.61 -
17074at4891_3|ptg000017l:164206-165084   -            293 2630at4891           -            841    0.0016   13.8   0.2   2   2       0.2       4.8    2.4   0.0   686   734   192   244   172   250 0.53 -
20201at4891_5|ptg000007l:442942-443886   -            315 2630at4891           -            841    0.0018   13.7   0.0   1   2    0.0035     0.082    8.2   0.0   644   712    61   129    38   180 0.80 -
20201at4891_5|ptg000007l:442942-443886   -            315 2630at4891           -            841    0.0018   13.7   0.0   2   2     0.079       1.9    3.7   0.0   682   771   183   276   164   285 0.78 -
15960at4891_0|ptg000014l:156967-157878   -            304 2630at4891           -            841    0.0019   13.7   0.0   1   2   0.00065     0.015   10.6   0.0   674   735    77   144    20   187 0.80 -
15960at4891_0|ptg000014l:156967-157878   -            304 2630at4891           -            841    0.0019   13.7   0.0   2   2      0.61        14    0.8   0.0   684   704   262   282   254   289 0.83 -
19258at4891_2|ptg000017l:451064-452446   -            461 2630at4891           -            841    0.0032   12.8   0.0   1   1   0.00016    0.0038   12.6   0.0    93   134   266   307   178   390 0.69 -
6943at4891_1|ptg000002l:208627-209445    -            273 2630at4891           -            841    0.0053   12.1   0.1   1   2    0.0076      0.18    7.1   0.0   660   715    44    98    21   183 0.76 -
6943at4891_1|ptg000002l:208627-209445    -            273 2630at4891           -            841    0.0053   12.1   0.1   2   2     0.092       2.2    3.5   0.0   664   708   144   188   111   227 0.75 -
16921at4891_3|ptg000005l:1002954-1003748 -            265 2630at4891           -            841    0.0062   11.9   0.1   1   2    0.0014     0.034    9.5   0.1   684   801    14   125     2   133 0.55 -
16921at4891_3|ptg000005l:1002954-1003748 -            265 2630at4891           -            841    0.0062   11.9   0.1   2   2       2.1        51   -1.0   0.0   756   807   206   257   196   264 0.78 -
15470at4891_1|ptg000007l:535847-536884   -            346 2630at4891           -            841     0.012   10.9   0.1   1   2       0.3         7    1.8   0.0   685   704    64    83    53   100 0.82 -
15470at4891_1|ptg000007l:535847-536884   -            346 2630at4891           -            841     0.012   10.9   0.1   2   2    0.0079      0.19    7.0   0.1   668   764   148   254    96   262 0.78 -
16921at4891_6|ptg000016l:181899-182717   -            273 2630at4891           -            841     0.019   10.3   0.2   1   3      0.33       7.9    1.6   0.0   684   728    75   124    60   141 0.64 -
16921at4891_6|ptg000016l:181899-182717   -            273 2630at4891           -            841     0.019   10.3   0.2   2   3         2        48   -1.0   0.0   790   819   124   153   108   159 0.75 -
16921at4891_6|ptg000016l:181899-182717   -            273 2630at4891           -            841     0.019   10.3   0.2   3   3     0.041      0.97    4.7   0.0   671   704   231   265   217   271 0.83 -
17077at4891_6|ptg000001l:154292-154936   -            215 2630at4891           -            841      0.02   10.3   0.1   1   1     0.015      0.36    6.1   0.1   649   720    21    98    13   182 0.68 -
17077at4891_2|ptg000009l:290638-291492   -            285 2630at4891           -            841     0.044    9.1   0.8   1   3       1.8        44   -0.8   0.0   680   703    55    78    40    83 0.83 -
17077at4891_2|ptg000009l:290638-291492   -            285 2630at4891           -            841     0.044    9.1   0.8   2   3       1.1        27   -0.1   0.0   685   706   123   144   110   151 0.75 -
17077at4891_2|ptg000009l:290638-291492   -            285 2630at4891           -            841     0.044    9.1   0.8   3   3     0.078       1.9    3.7   0.0   684   777   164   253   152   284 0.50 -
#
# Program:         hmmsearch
# Version:         3.1b2 (February 2015)
# Pipeline mode:   SEARCH
# Query file:      /home/inf-39-2023/bin/BINP29/Denovo/2_Assembly/busco_downloads/lineages/saccharomycetes_odb10/hmms/2630at4891.hmm
# Target file:     /home/inf-39-2023/bin/BINP29/Denovo/2_Assembly/BUSCO_SRR.asm.bp.p_ctg.fasta/run_saccharomycetes_odb10/metaeuk_output/initial_results/SRR.asm.bp.p_ctg.fasta.modified.fas
# Option settings: hmmsearch --domtblout /home/inf-39-2023/bin/BINP29/Denovo/2_Assembly/BUSCO_SRR.asm.bp.p_ctg.fasta/run_saccharomycetes_odb10/hmmer_output/initial_run_results/2630at4891.out --cpu 1 /home/inf-39-2023/bin/BINP29/Denovo/2_Assembly/busco_downloads/lineages/saccharomycetes_odb10/hmms/2630at4891.hmm /home/inf-39-2023/bin/BINP29/Denovo/2_Assembly/BUSCO_SRR.asm.bp.p_ctg.fasta/run_saccharomycetes_odb10/metaeuk_output/initial_results/SRR.asm.bp.p_ctg.fasta.modified.fas 
# Current dir:     /home/inf-39-2023/bin/BINP29/Denovo/2_Assembly
# Date:            Wed Feb 21 15:52:41 2024
# [ok]
