#                                                                                              --- full sequence --- -------------- this domain -------------   hmm coord   ali coord   env coord
# target name                          accession   tlen query name           accession   qlen   E-value  score  bias   #  of  c-Evalue  i-Evalue  score  bias  from    to  from    to  from    to  acc description of target
#                  ------------------- ---------- ----- -------------------- ---------- ----- --------- ------ ----- --- --- --------- --------- ------ ----- ----- ----- ----- ----- ----- ----- ---- ---------------------
26660at4891_2|ptg000008l:429412-430779 -            456 26660at4891          -            210     5e-70  232.4   9.4   1   3   6.7e-08     6e-05   19.8   0.0     4    36   111   143   108   151 0.89 -
26660at4891_2|ptg000008l:429412-430779 -            456 26660at4891          -            210     5e-70  232.4   9.4   2   3    0.0059       5.3    3.7   0.1    32    50   160   178   149   184 0.81 -
26660at4891_2|ptg000008l:429412-430779 -            456 26660at4891          -            210     5e-70  232.4   9.4   3   3   3.7e-66   3.3e-63  210.2   3.6    49   210   213   399   207   399 0.89 -
16598at4891_2|ptg000011l:892309-893823 -            505 26660at4891          -            210   1.2e-15   54.8   0.6   1   3   2.9e-05     0.026   11.2   0.0     6    38   184   216   179   242 0.86 -
16598at4891_2|ptg000011l:892309-893823 -            505 26660at4891          -            210   1.2e-15   54.8   0.6   2   3   4.1e-17   3.7e-14   49.9   0.4    48   171   273   418   268   430 0.80 -
16598at4891_2|ptg000011l:892309-893823 -            505 26660at4891          -            210   1.2e-15   54.8   0.6   3   3         3   2.7e+03  -15.3  18.7   133   185   443   496   432   505 0.68 -
7920at4891_2|ptg000013l:80729-82216    -            496 26660at4891          -            210   6.4e-15   52.4  12.4   1   2   0.00013      0.11    9.1   0.0     5    35   194   224   190   229 0.89 -
7920at4891_2|ptg000013l:80729-82216    -            496 26660at4891          -            210   6.4e-15   52.4  12.4   2   2   3.4e-14   3.1e-11   40.4  11.6    49   186   290   450   287   495 0.75 -
#
# Program:         hmmsearch
# Version:         3.1b2 (February 2015)
# Pipeline mode:   SEARCH
# Query file:      /home/inf-39-2023/bin/BINP29/Denovo/2_Assembly/busco_downloads/lineages/saccharomycetes_odb10/hmms/26660at4891.hmm
# Target file:     /home/inf-39-2023/bin/BINP29/Denovo/2_Assembly/BUSCO_SRR.asm.bp.p_ctg.fasta/run_saccharomycetes_odb10/metaeuk_output/initial_results/SRR.asm.bp.p_ctg.fasta.modified.fas
# Option settings: hmmsearch --domtblout /home/inf-39-2023/bin/BINP29/Denovo/2_Assembly/BUSCO_SRR.asm.bp.p_ctg.fasta/run_saccharomycetes_odb10/hmmer_output/initial_run_results/26660at4891.out --cpu 1 /home/inf-39-2023/bin/BINP29/Denovo/2_Assembly/busco_downloads/lineages/saccharomycetes_odb10/hmms/26660at4891.hmm /home/inf-39-2023/bin/BINP29/Denovo/2_Assembly/BUSCO_SRR.asm.bp.p_ctg.fasta/run_saccharomycetes_odb10/metaeuk_output/initial_results/SRR.asm.bp.p_ctg.fasta.modified.fas 
# Current dir:     /home/inf-39-2023/bin/BINP29/Denovo/2_Assembly
# Date:            Wed Feb 21 15:52:42 2024
# [ok]
