#                                                                                               --- full sequence --- -------------- this domain -------------   hmm coord   ali coord   env coord
# target name                           accession   tlen query name           accession   qlen   E-value  score  bias   #  of  c-Evalue  i-Evalue  score  bias  from    to  from    to  from    to  acc description of target
#                   ------------------- ---------- ----- -------------------- ---------- ----- --------- ------ ----- --- --- --------- --------- ------ ----- ----- ----- ----- ----- ----- ----- ---- ---------------------
2754at4891_1|ptg000011l:1010833-1012974 -            714 2754at4891           -            542  1.9e-197  654.4  12.7   1   2  2.6e-199  7.8e-197  652.4   6.4     1   526     8   671     8   685 0.83 -
2754at4891_1|ptg000011l:1010833-1012974 -            714 2754at4891           -            542  1.9e-197  654.4  12.7   2   2     0.094        28    0.3   0.4   523   541   696   714   689   714 0.89 -
4846at4891_2|ptg000008l:498503-500428   -            642 2754at4891           -            542   7.3e-15   51.8   0.0   1   1   1.1e-15   3.3e-13   46.3   0.0   139   480    39   442    26   454 0.66 -
4206at4891_2|ptg000010l:112406-115159   -            918 2754at4891           -            542   1.9e-08   30.6   3.2   1   5    0.0015      0.46    6.2   0.0   361   399    77   115    53   167 0.78 -
4206at4891_2|ptg000010l:112406-115159   -            918 2754at4891           -            542   1.9e-08   30.6   3.2   2   5     0.086        26    0.5   0.0   383   417   149   183   141   216 0.84 -
4206at4891_2|ptg000010l:112406-115159   -            918 2754at4891           -            542   1.9e-08   30.6   3.2   3   5   1.7e-05     0.005   12.7   0.0   374   441   254   323   229   331 0.86 -
4206at4891_2|ptg000010l:112406-115159   -            918 2754at4891           -            542   1.9e-08   30.6   3.2   4   5    0.0029      0.86    5.3   0.1   382   435   347   402   333   445 0.76 -
4206at4891_2|ptg000010l:112406-115159   -            918 2754at4891           -            542   1.9e-08   30.6   3.2   5   5      0.12        36   -0.0   0.0   385   414   520   549   494   578 0.81 -
16921at4891_9|ptg000010l:93758-94756    -            333 2754at4891           -            542   1.2e-07   28.0   0.6   1   3    0.0077       2.3    3.9   0.0   385   429     9    56     3    66 0.74 -
16921at4891_9|ptg000010l:93758-94756    -            333 2754at4891           -            542   1.2e-07   28.0   0.6   2   3      0.66     2e+02   -2.5   0.0   136   158   101   123    69   150 0.57 -
16921at4891_9|ptg000010l:93758-94756    -            333 2754at4891           -            542   1.2e-07   28.0   0.6   3   3   3.5e-08     1e-05   21.6   0.1   130   238   219   327   207   331 0.80 -
15470at4891_1|ptg000007l:535847-536884  -            346 2754at4891           -            542   8.2e-05   18.6   0.2   1   3     0.053        16    1.2   0.0   135   203    14    90     8    93 0.75 -
15470at4891_1|ptg000007l:535847-536884  -            346 2754at4891           -            542   8.2e-05   18.6   0.2   2   3    0.0044       1.3    4.7   0.0   126   165    90   127    81   144 0.76 -
15470at4891_1|ptg000007l:535847-536884  -            346 2754at4891           -            542   8.2e-05   18.6   0.2   3   3   9.6e-05     0.029   10.2   0.1   381   439   154   215   127   228 0.70 -
2368at4891_2|ptg000013l:468770-471571   -            934 2754at4891           -            542    0.0001   18.3   0.0   1   2      0.22        65   -0.9   0.0   383   421   246   285   233   289 0.78 -
2368at4891_2|ptg000013l:468770-471571   -            934 2754at4891           -            542    0.0001   18.3   0.0   2   2   2.5e-06   0.00073   15.5   0.0   364   451   563   650   551   677 0.84 -
12947at4891_2|ptg000012l:72001-73275    -            425 2754at4891           -            542   0.00025   17.0   0.0   1   3    0.0033      0.99    5.1   0.0   363   410     9    56     5    62 0.84 -
12947at4891_2|ptg000012l:72001-73275    -            425 2754at4891           -            542   0.00025   17.0   0.0   2   3   0.00047      0.14    7.9   0.0   383   414    75   106    68   143 0.85 -
12947at4891_2|ptg000012l:72001-73275    -            425 2754at4891           -            542   0.00025   17.0   0.0   3   3      0.44   1.3e+02   -1.9   0.0   394   442   183   236   176   253 0.57 -
8998at4891_7|ptg000014l:735866-737215   -            450 2754at4891           -            542   0.00028   16.8   0.9   1   3   9.6e-05     0.029   10.2   0.0   380   410    78   108    62   132 0.75 -
8998at4891_7|ptg000014l:735866-737215   -            450 2754at4891           -            542   0.00028   16.8   0.9   2   3     0.016       4.7    2.9   0.3   130   210   119   196   110   248 0.63 -
8998at4891_7|ptg000014l:735866-737215   -            450 2754at4891           -            542   0.00028   16.8   0.9   3   3     0.083        25    0.5   0.0   377   407   332   362   307   367 0.83 -
10099at4891_2|ptg000002l:594852-597371  -            840 2754at4891           -            542   0.00032   16.6   0.0   1   3     0.082        24    0.5   0.0   136   153    84   101    72   112 0.61 -
10099at4891_2|ptg000002l:594852-597371  -            840 2754at4891           -            542   0.00032   16.6   0.0   2   3    0.0024      0.71    5.6   0.0   379   455   136   214   128   232 0.82 -
10099at4891_2|ptg000002l:594852-597371  -            840 2754at4891           -            542   0.00032   16.6   0.0   3   3    0.0022      0.65    5.7   0.0   372   412   348   388   333   395 0.84 -
#
# Program:         hmmsearch
# Version:         3.1b2 (February 2015)
# Pipeline mode:   SEARCH
# Query file:      /home/inf-39-2023/bin/BINP29/Denovo/2_Assembly/busco_downloads/lineages/saccharomycetes_odb10/hmms/2754at4891.hmm
# Target file:     /home/inf-39-2023/bin/BINP29/Denovo/2_Assembly/BUSCO_SRR.asm.bp.p_ctg.fasta/run_saccharomycetes_odb10/metaeuk_output/initial_results/SRR.asm.bp.p_ctg.fasta.modified.fas
# Option settings: hmmsearch --domtblout /home/inf-39-2023/bin/BINP29/Denovo/2_Assembly/BUSCO_SRR.asm.bp.p_ctg.fasta/run_saccharomycetes_odb10/hmmer_output/initial_run_results/2754at4891.out --cpu 1 /home/inf-39-2023/bin/BINP29/Denovo/2_Assembly/busco_downloads/lineages/saccharomycetes_odb10/hmms/2754at4891.hmm /home/inf-39-2023/bin/BINP29/Denovo/2_Assembly/BUSCO_SRR.asm.bp.p_ctg.fasta/run_saccharomycetes_odb10/metaeuk_output/initial_results/SRR.asm.bp.p_ctg.fasta.modified.fas 
# Current dir:     /home/inf-39-2023/bin/BINP29/Denovo/2_Assembly
# Date:            Wed Feb 21 15:52:42 2024
# [ok]
