#                                                                                             --- full sequence --- -------------- this domain -------------   hmm coord   ali coord   env coord
# target name                         accession   tlen query name           accession   qlen   E-value  score  bias   #  of  c-Evalue  i-Evalue  score  bias  from    to  from    to  from    to  acc description of target
#                 ------------------- ---------- ----- -------------------- ---------- ----- --------- ------ ----- --- --- --------- --------- ------ ----- ----- ----- ----- ----- ----- ----- ---- ---------------------
2905at4891_2|ptg000014l:651544-654963 -           1140 2905at4891           -            487  3.8e-117  389.3  51.3   1   7   3.1e-35   8.4e-32  107.8   0.1     2    77     6    88     5    92 0.94 -
2905at4891_2|ptg000014l:651544-654963 -           1140 2905at4891           -            487  3.8e-117  389.3  51.3   2   7   4.3e-39   1.1e-35  120.5   1.9    75   167   109   206   104   212 0.91 -
2905at4891_2|ptg000014l:651544-654963 -           1140 2905at4891           -            487  3.8e-117  389.3  51.3   3   7     1e-15   2.7e-12   43.5   0.8   164   218   227   287   220   290 0.86 -
2905at4891_2|ptg000014l:651544-654963 -           1140 2905at4891           -            487  3.8e-117  389.3  51.3   4   7   2.1e-17   5.7e-14   49.0   2.1   213   280   312   391   308   398 0.81 -
2905at4891_2|ptg000014l:651544-654963 -           1140 2905at4891           -            487  3.8e-117  389.3  51.3   5   7     0.038     1e+02   -1.3   0.3   272   293   418   442   402   451 0.77 -
2905at4891_2|ptg000014l:651544-654963 -           1140 2905at4891           -            487  3.8e-117  389.3  51.3   6   7   3.6e-07   0.00096   15.3   4.7   293   382   461   593   456   599 0.66 -
2905at4891_2|ptg000014l:651544-654963 -           1140 2905at4891           -            487  3.8e-117  389.3  51.3   7   7   1.3e-26   3.6e-23   79.3   1.8   378   476   642   755   615   760 0.85 -
#
# Program:         hmmsearch
# Version:         3.1b2 (February 2015)
# Pipeline mode:   SEARCH
# Query file:      /home/inf-39-2023/bin/BINP29/Denovo/2_Assembly/busco_downloads/lineages/saccharomycetes_odb10/hmms/2905at4891.hmm
# Target file:     /home/inf-39-2023/bin/BINP29/Denovo/2_Assembly/BUSCO_SRR.asm.bp.p_ctg.fasta/run_saccharomycetes_odb10/metaeuk_output/initial_results/SRR.asm.bp.p_ctg.fasta.modified.fas
# Option settings: hmmsearch --domtblout /home/inf-39-2023/bin/BINP29/Denovo/2_Assembly/BUSCO_SRR.asm.bp.p_ctg.fasta/run_saccharomycetes_odb10/hmmer_output/initial_run_results/2905at4891.out --cpu 1 /home/inf-39-2023/bin/BINP29/Denovo/2_Assembly/busco_downloads/lineages/saccharomycetes_odb10/hmms/2905at4891.hmm /home/inf-39-2023/bin/BINP29/Denovo/2_Assembly/BUSCO_SRR.asm.bp.p_ctg.fasta/run_saccharomycetes_odb10/metaeuk_output/initial_results/SRR.asm.bp.p_ctg.fasta.modified.fas 
# Current dir:     /home/inf-39-2023/bin/BINP29/Denovo/2_Assembly
# Date:            Wed Feb 21 15:52:43 2024
# [ok]
