#                                                                                                --- full sequence --- -------------- this domain -------------   hmm coord   ali coord   env coord
# target name                            accession   tlen query name           accession   qlen   E-value  score  bias   #  of  c-Evalue  i-Evalue  score  bias  from    to  from    to  from    to  acc description of target
#                    ------------------- ---------- ----- -------------------- ---------- ----- --------- ------ ----- --- --- --------- --------- ------ ----- ----- ----- ----- ----- ----- ----- ---- ---------------------
29070at4891|ptg000007l:302322-302807     -            162 29070at4891          -            155   2.3e-86  284.6   0.1   1   1   1.2e-88   2.5e-86  284.5   0.1     1   155     1   161     1   161 0.96 -
29070at4891_1|ptg000005l:956753-957229   -            159 29070at4891          -            155   5.1e-42  140.6   0.1   1   1   2.7e-44   5.6e-42  140.4   0.1     1   148     2   156     2   159 0.88 -
32220at4891|ptg000008l:708338-708832     -            165 29070at4891          -            155   2.2e-37  125.5   0.1   1   1   2.9e-38     6e-36  120.9   0.1     2   151     5   145     4   150 0.92 -
29070at4891_1|ptg000011l:953858-954265   -            136 29070at4891          -            155   5.8e-32  107.9   0.6   1   1   8.3e-33   1.7e-30  103.1   0.6     4   147     1   136     1   136 0.94 -
31657at4891_7|ptg000002l:411199-411597   -            133 29070at4891          -            155   8.2e-28   94.4   0.4   1   1   1.3e-28   2.6e-26   89.5   0.4    15   151     1   128     1   132 0.91 -
31657at4891_7|ptg000005l:949435-949833   -            133 29070at4891          -            155   9.8e-27   90.9   0.7   1   1   1.5e-27   3.1e-25   86.0   0.7    15   151     1   128     1   132 0.91 -
33667at4891_3|ptg000005l:888600-889016   -            139 29070at4891          -            155   1.9e-22   77.0   0.4   1   1   3.8e-23   7.8e-21   71.8   0.4     9   147     1   130     1   136 0.89 -
32025at4891_3|ptg000005l:1167584-1168018 -            145 29070at4891          -            155   5.6e-21   72.2   0.1   1   1   1.6e-22   3.2e-20   69.8   0.1    12   147     3   136     1   143 0.88 -
28812at4891_1|ptg000009l:360668-361417   -            250 29070at4891          -            155   7.1e-21   71.9   0.2   1   1   8.7e-23   1.8e-20   70.6   0.2     2    86     6    92     5   139 0.83 -
31320at4891_2|ptg000005l:708099-708743   -            215 29070at4891          -            155   1.5e-19   67.6   0.1   1   1   2.2e-20   4.5e-18   62.8   0.1     3   146     4   140     2   146 0.92 -
32220at4891|ptg000013l:278763-279197     -            145 29070at4891          -            155   1.3e-13   48.3   0.1   1   1   1.6e-14   3.3e-12   43.7   0.1    37   148    39   142     1   145 0.83 -
31569at4891_3|ptg000009l:133108-133725   -            206 29070at4891          -            155   6.4e-12   42.8   0.2   1   1   1.1e-12   2.2e-10   37.8   0.2    28   150    24   140     3   145 0.84 -
35931at4891_8|ptg000008l:756013-756411   -            133 29070at4891          -            155   0.00021   18.4   0.0   1   1   1.1e-06   0.00023   18.3   0.0     5    70     5    74     2   121 0.80 -
#
# Program:         hmmsearch
# Version:         3.1b2 (February 2015)
# Pipeline mode:   SEARCH
# Query file:      /home/inf-39-2023/bin/BINP29/Denovo/2_Assembly/busco_downloads/lineages/saccharomycetes_odb10/hmms/29070at4891.hmm
# Target file:     /home/inf-39-2023/bin/BINP29/Denovo/2_Assembly/BUSCO_SRR.asm.bp.p_ctg.fasta/run_saccharomycetes_odb10/metaeuk_output/initial_results/SRR.asm.bp.p_ctg.fasta.modified.fas
# Option settings: hmmsearch --domtblout /home/inf-39-2023/bin/BINP29/Denovo/2_Assembly/BUSCO_SRR.asm.bp.p_ctg.fasta/run_saccharomycetes_odb10/hmmer_output/initial_run_results/29070at4891.out --cpu 1 /home/inf-39-2023/bin/BINP29/Denovo/2_Assembly/busco_downloads/lineages/saccharomycetes_odb10/hmms/29070at4891.hmm /home/inf-39-2023/bin/BINP29/Denovo/2_Assembly/BUSCO_SRR.asm.bp.p_ctg.fasta/run_saccharomycetes_odb10/metaeuk_output/initial_results/SRR.asm.bp.p_ctg.fasta.modified.fas 
# Current dir:     /home/inf-39-2023/bin/BINP29/Denovo/2_Assembly
# Date:            Wed Feb 21 15:52:43 2024
# [ok]
