#                                                                                              --- full sequence --- -------------- this domain -------------   hmm coord   ali coord   env coord
# target name                          accession   tlen query name           accession   qlen   E-value  score  bias   #  of  c-Evalue  i-Evalue  score  bias  from    to  from    to  from    to  acc description of target
#                  ------------------- ---------- ----- -------------------- ---------- ----- --------- ------ ----- --- --- --------- --------- ------ ----- ----- ----- ----- ----- ----- ----- ---- ---------------------
32853at4891_0|ptg000008l:795814-796260 -            149 32853at4891          -            101   6.3e-48  158.6   4.4   1   2   1.9e-15   8.6e-13   45.8   0.1     1    41     5    49     5    58 0.86 -
32853at4891_0|ptg000008l:795814-796260 -            149 32853at4891          -            101   6.3e-48  158.6   4.4   2   2   9.4e-37   4.2e-34  114.2   1.4    31   101    79   149    51   149 0.88 -
31564at4891_9|ptg000002l:361716-362147 -            144 32853at4891          -            101   2.5e-29   98.9   0.7   1   2   1.3e-14   5.6e-12   43.2   0.0    33    97     8    72     2    76 0.92 -
31564at4891_9|ptg000002l:361716-362147 -            144 32853at4891          -            101   2.5e-29   98.9   0.7   2   2   3.4e-18   1.5e-15   54.6   0.2    34    94    82   141    73   143 0.89 -
31564at4891_9|ptg000011l:806476-806952 -            159 32853at4891          -            101   5.1e-18   62.6   3.0   1   2     4e-07   0.00018   19.1   0.2    34    94    19    79    14    90 0.91 -
31564at4891_9|ptg000011l:806476-806952 -            159 32853at4891          -            101   5.1e-18   62.6   3.0   2   2   6.5e-15   2.9e-12   44.1   0.2    36    96    94   154    90   158 0.94 -
27755at4891_2|ptg000005l:302265-302834 -            190 32853at4891          -            101   1.1e-07   29.4   1.3   1   3      0.59   2.6e+02   -0.7   0.0    32    45    42    55    18    60 0.73 -
27755at4891_2|ptg000005l:302265-302834 -            190 32853at4891          -            101   1.1e-07   29.4   1.3   2   3     2e-07   9.1e-05   20.0   0.1     5    66    67   129    63   143 0.85 -
27755at4891_2|ptg000005l:302265-302834 -            190 32853at4891          -            101   1.1e-07   29.4   1.3   3   3    0.0031       1.4    6.6   0.0     4    23   150   169   147   179 0.68 -
19264at4891_1|ptg000017l:590245-592739 -            674 32853at4891          -            101   2.9e-05   21.6   4.1   1   3       4.6     2e+03   -3.6   0.0    62    84   307   329   300   333 0.72 -
19264at4891_1|ptg000017l:590245-592739 -            674 32853at4891          -            101   2.9e-05   21.6   4.1   2   3     0.091        41    1.9   0.0    75    95   562   582   518   587 0.59 -
19264at4891_1|ptg000017l:590245-592739 -            674 32853at4891          -            101   2.9e-05   21.6   4.1   3   3     9e-08     4e-05   21.2   1.9     6    96   564   661   561   665 0.75 -
22538at4891_4|ptg000014l:304929-306545 -            539 32853at4891          -            101   0.00085   16.9   0.7   1   3    0.0057       2.6    5.8   0.2     6    59    13    69     8    71 0.79 -
22538at4891_4|ptg000014l:304929-306545 -            539 32853at4891          -            101   0.00085   16.9   0.7   2   3   0.00021     0.095   10.3   0.1     4    78    49   120    46   130 0.77 -
22538at4891_4|ptg000014l:304929-306545 -            539 32853at4891          -            101   0.00085   16.9   0.7   3   3       1.9   8.6e+02   -2.4   0.0    35    45   215   225   206   235 0.78 -
#
# Program:         hmmsearch
# Version:         3.1b2 (February 2015)
# Pipeline mode:   SEARCH
# Query file:      /home/inf-39-2023/bin/BINP29/Denovo/2_Assembly/busco_downloads/lineages/saccharomycetes_odb10/hmms/32853at4891.hmm
# Target file:     /home/inf-39-2023/bin/BINP29/Denovo/2_Assembly/BUSCO_SRR.asm.bp.p_ctg.fasta/run_saccharomycetes_odb10/metaeuk_output/initial_results/SRR.asm.bp.p_ctg.fasta.modified.fas
# Option settings: hmmsearch --domtblout /home/inf-39-2023/bin/BINP29/Denovo/2_Assembly/BUSCO_SRR.asm.bp.p_ctg.fasta/run_saccharomycetes_odb10/hmmer_output/initial_run_results/32853at4891.out --cpu 1 /home/inf-39-2023/bin/BINP29/Denovo/2_Assembly/busco_downloads/lineages/saccharomycetes_odb10/hmms/32853at4891.hmm /home/inf-39-2023/bin/BINP29/Denovo/2_Assembly/BUSCO_SRR.asm.bp.p_ctg.fasta/run_saccharomycetes_odb10/metaeuk_output/initial_results/SRR.asm.bp.p_ctg.fasta.modified.fas 
# Current dir:     /home/inf-39-2023/bin/BINP29/Denovo/2_Assembly
# Date:            Wed Feb 21 15:52:44 2024
# [ok]
