#                                                                                               --- full sequence --- -------------- this domain -------------   hmm coord   ali coord   env coord
# target name                           accession   tlen query name           accession   qlen   E-value  score  bias   #  of  c-Evalue  i-Evalue  score  bias  from    to  from    to  from    to  acc description of target
#                   ------------------- ---------- ----- -------------------- ---------- ----- --------- ------ ----- --- --- --------- --------- ------ ----- ----- ----- ----- ----- ----- ----- ---- ---------------------
36972at4891_2|ptg000009l:399045-400064  -            340 36972at4891          -            244  1.8e-102  339.2  19.5   1   3   9.4e-67   3.1e-64  214.0   6.1     3   169     2   173     1   183 0.87 -
36972at4891_2|ptg000009l:399045-400064  -            340 36972at4891          -            244  1.8e-102  339.2  19.5   2   3   2.3e-05    0.0077   12.9   0.6   124   170   177   223   169   238 0.73 -
36972at4891_2|ptg000009l:399045-400064  -            340 36972at4891          -            244  1.8e-102  339.2  19.5   3   3   1.4e-38   4.7e-36  121.7   2.4   131   244   228   340   221   340 0.72 -
2138at4891_2|ptg000002l:590656-594387   -           1244 36972at4891          -            244     1e-12   45.3   1.4   1   3    0.0004      0.13    8.9   0.0   190   241     9    66     3    71 0.72 -
2138at4891_2|ptg000002l:590656-594387   -           1244 36972at4891          -            244     1e-12   45.3   1.4   2   3   1.9e-08   6.3e-06   23.1   0.1   188   241    73   128    67   129 0.85 -
2138at4891_2|ptg000002l:590656-594387   -           1244 36972at4891          -            244     1e-12   45.3   1.4   3   3   0.00017     0.058   10.1   0.0   176   241   343   411   280   414 0.68 -
10684at4891_2|ptg000002l:197556-199205  -            550 36972at4891          -            244   1.5e-08   31.6   1.5   1   3   2.7e-09     9e-07   25.8   0.1   186   243    74   130    23   131 0.78 -
10684at4891_2|ptg000002l:197556-199205  -            550 36972at4891          -            244   1.5e-08   31.6   1.5   2   3      0.01       3.4    4.3   0.0   186   244   157   216   132   216 0.74 -
10684at4891_2|ptg000002l:197556-199205  -            550 36972at4891          -            244   1.5e-08   31.6   1.5   3   3       1.8   6.1e+02   -3.1   0.4   147   166   419   438   402   460 0.46 -
21312at4891_2|ptg000005l:273962-275407  -            482 36972at4891          -            244   1.4e-07   28.5   0.9   1   2      0.42   1.4e+02   -1.0   0.6   129   188   140   197   134   203 0.55 -
21312at4891_2|ptg000005l:273962-275407  -            482 36972at4891          -            244   1.4e-07   28.5   0.9   2   2   1.4e-09   4.6e-07   26.8   0.0   188   242   425   479   392   481 0.86 -
30941at4891_2|ptg000010l:68726-70501    -            592 36972at4891          -            244   1.9e-07   28.0   0.0   1   1   9.2e-10   3.1e-07   27.3   0.0   189   242   537   590   513   592 0.85 -
38822at4891_7|ptg000005l:742834-743379  -            182 36972at4891          -            244   1.4e-06   25.2   0.3   1   1   6.3e-09   2.1e-06   24.6   0.3   161   243    28   115     4   116 0.72 -
8023at4891_2|ptg000015l:338826-340721   -            632 36972at4891          -            244   4.5e-06   23.5   0.3   1   4         2   6.7e+02   -3.2   1.6   153   162   164   173   126   212 0.43 -
8023at4891_2|ptg000015l:338826-340721   -            632 36972at4891          -            244   4.5e-06   23.5   0.3   2   4       1.9   6.2e+02   -3.1   0.6   166   166   357   357   319   415 0.54 -
8023at4891_2|ptg000015l:338826-340721   -            632 36972at4891          -            244   4.5e-06   23.5   0.3   3   4   5.8e-07   0.00019   18.2   0.2   157   242   469   552   450   554 0.65 -
8023at4891_2|ptg000015l:338826-340721   -            632 36972at4891          -            244   4.5e-06   23.5   0.3   4   4   4.8e-05     0.016   11.9   0.0   188   239   581   631   573   632 0.88 -
6552at4891_2|ptg000005l:1254436-1257084 -            883 36972at4891          -            244    0.0081   12.9   0.1   1   2   6.5e-05     0.022   11.5   0.0   186   243     9    66     2    67 0.81 -
6552at4891_2|ptg000005l:1254436-1257084 -            883 36972at4891          -            244    0.0081   12.9   0.1   2   2       3.5   1.2e+03   -4.0   0.2   128   158   285   316   276   329 0.62 -
#
# Program:         hmmsearch
# Version:         3.1b2 (February 2015)
# Pipeline mode:   SEARCH
# Query file:      /home/inf-39-2023/bin/BINP29/Denovo/2_Assembly/busco_downloads/lineages/saccharomycetes_odb10/hmms/36972at4891.hmm
# Target file:     /home/inf-39-2023/bin/BINP29/Denovo/2_Assembly/BUSCO_SRR.asm.bp.p_ctg.fasta/run_saccharomycetes_odb10/metaeuk_output/initial_results/SRR.asm.bp.p_ctg.fasta.modified.fas
# Option settings: hmmsearch --domtblout /home/inf-39-2023/bin/BINP29/Denovo/2_Assembly/BUSCO_SRR.asm.bp.p_ctg.fasta/run_saccharomycetes_odb10/hmmer_output/initial_run_results/36972at4891.out --cpu 1 /home/inf-39-2023/bin/BINP29/Denovo/2_Assembly/busco_downloads/lineages/saccharomycetes_odb10/hmms/36972at4891.hmm /home/inf-39-2023/bin/BINP29/Denovo/2_Assembly/BUSCO_SRR.asm.bp.p_ctg.fasta/run_saccharomycetes_odb10/metaeuk_output/initial_results/SRR.asm.bp.p_ctg.fasta.modified.fas 
# Current dir:     /home/inf-39-2023/bin/BINP29/Denovo/2_Assembly
# Date:            Wed Feb 21 15:52:46 2024
# [ok]
