#                                                                                              --- full sequence --- -------------- this domain -------------   hmm coord   ali coord   env coord
# target name                          accession   tlen query name           accession   qlen   E-value  score  bias   #  of  c-Evalue  i-Evalue  score  bias  from    to  from    to  from    to  acc description of target
#                  ------------------- ---------- ----- -------------------- ---------- ----- --------- ------ ----- --- --- --------- --------- ------ ----- ----- ----- ----- ----- ----- ----- ---- ---------------------
39582at4891_2|ptg000006l:133776-134267 -            164 39582at4891          -            113   6.7e-29   97.7  12.1   1   1   3.7e-27   5.8e-25   85.0  12.1     1   113     4   159     4   159 0.78 -
39582at4891_6|ptg000009l:248969-249310 -            114 39582at4891          -            113     2e-12   44.6   0.2   1   1   3.3e-14   5.2e-12   43.3   0.2     2    55     1    66     1    83 0.81 -
39582at4891_6|ptg000016l:82883-83152   -             90 39582at4891          -            113     4e-12   43.6   0.6   1   1   5.3e-14   8.4e-12   42.6   0.6     2    55     1    66     1    84 0.78 -
28089at4891_1|ptg000004l:300422-301696 -            425 39582at4891          -            113   6.1e-11   39.8   1.4   1   1   5.5e-12   8.7e-10   36.1   1.4     3    51     2    65     1    87 0.76 -
20606at4891_2|ptg000014l:270845-272071 -            409 39582at4891          -            113   7.8e-11   39.5   0.0   1   1     2e-12   3.1e-10   37.6   0.0     2    52     7    68     6    77 0.78 -
29729at4891_2|ptg000014l:158377-159432 -            352 39582at4891          -            113   3.1e-10   37.6   0.0   1   1   3.9e-12   6.2e-10   36.6   0.0     2    56     7    70     6    79 0.80 -
22851at4891_2|ptg000014l:555468-557231 -            588 39582at4891          -            113   3.7e-10   37.3   1.7   1   2   2.4e-12   3.7e-10   37.3   1.7     2    60     5    76     4    92 0.70 -
22851at4891_2|ptg000014l:555468-557231 -            588 39582at4891          -            113   3.7e-10   37.3   1.7   2   2       2.4   3.8e+02   -1.4   1.1    56    56   248   248   192   348 0.69 -
15475at4891_2|ptg000007l:673677-674798 -            374 39582at4891          -            113   1.2e-08   32.4   2.2   1   1   2.5e-10   3.9e-08   30.8   2.2     1    58    20    89    20    94 0.75 -
20606at4891_8|ptg000014l:295256-296551 -            432 39582at4891          -            113   1.2e-08   32.4   2.5   1   1   3.3e-10   5.2e-08   30.4   2.5     3    53     8    70     6    88 0.78 -
10759at4891_9|ptg000001l:166046-167458 -            471 39582at4891          -            113   2.3e-07   28.3   2.3   1   2   4.4e-09   6.9e-07   26.8   0.3     3    52    26    86    24    94 0.84 -
10759at4891_9|ptg000001l:166046-167458 -            471 39582at4891          -            113   2.3e-07   28.3   2.3   2   2      0.96   1.5e+02   -0.1   0.1    69    91   225   247   206   263 0.75 -
24162at4891_9|ptg000006l:453508-455343 -            612 39582at4891          -            113   4.6e-06   24.1   3.6   1   2       8.9   1.4e+03   -3.2   0.6    31    60   463   492   453   498 0.63 -
24162at4891_9|ptg000006l:453508-455343 -            612 39582at4891          -            113   4.6e-06   24.1   3.6   2   2   2.9e-08   4.6e-06   24.1   3.6     1    55   513   584   513   593 0.79 -
5815at4891_2|ptg000011l:800509-802485  -            659 39582at4891          -            113   8.1e-06   23.3   0.2   1   1   4.4e-07   6.9e-05   20.3   0.2     3    33   127   159   125   204 0.83 -
29747at4891_1|ptg000008l:31118-32416   -            433 39582at4891          -            113   5.3e-05   20.7   2.0   1   2       3.6   5.7e+02   -1.9   0.0    36    68    38    70    36    78 0.75 -
29747at4891_1|ptg000008l:31118-32416   -            433 39582at4891          -            113   5.3e-05   20.7   2.0   2   2   3.6e-06   0.00057   17.4   0.9     6    52   107   166   104   170 0.82 -
36485at4891_1|ptg000008l:643153-643704 -            184 39582at4891          -            113   0.00011   19.7   2.2   1   1   9.2e-07   0.00015   19.3   1.2    10    67    31    95    28   104 0.78 -
35328at4891_1|ptg000004l:151277-151780 -            168 39582at4891          -            113     0.016   12.7   0.0   1   1   0.00016     0.025   12.1   0.0     9    30   123   144   113   163 0.83 -
27505at4891_9|ptg000003l:263069-263881 -            271 39582at4891          -            113     0.044   11.3   5.0   1   2      0.12        19    2.8   2.1    11    31    49    69    45    87 0.88 -
27505at4891_9|ptg000003l:263069-263881 -            271 39582at4891          -            113     0.044   11.3   5.0   2   2    0.0016      0.25    8.9   0.1    31    55    99   124    72   146 0.75 -
4322at4891_2|ptg000005l:330799-333651  -            951 39582at4891          -            113     0.083   10.4   3.1   1   1    0.0014      0.23    9.0   3.1    10    66   839   899   836   912 0.83 -
#
# Program:         hmmsearch
# Version:         3.1b2 (February 2015)
# Pipeline mode:   SEARCH
# Query file:      /home/inf-39-2023/bin/BINP29/Denovo/2_Assembly/busco_downloads/lineages/saccharomycetes_odb10/hmms/39582at4891.hmm
# Target file:     /home/inf-39-2023/bin/BINP29/Denovo/2_Assembly/BUSCO_SRR.asm.bp.p_ctg.fasta/run_saccharomycetes_odb10/metaeuk_output/initial_results/SRR.asm.bp.p_ctg.fasta.modified.fas
# Option settings: hmmsearch --domtblout /home/inf-39-2023/bin/BINP29/Denovo/2_Assembly/BUSCO_SRR.asm.bp.p_ctg.fasta/run_saccharomycetes_odb10/hmmer_output/initial_run_results/39582at4891.out --cpu 1 /home/inf-39-2023/bin/BINP29/Denovo/2_Assembly/busco_downloads/lineages/saccharomycetes_odb10/hmms/39582at4891.hmm /home/inf-39-2023/bin/BINP29/Denovo/2_Assembly/BUSCO_SRR.asm.bp.p_ctg.fasta/run_saccharomycetes_odb10/metaeuk_output/initial_results/SRR.asm.bp.p_ctg.fasta.modified.fas 
# Current dir:     /home/inf-39-2023/bin/BINP29/Denovo/2_Assembly
# Date:            Wed Feb 21 15:52:46 2024
# [ok]
