#                                                                                              --- full sequence --- -------------- this domain -------------   hmm coord   ali coord   env coord
# target name                          accession   tlen query name           accession   qlen   E-value  score  bias   #  of  c-Evalue  i-Evalue  score  bias  from    to  from    to  from    to  acc description of target
#                  ------------------- ---------- ----- -------------------- ---------- ----- --------- ------ ----- --- --- --------- --------- ------ ----- ----- ----- ----- ----- ----- ----- ---- ---------------------
4581at4891_8|ptg000009l:224544-226373  -            610 4581at4891           -            535         0 1078.8   0.1   1   2       6.1   6.8e+02   -4.2   2.2     1    12     5    16     5    23 0.86 -
4581at4891_8|ptg000009l:224544-226373  -            610 4581at4891           -            535         0 1078.8   0.1   2   2         0         0 1078.8   0.1     6   535    49   610    43   610 0.96 -
3331at4891_2|ptg000001l:106431-108686  -            752 4581at4891           -            535  3.1e-121  402.8   0.3   1   2   1.5e-17   1.7e-15   53.9   0.0    33   144   193   301   187   309 0.83 -
3331at4891_2|ptg000001l:106431-108686  -            752 4581at4891           -            535  3.1e-121  402.8   0.3   2   2  8.9e-107    1e-104  348.3   0.1   109   529   300   739   280   743 0.90 -
960at4891|ptg000013l:171409-174540     -           1044 4581at4891           -            535   4.2e-52  174.7   0.0   1   4   1.2e-12   1.3e-10   37.7   0.0    40   118   432   515   423   530 0.79 -
960at4891|ptg000013l:171409-174540     -           1044 4581at4891           -            535   4.2e-52  174.7   0.0   2   4   2.9e-22   3.2e-20   69.5   0.1   156   255   527   631   513   640 0.92 -
960at4891|ptg000013l:171409-174540     -           1044 4581at4891           -            535   4.2e-52  174.7   0.0   3   4     2e-07   2.3e-05   20.4   0.0   334   410   667   757   644   771 0.72 -
960at4891|ptg000013l:171409-174540     -           1044 4581at4891           -            535   4.2e-52  174.7   0.0   4   4   6.1e-14   6.8e-12   42.0   0.0   435   513   891   969   877   978 0.91 -
960at4891_6|ptg000014l:168492-171623   -           1044 4581at4891           -            535   9.2e-52  173.5   0.0   1   4   2.8e-12   3.1e-10   36.5   0.0    39   116   431   513   421   521 0.82 -
960at4891_6|ptg000014l:168492-171623   -           1044 4581at4891           -            535   9.2e-52  173.5   0.0   2   4   1.4e-21   1.5e-19   67.2   0.1   156   254   527   630   518   639 0.91 -
960at4891_6|ptg000014l:168492-171623   -           1044 4581at4891           -            535   9.2e-52  173.5   0.0   3   4   1.3e-07   1.5e-05   21.1   0.0   333   410   666   757   646   772 0.74 -
960at4891_6|ptg000014l:168492-171623   -           1044 4581at4891           -            535   9.2e-52  173.5   0.0   4   4   2.7e-14     3e-12   43.2   0.0   435   513   891   969   878   978 0.90 -
869at4891_2|ptg000003l:814542-818129   -           1196 4581at4891           -            535   3.4e-49  165.1  17.9   1   4   3.9e-09   4.3e-07   26.1   0.1    42    87   575   620   567   639 0.89 -
869at4891_2|ptg000003l:814542-818129   -           1196 4581at4891           -            535   3.4e-49  165.1  17.9   2   4   4.4e-25   4.9e-23   78.7   0.0   140   260   655   781   637   794 0.85 -
869at4891_2|ptg000003l:814542-818129   -           1196 4581at4891           -            535   3.4e-49  165.1  17.9   3   4   1.1e-09   1.2e-07   28.0   0.0   333   425   811   908   801   920 0.78 -
869at4891_2|ptg000003l:814542-818129   -           1196 4581at4891           -            535   3.4e-49  165.1  17.9   4   4   1.5e-14   1.6e-12   44.0   0.0   433   517  1025  1109  1012  1121 0.86 -
14562at4891_2|ptg000005l:943290-944903 -            538 4581at4891           -            535   9.5e-15   51.4   0.0   1   3   3.3e-06   0.00037   16.4   0.0   173   223   161   211   148   292 0.67 -
14562at4891_2|ptg000005l:943290-944903 -            538 4581at4891           -            535   9.5e-15   51.4   0.0   2   3   5.9e-05    0.0066   12.3   0.0    37    89   304   355   269   366 0.84 -
14562at4891_2|ptg000005l:943290-944903 -            538 4581at4891           -            535   9.5e-15   51.4   0.0   3   3   4.9e-07   5.4e-05   19.2   0.0   411   497   429   513   377   527 0.86 -
3331at4891_5|ptg000005l:890826-892145  -            440 4581at4891           -            535   3.1e-12   43.1   0.4   1   4   0.00058     0.065    9.0   0.1    66    89     3    26     1    33 0.66 -
3331at4891_5|ptg000005l:890826-892145  -            440 4581at4891           -            535   3.1e-12   43.1   0.4   2   4   0.00027      0.03   10.1   0.0   438   507   117   189   107   196 0.85 -
3331at4891_5|ptg000005l:890826-892145  -            440 4581at4891           -            535   3.1e-12   43.1   0.4   3   4     0.013       1.4    4.6   0.0    68    86   280   298   246   320 0.74 -
3331at4891_5|ptg000005l:890826-892145  -            440 4581at4891           -            535   3.1e-12   43.1   0.4   4   4   1.5e-05    0.0016   14.3   0.0   165   218   358   411   353   435 0.84 -
6341at4891_5|ptg000003l:907363-908835  -            491 4581at4891           -            535   2.8e-11   40.0   0.0   1   2     2e-05    0.0022   13.9   0.0   332   383   249   305   237   326 0.81 -
6341at4891_5|ptg000003l:907363-908835  -            491 4581at4891           -            535   2.8e-11   40.0   0.0   2   2   1.9e-08   2.1e-06   23.8   0.0   172   207   390   425   378   456 0.80 -
6341at4891_5|ptg000013l:63181-64929    -            583 4581at4891           -            535   2.3e-08   30.3   0.0   1   2    0.0014      0.16    7.7   0.0   334   379   349   399   334   408 0.83 -
6341at4891_5|ptg000013l:63181-64929    -            583 4581at4891           -            535   2.3e-08   30.3   0.0   2   2   2.3e-07   2.6e-05   20.2   0.0   169   220   487   539   475   563 0.79 -
21615at4891_1|ptg000001l:192124-192981 -            286 4581at4891           -            535   3.1e-08   29.9   0.0   1   2   0.00011     0.013   11.4   0.0    56    92    25    61     6    88 0.69 -
21615at4891_1|ptg000001l:192124-192981 -            286 4581at4891           -            535   3.1e-08   29.9   0.0   2   2   2.4e-06   0.00027   16.9   0.0   437   508   144   219   114   242 0.73 -
21615at4891_7|ptg000011l:185727-186458 -            244 4581at4891           -            535   5.9e-08   29.0   0.0   1   1   6.6e-09   7.3e-07   25.4   0.0    52   218    17   193    11   209 0.68 -
1597at4891_2|ptg000010l:206827-209937  -           1037 4581at4891           -            535   8.9e-07   25.1   0.0   1   2    0.0087      0.97    5.1   0.0   343   387   389   434   352   453 0.72 -
1597at4891_2|ptg000010l:206827-209937  -           1037 4581at4891           -            535   8.9e-07   25.1   0.0   2   2   1.7e-06   0.00019   17.4   0.0   171   227   516   576   492   587 0.84 -
21615at4891_9|ptg000017l:18074-18715   -            214 4581at4891           -            535   1.2e-06   24.6   0.0   1   2    0.0019      0.21    7.4   0.0   354   405    10    61     2    72 0.76 -
21615at4891_9|ptg000017l:18074-18715   -            214 4581at4891           -            535   1.2e-06   24.6   0.0   2   2   6.8e-06   0.00076   15.4   0.0   173   228   126   185   113   197 0.82 -
6341at4891_2|ptg000007l:845389-847455  -            689 4581at4891           -            535   1.5e-06   24.3   0.0   1   2   0.00011     0.012   11.4   0.0   331   379   432   483   417   488 0.84 -
6341at4891_2|ptg000007l:845389-847455  -            689 4581at4891           -            535   1.5e-06   24.3   0.0   2   2   0.00038     0.042    9.7   0.0   441   512   572   646   562   657 0.74 -
12292at4891_8|ptg000003l:664041-666623 -            861 4581at4891           -            535   3.9e-06   22.9   0.1   1   2     0.019       2.1    4.1   0.0    68    91   633   655   614   675 0.74 -
12292at4891_8|ptg000003l:664041-666623 -            861 4581at4891           -            535   3.9e-06   22.9   0.1   2   2   3.1e-06   0.00034   16.5   0.0   166   227   733   794   705   802 0.79 -
6341at4891_0|ptg000017l:628091-629305  -            405 4581at4891           -            535   5.8e-06   22.4   0.1   1   3      0.02       2.3    3.9   0.0   334   379   157   207   142   213 0.69 -
6341at4891_0|ptg000017l:628091-629305  -            405 4581at4891           -            535   5.8e-06   22.4   0.1   2   3      0.69        77   -1.1   0.0   484   515   210   243   205   252 0.81 -
6341at4891_0|ptg000017l:628091-629305  -            405 4581at4891           -            535   5.8e-06   22.4   0.1   3   3   8.7e-06   0.00097   15.1   0.0   440   497   305   364   296   382 0.81 -
1597at4891_4|ptg000003l:491999-493627  -            543 4581at4891           -            535   1.4e-05   21.2   0.0   1   1   1.9e-07   2.1e-05   20.6   0.0    61   211    44   198    30   214 0.71 -
13964at4891|ptg000017l:584994-587345   -            784 4581at4891           -            535   0.00011   18.1   0.0   1   2   0.00018     0.021   10.7   0.0    39    84   472   518   465   527 0.81 -
13964at4891|ptg000017l:584994-587345   -            784 4581at4891           -            535   0.00011   18.1   0.0   2   2    0.0088      0.98    5.1   0.0   167   229   646   708   598   716 0.86 -
6341at4891_9|ptg000005l:801784-802794  -            337 4581at4891           -            535   0.00012   18.0   0.2   1   1   6.9e-06   0.00077   15.4   0.2   165   228   234   299    99   306 0.57 -
21615at4891_7|ptg000008l:39048-39641   -            198 4581at4891           -            535   0.00015   17.7   0.1   1   2    0.0048      0.53    6.0   0.0   357   390    12    45     2    49 0.81 -
21615at4891_7|ptg000008l:39048-39641   -            198 4581at4891           -            535   0.00015   17.7   0.1   2   2   0.00032     0.035    9.9   0.0   166   209   101   144    91   180 0.76 -
1597at4891_4|ptg000011l:186690-188417  -            576 4581at4891           -            535   0.00018   17.5   0.1   1   2     0.036         4    3.1   0.0    57    86    10    39     3    63 0.65 -
1597at4891_4|ptg000011l:186690-188417  -            576 4581at4891           -            535   0.00018   17.5   0.1   2   2     7e-05    0.0078   12.1   0.0   170   219   145   194   126   223 0.76 -
6341at4891_9|ptg000008l:37062-37991    -            310 4581at4891           -            535   0.00022   17.2   0.0   1   2    0.0011      0.12    8.1   0.0    53    85    77   109    54   129 0.79 -
6341at4891_9|ptg000008l:37062-37991    -            310 4581at4891           -            535   0.00022   17.2   0.0   2   2    0.0022      0.25    7.1   0.0   168   477   210   251   198   298 0.62 -
21615at4891|ptg000011l:930044-930628   -            195 4581at4891           -            535    0.0011   14.9   0.0   1   2    0.0075      0.83    5.4   0.0    66    88    28    50    10   116 0.83 -
21615at4891|ptg000011l:930044-930628   -            195 4581at4891           -            535    0.0011   14.9   0.0   2   2    0.0012      0.13    8.0   0.0   442   484   139   182   128   192 0.76 -
1597at4891_4|ptg000011l:617896-619518  -            541 4581at4891           -            535    0.0099   11.7   0.0   1   2     0.074       8.3    2.1   0.0    67    87    36    56    22    69 0.80 -
1597at4891_4|ptg000011l:617896-619518  -            541 4581at4891           -            535    0.0099   11.7   0.0   2   2    0.0019      0.21    7.3   0.0   441   486   145   191   134   208 0.79 -
#
# Program:         hmmsearch
# Version:         3.1b2 (February 2015)
# Pipeline mode:   SEARCH
# Query file:      /home/inf-39-2023/bin/BINP29/Denovo/2_Assembly/busco_downloads/lineages/saccharomycetes_odb10/hmms/4581at4891.hmm
# Target file:     /home/inf-39-2023/bin/BINP29/Denovo/2_Assembly/BUSCO_SRR.asm.bp.p_ctg.fasta/run_saccharomycetes_odb10/metaeuk_output/initial_results/SRR.asm.bp.p_ctg.fasta.modified.fas
# Option settings: hmmsearch --domtblout /home/inf-39-2023/bin/BINP29/Denovo/2_Assembly/BUSCO_SRR.asm.bp.p_ctg.fasta/run_saccharomycetes_odb10/hmmer_output/initial_run_results/4581at4891.out --cpu 1 /home/inf-39-2023/bin/BINP29/Denovo/2_Assembly/busco_downloads/lineages/saccharomycetes_odb10/hmms/4581at4891.hmm /home/inf-39-2023/bin/BINP29/Denovo/2_Assembly/BUSCO_SRR.asm.bp.p_ctg.fasta/run_saccharomycetes_odb10/metaeuk_output/initial_results/SRR.asm.bp.p_ctg.fasta.modified.fas 
# Current dir:     /home/inf-39-2023/bin/BINP29/Denovo/2_Assembly
# Date:            Wed Feb 21 15:52:48 2024
# [ok]
