#                                                                                              --- full sequence --- -------------- this domain -------------   hmm coord   ali coord   env coord
# target name                          accession   tlen query name           accession   qlen   E-value  score  bias   #  of  c-Evalue  i-Evalue  score  bias  from    to  from    to  from    to  acc description of target
#                  ------------------- ---------- ----- -------------------- ---------- ----- --------- ------ ----- --- --- --------- --------- ------ ----- ----- ----- ----- ----- ----- ----- ---- ---------------------
4591at4891_2|ptg000012l:148852-151857  -           1002 4591at4891           -            667         0 1217.4  91.9   1   4     4e-06   0.00071   15.1  30.1     6    65    88   149    84   169 0.72 -
4591at4891_2|ptg000012l:148852-151857  -           1002 4591at4891           -            667         0 1217.4  91.9   2   4   4.1e-08   7.3e-06   21.7  36.5    11    82   185   261   174   275 0.69 -
4591at4891_2|ptg000012l:148852-151857  -           1002 4591at4891           -            667         0 1217.4  91.9   3   4       1.2   2.1e+02   -2.9   4.3    41    96   271   328   260   332 0.44 -
4591at4891_2|ptg000012l:148852-151857  -           1002 4591at4891           -            667         0 1217.4  91.9   4   4         0         0 1198.1   1.3    33   667   340  1001   332  1001 0.93 -
6437at4891_2|ptg000011l:273165-275072  -            636 4591at4891           -            667   6.4e-24   81.4  21.6   1   3   6.2e-26   1.1e-23   80.6   5.5    94   351   100   326    83   340 0.81 -
6437at4891_2|ptg000011l:273165-275072  -            636 4591at4891           -            667   6.4e-24   81.4  21.6   2   3      0.61   1.1e+02   -2.0   1.7    19    74   370   425   363   443 0.79 -
6437at4891_2|ptg000011l:273165-275072  -            636 4591at4891           -            667   6.4e-24   81.4  21.6   3   3   0.00042     0.074    8.5   0.6   491   597   485   595   458   610 0.75 -
3246at4891_2|ptg000014l:447829-451158  -           1110 4591at4891           -            667   8.9e-12   41.3   0.1   1   1   8.7e-14   1.6e-11   40.5   0.1   102   230    22   162    10   184 0.83 -
5963at4891_6|ptg000013l:249549-251420  -            624 4591at4891           -            667   3.7e-09   32.6   0.1   1   1   2.1e-11   3.7e-09   32.6   0.1    87   231    12   160     2   194 0.81 -
2825at4891_2|ptg000004l:251333-253564  -            744 4591at4891           -            667     1e-07   27.8   0.1   1   1   1.1e-09   1.9e-07   26.9   0.1    86   233    41   194    22   218 0.78 -
3845at4891_1|ptg000011l:576067-578595  -            843 4591at4891           -            667   1.3e-05   20.9   0.3   1   1   1.3e-07   2.3e-05   20.1   0.3   103   247    26   187     7   210 0.65 -
2926at4891_7|ptg000006l:524852-527200  -            783 4591at4891           -            667   1.3e-05   20.9   0.1   1   1   1.1e-07   1.9e-05   20.3   0.1   104   244    13   152     2   163 0.70 -
3845at4891_1|ptg000005l:279844-282354  -            837 4591at4891           -            667   1.4e-05   20.8   0.2   1   1   1.4e-07   2.5e-05   20.0   0.2   103   247    20   181     5   204 0.64 -
14521at4891_7|ptg000011l:679610-680803 -            398 4591at4891           -            667   3.6e-05   19.4   0.1   1   2     2e-07   3.6e-05   19.4   0.1   104   230    14   139     4   156 0.83 -
14521at4891_7|ptg000011l:679610-680803 -            398 4591at4891           -            667   3.6e-05   19.4   0.1   2   2       2.2   3.9e+02   -3.8   0.1   323   358   220   256   215   259 0.78 -
6549at4891_2|ptg000017l:74913-76736    -            608 4591at4891           -            667   4.6e-05   19.1   0.1   1   1   4.6e-07   8.2e-05   18.3   0.1    98   243   165   330    72   347 0.69 -
26336at4891_7|ptg000003l:479348-479941 -            198 4591at4891           -            667    0.0019   13.7   0.1   1   3      0.45        81   -1.6   0.0    88   121     8    39     4    67 0.81 -
26336at4891_7|ptg000003l:479348-479941 -            198 4591at4891           -            667    0.0019   13.7   0.1   2   3     0.018       3.3    3.1   0.0   168   243    72   152    50   157 0.77 -
26336at4891_7|ptg000003l:479348-479941 -            198 4591at4891           -            667    0.0019   13.7   0.1   3   3    0.0005      0.09    8.2   0.0   273   305   160   193   147   197 0.79 -
7621at4891_2|ptg000002l:341091-342395  -            435 4591at4891           -            667    0.0037   12.8   0.1   1   1   3.4e-05    0.0061   12.1   0.1   158   241    73   165     1   175 0.64 -
7621at4891_2|ptg000003l:237960-239264  -            435 4591at4891           -            667    0.0037   12.8   0.1   1   1   3.4e-05    0.0061   12.1   0.1   158   241    73   165     1   175 0.64 -
5956at4891_2|ptg000004l:95403-97043    -            547 4591at4891           -            667       2.7    3.3  13.6   1   1     0.021       3.8    2.8  13.6     7    74    19    85    16   109 0.71 -
17189at4891_2|ptg000008l:450376-452277 -            634 4591at4891           -            667       3.9    2.8  21.2   1   1     0.045         8    1.8  21.2    10   113    13   117     6   122 0.81 -
#
# Program:         hmmsearch
# Version:         3.1b2 (February 2015)
# Pipeline mode:   SEARCH
# Query file:      /home/inf-39-2023/bin/BINP29/Denovo/2_Assembly/busco_downloads/lineages/saccharomycetes_odb10/hmms/4591at4891.hmm
# Target file:     /home/inf-39-2023/bin/BINP29/Denovo/2_Assembly/BUSCO_SRR.asm.bp.p_ctg.fasta/run_saccharomycetes_odb10/metaeuk_output/initial_results/SRR.asm.bp.p_ctg.fasta.modified.fas
# Option settings: hmmsearch --domtblout /home/inf-39-2023/bin/BINP29/Denovo/2_Assembly/BUSCO_SRR.asm.bp.p_ctg.fasta/run_saccharomycetes_odb10/hmmer_output/initial_run_results/4591at4891.out --cpu 1 /home/inf-39-2023/bin/BINP29/Denovo/2_Assembly/busco_downloads/lineages/saccharomycetes_odb10/hmms/4591at4891.hmm /home/inf-39-2023/bin/BINP29/Denovo/2_Assembly/BUSCO_SRR.asm.bp.p_ctg.fasta/run_saccharomycetes_odb10/metaeuk_output/initial_results/SRR.asm.bp.p_ctg.fasta.modified.fas 
# Current dir:     /home/inf-39-2023/bin/BINP29/Denovo/2_Assembly
# Date:            Wed Feb 21 15:52:48 2024
# [ok]
