#                                                                                             --- full sequence --- -------------- this domain -------------   hmm coord   ali coord   env coord
# target name                         accession   tlen query name           accession   qlen   E-value  score  bias   #  of  c-Evalue  i-Evalue  score  bias  from    to  from    to  from    to  acc description of target
#                 ------------------- ---------- ----- -------------------- ---------- ----- --------- ------ ----- --- --- --------- --------- ------ ----- ----- ----- ----- ----- ----- ----- ---- ---------------------
4939at4891_2|ptg000014l:182598-184613 -            672 4939at4891           -            515    9e-260  859.9   6.8   1   2  8.1e-223  4.3e-220  729.0   0.0     1   362    21   399    21   408 0.96 -
4939at4891_2|ptg000014l:182598-184613 -            672 4939at4891           -            515    9e-260  859.9   6.8   2   2   4.1e-39   2.2e-36  122.8   5.3   367   515   454   667   409   667 0.77 -
8471at4891_6|ptg000008l:961092-962426 -            445 4939at4891           -            515   1.7e-41  139.7   0.1   1   1     5e-44   2.7e-41  139.1   0.1     8   322    21   324    17   334 0.89 -
8471at4891_8|ptg000014l:758592-759800 -            403 4939at4891           -            515   7.2e-37  124.5   0.4   1   1     2e-39   1.1e-36  123.9   0.4    23   324    27   315    12   324 0.87 -
8471at4891_4|ptg000003l:255991-256689 -            233 4939at4891           -            515   1.3e-22   77.4   0.0   1   1   3.1e-25   1.7e-22   77.1   0.0   150   318    52   217    45   224 0.89 -
4939at4891_1|ptg000003l:608761-609972 -            404 4939at4891           -            515   8.8e-22   74.7   0.0   1   2   1.9e-19     1e-16   58.0   0.1    77   200     2   134     1   139 0.66 -
4939at4891_1|ptg000003l:608761-609972 -            404 4939at4891           -            515   8.8e-22   74.7   0.0   2   2   2.6e-06    0.0014   14.6   0.0   268   327   252   319   234   370 0.73 -
#
# Program:         hmmsearch
# Version:         3.1b2 (February 2015)
# Pipeline mode:   SEARCH
# Query file:      /home/inf-39-2023/bin/BINP29/Denovo/2_Assembly/busco_downloads/lineages/saccharomycetes_odb10/hmms/4939at4891.hmm
# Target file:     /home/inf-39-2023/bin/BINP29/Denovo/2_Assembly/BUSCO_SRR.asm.bp.p_ctg.fasta/run_saccharomycetes_odb10/metaeuk_output/initial_results/SRR.asm.bp.p_ctg.fasta.modified.fas
# Option settings: hmmsearch --domtblout /home/inf-39-2023/bin/BINP29/Denovo/2_Assembly/BUSCO_SRR.asm.bp.p_ctg.fasta/run_saccharomycetes_odb10/hmmer_output/initial_run_results/4939at4891.out --cpu 1 /home/inf-39-2023/bin/BINP29/Denovo/2_Assembly/busco_downloads/lineages/saccharomycetes_odb10/hmms/4939at4891.hmm /home/inf-39-2023/bin/BINP29/Denovo/2_Assembly/BUSCO_SRR.asm.bp.p_ctg.fasta/run_saccharomycetes_odb10/metaeuk_output/initial_results/SRR.asm.bp.p_ctg.fasta.modified.fas 
# Current dir:     /home/inf-39-2023/bin/BINP29/Denovo/2_Assembly
# Date:            Wed Feb 21 15:52:51 2024
# [ok]
