#                                                                                               --- full sequence --- -------------- this domain -------------   hmm coord   ali coord   env coord
# target name                           accession   tlen query name           accession   qlen   E-value  score  bias   #  of  c-Evalue  i-Evalue  score  bias  from    to  from    to  from    to  acc description of target
#                   ------------------- ---------- ----- -------------------- ---------- ----- --------- ------ ----- --- --- --------- --------- ------ ----- ----- ----- ----- ----- ----- ----- ---- ---------------------
5280at4891_1|ptg000009l:505124-506842   -            573 5280at4891           -            470  3.8e-239  791.5   5.0   1   2  1.2e-220  1.7e-218  723.4   1.4     8   406    37   454    31   466 0.95 -
5280at4891_1|ptg000009l:505124-506842   -            573 5280at4891           -            470  3.8e-239  791.5   5.0   2   2   1.9e-22   2.7e-20   69.9   0.1   398   470   494   568   457   568 0.77 -
5280at4891_2|ptg000001l:69617-70723     -            369 5280at4891           -            470   5.1e-53  177.8  13.4   1   2   1.7e-38   2.3e-36  122.9   1.0    11   170     1   168     1   179 0.91 -
5280at4891_2|ptg000001l:69617-70723     -            369 5280at4891           -            470   5.1e-53  177.8  13.4   2   2     4e-18   5.6e-16   55.7   5.5   166   347   198   367   179   369 0.81 -
7982at4891_2|ptg000003l:187951-190611   -            887 5280at4891           -            470   2.4e-44  149.2  21.0   1   4   3.3e-09   4.7e-07   26.3   4.3   205   303    43   155    14   184 0.75 -
7982at4891_2|ptg000003l:187951-190611   -            887 5280at4891           -            470   2.4e-44  149.2  21.0   2   4   6.5e-14   9.2e-12   41.8   1.3   265   396   330   463   311   495 0.77 -
7982at4891_2|ptg000003l:187951-190611   -            887 5280at4891           -            470   2.4e-44  149.2  21.0   3   4     0.007      0.99    5.4   0.0   181   256   533   604   517   627 0.84 -
7982at4891_2|ptg000003l:187951-190611   -            887 5280at4891           -            470   2.4e-44  149.2  21.0   4   4   4.5e-26   6.4e-24   81.9   3.6    89   269   662   854   619   866 0.82 -
5280at4891_0|ptg000015l:131641-132774   -            378 5280at4891           -            470   2.5e-36  122.8   9.0   1   2   1.9e-29   2.6e-27   93.0   2.5    10   170     2   170     1   181 0.92 -
5280at4891_0|ptg000015l:131641-132774   -            378 5280at4891           -            470   2.5e-36  122.8   9.0   2   2   2.6e-11   3.7e-09   33.2   0.2   180   257   203   280   192   299 0.85 -
21160at4891_2|ptg000014l:173680-175008  -            443 5280at4891           -            470     7e-36  121.3   1.4   1   3   2.3e-12   3.2e-10   36.7   0.2   283   352    67   136    60   149 0.90 -
21160at4891_2|ptg000014l:173680-175008  -            443 5280at4891           -            470     7e-36  121.3   1.4   2   3   1.3e-20   1.9e-18   63.8   1.1   277   404   148   275   139   286 0.74 -
21160at4891_2|ptg000014l:173680-175008  -            443 5280at4891           -            470     7e-36  121.3   1.4   3   3   1.6e-06   0.00022   17.4   0.0   179   267   331   415   319   429 0.85 -
5280at4891_3|ptg000008l:101332-102666   -            445 5280at4891           -            470   1.3e-32  110.5   2.7   1   3   3.4e-15   4.8e-13   46.0   0.0    90   217     1   136     1   154 0.83 -
5280at4891_3|ptg000008l:101332-102666   -            445 5280at4891           -            470   1.3e-32  110.5   2.7   2   3     1e-07   1.4e-05   21.3   0.1   212   258   180   226   153   250 0.78 -
5280at4891_3|ptg000008l:101332-102666   -            445 5280at4891           -            470   1.3e-32  110.5   2.7   3   3   1.6e-12   2.2e-10   37.2   0.1   277   360   341   445   338   445 0.76 -
5578at4891_2|ptg000003l:467911-469917   -            669 5280at4891           -            470   4.1e-31  105.6  13.4   1   4   2.6e-16   3.7e-14   49.7   0.3   283   365    11    93     6   115 0.89 -
5578at4891_2|ptg000003l:467911-469917   -            669 5280at4891           -            470   4.1e-31  105.6  13.4   2   4     1e-09   1.4e-07   28.0   0.0   194   269   147   221   132   234 0.88 -
5578at4891_2|ptg000003l:467911-469917   -            669 5280at4891           -            470   4.1e-31  105.6  13.4   3   4   1.1e-07   1.5e-05   21.3   0.5   258   332   250   325   241   337 0.78 -
5578at4891_2|ptg000003l:467911-469917   -            669 5280at4891           -            470   4.1e-31  105.6  13.4   4   4   4.2e-05    0.0059   12.7   0.1   208   251   526   569   470   586 0.74 -
28029at4891_2|ptg000008l:289470-290711  -            414 5280at4891           -            470     3e-26   89.6   0.6   1   2   7.7e-16   1.1e-13   48.1   0.5   255   361   140   248   123   263 0.80 -
28029at4891_2|ptg000008l:289470-290711  -            414 5280at4891           -            470     3e-26   89.6   0.6   2   2   3.2e-13   4.5e-11   39.5   0.0   283   352   268   338   252   346 0.91 -
30116at4891_5|ptg000010l:240612-241187  -            192 5280at4891           -            470   1.8e-23   80.4   0.1   1   1   1.6e-25   2.3e-23   80.0   0.1   166   354     5   189     2   190 0.89 -
21160at4891_3|ptg000002l:165019-165951  -            311 5280at4891           -            470     2e-20   70.3   0.0   1   2   1.3e-16   1.8e-14   50.7   0.0   221   386     1   169     1   192 0.84 -
21160at4891_3|ptg000002l:165019-165951  -            311 5280at4891           -            470     2e-20   70.3   0.0   2   2   1.5e-06   0.00022   17.5   0.0    88   153   229   290   211   296 0.86 -
21160at4891_8|ptg000011l:89242-89874    -            211 5280at4891           -            470   3.5e-20   69.5   0.0   1   2   3.5e-11   4.9e-09   32.8   0.0   284   346     1    62     1    74 0.83 -
21160at4891_8|ptg000011l:89242-89874    -            211 5280at4891           -            470   3.5e-20   69.5   0.0   2   2   7.9e-12   1.1e-09   34.9   0.0    85   147    78   142    67   146 0.86 -
21160at4891_7|ptg000015l:279079-280065  -            329 5280at4891           -            470   8.9e-20   68.2   0.3   1   2     3e-12   4.2e-10   36.3   1.0   218   356    50   184    42   246 0.63 -
21160at4891_7|ptg000015l:279079-280065  -            329 5280at4891           -            470   8.9e-20   68.2   0.3   2   2   5.2e-09   7.3e-07   25.6   0.0    77   154   242   318   227   325 0.80 -
30116at4891_2|ptg000014l:469341-470492  -            384 5280at4891           -            470     9e-16   55.0   2.8   1   1   9.6e-18   1.3e-15   54.4   2.8   175   369   119   309   113   327 0.75 -
36258at4891_2|ptg000016l:81110-81493    -            128 5280at4891           -            470   5.4e-11   39.2   0.0   1   1   4.4e-13   6.2e-11   39.1   0.0   175   274    24   122     6   126 0.86 -
38422at4891_2|ptg000014l:359564-360085  -            174 5280at4891           -            470   6.6e-11   39.0   2.0   1   1   4.7e-13   6.6e-11   39.0   2.0   257   357    19   121    14   154 0.81 -
21155at4891_4|ptg000011l:246259-247635  -            459 5280at4891           -            470   1.8e-09   34.2   0.0   1   3       1.5     2e+02   -2.2   0.6   239   272    32    65     9   107 0.70 -
21155at4891_4|ptg000011l:246259-247635  -            459 5280at4891           -            470   1.8e-09   34.2   0.0   2   3       3.4   4.8e+02   -3.5   0.0   222   249   237   264   217   268 0.61 -
21155at4891_4|ptg000011l:246259-247635  -            459 5280at4891           -            470   1.8e-09   34.2   0.0   3   3   1.3e-11   1.8e-09   34.2   0.0     9    84   279   354   275   361 0.83 -
30348at4891_1|ptg000008l:685781-686662  -            294 5280at4891           -            470   1.4e-07   28.0   0.0   1   1   1.4e-09     2e-07   27.4   0.0   189   272    28   114    12   134 0.57 -
27342at4891_2|ptg000005l:200464-201279  -            272 5280at4891           -            470   1.2e-06   24.9   0.0   1   1   1.2e-08   1.7e-06   24.4   0.0   277   341   185   251   168   267 0.84 -
2754at4891_1|ptg000011l:1010833-1012974 -            714 5280at4891           -            470   0.00093   15.4   0.1   1   1   1.1e-05    0.0016   14.6   0.1   193   247    50   105    43   127 0.69 -
#
# Program:         hmmsearch
# Version:         3.1b2 (February 2015)
# Pipeline mode:   SEARCH
# Query file:      /home/inf-39-2023/bin/BINP29/Denovo/2_Assembly/busco_downloads/lineages/saccharomycetes_odb10/hmms/5280at4891.hmm
# Target file:     /home/inf-39-2023/bin/BINP29/Denovo/2_Assembly/BUSCO_SRR.asm.bp.p_ctg.fasta/run_saccharomycetes_odb10/metaeuk_output/initial_results/SRR.asm.bp.p_ctg.fasta.modified.fas
# Option settings: hmmsearch --domtblout /home/inf-39-2023/bin/BINP29/Denovo/2_Assembly/BUSCO_SRR.asm.bp.p_ctg.fasta/run_saccharomycetes_odb10/hmmer_output/initial_run_results/5280at4891.out --cpu 1 /home/inf-39-2023/bin/BINP29/Denovo/2_Assembly/busco_downloads/lineages/saccharomycetes_odb10/hmms/5280at4891.hmm /home/inf-39-2023/bin/BINP29/Denovo/2_Assembly/BUSCO_SRR.asm.bp.p_ctg.fasta/run_saccharomycetes_odb10/metaeuk_output/initial_results/SRR.asm.bp.p_ctg.fasta.modified.fas 
# Current dir:     /home/inf-39-2023/bin/BINP29/Denovo/2_Assembly
# Date:            Wed Feb 21 15:52:46 2024
# [ok]
