#                                                                                            --- full sequence --- -------------- this domain -------------   hmm coord   ali coord   env coord
# target name                        accession   tlen query name           accession   qlen   E-value  score  bias   #  of  c-Evalue  i-Evalue  score  bias  from    to  from    to  from    to  acc description of target
#                ------------------- ---------- ----- -------------------- ---------- ----- --------- ------ ----- --- --- --------- --------- ------ ----- ----- ----- ----- ----- ----- ----- ---- ---------------------
578at4891_2|ptg000005l:458172-462242 -           1357 578at4891            -            947  2.3e-271  899.9  28.8   1   4   4.2e-29   5.6e-26   87.7   0.1     1   112     1   144     1   175 0.77 -
578at4891_2|ptg000005l:458172-462242 -           1357 578at4891            -            947  2.3e-271  899.9  28.8   2   4   1.3e-25   1.7e-22   76.2   1.2   114   232   196   331   170   357 0.76 -
578at4891_2|ptg000005l:458172-462242 -           1357 578at4891            -            947  2.3e-271  899.9  28.8   3   4     0.023        30   -0.8   1.2   196   274   397   476   328   496 0.58 -
578at4891_2|ptg000005l:458172-462242 -           1357 578at4891            -            947  2.3e-271  899.9  28.8   4   4  4.8e-228  6.4e-225  746.1   9.3   270   947   501  1347   495  1347 0.84 -
578at4891_9|ptg000005l:457219-462242 -           1503 578at4891            -            947  1.8e-266  883.7  29.8   1   4   4.8e-29   6.4e-26   87.5   0.1     1   112     1   144     1   175 0.77 -
578at4891_9|ptg000005l:457219-462242 -           1503 578at4891            -            947  1.8e-266  883.7  29.8   2   4   1.5e-25   2.1e-22   75.9   1.3   114   232   196   331   169   356 0.75 -
578at4891_9|ptg000005l:457219-462242 -           1503 578at4891            -            947  1.8e-266  883.7  29.8   3   4     0.022        30   -0.7   0.9   207   274   408   476   329   495 0.59 -
578at4891_9|ptg000005l:457219-462242 -           1503 578at4891            -            947  1.8e-266  883.7  29.8   4   4  3.2e-223  4.4e-220  730.2  10.9   270   935   501  1333   489  1337 0.84 -
#
# Program:         hmmsearch
# Version:         3.1b2 (February 2015)
# Pipeline mode:   SEARCH
# Query file:      /home/inf-39-2023/bin/BINP29/Denovo/2_Assembly/busco_downloads/lineages/saccharomycetes_odb10/hmms/578at4891.hmm
# Target file:     /home/inf-39-2023/bin/BINP29/Denovo/2_Assembly/BUSCO_SRR.asm.bp.p_ctg.fasta/run_saccharomycetes_odb10/metaeuk_output/initial_results/SRR.asm.bp.p_ctg.fasta.modified.fas
# Option settings: hmmsearch --domtblout /home/inf-39-2023/bin/BINP29/Denovo/2_Assembly/BUSCO_SRR.asm.bp.p_ctg.fasta/run_saccharomycetes_odb10/hmmer_output/initial_run_results/578at4891.out --cpu 1 /home/inf-39-2023/bin/BINP29/Denovo/2_Assembly/busco_downloads/lineages/saccharomycetes_odb10/hmms/578at4891.hmm /home/inf-39-2023/bin/BINP29/Denovo/2_Assembly/BUSCO_SRR.asm.bp.p_ctg.fasta/run_saccharomycetes_odb10/metaeuk_output/initial_results/SRR.asm.bp.p_ctg.fasta.modified.fas 
# Current dir:     /home/inf-39-2023/bin/BINP29/Denovo/2_Assembly
# Date:            Wed Feb 21 15:52:50 2024
# [ok]
