#                                                                                              --- full sequence --- -------------- this domain -------------   hmm coord   ali coord   env coord
# target name                          accession   tlen query name           accession   qlen   E-value  score  bias   #  of  c-Evalue  i-Evalue  score  bias  from    to  from    to  from    to  acc description of target
#                  ------------------- ---------- ----- -------------------- ---------- ----- --------- ------ ----- --- --- --------- --------- ------ ----- ----- ----- ----- ----- ----- ----- ---- ---------------------
5956at4891_2|ptg000004l:95403-97043    -            547 5956at4891           -            479    1e-268  888.9  12.6   1   2   1.1e-17   4.8e-15   52.4   9.3     1    57    10    75    10    94 0.77 -
5956at4891_2|ptg000004l:95403-97043    -            547 5956at4891           -            479    1e-268  888.9  12.6   2   2  6.6e-256    3e-253  837.9   0.1    56   479   101   547    88   547 0.97 -
9948at4891_7|ptg000015l:138653-140308  -            552 5956at4891           -            479   1.9e-44  149.4   0.5   1   2   2.3e-05      0.01   11.8   0.3     9   111    71   184    63   213 0.67 -
9948at4891_7|ptg000015l:138653-140308  -            552 5956at4891           -            479   1.9e-44  149.4   0.5   2   2   5.7e-43   2.6e-40  135.8   0.0   172   479   233   552   222   552 0.82 -
12110at4891_9|ptg000010l:178627-180048 -            474 5956at4891           -            479   5.7e-24   81.9   0.1   1   1   1.9e-25   8.3e-23   78.0   0.1   179   472   128   467   121   471 0.74 -
9897at4891_2|ptg000003l:582247-584175  -            643 5956at4891           -            479   2.5e-22   76.4   0.9   1   2     4e-16   1.8e-13   47.3   0.3   174   302   141   279    46   287 0.77 -
9897at4891_2|ptg000003l:582247-584175  -            643 5956at4891           -            479   2.5e-22   76.4   0.9   2   2   9.2e-10   4.1e-07   26.3   0.0   393   472   527   616   486   619 0.75 -
12110at4891|ptg000014l:287856-289250   -            465 5956at4891           -            479   4.4e-19   65.8   0.1   1   2   1.7e-15   7.5e-13   45.2   0.1   166   314   103   256    83   284 0.83 -
12110at4891|ptg000014l:287856-289250   -            465 5956at4891           -            479   4.4e-19   65.8   0.1   2   2   2.4e-07   0.00011   18.3   0.0   432   465   427   460   357   464 0.89 -
5956at4891_8|ptg000005l:984005-985708  -            568 5956at4891           -            479   4.6e-14   49.2   8.4   1   4     0.066        29    0.4   3.1     7    44    18    55    13    81 0.72 -
5956at4891_8|ptg000005l:984005-985708  -            568 5956at4891           -            479   4.6e-14   49.2   8.4   2   4     0.093        42   -0.1   0.0    55    83   119   147   104   173 0.81 -
5956at4891_8|ptg000005l:984005-985708  -            568 5956at4891           -            479   4.6e-14   49.2   8.4   3   4   3.1e-10   1.4e-07   27.8   0.7   169   304   221   363   212   371 0.79 -
5956at4891_8|ptg000005l:984005-985708  -            568 5956at4891           -            479   4.6e-14   49.2   8.4   4   4   7.5e-08   3.3e-05   20.0   0.0   432   471   529   568   505   568 0.94 -
#
# Program:         hmmsearch
# Version:         3.1b2 (February 2015)
# Pipeline mode:   SEARCH
# Query file:      /home/inf-39-2023/bin/BINP29/Denovo/2_Assembly/busco_downloads/lineages/saccharomycetes_odb10/hmms/5956at4891.hmm
# Target file:     /home/inf-39-2023/bin/BINP29/Denovo/2_Assembly/BUSCO_SRR.asm.bp.p_ctg.fasta/run_saccharomycetes_odb10/metaeuk_output/initial_results/SRR.asm.bp.p_ctg.fasta.modified.fas
# Option settings: hmmsearch --domtblout /home/inf-39-2023/bin/BINP29/Denovo/2_Assembly/BUSCO_SRR.asm.bp.p_ctg.fasta/run_saccharomycetes_odb10/hmmer_output/initial_run_results/5956at4891.out --cpu 1 /home/inf-39-2023/bin/BINP29/Denovo/2_Assembly/busco_downloads/lineages/saccharomycetes_odb10/hmms/5956at4891.hmm /home/inf-39-2023/bin/BINP29/Denovo/2_Assembly/BUSCO_SRR.asm.bp.p_ctg.fasta/run_saccharomycetes_odb10/metaeuk_output/initial_results/SRR.asm.bp.p_ctg.fasta.modified.fas 
# Current dir:     /home/inf-39-2023/bin/BINP29/Denovo/2_Assembly
# Date:            Wed Feb 21 15:52:46 2024
# [ok]
