#                                                                                              --- full sequence --- -------------- this domain -------------   hmm coord   ali coord   env coord
# target name                          accession   tlen query name           accession   qlen   E-value  score  bias   #  of  c-Evalue  i-Evalue  score  bias  from    to  from    to  from    to  acc description of target
#                  ------------------- ---------- ----- -------------------- ---------- ----- --------- ------ ----- --- --- --------- --------- ------ ----- ----- ----- ----- ----- ----- ----- ---- ---------------------
6544at4891_2|ptg000013l:354915-356426  -            504 6544at4891           -            389    7e-154  509.9  13.3   1   3   2.6e-37   2.4e-34  116.4   0.0    18    85    62   129    25   135 0.89 -
6544at4891_2|ptg000013l:354915-356426  -            504 6544at4891           -            389    7e-154  509.9  13.3   2   3   1.1e-52   9.9e-50  167.0  10.7    82   250   147   341   143   347 0.86 -
6544at4891_2|ptg000013l:354915-356426  -            504 6544at4891           -            389    7e-154  509.9  13.3   3   3   1.1e-70     1e-67  226.3   0.0   229   389   337   503   335   503 0.96 -
12837at4891_2|ptg000006l:622470-623798 -            443 6544at4891           -            389   5.2e-78  260.1   9.6   1   3   2.1e-15   1.9e-12   44.3   0.1    37    79    13    55    10    68 0.94 -
12837at4891_2|ptg000006l:622470-623798 -            443 6544at4891           -            389   5.2e-78  260.1   9.6   2   3   6.7e-06     0.006   13.0   0.2    73   110    71   109    62   112 0.82 -
12837at4891_2|ptg000006l:622470-623798 -            443 6544at4891           -            389   5.2e-78  260.1   9.6   3   3   8.1e-65   7.2e-62  207.0   1.7   108   388   123   412   118   413 0.90 -
12837at4891_0|ptg000016l:281303-282562 -            420 6544at4891           -            389   1.8e-56  189.2   0.4   1   2   5.8e-08   5.2e-05   19.8   0.0    37    82     1    46     1    66 0.84 -
12837at4891_0|ptg000016l:281303-282562 -            420 6544at4891           -            389   1.8e-56  189.2   0.4   2   2   3.6e-52   3.2e-49  165.4   0.1   109   372   117   412    61   420 0.80 -
#
# Program:         hmmsearch
# Version:         3.1b2 (February 2015)
# Pipeline mode:   SEARCH
# Query file:      /home/inf-39-2023/bin/BINP29/Denovo/2_Assembly/busco_downloads/lineages/saccharomycetes_odb10/hmms/6544at4891.hmm
# Target file:     /home/inf-39-2023/bin/BINP29/Denovo/2_Assembly/BUSCO_SRR.asm.bp.p_ctg.fasta/run_saccharomycetes_odb10/metaeuk_output/initial_results/SRR.asm.bp.p_ctg.fasta.modified.fas
# Option settings: hmmsearch --domtblout /home/inf-39-2023/bin/BINP29/Denovo/2_Assembly/BUSCO_SRR.asm.bp.p_ctg.fasta/run_saccharomycetes_odb10/hmmer_output/initial_run_results/6544at4891.out --cpu 1 /home/inf-39-2023/bin/BINP29/Denovo/2_Assembly/busco_downloads/lineages/saccharomycetes_odb10/hmms/6544at4891.hmm /home/inf-39-2023/bin/BINP29/Denovo/2_Assembly/BUSCO_SRR.asm.bp.p_ctg.fasta/run_saccharomycetes_odb10/metaeuk_output/initial_results/SRR.asm.bp.p_ctg.fasta.modified.fas 
# Current dir:     /home/inf-39-2023/bin/BINP29/Denovo/2_Assembly
# Date:            Wed Feb 21 15:52:49 2024
# [ok]
