#                                                                                                --- full sequence --- -------------- this domain -------------   hmm coord   ali coord   env coord
# target name                            accession   tlen query name           accession   qlen   E-value  score  bias   #  of  c-Evalue  i-Evalue  score  bias  from    to  from    to  from    to  acc description of target
#                    ------------------- ---------- ----- -------------------- ---------- ----- --------- ------ ----- --- --- --------- --------- ------ ----- ----- ----- ----- ----- ----- ----- ---- ---------------------
6711at4891_3|ptg000010l:294377-296545    -            723 6711at4891           -            323   1.3e-67  225.7  21.6   1   5   4.6e-05    0.0017   15.0   0.1     1    43     6    49     6    67 0.82 -
6711at4891_3|ptg000010l:294377-296545    -            723 6711at4891           -            323   1.3e-67  225.7  21.6   2   5   0.00012    0.0042   13.7   0.1    62    87   234   259   189   262 0.76 -
6711at4891_3|ptg000010l:294377-296545    -            723 6711at4891           -            323   1.3e-67  225.7  21.6   3   5   2.4e-23   8.7e-22   75.1   0.3    84   161   298   382   280   407 0.85 -
6711at4891_3|ptg000010l:294377-296545    -            723 6711at4891           -            323   1.3e-67  225.7  21.6   4   5   5.6e-05     0.002   14.7   0.0   181   211   520   552   518   565 0.84 -
6711at4891_3|ptg000010l:294377-296545    -            723 6711at4891           -            323   1.3e-67  225.7  21.6   5   5   2.7e-34   9.9e-33  111.0   4.5   228   323   606   720   569   720 0.86 -
4206at4891_2|ptg000010l:112406-115159    -            918 6711at4891           -            323   4.4e-35  118.8  10.2   1   9     0.008      0.29    7.6   0.0    95   167    20    93    18    96 0.85 -
4206at4891_2|ptg000010l:112406-115159    -            918 6711at4891           -            323   4.4e-35  118.8  10.2   2   9     8e-08   2.9e-06   24.1   0.0    92   160    99   177    92   183 0.79 -
4206at4891_2|ptg000010l:112406-115159    -            918 6711at4891           -            323   4.4e-35  118.8  10.2   3   9   0.00015    0.0055   13.3   0.0   249   286   183   220   178   223 0.89 -
4206at4891_2|ptg000010l:112406-115159    -            918 6711at4891           -            323   4.4e-35  118.8  10.2   4   9      0.29        10    2.5   0.0   244   314   245   320   236   324 0.65 -
4206at4891_2|ptg000010l:112406-115159    -            918 6711at4891           -            323   4.4e-35  118.8  10.2   5   9   2.2e-12     8e-11   39.1   0.1    77   158   333   416   321   426 0.90 -
4206at4891_2|ptg000010l:112406-115159    -            918 6711at4891           -            323   4.4e-35  118.8  10.2   6   9     3e-08   1.1e-06   25.5   0.4   266   323   438   501   417   501 0.80 -
4206at4891_2|ptg000010l:112406-115159    -            918 6711at4891           -            323   4.4e-35  118.8  10.2   7   9   8.2e-08     3e-06   24.0   0.6   270   323   443   501   440   566 0.87 -
4206at4891_2|ptg000010l:112406-115159    -            918 6711at4891           -            323   4.4e-35  118.8  10.2   8   9      0.13       4.9    3.6   0.0    93   121   581   609   564   615 0.81 -
4206at4891_2|ptg000010l:112406-115159    -            918 6711at4891           -            323   4.4e-35  118.8  10.2   9   9       3.8   1.4e+02   -1.2   0.0    94   119   683   707   674   711 0.82 -
16921at4891_8|ptg000010l:74467-75159     -            231 6711at4891           -            323   1.7e-33  113.6   0.0   1   3   1.7e-14   6.2e-13   46.0   0.0    95   164     4    75     2    83 0.90 -
16921at4891_8|ptg000010l:74467-75159     -            231 6711at4891           -            323   1.7e-33  113.6   0.0   2   3   7.4e-10   2.7e-08   30.8   0.0   100   160    93   162    80   168 0.83 -
16921at4891_8|ptg000010l:74467-75159     -            231 6711at4891           -            323   1.7e-33  113.6   0.0   3   3   1.3e-10   4.6e-09   33.3   0.0   251   302   179   230   173   231 0.94 -
16921at4891_9|ptg000010l:93758-94756     -            333 6711at4891           -            323   2.6e-33  113.0   5.2   1   5   7.1e-06   0.00026   17.7   0.0   127   160     2    35     1    59 0.73 -
16921at4891_9|ptg000010l:93758-94756     -            333 6711at4891           -            323   2.6e-33  113.0   5.2   2   5   1.8e-08   6.6e-07   26.2   0.1   104   166    69   132    64   137 0.84 -
16921at4891_9|ptg000010l:93758-94756     -            333 6711at4891           -            323   2.6e-33  113.0   5.2   3   5     0.042       1.5    5.3   0.0   265   302   185   223   171   225 0.84 -
16921at4891_9|ptg000010l:93758-94756     -            333 6711at4891           -            323   2.6e-33  113.0   5.2   4   5   2.4e-17   8.5e-16   55.4   0.3    88   165   219   298   213   300 0.90 -
16921at4891_9|ptg000010l:93758-94756     -            333 6711at4891           -            323   2.6e-33  113.0   5.2   5   5    0.0033      0.12    8.9   0.0    88   116   303   331   300   333 0.71 -
3606at4891_2|ptg000002l:201554-203944    -            797 6711at4891           -            323   2.2e-30  103.4   1.4   1   5       6.7   2.4e+02   -2.0   0.0     3    30    57    84    55    89 0.74 -
3606at4891_2|ptg000002l:201554-203944    -            797 6711at4891           -            323   2.2e-30  103.4   1.4   2   5       1.9        68   -0.2   0.1   129   158   466   495   458   500 0.52 -
3606at4891_2|ptg000002l:201554-203944    -            797 6711at4891           -            323   2.2e-30  103.4   1.4   3   5   5.4e-07     2e-05   21.3   0.0   123   166   519   562   513   564 0.87 -
3606at4891_2|ptg000002l:201554-203944    -            797 6711at4891           -            323   2.2e-30  103.4   1.4   4   5   1.7e-13     6e-12   42.8   0.0    86   160   564   640   559   648 0.92 -
3606at4891_2|ptg000002l:201554-203944    -            797 6711at4891           -            323   2.2e-30  103.4   1.4   5   5     6e-11   2.2e-09   34.3   0.0    95   162   657   727   645   730 0.84 -
3060at4891_2|ptg000004l:379350-382178    -            943 6711at4891           -            323   7.8e-29   98.2  15.2   1   8       4.5   1.6e+02   -1.4   0.0   276   296    46    64    37    66 0.68 -
3060at4891_2|ptg000004l:379350-382178    -            943 6711at4891           -            323   7.8e-29   98.2  15.2   2   8   6.4e-06   0.00023   17.8   0.0    95   159    85   151    74   159 0.84 -
3060at4891_2|ptg000004l:379350-382178    -            943 6711at4891           -            323   7.8e-29   98.2  15.2   3   8   0.00063     0.023   11.3   1.5   263   323   168   230   157   230 0.75 -
3060at4891_2|ptg000004l:379350-382178    -            943 6711at4891           -            323   7.8e-29   98.2  15.2   4   8    0.0028       0.1    9.1   0.0   184   247   393   461   386   466 0.81 -
3060at4891_2|ptg000004l:379350-382178    -            943 6711at4891           -            323   7.8e-29   98.2  15.2   5   8   8.4e-05     0.003   14.1   0.0    84   132   468   516   460   529 0.85 -
3060at4891_2|ptg000004l:379350-382178    -            943 6711at4891           -            323   7.8e-29   98.2  15.2   6   8   5.5e-08     2e-06   24.6   0.1    89   158   531   602   519   607 0.89 -
3060at4891_2|ptg000004l:379350-382178    -            943 6711at4891           -            323   7.8e-29   98.2  15.2   7   8    0.0024     0.087    9.4   0.1   123   159   609   645   603   653 0.87 -
3060at4891_2|ptg000004l:379350-382178    -            943 6711at4891           -            323   7.8e-29   98.2  15.2   8   8   0.00011    0.0039   13.8   0.1    86   127   654   695   647   708 0.84 -
665at4891_4|ptg000005l:1307495-1311091   -           1199 6711at4891           -            323   8.9e-25   84.9   2.6   1   4   3.3e-05    0.0012   15.5   0.0   278   323    32    81    18    81 0.83 -
665at4891_4|ptg000005l:1307495-1311091   -           1199 6711at4891           -            323   8.9e-25   84.9   2.6   2   4     8e-10   2.9e-08   30.7   0.2   102   159   108   167    86   171 0.85 -
665at4891_4|ptg000005l:1307495-1311091   -           1199 6711at4891           -            323   8.9e-25   84.9   2.6   3   4   5.9e-08   2.1e-06   24.5   0.0    94   226   214   359   204   366 0.77 -
665at4891_4|ptg000005l:1307495-1311091   -           1199 6711at4891           -            323   8.9e-25   84.9   2.6   4   4    0.0034      0.12    8.9   0.1   111   146   474   509   468   523 0.88 -
15960at4891_0|ptg000014l:156967-157878   -            304 6711at4891           -            323   2.9e-23   79.9   4.4   1   4    0.0099      0.36    7.3   0.0   177   211    28    63     3    69 0.78 -
15960at4891_0|ptg000014l:156967-157878   -            304 6711at4891           -            323   2.9e-23   79.9   4.4   2   4   1.2e-09   4.3e-08   30.1   0.0    88   164    75   152    67   156 0.87 -
15960at4891_0|ptg000014l:156967-157878   -            304 6711at4891           -            323   2.9e-23   79.9   4.4   3   4   7.9e-06   0.00029   17.5   0.1    99   160   170   239   165   241 0.80 -
15960at4891_0|ptg000014l:156967-157878   -            304 6711at4891           -            323   2.9e-23   79.9   4.4   4   4   1.4e-12   5.1e-11   39.7   1.0    89   162   208   284   194   290 0.87 -
17077at4891_2|ptg000009l:290638-291492   -            285 6711at4891           -            323   2.9e-22   76.7   2.3   1   3     8e-10   2.9e-08   30.6   0.1    88   162     4    81     2    86 0.80 -
17077at4891_2|ptg000009l:290638-291492   -            285 6711at4891           -            323   2.9e-22   76.7   2.3   2   3   1.7e-10     6e-09   32.9   0.1    98   177   120   203   106   212 0.83 -
17077at4891_2|ptg000009l:290638-291492   -            285 6711at4891           -            323   2.9e-22   76.7   2.3   3   3   0.00049     0.018   11.6   0.0   101   158   225   282   220   285 0.60 -
20201at4891_2|ptg000005l:522101-523066   -            322 6711at4891           -            323     8e-22   75.2  20.3   1   5   1.6e-09   5.9e-08   29.6   0.2    84   160     6    86     1   102 0.83 -
20201at4891_2|ptg000005l:522101-523066   -            322 6711at4891           -            323     8e-22   75.2  20.3   2   5   5.3e-13   1.9e-11   41.1   3.2    88   165   103   186    98   190 0.86 -
20201at4891_2|ptg000005l:522101-523066   -            322 6711at4891           -            323     8e-22   75.2  20.3   3   5     0.028         1    5.9   0.3   309   323   210   224   185   224 0.65 -
20201at4891_2|ptg000005l:522101-523066   -            322 6711at4891           -            323     8e-22   75.2  20.3   4   5       1.1        40    0.6   0.0    86   127   244   285   240   295 0.77 -
20201at4891_2|ptg000005l:522101-523066   -            322 6711at4891           -            323     8e-22   75.2  20.3   5   5    0.0039      0.14    8.7   0.2   298   323   294   322   258   322 0.84 -
16921at4891_7|ptg000002l:236728-237624   -            299 6711at4891           -            323     7e-21   72.1   0.4   1   5   1.5e-05   0.00053   16.6   0.0    96   157     5    68     3    74 0.85 -
16921at4891_7|ptg000002l:236728-237624   -            299 6711at4891           -            323     7e-21   72.1   0.4   2   5   7.3e-09   2.6e-07   27.5   0.1   242   322    66   151    63   152 0.87 -
16921at4891_7|ptg000002l:236728-237624   -            299 6711at4891           -            323     7e-21   72.1   0.4   3   5     0.054         2    4.9   0.0   268   296   135   163   130   172 0.86 -
16921at4891_7|ptg000002l:236728-237624   -            299 6711at4891           -            323     7e-21   72.1   0.4   4   5    0.0012     0.044   10.3   0.0    95   118   180   203   176   222 0.85 -
16921at4891_7|ptg000002l:236728-237624   -            299 6711at4891           -            323     7e-21   72.1   0.4   5   5   0.00023    0.0085   12.7   0.0   270   297   239   266   235   296 0.93 -
2851at4891_2|ptg000013l:113953-116400    -            816 6711at4891           -            323   1.6e-20   70.9  13.1   1   5   2.6e-05   0.00096   15.8   0.3   182   303    61   194    48   224 0.75 -
2851at4891_2|ptg000013l:113953-116400    -            816 6711at4891           -            323   1.6e-20   70.9  13.1   2   5      0.13       4.7    3.7   0.2    99   167   398   477   387   483 0.69 -
2851at4891_2|ptg000013l:113953-116400    -            816 6711at4891           -            323   1.6e-20   70.9  13.1   3   5   5.5e-10     2e-08   31.2   0.7    50   159   452   563   443   564 0.88 -
2851at4891_2|ptg000013l:113953-116400    -            816 6711at4891           -            323   1.6e-20   70.9  13.1   4   5   1.2e-13   4.2e-12   43.3   0.2    86   160   530   606   524   610 0.89 -
2851at4891_2|ptg000013l:113953-116400    -            816 6711at4891           -            323   1.6e-20   70.9  13.1   5   5       1.3        48    0.4   0.0    86   132   614   660   607   675 0.76 -
17074at4891_2|ptg000003l:52077-53465     -            463 6711at4891           -            323   4.6e-20   69.4   0.1   1   4     0.037       1.3    5.5   0.0   265   320   182   243   112   246 0.83 -
17074at4891_2|ptg000003l:52077-53465     -            463 6711at4891           -            323   4.6e-20   69.4   0.1   2   4   5.9e-09   2.1e-07   27.8   0.0    89   160   264   337   261   345 0.87 -
17074at4891_2|ptg000003l:52077-53465     -            463 6711at4891           -            323   4.6e-20   69.4   0.1   3   4   2.1e-08   7.5e-07   26.0   0.0    88   160   347   425   339   431 0.88 -
17074at4891_2|ptg000003l:52077-53465     -            463 6711at4891           -            323   4.6e-20   69.4   0.1   4   4   3.5e-06   0.00013   18.7   0.1    88   156   391   463   384   463 0.87 -
10099at4891_2|ptg000002l:594852-597371   -            840 6711at4891           -            323   9.6e-20   68.4   1.0   1   5   0.00023    0.0083   12.7   0.0    86   120    14    48     9    57 0.87 -
10099at4891_2|ptg000002l:594852-597371   -            840 6711at4891           -            323   9.6e-20   68.4   1.0   2   5   2.3e-07   8.3e-06   22.6   0.0    85   120    75   110    68   118 0.90 -
10099at4891_2|ptg000002l:594852-597371   -            840 6711at4891           -            323   9.6e-20   68.4   1.0   3   5   5.5e-06    0.0002   18.0   0.1    87   160   135   210   125   218 0.84 -
10099at4891_2|ptg000002l:594852-597371   -            840 6711at4891           -            323   9.6e-20   68.4   1.0   4   5    0.0075      0.27    7.7   0.0   104   160   328   387   322   390 0.81 -
10099at4891_2|ptg000002l:594852-597371   -            840 6711at4891           -            323   9.6e-20   68.4   1.0   5   5       3.4   1.2e+02   -1.0   0.0   171   202   725   756   705   774 0.58 -
16921at4891_6|ptg000016l:181899-182717   -            273 6711at4891           -            323   7.1e-19   65.5  14.0   1   6   3.4e-06   0.00012   18.7   0.1   274   322     1    51     1    51 0.89 -
16921at4891_6|ptg000016l:181899-182717   -            273 6711at4891           -            323   7.1e-19   65.5  14.0   2   6   8.6e-08   3.1e-06   24.0   1.0   269   323    36    92    31    92 0.87 -
16921at4891_6|ptg000016l:181899-182717   -            273 6711at4891           -            323   7.1e-19   65.5  14.0   3   6   1.1e-08   4.1e-07   26.9   3.3   251   323    60   133    54   133 0.79 -
16921at4891_6|ptg000016l:181899-182717   -            273 6711at4891           -            323   7.1e-19   65.5  14.0   4   6   1.8e-08   6.6e-07   26.2   1.8   270   323    77   133    75   148 0.61 -
16921at4891_6|ptg000016l:181899-182717   -            273 6711at4891           -            323   7.1e-19   65.5  14.0   5   6    0.0047      0.17    8.4   0.0   142   161   207   226   203   247 0.77 -
16921at4891_6|ptg000016l:181899-182717   -            273 6711at4891           -            323   7.1e-19   65.5  14.0   6   6    0.0015     0.054   10.1   0.1   269   295   246   272   240   273 0.85 -
4490at4891_2|ptg000008l:192003-194357    -            785 6711at4891           -            323   2.3e-18   63.8   7.6   1   6   5.5e-06    0.0002   18.0   0.0   106   160    31    90    24   100 0.76 -
4490at4891_2|ptg000008l:192003-194357    -            785 6711at4891           -            323   2.3e-18   63.8   7.6   2   6     0.057       2.1    4.8   0.0   163   213   215   267   201   273 0.79 -
4490at4891_2|ptg000008l:192003-194357    -            785 6711at4891           -            323   2.3e-18   63.8   7.6   3   6     0.067       2.4    4.6   0.1   124   165   276   319   268   323 0.81 -
4490at4891_2|ptg000008l:192003-194357    -            785 6711at4891           -            323   2.3e-18   63.8   7.6   4   6    0.0049      0.18    8.3   0.0   126   156   382   412   377   417 0.89 -
4490at4891_2|ptg000008l:192003-194357    -            785 6711at4891           -            323   2.3e-18   63.8   7.6   5   6   2.5e-07   9.2e-06   22.4   0.0    92   160   609   686   596   690 0.80 -
4490at4891_2|ptg000008l:192003-194357    -            785 6711at4891           -            323   2.3e-18   63.8   7.6   6   6      0.36        13    2.2   0.0   268   299   716   749   702   761 0.78 -
16305at4891_3|ptg000002l:370765-372369   -            535 6711at4891           -            323   5.8e-17   59.2   1.5   1   3   5.1e-08   1.8e-06   24.7   0.0    83   167   214   299   201   355 0.84 -
16305at4891_3|ptg000002l:370765-372369   -            535 6711at4891           -            323   5.8e-17   59.2   1.5   2   3   1.2e-09   4.3e-08   30.1   0.1    94   162   364   433   354   440 0.87 -
16305at4891_3|ptg000002l:370765-372369   -            535 6711at4891           -            323   5.8e-17   59.2   1.5   3   3      0.88        32    0.9   0.0    98   120   451   473   445   481 0.85 -
8998at4891_7|ptg000014l:735866-737215    -            450 6711at4891           -            323   1.6e-16   57.7   6.5   1   4   3.6e-08   1.3e-06   25.2   0.2    86   158    75   149    59   155 0.84 -
8998at4891_7|ptg000014l:735866-737215    -            450 6711at4891           -            323   1.6e-16   57.7   6.5   2   4   3.3e-05    0.0012   15.5   0.2   126   159   159   192   149   198 0.88 -
8998at4891_7|ptg000014l:735866-737215    -            450 6711at4891           -            323   1.6e-16   57.7   6.5   3   4     0.077       2.8    4.4   0.0   100   151   258   312   245   324 0.75 -
8998at4891_7|ptg000014l:735866-737215    -            450 6711at4891           -            323   1.6e-16   57.7   6.5   4   4     0.052       1.9    5.0   0.0   127   159   333   365   328   373 0.87 -
17077at4891_7|ptg000003l:672388-673722   -            445 6711at4891           -            323   3.6e-16   56.6   1.0   1   4   1.1e-07   3.9e-06   23.7   0.2   267   323   144   204   127   204 0.87 -
17077at4891_7|ptg000003l:672388-673722   -            445 6711at4891           -            323   3.6e-16   56.6   1.0   2   4   4.7e-06   0.00017   18.3   0.0    98   163   185   252   181   258 0.88 -
17077at4891_7|ptg000003l:672388-673722   -            445 6711at4891           -            323   3.6e-16   56.6   1.0   3   4   0.00016    0.0057   13.2   0.0   222   319   266   367   263   371 0.80 -
17077at4891_7|ptg000003l:672388-673722   -            445 6711at4891           -            323   3.6e-16   56.6   1.0   4   4    0.0095      0.35    7.4   0.0   129   160   393   424   385   429 0.89 -
15470at4891_1|ptg000007l:535847-536884   -            346 6711at4891           -            323     4e-16   56.5   4.8   1   5     0.012      0.45    7.0   0.0   126   157     7    38     4    49 0.91 -
15470at4891_1|ptg000007l:535847-536884   -            346 6711at4891           -            323     4e-16   56.5   4.8   2   5   0.00046     0.016   11.7   0.2    87   147    50   111    46   137 0.77 -
15470at4891_1|ptg000007l:535847-536884   -            346 6711at4891           -            323     4e-16   56.5   4.8   3   5      0.61        22    1.5   0.0    95   121    99   130    96   151 0.71 -
15470at4891_1|ptg000007l:535847-536884   -            346 6711at4891           -            323     4e-16   56.5   4.8   4   5   2.7e-10   9.9e-09   32.2   0.8    96   159   160   226   132   234 0.88 -
15470at4891_1|ptg000007l:535847-536884   -            346 6711at4891           -            323     4e-16   56.5   4.8   5   5      0.15       5.3    3.5   0.0   286   321   280   319   248   321 0.77 -
17147at4891_9|ptg000005l:321518-322747   -            410 6711at4891           -            323   1.7e-15   54.4   2.0   1   4   3.2e-09   1.2e-07   28.7   0.0    99   160   128   192   120   201 0.88 -
17147at4891_9|ptg000005l:321518-322747   -            410 6711at4891           -            323   1.7e-15   54.4   2.0   2   4   0.00088     0.032   10.8   0.0   123   159   242   278   219   283 0.82 -
17147at4891_9|ptg000005l:321518-322747   -            410 6711at4891           -            323   1.7e-15   54.4   2.0   3   4      0.72        26    1.2   0.0    85   126   287   328   281   333 0.82 -
17147at4891_9|ptg000005l:321518-322747   -            410 6711at4891           -            323   1.7e-15   54.4   2.0   4   4    0.0015     0.055   10.0   0.1   263   307   344   392   323   402 0.58 -
12947at4891_2|ptg000012l:72001-73275     -            425 6711at4891           -            323   2.4e-15   53.9   0.6   1   2   1.7e-11   6.2e-10   36.1   0.0    95   160    32   103    21   110 0.87 -
12947at4891_2|ptg000012l:72001-73275     -            425 6711at4891           -            323   2.4e-15   53.9   0.6   2   2   0.00066     0.024   11.2   3.3   208   285   259   341   207   345 0.73 -
17077at4891_6|ptg000001l:154292-154936   -            215 6711at4891           -            323   3.3e-15   53.5   2.7   1   3    0.0034      0.12    8.9   0.0   261   298     8    45     1    49 0.84 -
17077at4891_6|ptg000001l:154292-154936   -            215 6711at4891           -            323   3.3e-15   53.5   2.7   2   3   1.4e-09   4.9e-08   29.9   0.1    86   161    43   121    35   126 0.79 -
17077at4891_6|ptg000001l:154292-154936   -            215 6711at4891           -            323   3.3e-15   53.5   2.7   3   3   1.8e-05   0.00065   16.4   0.1    98   150   161   215   145   215 0.72 -
7896at4891_2|ptg000007l:423728-425572    -            615 6711at4891           -            323   9.4e-15   52.0   8.8   1   5      0.14       5.2    3.5   0.1    94   117    69    94    56   113 0.69 -
7896at4891_2|ptg000007l:423728-425572    -            615 6711at4891           -            323   9.4e-15   52.0   8.8   2   5     1e-05   0.00037   17.1   0.1    92   168   209   291   193   293 0.76 -
7896at4891_2|ptg000007l:423728-425572    -            615 6711at4891           -            323   9.4e-15   52.0   8.8   3   5      0.15       5.5    3.4   0.1   269   322   309   362   296   397 0.84 -
7896at4891_2|ptg000007l:423728-425572    -            615 6711at4891           -            323   9.4e-15   52.0   8.8   4   5      0.01      0.38    7.3   0.0    94   140   493   542   452   545 0.59 -
7896at4891_2|ptg000007l:423728-425572    -            615 6711at4891           -            323   9.4e-15   52.0   8.8   5   5   4.1e-07   1.5e-05   21.7   0.0   268   323   552   611   548   611 0.89 -
6943at4891_4|ptg000004l:113013-114467    -            485 6711at4891           -            323   1.1e-14   51.8   7.7   1   3     0.011      0.42    7.1   0.3   303   323   129   149    71   149 0.60 -
6943at4891_4|ptg000004l:113013-114467    -            485 6711at4891           -            323   1.1e-14   51.8   7.7   2   3    0.0027     0.097    9.2   0.1    95   160   225   293   216   301 0.78 -
6943at4891_4|ptg000004l:113013-114467    -            485 6711at4891           -            323   1.1e-14   51.8   7.7   3   3   1.5e-11   5.4e-10   36.3   0.3    87   159   303   378   295   382 0.85 -
11568at4891_2|ptg000017l:275223-276446   -            408 6711at4891           -            323   1.3e-14   51.5   5.1   1   4   0.00022    0.0079   12.8   0.0   101   139    56    96    52   108 0.80 -
11568at4891_2|ptg000017l:275223-276446   -            408 6711at4891           -            323   1.3e-14   51.5   5.1   2   4   7.8e-09   2.8e-07   27.4   2.1   266   323   110   171   101   171 0.88 -
11568at4891_2|ptg000017l:275223-276446   -            408 6711at4891           -            323   1.3e-14   51.5   5.1   3   4      0.51        19    1.7   0.0   100   130   244   274   219   276 0.84 -
11568at4891_2|ptg000017l:275223-276446   -            408 6711at4891           -            323   1.3e-14   51.5   5.1   4   4     0.011      0.41    7.1   0.0   100   121   307   328   285   351 0.56 -
17074at4891_6|ptg000008l:609575-610285   -            237 6711at4891           -            323     2e-14   50.9   0.8   1   5    0.0044      0.16    8.5   0.0   101   151     9    59     3    62 0.64 -
17074at4891_6|ptg000008l:609575-610285   -            237 6711at4891           -            323     2e-14   50.9   0.8   2   5   6.9e-07   2.5e-05   21.0   0.0    98   161    46   112    46   118 0.88 -
17074at4891_6|ptg000008l:609575-610285   -            237 6711at4891           -            323     2e-14   50.9   0.8   3   5   4.1e-08   1.5e-06   25.0   0.0    85   164    76   160    72   168 0.86 -
17074at4891_6|ptg000008l:609575-610285   -            237 6711at4891           -            323     2e-14   50.9   0.8   4   5   0.00034     0.012   12.1   0.1    88   149   121   186   117   200 0.66 -
17074at4891_6|ptg000008l:609575-610285   -            237 6711at4891           -            323     2e-14   50.9   0.8   5   5     0.045       1.6    5.2   0.1    98   156   175   237   163   237 0.64 -
29122at4891_2|ptg000011l:738372-739637   -            422 6711at4891           -            323   4.4e-14   49.8   3.4   1   5   1.3e-06   4.9e-05   20.0   0.3    85   161    88   166    15   173 0.80 -
29122at4891_2|ptg000011l:738372-739637   -            422 6711at4891           -            323   4.4e-14   49.8   3.4   2   5   0.00067     0.024   11.2   0.0    92   160   135   211   125   223 0.75 -
29122at4891_2|ptg000011l:738372-739637   -            422 6711at4891           -            323   4.4e-14   49.8   3.4   3   5    0.0098      0.36    7.3   0.1   253   322   177   255   168   256 0.76 -
29122at4891_2|ptg000011l:738372-739637   -            422 6711at4891           -            323   4.4e-14   49.8   3.4   4   5       0.2       7.4    3.0   0.0    88   121   269   302   257   313 0.68 -
29122at4891_2|ptg000011l:738372-739637   -            422 6711at4891           -            323   4.4e-14   49.8   3.4   5   5   2.6e-05   0.00092   15.8   0.0    77   157   337   419   327   421 0.85 -
17074at4891_3|ptg000017l:164206-165084   -            293 6711at4891           -            323   3.7e-13   46.7   0.1   1   3      0.21       7.4    3.0   0.0   134   158    19    44     4    51 0.64 -
17074at4891_3|ptg000017l:164206-165084   -            293 6711at4891           -            323   3.7e-13   46.7   0.1   2   3   4.3e-05    0.0016   15.1   0.0   266   296    83   113    69   116 0.89 -
17074at4891_3|ptg000017l:164206-165084   -            293 6711at4891           -            323   3.7e-13   46.7   0.1   3   3   6.9e-08   2.5e-06   24.3   0.0   103   161   153   211   149   249 0.90 -
2368at4891_2|ptg000013l:468770-471571    -            934 6711at4891           -            323   4.4e-13   46.5   2.1   1   5         1        37    0.7   0.0   101   119   120   138   117   147 0.88 -
2368at4891_2|ptg000013l:468770-471571    -            934 6711at4891           -            323   4.4e-13   46.5   2.1   2   5       7.4   2.7e+02   -2.1   0.0   279   296   223   240   213   289 0.54 -
2368at4891_2|ptg000013l:468770-471571    -            934 6711at4891           -            323   4.4e-13   46.5   2.1   3   5   9.7e-07   3.5e-05   20.5   0.0    95   162   461   530   451   535 0.91 -
2368at4891_2|ptg000013l:468770-471571    -            934 6711at4891           -            323   4.4e-13   46.5   2.1   4   5   0.00031     0.011   12.3   0.0   125   158   576   609   543   615 0.61 -
2368at4891_2|ptg000013l:468770-471571    -            934 6711at4891           -            323   4.4e-13   46.5   2.1   5   5     0.017       0.6    6.6   0.0    95   127   627   660   621   664 0.86 -
17077at4891_3|ptg000008l:811332-812174   -            281 6711at4891           -            323   2.5e-12   44.0   5.7   1   5      0.01      0.37    7.3   0.3   241   290     5    55     1    66 0.47 -
17077at4891_3|ptg000008l:811332-812174   -            281 6711at4891           -            323   2.5e-12   44.0   5.7   2   5     0.041       1.5    5.3   0.6   131   161    24    54    20   101 0.63 -
17077at4891_3|ptg000008l:811332-812174   -            281 6711at4891           -            323   2.5e-12   44.0   5.7   3   5     3e-07   1.1e-05   22.2   0.1    86   157   103   179    93   180 0.83 -
17077at4891_3|ptg000008l:811332-812174   -            281 6711at4891           -            323   2.5e-12   44.0   5.7   4   5     0.054       1.9    4.9   0.3   275   306   169   202   162   210 0.76 -
17077at4891_3|ptg000008l:811332-812174   -            281 6711at4891           -            323   2.5e-12   44.0   5.7   5   5   0.00079     0.029   10.9   0.0   109   158   223   275   213   280 0.85 -
16921at4891_4|ptg000007l:472642-473127   -            162 6711at4891           -            323   2.5e-12   44.0   0.9   1   2   9.5e-05    0.0034   14.0   0.0   102   160    32    97    15   100 0.84 -
16921at4891_4|ptg000007l:472642-473127   -            162 6711at4891           -            323   2.5e-12   44.0   0.9   2   2   3.7e-11   1.3e-09   35.0   0.3    94   162    71   141    60   152 0.88 -
4263at4891_2|ptg000003l:737369-740404    -           1012 6711at4891           -            323   4.6e-12   43.1  19.2   1   5      0.56        20    1.6   0.1   246   298   122   178    48   183 0.77 -
4263at4891_2|ptg000003l:737369-740404    -           1012 6711at4891           -            323   4.6e-12   43.1  19.2   2   5   1.9e-11   6.9e-10   36.0   1.3    88   161   178   253   168   291 0.87 -
4263at4891_2|ptg000003l:737369-740404    -           1012 6711at4891           -            323   4.6e-12   43.1  19.2   3   5      0.82        30    1.0   0.2   192   258   358   422   321   427 0.76 -
4263at4891_2|ptg000003l:737369-740404    -           1012 6711at4891           -            323   4.6e-12   43.1  19.2   4   5   0.00013    0.0048   13.5   1.1   100   243   676   832   672   846 0.77 -
4263at4891_2|ptg000003l:737369-740404    -           1012 6711at4891           -            323   4.6e-12   43.1  19.2   5   5       3.2   1.2e+02   -0.9   0.0   142   160   949   967   932   972 0.84 -
6691at4891_2|ptg000003l:135792-137510    -            573 6711at4891           -            323   5.9e-11   39.5   0.3   1   3   2.9e-10   1.1e-08   32.1   0.0    78   160   225   311   218   317 0.87 -
6691at4891_2|ptg000003l:135792-137510    -            573 6711at4891           -            323   5.9e-11   39.5   0.3   2   3      0.34        12    2.3   0.0   296   323   399   426   380   428 0.84 -
6691at4891_2|ptg000003l:135792-137510    -            573 6711at4891           -            323   5.9e-11   39.5   0.3   3   3         1        36    0.8   0.0   140   163   483   506   462   521 0.64 -
8291at4891_7|ptg000017l:639682-641826    -            715 6711at4891           -            323   6.4e-11   39.4  11.0   1   3     0.025      0.91    6.0   0.1   255   309    11    67     3    79 0.73 -
8291at4891_7|ptg000017l:639682-641826    -            715 6711at4891           -            323   6.4e-11   39.4  11.0   2   3   4.6e-05    0.0017   15.0   1.9   264   323   104   166    92   166 0.78 -
8291at4891_7|ptg000017l:639682-641826    -            715 6711at4891           -            323   6.4e-11   39.4  11.0   3   3   1.7e-09     6e-08   29.6   0.9   229   323   151   247   143   247 0.89 -
14374at4891_0|ptg000013l:94204-95049     -            282 6711at4891           -            323   7.5e-11   39.2   6.9   1   4   4.5e-06   0.00016   18.3   0.1   101   164    14    83     6    83 0.83 -
14374at4891_0|ptg000013l:94204-95049     -            282 6711at4891           -            323   7.5e-11   39.2   6.9   2   4   1.5e-05   0.00055   16.6   0.1    88   158    45   123    34   134 0.66 -
14374at4891_0|ptg000013l:94204-95049     -            282 6711at4891           -            323   7.5e-11   39.2   6.9   3   4      0.21       7.5    3.0   0.0   306   323   162   179   156   179 0.85 -
14374at4891_0|ptg000013l:94204-95049     -            282 6711at4891           -            323   7.5e-11   39.2   6.9   4   4     0.002     0.072    9.6   0.6    87   156   195   274   179   275 0.59 -
17712at4891_2|ptg000007l:63625-65004     -            460 6711at4891           -            323     1e-10   38.7   0.2   1   4     0.097       3.5    4.1   0.0   124   159     8    45     3    49 0.79 -
17712at4891_2|ptg000007l:63625-65004     -            460 6711at4891           -            323     1e-10   38.7   0.2   2   4    0.0041      0.15    8.6   0.0    88   323    70    99    59   108 0.57 -
17712at4891_2|ptg000007l:63625-65004     -            460 6711at4891           -            323     1e-10   38.7   0.2   3   4   8.7e-07   3.1e-05   20.7   0.0    87   158   143   216   139   221 0.87 -
17712at4891_2|ptg000007l:63625-65004     -            460 6711at4891           -            323     1e-10   38.7   0.2   4   4       3.1   1.1e+02   -0.9   0.0   131   150   375   394   345   408 0.60 -
16921at4891_3|ptg000006l:551155-551790   -            212 6711at4891           -            323   2.6e-10   37.4   0.8   1   3     0.014       0.5    6.9   0.0   267   299    10    42     5    56 0.80 -
16921at4891_3|ptg000006l:551155-551790   -            212 6711at4891           -            323   2.6e-10   37.4   0.8   2   3   1.7e-07     6e-06   23.0   0.0   270   323    77   132    68   132 0.82 -
16921at4891_3|ptg000006l:551155-551790   -            212 6711at4891           -            323   2.6e-10   37.4   0.8   3   3      0.15       5.3    3.5   0.1   237   284   165   212   153   212 0.74 -
10660at4891_2|ptg000013l:519519-521471   -            651 6711at4891           -            323   4.5e-10   36.6   0.0   1   2    0.0027     0.096    9.2   0.0   100   124    93   117    73   124 0.51 -
10660at4891_2|ptg000013l:519519-521471   -            651 6711at4891           -            323   4.5e-10   36.6   0.0   2   2     5e-08   1.8e-06   24.8   0.0   102   161   154   214   134   247 0.89 -
13320at4891_1|ptg000009l:374554-375648   -            365 6711at4891           -            323   4.8e-10   36.5   0.1   1   3   1.2e-09   4.5e-08   30.0   0.0    86   160    33   111    26   119 0.86 -
13320at4891_1|ptg000009l:374554-375648   -            365 6711at4891           -            323   4.8e-10   36.5   0.1   2   3      0.28        10    2.6   0.0   267   289   135   157   121   190 0.75 -
13320at4891_1|ptg000009l:374554-375648   -            365 6711at4891           -            323   4.8e-10   36.5   0.1   3   3       2.6        93   -0.6   0.0   135   182   275   322   267   335 0.55 -
1653at4891_4|ptg000008l:850268-852322    -            685 6711at4891           -            323   1.1e-09   35.4   0.6   1   3     3e-06   0.00011   18.9   0.0   103   163    12    77     2    81 0.84 -
1653at4891_4|ptg000008l:850268-852322    -            685 6711at4891           -            323   1.1e-09   35.4   0.6   2   3     0.014      0.52    6.8   0.1   263   289    91   117    76   151 0.77 -
1653at4891_4|ptg000008l:850268-852322    -            685 6711at4891           -            323   1.1e-09   35.4   0.6   3   3     0.042       1.5    5.3   0.0   277   306   306   335   292   341 0.89 -
12680at4891_2|ptg000017l:268705-269682   -            326 6711at4891           -            323   1.1e-09   35.4   1.6   1   4     0.011       0.4    7.2   0.0   120   160    15    55     6    73 0.72 -
12680at4891_2|ptg000017l:268705-269682   -            326 6711at4891           -            323   1.1e-09   35.4   1.6   2   4     0.033       1.2    5.6   0.0   124   159   105   140    97   146 0.84 -
12680at4891_2|ptg000017l:268705-269682   -            326 6711at4891           -            323   1.1e-09   35.4   1.6   3   4    0.0005     0.018   11.6   0.0    94   118   203   227   191   241 0.83 -
12680at4891_2|ptg000017l:268705-269682   -            326 6711at4891           -            323   1.1e-09   35.4   1.6   4   4     0.028         1    5.9   0.0   263   289   253   279   250   299 0.80 -
14374at4891_2|ptg000008l:788546-789586   -            347 6711at4891           -            323   1.2e-09   35.2   3.4   1   3   1.2e-05   0.00043   16.9   0.6    87   159     7    87     1    94 0.79 -
14374at4891_2|ptg000008l:788546-789586   -            347 6711at4891           -            323   1.2e-09   35.2   3.4   2   3      0.23       8.2    2.9   0.0   128   161   211   248   170   267 0.62 -
14374at4891_2|ptg000008l:788546-789586   -            347 6711at4891           -            323   1.2e-09   35.2   3.4   3   3   7.8e-05    0.0028   14.2   0.1    83   120   298   335   286   345 0.80 -
18416at4891_5|ptg000005l:784230-785345   -            372 6711at4891           -            323   4.6e-09   33.3   4.4   1   5    0.0017     0.062    9.9   0.0   101   157    74   133    64   142 0.76 -
18416at4891_5|ptg000005l:784230-785345   -            372 6711at4891           -            323   4.6e-09   33.3   4.4   2   5   0.00019     0.007   13.0   0.0   119   159   164   205   157   219 0.87 -
18416at4891_5|ptg000005l:784230-785345   -            372 6711at4891           -            323   4.6e-09   33.3   4.4   3   5      0.28        10    2.6   0.0   133   159   224   251   210   255 0.69 -
18416at4891_5|ptg000005l:784230-785345   -            372 6711at4891           -            323   4.6e-09   33.3   4.4   4   5      0.03       1.1    5.7   0.0   128   157   282   312   276   317 0.80 -
18416at4891_5|ptg000005l:784230-785345   -            372 6711at4891           -            323   4.6e-09   33.3   4.4   5   5       5.1   1.9e+02   -1.6   0.1   270   285   357   372   337   372 0.71 -
16921at4891_0|ptg000008l:611070-611840   -            257 6711at4891           -            323   1.8e-08   31.3   0.0   1   2   6.2e-09   2.3e-07   27.7   0.0    78   165    60   150    36   153 0.86 -
16921at4891_0|ptg000008l:611070-611840   -            257 6711at4891           -            323   1.8e-08   31.3   0.0   2   2      0.57        21    1.5   0.0    94   123   185   214   171   253 0.76 -
6943at4891_1|ptg000002l:208627-209445    -            273 6711at4891           -            323   2.2e-08   31.0   6.7   1   2      0.37        13    2.2   0.0   273   288     2    17     1    25 0.82 -
6943at4891_1|ptg000002l:208627-209445    -            273 6711at4891           -            323   2.2e-08   31.0   6.7   2   2   7.5e-09   2.7e-07   27.5   5.3   132   323    59   269    42   269 0.77 -
4664at4891_2|ptg000002l:46657-49257      -            867 6711at4891           -            323   1.1e-07   28.7   1.9   1   2   1.4e-06   4.9e-05   20.0   0.0    99   216    19   146     6   151 0.77 -
4664at4891_2|ptg000002l:46657-49257      -            867 6711at4891           -            323   1.1e-07   28.7   1.9   2   2      0.13       4.7    3.7   0.4   268   298   285   315   196   333 0.65 -
2568at4891_2|ptg000005l:812839-816264    -           1142 6711at4891           -            323   1.8e-07   28.0   4.6   1   3   0.00032     0.011   12.3   0.0   103   160    79   142    51   149 0.76 -
2568at4891_2|ptg000005l:812839-816264    -           1142 6711at4891           -            323   1.8e-07   28.0   4.6   2   3   3.2e-05    0.0011   15.5   0.7   267   323   164   226   156   226 0.80 -
2568at4891_2|ptg000005l:812839-816264    -           1142 6711at4891           -            323   1.8e-07   28.0   4.6   3   3       2.7        97   -0.7   0.0   137   162   315   340   308   343 0.90 -
20201at4891_5|ptg000007l:442942-443886   -            315 6711at4891           -            323   1.9e-07   28.0   4.1   1   3      0.24       8.6    2.8   0.0   273   286     2    15     1    24 0.69 -
20201at4891_5|ptg000007l:442942-443886   -            315 6711at4891           -            323   1.9e-07   28.0   4.1   2   3   5.9e-06   0.00021   17.9   0.9    87   167    89   170    85   176 0.80 -
20201at4891_5|ptg000007l:442942-443886   -            315 6711at4891           -            323   1.9e-07   28.0   4.1   3   3      0.37        13    2.2   0.1   272   297   258   282   245   315 0.65 -
17785at4891_2|ptg000011l:828275-829651   -            459 6711at4891           -            323   2.1e-07   27.8  12.8   1   4     4e-05    0.0015   15.2   0.7   266   323   112   171    98   171 0.90 -
17785at4891_2|ptg000011l:828275-829651   -            459 6711at4891           -            323   2.1e-07   27.8  12.8   2   4      0.74        27    1.2   0.0   123   158   202   236   185   245 0.66 -
17785at4891_2|ptg000011l:828275-829651   -            459 6711at4891           -            323   2.1e-07   27.8  12.8   3   4      0.54        19    1.6   0.1   124   160   282   319   277   335 0.81 -
17785at4891_2|ptg000011l:828275-829651   -            459 6711at4891           -            323   2.1e-07   27.8  12.8   4   4   3.4e-05    0.0012   15.4   0.4   246   321   364   451   336   453 0.75 -
16921at4891_3|ptg000005l:1002954-1003748 -            265 6711at4891           -            323   2.6e-07   27.5   0.4   1   3     0.015      0.54    6.7   0.1   133   158     6    32     1    69 0.71 -
16921at4891_3|ptg000005l:1002954-1003748 -            265 6711at4891           -            323   2.6e-07   27.5   0.4   2   3     0.034       1.2    5.6   0.0   128   161    93   127    88   132 0.80 -
16921at4891_3|ptg000005l:1002954-1003748 -            265 6711at4891           -            323   2.6e-07   27.5   0.4   3   3   0.00039     0.014   11.9   0.0   125   212   162   253   152   263 0.79 -
28907at4891_2|ptg000003l:856309-857265   -            319 6711at4891           -            323   4.6e-07   26.7   0.3   1   2   0.00012    0.0044   13.6   0.4   102   157    54   113    44   121 0.52 -
28907at4891_2|ptg000003l:856309-857265   -            319 6711at4891           -            323   4.6e-07   26.7   0.3   2   2   0.00096     0.035   10.7   0.0   103   162   161   225   155   230 0.76 -
5986at4891_2|ptg000007l:426109-427647    -            513 6711at4891           -            323   6.1e-07   26.3   0.1   1   3   2.3e-05   0.00082   16.0   0.1    86   160    78   156    54   159 0.70 -
5986at4891_2|ptg000007l:426109-427647    -            513 6711at4891           -            323   6.1e-07   26.3   0.1   2   3   5.2e-05    0.0019   14.8   0.0    98   161   134   201   117   262 0.76 -
5986at4891_2|ptg000007l:426109-427647    -            513 6711at4891           -            323   6.1e-07   26.3   0.1   3   3      0.59        21    1.5   0.0    98   126   266   294   260   312 0.79 -
24793at4891_2|ptg000001l:75048-76022     -            325 6711at4891           -            323   7.5e-07   26.0   0.3   1   2      0.24       8.8    2.8   0.1   221   248    91   118    77   137 0.61 -
24793at4891_2|ptg000001l:75048-76022     -            325 6711at4891           -            323   7.5e-07   26.0   0.3   2   2   6.1e-07   2.2e-05   21.2   0.0    86   162   239   320   217   324 0.84 -
1495at4891_2|ptg000005l:1394636-1398445  -           1270 6711at4891           -            323   8.3e-07   25.9   0.3   1   3   0.00088     0.032   10.8   0.2    97   161    70   141    44   149 0.59 -
1495at4891_2|ptg000005l:1394636-1398445  -           1270 6711at4891           -            323   8.3e-07   25.9   0.3   2   3    0.0026     0.094    9.2   0.4   256   289   107   141    96   189 0.80 -
1495at4891_2|ptg000005l:1394636-1398445  -           1270 6711at4891           -            323   8.3e-07   25.9   0.3   3   3   0.00053     0.019   11.5   0.0   107   160   230   289   214   322 0.80 -
15470at4891|ptg000017l:458260-458820     -            187 6711at4891           -            323   1.8e-06   24.7   0.6   1   2   3.3e-07   1.2e-05   22.0   0.1    96   167     9    81     1    89 0.82 -
15470at4891|ptg000017l:458260-458820     -            187 6711at4891           -            323   1.8e-06   24.7   0.6   2   2         1        36    0.8   0.0   134   160   157   185   142   187 0.63 -
2531at4891_2|ptg000007l:345809-348142    -            778 6711at4891           -            323     3e-06   24.0   0.5   1   4     0.013      0.49    6.9   0.0    99   289   418   440   399   477 0.54 -
2531at4891_2|ptg000007l:345809-348142    -            778 6711at4891           -            323     3e-06   24.0   0.5   2   4     0.052       1.9    5.0   0.1    95   164   571   644   560   649 0.78 -
2531at4891_2|ptg000007l:345809-348142    -            778 6711at4891           -            323     3e-06   24.0   0.5   3   4     0.099       3.6    4.1   0.0    99   157   661   722   652   727 0.79 -
2531at4891_2|ptg000007l:345809-348142    -            778 6711at4891           -            323     3e-06   24.0   0.5   4   4      0.25       9.2    2.7   0.0   130   157   750   777   743   778 0.90 -
16921at4891_3|ptg000014l:606876-607679   -            268 6711at4891           -            323   1.9e-05   21.4   2.1   1   4         5   1.8e+02   -1.5   0.0   125   141    43    59     3    87 0.47 -
16921at4891_3|ptg000014l:606876-607679   -            268 6711at4891           -            323   1.9e-05   21.4   2.1   2   4     0.002     0.073    9.6   0.1    86   126    92   132    59   160 0.80 -
16921at4891_3|ptg000014l:606876-607679   -            268 6711at4891           -            323   1.9e-05   21.4   2.1   3   4    0.0022     0.078    9.5   0.2    87   166   142   223   132   261 0.68 -
16921at4891_3|ptg000014l:606876-607679   -            268 6711at4891           -            323   1.9e-05   21.4   2.1   4   4       1.3        46    0.4   0.0   276   293   249   266   242   267 0.84 -
6917at4891_2|ptg000006l:445926-447674    -            583 6711at4891           -            323   2.3e-05   21.1   0.0   1   3    0.0027     0.097    9.2   0.0   127   174   235   283   227   293 0.84 -
6917at4891_2|ptg000006l:445926-447674    -            583 6711at4891           -            323   2.3e-05   21.1   0.0   2   3      0.71        26    1.2   0.0    94   109   509   524   497   530 0.83 -
6917at4891_2|ptg000006l:445926-447674    -            583 6711at4891           -            323   2.3e-05   21.1   0.0   3   3     0.077       2.8    4.4   0.0    94   119   556   581   547   583 0.89 -
11696at4891_2|ptg000007l:511519-513051   -            511 6711at4891           -            323   3.1e-05   20.7   6.7   1   4      0.97        35    0.8   0.0   268   286   225   243   213   251 0.66 -
11696at4891_2|ptg000007l:511519-513051   -            511 6711at4891           -            323   3.1e-05   20.7   6.7   2   4    0.0013     0.048   10.2   0.3   271   323   289   350   284   350 0.77 -
11696at4891_2|ptg000007l:511519-513051   -            511 6711at4891           -            323   3.1e-05   20.7   6.7   3   4      0.19         7    3.1   0.9   292   322   362   394   354   395 0.82 -
11696at4891_2|ptg000007l:511519-513051   -            511 6711at4891           -            323   3.1e-05   20.7   6.7   4   4     0.026      0.94    6.0   0.0   128   286   416   447   406   452 0.54 -
24709at4891_2|ptg000014l:208254-209417   -            388 6711at4891           -            323     6e-05   19.8   0.5   1   3       1.7        62   -0.0   0.0   235   298    32    99    10   111 0.51 -
24709at4891_2|ptg000014l:208254-209417   -            388 6711at4891           -            323     6e-05   19.8   0.5   2   3    0.0018     0.066    9.7   0.0   110   160   124   179   112   223 0.69 -
24709at4891_2|ptg000014l:208254-209417   -            388 6711at4891           -            323     6e-05   19.8   0.5   3   3     0.019      0.68    6.4   0.0   305   323   302   320   293   323 0.88 -
3223at4891_4|ptg000003l:627008-629695    -            896 6711at4891           -            323   6.1e-05   19.7   3.1   1   4       1.3        46    0.4   0.0   194   214    42    62    27    79 0.70 -
3223at4891_4|ptg000003l:627008-629695    -            896 6711at4891           -            323   6.1e-05   19.7   3.1   2   4   1.9e-05   0.00069   16.3   0.1    95   161   262   329   240   334 0.83 -
3223at4891_4|ptg000003l:627008-629695    -            896 6711at4891           -            323   6.1e-05   19.7   3.1   3   4       2.2        80   -0.4   0.0   183   201   493   511   486   521 0.87 -
3223at4891_4|ptg000003l:627008-629695    -            896 6711at4891           -            323   6.1e-05   19.7   3.1   4   4       9.1   3.3e+02   -2.4   0.1   149   199   626   673   606   682 0.50 -
33087at4891_2|ptg000008l:1017853-1019040 -            396 6711at4891           -            323   7.4e-05   19.4   1.1   1   3       1.1        39    0.7   0.0   138   157    23    42    10    45 0.71 -
33087at4891_2|ptg000008l:1017853-1019040 -            396 6711at4891           -            323   7.4e-05   19.4   1.1   2   3   0.00091     0.033   10.7   0.2    82   161   226   323   213   331 0.64 -
33087at4891_2|ptg000008l:1017853-1019040 -            396 6711at4891           -            323   7.4e-05   19.4   1.1   3   3    0.0013     0.048   10.2   0.1   257   303   291   337   281   347 0.65 -
14552at4891_2|ptg000002l:127651-128790   -            380 6711at4891           -            323   8.4e-05   19.3   0.3   1   2    0.0002    0.0073   12.9   0.0    96   157    22    86    11    92 0.87 -
14552at4891_2|ptg000002l:127651-128790   -            380 6711at4891           -            323   8.4e-05   19.3   0.3   2   2       0.1       3.7    4.0   0.0    95   156   109   176   105   179 0.78 -
14677at4891_4|ptg000005l:1329188-1330753 -            522 6711at4891           -            323    0.0001   19.0   0.2   1   4         2        72   -0.2   0.0   267   286   197   216   186   221 0.88 -
14677at4891_4|ptg000005l:1329188-1330753 -            522 6711at4891           -            323    0.0001   19.0   0.2   2   4     0.065       2.4    4.7   0.0   119   167   323   372   266   374 0.75 -
14677at4891_4|ptg000005l:1329188-1330753 -            522 6711at4891           -            323    0.0001   19.0   0.2   3   4     0.007      0.25    7.8   0.0   129   161   390   422   375   427 0.89 -
14677at4891_4|ptg000005l:1329188-1330753 -            522 6711at4891           -            323    0.0001   19.0   0.2   4   4       1.9        70   -0.2   0.0   269   290   496   517   457   519 0.75 -
4846at4891_2|ptg000008l:498503-500428    -            642 6711at4891           -            323   0.00014   18.5   1.3   1   4       5.7   2.1e+02   -1.7   0.0    96   111    38    53     7    58 0.70 -
4846at4891_2|ptg000008l:498503-500428    -            642 6711at4891           -            323   0.00014   18.5   1.3   2   4      0.22       8.1    2.9   0.1    89   137    71   126    64   132 0.63 -
4846at4891_2|ptg000008l:498503-500428    -            642 6711at4891           -            323   0.00014   18.5   1.3   3   4       3.2   1.1e+02   -0.9   0.1    87   103   128   144   116   156 0.77 -
4846at4891_2|ptg000008l:498503-500428    -            642 6711at4891           -            323   0.00014   18.5   1.3   4   4   0.00035     0.013   12.1   0.0    95   159   338   412   329   421 0.74 -
30938at4891_2|ptg000005l:737570-738901   -            444 6711at4891           -            323   0.00018   18.2   0.9   1   2      0.18       6.5    3.2   0.1    98   155   112   166   109   177 0.72 -
30938at4891_2|ptg000005l:737570-738901   -            444 6711at4891           -            323   0.00018   18.2   0.9   2   2   0.00026    0.0093   12.5   0.3   240   295   222   278   144   281 0.75 -
16921at4891_5|ptg000011l:822309-823004   -            232 6711at4891           -            323   0.00021   18.0   4.8   1   2   5.8e-06   0.00021   18.0   4.8    83   162    43   134    30   140 0.71 -
16921at4891_5|ptg000011l:822309-823004   -            232 6711at4891           -            323   0.00021   18.0   4.8   2   2      0.68        25    1.3   0.1   310   322   219   231   212   232 0.53 -
10313at4891_2|ptg000008l:955426-957003   -            526 6711at4891           -            323   0.00031   17.4   4.1   1   3     0.028         1    5.9   0.1    93   154    29    88    20   129 0.64 -
10313at4891_2|ptg000008l:955426-957003   -            526 6711at4891           -            323   0.00031   17.4   4.1   2   3       3.7   1.3e+02   -1.1   0.0   297   322   185   210   179   211 0.79 -
10313at4891_2|ptg000008l:955426-957003   -            526 6711at4891           -            323   0.00031   17.4   4.1   3   3    0.0025     0.091    9.3   0.1    94   124   297   326   289   381 0.89 -
10099at4891_3|ptg000011l:404260-405939   -            560 6711at4891           -            323   0.00065   16.4   0.7   1   4         2        71   -0.2   0.0    99   132    40    75    39    82 0.70 -
10099at4891_3|ptg000011l:404260-405939   -            560 6711at4891           -            323   0.00065   16.4   0.7   2   4    0.0042      0.15    8.6   0.1   105   150   161   209   148   212 0.61 -
10099at4891_3|ptg000011l:404260-405939   -            560 6711at4891           -            323   0.00065   16.4   0.7   3   4      0.11         4    3.9   0.0   183   215   189   221   183   233 0.85 -
10099at4891_3|ptg000011l:404260-405939   -            560 6711at4891           -            323   0.00065   16.4   0.7   4   4       1.4        49    0.3   0.0   273   288   432   447   404   458 0.73 -
15697at4891_3|ptg000009l:408673-410127   -            485 6711at4891           -            323    0.0013   15.3   0.9   1   2       3.1   1.1e+02   -0.9   0.1   196   218   225   247   156   264 0.63 -
15697at4891_3|ptg000009l:408673-410127   -            485 6711at4891           -            323    0.0013   15.3   0.9   2   2   0.00014     0.005   13.4   0.1   219   288   315   387   304   405 0.85 -
2754at4891_1|ptg000011l:1010833-1012974  -            714 6711at4891           -            323    0.0016   15.1   0.1   1   3      0.11       4.1    3.9   0.1    85   109   176   203   146   209 0.80 -
2754at4891_1|ptg000011l:1010833-1012974  -            714 6711at4891           -            323    0.0016   15.1   0.1   2   3     0.013      0.49    6.9   0.0    96   145   229   276   212   279 0.85 -
2754at4891_1|ptg000011l:1010833-1012974  -            714 6711at4891           -            323    0.0016   15.1   0.1   3   3       5.1   1.8e+02   -1.6   0.0    95   126   292   322   289   339 0.82 -
27209at4891_7|ptg000013l:78600-80321     -            574 6711at4891           -            323    0.0019   14.8   1.4   1   2    0.0072      0.26    7.8   0.1   124   161   281   319   274   370 0.81 -
27209at4891_7|ptg000013l:78600-80321     -            574 6711at4891           -            323    0.0019   14.8   1.4   2   2     0.033       1.2    5.6   0.1   262   304   382   427   360   452 0.66 -
24793at4891_6|ptg000008l:152056-153399   -            448 6711at4891           -            323    0.0048   13.5   1.0   1   3       2.2        80   -0.4   0.4   181   258   112   195   104   208 0.59 -
24793at4891_6|ptg000008l:152056-153399   -            448 6711at4891           -            323    0.0048   13.5   1.0   2   3       1.3        49    0.3   0.0   124   166   219   262   216   267 0.77 -
24793at4891_6|ptg000008l:152056-153399   -            448 6711at4891           -            323    0.0048   13.5   1.0   3   3    0.0025     0.089    9.3   0.0    88   119   268   299   260   309 0.86 -
#
# Program:         hmmsearch
# Version:         3.1b2 (February 2015)
# Pipeline mode:   SEARCH
# Query file:      /home/inf-39-2023/bin/BINP29/Denovo/2_Assembly/busco_downloads/lineages/saccharomycetes_odb10/hmms/6711at4891.hmm
# Target file:     /home/inf-39-2023/bin/BINP29/Denovo/2_Assembly/BUSCO_SRR.asm.bp.p_ctg.fasta/run_saccharomycetes_odb10/metaeuk_output/initial_results/SRR.asm.bp.p_ctg.fasta.modified.fas
# Option settings: hmmsearch --domtblout /home/inf-39-2023/bin/BINP29/Denovo/2_Assembly/BUSCO_SRR.asm.bp.p_ctg.fasta/run_saccharomycetes_odb10/hmmer_output/initial_run_results/6711at4891.out --cpu 1 /home/inf-39-2023/bin/BINP29/Denovo/2_Assembly/busco_downloads/lineages/saccharomycetes_odb10/hmms/6711at4891.hmm /home/inf-39-2023/bin/BINP29/Denovo/2_Assembly/BUSCO_SRR.asm.bp.p_ctg.fasta/run_saccharomycetes_odb10/metaeuk_output/initial_results/SRR.asm.bp.p_ctg.fasta.modified.fas 
# Current dir:     /home/inf-39-2023/bin/BINP29/Denovo/2_Assembly
# Date:            Wed Feb 21 15:52:51 2024
# [ok]
