#                                                                                              --- full sequence --- -------------- this domain -------------   hmm coord   ali coord   env coord
# target name                          accession   tlen query name           accession   qlen   E-value  score  bias   #  of  c-Evalue  i-Evalue  score  bias  from    to  from    to  from    to  acc description of target
#                  ------------------- ---------- ----- -------------------- ---------- ----- --------- ------ ----- --- --- --------- --------- ------ ----- ----- ----- ----- ----- ----- ----- ---- ---------------------
7263at4891_6|ptg000008l:861735-864464  -            910 7263at4891           -            464    5e-165  547.0  22.2   1   4   1.1e-16     6e-14   48.9   1.1     1    75     1    82     1   126 0.73 -
7263at4891_6|ptg000008l:861735-864464  -            910 7263at4891           -            464    5e-165  547.0  22.2   2   4      0.02        11    1.9   0.0   100   120   405   425   345   428 0.74 -
7263at4891_6|ptg000008l:861735-864464  -            910 7263at4891           -            464    5e-165  547.0  22.2   3   4   2.2e-10   1.2e-07   28.2   0.7    69   168   447   550   428   554 0.72 -
7263at4891_6|ptg000008l:861735-864464  -            910 7263at4891           -            464    5e-165  547.0  22.2   4   4  2.7e-147  1.4e-144  479.6   4.0   145   464   552   910   548   910 0.91 -
61at4891_7|ptg000005l:146167-155970    -           3268 7263at4891           -            464   8.9e-61  203.3   1.7   1   1   5.4e-63   2.9e-60  201.6   1.7   103   463  2861  3267  2805  3268 0.80 -
3802at4891_2|ptg000009l:411258-413684  -            809 7263at4891           -            464   6.7e-56  187.2   0.2   1   1     2e-58   1.1e-55  186.6   0.2   148   461   456   806   439   808 0.83 -
7263at4891_5|ptg000006l:249679-251067  -            463 7263at4891           -            464   1.3e-37  126.9   5.3   1   2   2.1e-07   0.00011   18.4   0.0   138   207    79   151    61   170 0.76 -
7263at4891_5|ptg000006l:249679-251067  -            463 7263at4891           -            464   1.3e-37  126.9   5.3   2   2   6.8e-34   3.7e-31  105.7   2.5   218   460   183   462   177   463 0.84 -
13807at4891_2|ptg000017l:248206-252366 -           1387 7263at4891           -            464   4.7e-32  108.6   0.2   1   1   2.6e-34   1.4e-31  107.1   0.2   216   460  1100  1382  1086  1387 0.80 -
#
# Program:         hmmsearch
# Version:         3.1b2 (February 2015)
# Pipeline mode:   SEARCH
# Query file:      /home/inf-39-2023/bin/BINP29/Denovo/2_Assembly/busco_downloads/lineages/saccharomycetes_odb10/hmms/7263at4891.hmm
# Target file:     /home/inf-39-2023/bin/BINP29/Denovo/2_Assembly/BUSCO_SRR.asm.bp.p_ctg.fasta/run_saccharomycetes_odb10/metaeuk_output/initial_results/SRR.asm.bp.p_ctg.fasta.modified.fas
# Option settings: hmmsearch --domtblout /home/inf-39-2023/bin/BINP29/Denovo/2_Assembly/BUSCO_SRR.asm.bp.p_ctg.fasta/run_saccharomycetes_odb10/hmmer_output/initial_run_results/7263at4891.out --cpu 1 /home/inf-39-2023/bin/BINP29/Denovo/2_Assembly/busco_downloads/lineages/saccharomycetes_odb10/hmms/7263at4891.hmm /home/inf-39-2023/bin/BINP29/Denovo/2_Assembly/BUSCO_SRR.asm.bp.p_ctg.fasta/run_saccharomycetes_odb10/metaeuk_output/initial_results/SRR.asm.bp.p_ctg.fasta.modified.fas 
# Current dir:     /home/inf-39-2023/bin/BINP29/Denovo/2_Assembly
# Date:            Wed Feb 21 15:52:50 2024
# [ok]
