#                                                                                              --- full sequence --- -------------- this domain -------------   hmm coord   ali coord   env coord
# target name                          accession   tlen query name           accession   qlen   E-value  score  bias   #  of  c-Evalue  i-Evalue  score  bias  from    to  from    to  from    to  acc description of target
#                  ------------------- ---------- ----- -------------------- ---------- ----- --------- ------ ----- --- --- --------- --------- ------ ----- ----- ----- ----- ----- ----- ----- ---- ---------------------
8291at4891_7|ptg000017l:639682-641826  -            715 8291at4891           -            420  6.4e-127  421.2  33.5   1   4  1.1e-121  7.4e-120  397.9  22.0     1   367     3   498     3   505 0.85 -
8291at4891_7|ptg000017l:639682-641826  -            715 8291at4891           -            420  6.4e-127  421.2  33.5   2   4    0.0096      0.68    6.0   0.0   359   381   523   546   514   551 0.88 -
8291at4891_7|ptg000017l:639682-641826  -            715 8291at4891           -            420  6.4e-127  421.2  33.5   3   4      0.41        29    0.6   0.2   315   401   549   631   546   635 0.65 -
8291at4891_7|ptg000017l:639682-641826  -            715 8291at4891           -            420  6.4e-127  421.2  33.5   4   4   0.00056      0.04   10.0   0.1   398   420   659   681   647   681 0.89 -
16921at4891_9|ptg000010l:93758-94756   -            333 8291at4891           -            420   9.9e-18   61.4   7.2   1   2   9.5e-10   6.7e-08   29.1   1.3   119   225    66   180    12   205 0.68 -
16921at4891_9|ptg000010l:93758-94756   -            333 8291at4891           -            420   9.9e-18   61.4   7.2   2   2   5.8e-10   4.1e-08   29.8   1.1    93   201   192   332   187   333 0.71 -
16921at4891_6|ptg000016l:181899-182717 -            273 8291at4891           -            420   2.1e-17   60.4   8.3   1   3   2.1e-06   0.00015   18.0   0.0   125   178     2    62     1    64 0.81 -
16921at4891_6|ptg000016l:181899-182717 -            273 8291at4891           -            420   2.1e-17   60.4   8.3   2   3   1.2e-09   8.7e-08   28.7   2.4   108   184    64   149    62   177 0.81 -
16921at4891_6|ptg000016l:181899-182717 -            273 8291at4891           -            420   2.1e-17   60.4   8.3   3   3   6.1e-06   0.00043   16.5   0.1   116   169   203   263   180   272 0.75 -
665at4891_4|ptg000005l:1307495-1311091 -           1199 8291at4891           -            420   3.9e-15   52.9   2.0   1   2   8.8e-11   6.2e-09   32.5   0.4   108   204    51   168    43   216 0.53 -
665at4891_4|ptg000005l:1307495-1311091 -           1199 8291at4891           -            420   3.9e-15   52.9   2.0   2   2   1.2e-06   8.3e-05   18.9   0.1   119   209   221   330   186   354 0.70 -
3060at4891_2|ptg000004l:379350-382178  -            943 8291at4891           -            420   4.7e-15   52.6  13.8   1   4    0.0099       0.7    5.9   0.1   127   170    99   151    89   156 0.77 -
3060at4891_2|ptg000004l:379350-382178  -            943 8291at4891           -            420   4.7e-15   52.6  13.8   2   4   0.00012    0.0086   12.2   0.3   108   168   161   230   153   234 0.70 -
3060at4891_2|ptg000004l:379350-382178  -            943 8291at4891           -            420   4.7e-15   52.6  13.8   3   4     0.011      0.81    5.7   0.4    78   107   473   502   383   509 0.58 -
3060at4891_2|ptg000004l:379350-382178  -            943 8291at4891           -            420   4.7e-15   52.6  13.8   4   4   2.8e-11     2e-09   34.1   0.3    92   168   587   685   578   717 0.79 -
17077at4891_7|ptg000003l:672388-673722 -            445 8291at4891           -            420   4.6e-14   49.4   1.0   1   3   3.1e-07   2.2e-05   20.8   0.2   119   169   146   205   124   212 0.73 -
17077at4891_7|ptg000003l:672388-673722 -            445 8291at4891           -            420   4.6e-14   49.4   1.0   2   3   6.4e-07   4.5e-05   19.8   0.0   108   174   216   294   207   305 0.77 -
17077at4891_7|ptg000003l:672388-673722 -            445 8291at4891           -            420   4.6e-14   49.4   1.0   3   3    0.0098      0.69    6.0   0.0    57   110   374   425   340   428 0.68 -
17077at4891_2|ptg000009l:290638-291492 -            285 8291at4891           -            420   9.3e-12   41.8   6.6   1   2   6.8e-05    0.0048   13.1   0.8   152   180    16    44     1    80 0.41 -
17077at4891_2|ptg000009l:290638-291492 -            285 8291at4891           -            420   9.3e-12   41.8   6.6   2   2   7.4e-09   5.2e-07   26.1   2.6     6   140   108   246    40   281 0.77 -
16921at4891_8|ptg000010l:74467-75159   -            231 8291at4891           -            420   1.3e-11   41.3   1.8   1   3   1.5e-09   1.1e-07   28.4   0.0   122   203    13   112     1   125 0.69 -
16921at4891_8|ptg000010l:74467-75159   -            231 8291at4891           -            420   1.3e-11   41.3   1.8   2   3    0.0055      0.39    6.8   0.1   136   169   122   160   114   167 0.73 -
16921at4891_8|ptg000010l:74467-75159   -            231 8291at4891           -            420   1.3e-11   41.3   1.8   3   3      0.04       2.8    4.0   0.0   137   168   177   213   163   216 0.75 -
17785at4891_2|ptg000011l:828275-829651 -            459 8291at4891           -            420   1.6e-11   41.0   6.5   1   4   3.9e-07   2.7e-05   20.5   0.0   119   169   115   172   101   175 0.79 -
17785at4891_2|ptg000011l:828275-829651 -            459 8291at4891           -            420   1.6e-11   41.0   6.5   2   4     0.034       2.4    4.2   0.1   128   172   190   239   176   263 0.66 -
17785at4891_2|ptg000011l:828275-829651 -            459 8291at4891           -            420   1.6e-11   41.0   6.5   3   4     0.045       3.2    3.8   0.8   127   127   270   270   199   355 0.49 -
17785at4891_2|ptg000011l:828275-829651 -            459 8291at4891           -            420   1.6e-11   41.0   6.5   4   4     3e-05    0.0021   14.2   0.1    53   134   368   452   359   456 0.77 -
3606at4891_2|ptg000002l:201554-203944  -            797 8291at4891           -            420   1.7e-11   40.9   0.5   1   3   0.00051     0.036   10.2   0.0   134   169   514   554   484   565 0.77 -
3606at4891_2|ptg000002l:201554-203944  -            797 8291at4891           -            420   1.7e-11   40.9   0.5   2   3    0.0055      0.39    6.8   0.0    81   116   570   605   561   618 0.82 -
3606at4891_2|ptg000002l:201554-203944  -            797 8291at4891           -            420   1.7e-11   40.9   0.5   3   3   4.6e-07   3.2e-05   20.2   0.0    93   169   624   723   614   728 0.71 -
17077at4891_6|ptg000001l:154292-154936 -            215 8291at4891           -            420   2.5e-11   40.4   3.3   1   2   4.1e-08   2.9e-06   23.7   0.2   110   179     6    84     2    96 0.78 -
17077at4891_6|ptg000001l:154292-154936 -            215 8291at4891           -            420   2.5e-11   40.4   3.3   2   2   1.2e-05   0.00086   15.5   0.9     8    98    84   193    81   210 0.58 -
2851at4891_2|ptg000013l:113953-116400  -            816 8291at4891           -            420   4.9e-10   36.1   8.3   1   3       1.6   1.2e+02   -1.4   0.0   123   149   164   194   156   230 0.66 -
2851at4891_2|ptg000013l:113953-116400  -            816 8291at4891           -            420   4.9e-10   36.1   8.3   2   3       0.3        21    1.1   0.1    70    99   403   436   380   474 0.51 -
2851at4891_2|ptg000013l:113953-116400  -            816 8291at4891           -            420   4.9e-10   36.1   8.3   3   3   1.3e-11   9.1e-10   35.2   3.4    22   223   454   666   424   677 0.67 -
16921at4891_4|ptg000007l:472642-473127 -            162 8291at4891           -            420   4.2e-09   33.0   1.5   1   2   6.9e-06   0.00048   16.4   0.1     3    85    10    96     8   102 0.80 -
16921at4891_4|ptg000007l:472642-473127 -            162 8291at4891           -            420   4.2e-09   33.0   1.5   2   2   7.7e-06   0.00055   16.2   0.2     7    47   104   150    99   160 0.68 -
15960at4891_0|ptg000014l:156967-157878 -            304 8291at4891           -            420   1.1e-08   31.7   8.4   1   4     0.037       2.6    4.1   0.0   155   175     6    26     2    89 0.54 -
15960at4891_0|ptg000014l:156967-157878 -            304 8291at4891           -            420   1.1e-08   31.7   8.4   2   4   1.2e-05   0.00083   15.6   0.1   121   169    90   146    69   154 0.69 -
15960at4891_0|ptg000014l:156967-157878 -            304 8291at4891           -            420   1.1e-08   31.7   8.4   3   4   0.00012    0.0086   12.2   2.6   109   169   207   280   192   283 0.71 -
15960at4891_0|ptg000014l:156967-157878 -            304 8291at4891           -            420   1.1e-08   31.7   8.4   4   4   0.00025     0.017   11.2   1.9   122   169   223   280   220   303 0.59 -
17147at4891_9|ptg000005l:321518-322747 -            410 8291at4891           -            420   8.1e-08   28.8   0.0   1   2     2e-05    0.0014   14.8   0.0   122   169   133   190   115   204 0.81 -
17147at4891_9|ptg000005l:321518-322747 -            410 8291at4891           -            420   8.1e-08   28.8   0.0   2   2   0.00016     0.011   11.9   0.0   132   177   235   286   212   367 0.69 -
16921at4891_3|ptg000006l:551155-551790 -            212 8291at4891           -            420   1.6e-07   27.9   0.2   1   1   1.6e-08   1.1e-06   25.0   0.2    62   205     4   176     1   211 0.65 -
17074at4891_3|ptg000017l:164206-165084 -            293 8291at4891           -            420   4.5e-07   26.3   0.1   1   1   3.5e-08   2.5e-06   23.9   0.1    19   204    27   249    10   282 0.68 -
17074at4891_2|ptg000003l:52077-53465   -            463 8291at4891           -            420     5e-07   26.2   2.0   1   3      0.22        16    1.5   0.0   119   167   230   291   215   292 0.62 -
17074at4891_2|ptg000003l:52077-53465   -            463 8291at4891           -            420     5e-07   26.2   2.0   2   3   3.4e-08   2.4e-06   23.9   0.1   121   264   277   438   260   446 0.80 -
17074at4891_2|ptg000003l:52077-53465   -            463 8291at4891           -            420     5e-07   26.2   2.0   3   3     0.077       5.4    3.0   0.2    56    82   432   463   431   463 0.77 -
16921at4891_5|ptg000011l:822309-823004 -            232 8291at4891           -            420   5.3e-07   26.1   5.9   1   3    0.0013     0.094    8.8   0.1   363   414    19    72    13    78 0.86 -
16921at4891_5|ptg000011l:822309-823004 -            232 8291at4891           -            420   5.3e-07   26.1   5.9   2   3   8.4e-06   0.00059   16.1   0.6   120   166   114   167    90   178 0.73 -
16921at4891_5|ptg000011l:822309-823004 -            232 8291at4891           -            420   5.3e-07   26.1   5.9   3   3      0.11       7.4    2.6   0.1    23   167   220   231   210   232 0.52 -
11568at4891_2|ptg000017l:275223-276446 -            408 8291at4891           -            420   6.3e-07   25.9   2.5   1   3    0.0035      0.24    7.5   0.0   107   152    43    93    39   108 0.69 -
11568at4891_2|ptg000017l:275223-276446 -            408 8291at4891           -            420   6.3e-07   25.9   2.5   2   3   1.4e-05   0.00099   15.3   0.4   122   184   116   187   110   198 0.78 -
11568at4891_2|ptg000017l:275223-276446 -            408 8291at4891           -            420   6.3e-07   25.9   2.5   3   3      0.34        24    0.9   0.0   152   213   308   366   289   389 0.72 -
8998at4891_7|ptg000014l:735866-737215  -            450 8291at4891           -            420   2.5e-06   23.9   3.2   1   2   1.8e-06   0.00013   18.2   3.3    96   176   138   240   113   280 0.72 -
8998at4891_7|ptg000014l:735866-737215  -            450 8291at4891           -            420   2.5e-06   23.9   3.2   2   2      0.11         8    2.5   0.0    89   107   346   364   316   367 0.81 -
14374at4891_0|ptg000013l:94204-95049   -            282 8291at4891           -            420   5.7e-06   22.7   3.1   1   2   2.7e-05    0.0019   14.4   0.2   120   206    15   127     1   149 0.66 -
14374at4891_0|ptg000013l:94204-95049   -            282 8291at4891           -            420   5.7e-06   22.7   3.1   2   2    0.0037      0.26    7.4   0.3   120   168   164   228   158   231 0.67 -
16921at4891_7|ptg000002l:236728-237624 -            299 8291at4891           -            420   7.4e-06   22.3   0.2   1   1   1.5e-07     1e-05   21.8   0.2   121   247    54   202    24   214 0.72 -
7896at4891_2|ptg000007l:423728-425572  -            615 8291at4891           -            420   1.2e-05   21.7   3.9   1   3   0.00032     0.023   10.9   0.3   153   191   265   303   257   319 0.84 -
7896at4891_2|ptg000007l:423728-425572  -            615 8291at4891           -            420   1.2e-05   21.7   3.9   2   3      0.02       1.4    4.9   0.1     6    86   334   366   326   424 0.67 -
7896at4891_2|ptg000007l:423728-425572  -            615 8291at4891           -            420   1.2e-05   21.7   3.9   3   3     0.023       1.6    4.7   0.0   129   170   572   613   550   615 0.76 -
4206at4891_2|ptg000010l:112406-115159  -            918 8291at4891           -            420     4e-05   19.9  11.1   1   4      0.31        22    1.0   0.2   122   169   161   220   141   227 0.52 -
4206at4891_2|ptg000010l:112406-115159  -            918 8291at4891           -            420     4e-05   19.9  11.1   2   4   8.4e-06   0.00059   16.1   0.1   106   173   341   420   334   467 0.68 -
4206at4891_2|ptg000010l:112406-115159  -            918 8291at4891           -            420     4e-05   19.9  11.1   3   4    0.0023      0.16    8.0   0.2    55    83   468   501   461   507 0.79 -
4206at4891_2|ptg000010l:112406-115159  -            918 8291at4891           -            420     4e-05   19.9  11.1   4   4       3.5   2.4e+02   -2.4   0.1   385   413   824   852   815   856 0.82 -
4490at4891_2|ptg000008l:192003-194357  -            785 8291at4891           -            420   4.6e-05   19.7   5.8   1   3    0.0014     0.098    8.8   0.3   114   171    21    90    10   135 0.58 -
4490at4891_2|ptg000008l:192003-194357  -            785 8291at4891           -            420   4.6e-05   19.7   5.8   2   3      0.13       9.5    2.2   0.1    93   169   221   310   192   337 0.62 -
4490at4891_2|ptg000008l:192003-194357  -            785 8291at4891           -            420   4.6e-05   19.7   5.8   3   3    0.0012     0.084    9.0   0.1    80   110   655   687   651   739 0.68 -
20201at4891_5|ptg000007l:442942-443886 -            315 8291at4891           -            420   0.00013   18.3   0.8   1   3       1.2        88   -1.0   0.0   159   171     5    17     1    26 0.62 -
20201at4891_5|ptg000007l:442942-443886 -            315 8291at4891           -            420   0.00013   18.3   0.8   2   3   0.00013    0.0094   12.1   0.2    87   126    99   137    94   180 0.88 -
20201at4891_5|ptg000007l:442942-443886 -            315 8291at4891           -            420   0.00013   18.3   0.8   3   3     0.076       5.3    3.0   0.0   121   207   256   276   242   315 0.66 -
1653at4891_4|ptg000008l:850268-852322  -            685 8291at4891           -            420   0.00022   17.5   0.2   1   1     1e-05   0.00072   15.8   0.2   120   169    56   114    11   139 0.76 -
4263at4891_2|ptg000003l:737369-740404  -           1012 8291at4891           -            420   0.00074   15.7  13.4   1   6    0.0012     0.085    9.0   0.1   135   171   169   210   159   219 0.72 -
4263at4891_2|ptg000003l:737369-740404  -           1012 8291at4891           -            420   0.00074   15.7  13.4   2   6    0.0014       0.1    8.7   2.5    71   107   214   250   210   348 0.83 -
4263at4891_2|ptg000003l:737369-740404  -           1012 8291at4891           -            420   0.00074   15.7  13.4   3   6       2.5   1.8e+02   -2.0   0.0    92   147   679   735   675   746 0.63 -
4263at4891_2|ptg000003l:737369-740404  -           1012 8291at4891           -            420   0.00074   15.7  13.4   4   6      0.43        30    0.6   0.1    92   168   724   795   715   798 0.69 -
4263at4891_2|ptg000003l:737369-740404  -           1012 8291at4891           -            420   0.00074   15.7  13.4   5   6       0.2        14    1.6   0.1    91   126   780   815   774   848 0.74 -
4263at4891_2|ptg000003l:737369-740404  -           1012 8291at4891           -            420   0.00074   15.7  13.4   6   6       3.3   2.3e+02   -2.4   0.0    93   106   951   964   920   980 0.71 -
15470at4891_1|ptg000007l:535847-536884 -            346 8291at4891           -            420    0.0018   14.5   1.3   1   1   5.5e-05    0.0039   13.4   1.3   122   180    25    92     3   199 0.80 -
16305at4891_3|ptg000002l:370765-372369 -            535 8291at4891           -            420    0.0022   14.2   0.1   1   1   6.5e-05    0.0046   13.1   0.1   119   169   371   429   355   473 0.75 -
16921at4891_0|ptg000008l:611070-611840 -            257 8291at4891           -            420    0.0029   13.8   0.1   1   2       2.2   1.6e+02   -1.8   0.0   273   296    12    36     5    49 0.73 -
16921at4891_0|ptg000008l:611070-611840 -            257 8291at4891           -            420    0.0029   13.8   0.1   2   2   0.00011    0.0075   12.4   0.1   109   185    71   159    62   209 0.77 -
28907at4891_2|ptg000003l:856309-857265 -            319 8291at4891           -            420    0.0068   12.6   1.8   1   2    0.0018      0.13    8.4   1.1    69   136    55   114    47   139 0.49 -
28907at4891_2|ptg000003l:856309-857265 -            319 8291at4891           -            420    0.0068   12.6   1.8   2   2      0.25        17    1.3   0.0   136   168   182   220   160   232 0.59 -
13320at4891_1|ptg000009l:374554-375648 -            365 8291at4891           -            420    0.0088   12.2   0.1   1   3      0.39        28    0.7   0.0    72    83    54    65    32    79 0.69 -
13320at4891_1|ptg000009l:374554-375648 -            365 8291at4891           -            420    0.0088   12.2   0.1   2   3    0.0035      0.25    7.4   0.0    93   131   140   178   130   190 0.68 -
13320at4891_1|ptg000009l:374554-375648 -            365 8291at4891           -            420    0.0088   12.2   0.1   3   3      0.88        62   -0.5   0.0    93   113   284   304   274   338 0.74 -
14374at4891_2|ptg000008l:788546-789586 -            347 8291at4891           -            420     0.011   11.9   8.2   1   3     0.027       1.9    4.5   1.5   108   167     7    84     2    86 0.46 -
14374at4891_2|ptg000008l:788546-789586 -            347 8291at4891           -            420     0.011   11.9   8.2   2   3      0.35        25    0.8   0.0   188   215   231   260   220   278 0.75 -
14374at4891_2|ptg000008l:788546-789586 -            347 8291at4891           -            420     0.011   11.9   8.2   3   3    0.0066      0.46    6.5   0.3    66   118   292   344   275   347 0.81 -
15470at4891|ptg000017l:458260-458820   -            187 8291at4891           -            420     0.016   11.3   0.3   1   2    0.0013     0.091    8.9   0.0    87   125    10    47     6    63 0.82 -
15470at4891|ptg000017l:458260-458820   -            187 8291at4891           -            420     0.016   11.3   0.3   2   2       0.7        50   -0.2   0.0   183   203   164   184   153   187 0.58 -
18416at4891_5|ptg000005l:784230-785345 -            372 8291at4891           -            420     0.023   10.8   5.7   1   3     0.013      0.94    5.5   0.5    67    83   117   133    74   144 0.71 -
18416at4891_5|ptg000005l:784230-785345 -            372 8291at4891           -            420     0.023   10.8   5.7   2   3       2.5   1.7e+02   -2.0   0.0   158   169   239   250   233   267 0.65 -
18416at4891_5|ptg000005l:784230-785345 -            372 8291at4891           -            420     0.023   10.8   5.7   3   3    0.0071       0.5    6.4   0.2    67   101   296   331   286   350 0.82 -
29122at4891_2|ptg000011l:738372-739637 -            422 8291at4891           -            420       1.7    4.6   9.4   1   4      0.12       8.3    2.4   0.7   132   168   168   208    34   219 0.64 -
29122at4891_2|ptg000011l:738372-739637 -            422 8291at4891           -            420       1.7    4.6   9.4   2   4       2.2   1.6e+02   -1.8   0.0   120   136   241   257   238   293 0.72 -
29122at4891_2|ptg000011l:738372-739637 -            422 8291at4891           -            420       1.7    4.6   9.4   3   4         4   2.8e+02   -2.6   0.0   127   171   335   380   324   388 0.72 -
29122at4891_2|ptg000011l:738372-739637 -            422 8291at4891           -            420       1.7    4.6   9.4   4   4     0.013      0.94    5.5   0.4    69    83   405   419   380   421 0.75 -
#
# Program:         hmmsearch
# Version:         3.1b2 (February 2015)
# Pipeline mode:   SEARCH
# Query file:      /home/inf-39-2023/bin/BINP29/Denovo/2_Assembly/busco_downloads/lineages/saccharomycetes_odb10/hmms/8291at4891.hmm
# Target file:     /home/inf-39-2023/bin/BINP29/Denovo/2_Assembly/BUSCO_SRR.asm.bp.p_ctg.fasta/run_saccharomycetes_odb10/metaeuk_output/initial_results/SRR.asm.bp.p_ctg.fasta.modified.fas
# Option settings: hmmsearch --domtblout /home/inf-39-2023/bin/BINP29/Denovo/2_Assembly/BUSCO_SRR.asm.bp.p_ctg.fasta/run_saccharomycetes_odb10/hmmer_output/initial_run_results/8291at4891.out --cpu 1 /home/inf-39-2023/bin/BINP29/Denovo/2_Assembly/busco_downloads/lineages/saccharomycetes_odb10/hmms/8291at4891.hmm /home/inf-39-2023/bin/BINP29/Denovo/2_Assembly/BUSCO_SRR.asm.bp.p_ctg.fasta/run_saccharomycetes_odb10/metaeuk_output/initial_results/SRR.asm.bp.p_ctg.fasta.modified.fas 
# Current dir:     /home/inf-39-2023/bin/BINP29/Denovo/2_Assembly
# Date:            Wed Feb 21 15:52:50 2024
# [ok]
