#                                                                                              --- full sequence --- -------------- this domain -------------   hmm coord   ali coord   env coord
# target name                          accession   tlen query name           accession   qlen   E-value  score  bias   #  of  c-Evalue  i-Evalue  score  bias  from    to  from    to  from    to  acc description of target
#                  ------------------- ---------- ----- -------------------- ---------- ----- --------- ------ ----- --- --- --------- --------- ------ ----- ----- ----- ----- ----- ----- ----- ---- ---------------------
8466at4891_2|ptg000002l:54175-56607    -            811 8466at4891           -            427  3.8e-121  402.2  25.8   1   7   0.00019      0.13    8.3   0.1     8    27    25    44    20   130 0.79 -
8466at4891_2|ptg000002l:54175-56607    -            811 8466at4891           -            427  3.8e-121  402.2  25.8   2   7   2.8e-07   0.00019   17.7   0.0    63    87   186   211   180   220 0.90 -
8466at4891_2|ptg000002l:54175-56607    -            811 8466at4891           -            427  3.8e-121  402.2  25.8   3   7   5.9e-09   3.9e-06   23.2   0.5    94   144   307   360   301   382 0.78 -
8466at4891_2|ptg000002l:54175-56607    -            811 8466at4891           -            427  3.8e-121  402.2  25.8   4   7      0.12        83   -0.9   0.0   137   163   383   411   368   424 0.66 -
8466at4891_2|ptg000002l:54175-56607    -            811 8466at4891           -            427  3.8e-121  402.2  25.8   5   7   6.5e-38   4.4e-35  118.6   0.4   162   271   434   545   421   555 0.89 -
8466at4891_2|ptg000002l:54175-56607    -            811 8466at4891           -            427  3.8e-121  402.2  25.8   6   7   1.3e-22   8.9e-20   68.2   0.2   263   313   579   629   551   636 0.90 -
8466at4891_2|ptg000002l:54175-56607    -            811 8466at4891           -            427  3.8e-121  402.2  25.8   7   7   2.7e-56   1.8e-53  179.2   1.3   313   426   688   810   678   811 0.90 -
23386at4891_4|ptg000016l:40442-41503   -            354 8466at4891           -            427   8.8e-10   35.3   0.0   1   1   1.8e-11   1.2e-08   31.5   0.0   276   410     8   166     6   171 0.73 -
28663at4891_6|ptg000014l:394238-395488 -            417 8466at4891           -            427   4.8e-05   19.6   0.0   1   1   1.3e-07   8.9e-05   18.8   0.0   331   381   152   204   144   212 0.79 -
18887at4891_7|ptg000001l:60838-62490   -            551 8466at4891           -            427     0.016   11.4   0.0   1   1   3.7e-05     0.025   10.7   0.0   320   400   249   330   236   344 0.84 -
#
# Program:         hmmsearch
# Version:         3.1b2 (February 2015)
# Pipeline mode:   SEARCH
# Query file:      /home/inf-39-2023/bin/BINP29/Denovo/2_Assembly/busco_downloads/lineages/saccharomycetes_odb10/hmms/8466at4891.hmm
# Target file:     /home/inf-39-2023/bin/BINP29/Denovo/2_Assembly/BUSCO_SRR.asm.bp.p_ctg.fasta/run_saccharomycetes_odb10/metaeuk_output/initial_results/SRR.asm.bp.p_ctg.fasta.modified.fas
# Option settings: hmmsearch --domtblout /home/inf-39-2023/bin/BINP29/Denovo/2_Assembly/BUSCO_SRR.asm.bp.p_ctg.fasta/run_saccharomycetes_odb10/hmmer_output/initial_run_results/8466at4891.out --cpu 1 /home/inf-39-2023/bin/BINP29/Denovo/2_Assembly/busco_downloads/lineages/saccharomycetes_odb10/hmms/8466at4891.hmm /home/inf-39-2023/bin/BINP29/Denovo/2_Assembly/BUSCO_SRR.asm.bp.p_ctg.fasta/run_saccharomycetes_odb10/metaeuk_output/initial_results/SRR.asm.bp.p_ctg.fasta.modified.fas 
# Current dir:     /home/inf-39-2023/bin/BINP29/Denovo/2_Assembly
# Date:            Wed Feb 21 15:52:51 2024
# [ok]
