#                                                                                                --- full sequence --- -------------- this domain -------------   hmm coord   ali coord   env coord
# target name                            accession   tlen query name           accession   qlen   E-value  score  bias   #  of  c-Evalue  i-Evalue  score  bias  from    to  from    to  from    to  acc description of target
#                    ------------------- ---------- ----- -------------------- ---------- ----- --------- ------ ----- --- --- --------- --------- ------ ----- ----- ----- ----- ----- ----- ----- ---- ---------------------
8487at4891_2|ptg000005l:203833-205641    -            603 8487at4891           -            314   1.9e-77  257.6  44.8   1   4   2.3e-58     1e-55  186.2   7.4     1   151   103   268   103   278 0.91 -
8487at4891_2|ptg000005l:203833-205641    -            603 8487at4891           -            314   1.9e-77  257.6  44.8   2   4   1.1e-07   5.1e-05   19.6   0.7   106   168   275   339   265   343 0.73 -
8487at4891_2|ptg000005l:203833-205641    -            603 8487at4891           -            314   1.9e-77  257.6  44.8   3   4   1.9e-16   8.3e-14   48.5   8.9   167   288   363   486   353   497 0.73 -
8487at4891_2|ptg000005l:203833-205641    -            603 8487at4891           -            314   1.9e-77  257.6  44.8   4   4   7.9e-08   3.5e-05   20.2   5.9   245   299   517   572   498   599 0.64 -
15707at4891_3|ptg000005l:1247308-1249026 -            573 8487at4891           -            314   2.2e-32  109.6  28.7   1   4   2.6e-16   1.2e-13   48.0   0.1    12    56   112   160    97   170 0.84 -
15707at4891_3|ptg000005l:1247308-1249026 -            573 8487at4891           -            314   2.2e-32  109.6  28.7   2   4   4.3e-17   1.9e-14   50.6   3.3    56   143   187   282   184   303 0.82 -
15707at4891_3|ptg000005l:1247308-1249026 -            573 8487at4891           -            314   2.2e-32  109.6  28.7   3   4   1.1e-06   0.00048   16.4   4.8   182   242   372   437   313   460 0.67 -
15707at4891_3|ptg000005l:1247308-1249026 -            573 8487at4891           -            314   2.2e-32  109.6  28.7   4   4   0.00038      0.17    8.1   0.8   238   288   481   531   472   570 0.79 -
17542at4891_1|ptg000006l:378506-379723   -            406 8487at4891           -            314   1.5e-08   31.3   2.6   1   3   3.3e-11   1.5e-08   31.3   2.6    21   100    57   139    54   148 0.82 -
17542at4891_1|ptg000006l:378506-379723   -            406 8487at4891           -            314   1.5e-08   31.3   2.6   2   3     0.092        41    0.2   4.2   222   283   136   200   125   241 0.49 -
17542at4891_1|ptg000006l:378506-379723   -            406 8487at4891           -            314   1.5e-08   31.3   2.6   3   3    0.0057       2.5    4.2   1.5   195   276   265   353   251   385 0.72 -
30662at4891_6|ptg000007l:258084-258338   -             85 8487at4891           -            314   5.3e-06   22.9   0.4   1   1   1.3e-08   5.9e-06   22.7   0.4    21    50    23    53    19    80 0.87 -
30662at4891_7|ptg000011l:1004690-1005223 -            178 8487at4891           -            314   5.8e-05   19.5   0.2   1   1   1.7e-07   7.7e-05   19.0   0.2    21    84    93   155    87   175 0.72 -
20606at4891_2|ptg000014l:270845-272071   -            409 8487at4891           -            314     0.013   11.7   0.1   1   1   4.1e-05     0.018   11.2   0.1     4    58   319   372   316   384 0.81 -
#
# Program:         hmmsearch
# Version:         3.1b2 (February 2015)
# Pipeline mode:   SEARCH
# Query file:      /home/inf-39-2023/bin/BINP29/Denovo/2_Assembly/busco_downloads/lineages/saccharomycetes_odb10/hmms/8487at4891.hmm
# Target file:     /home/inf-39-2023/bin/BINP29/Denovo/2_Assembly/BUSCO_SRR.asm.bp.p_ctg.fasta/run_saccharomycetes_odb10/metaeuk_output/initial_results/SRR.asm.bp.p_ctg.fasta.modified.fas
# Option settings: hmmsearch --domtblout /home/inf-39-2023/bin/BINP29/Denovo/2_Assembly/BUSCO_SRR.asm.bp.p_ctg.fasta/run_saccharomycetes_odb10/hmmer_output/initial_run_results/8487at4891.out --cpu 1 /home/inf-39-2023/bin/BINP29/Denovo/2_Assembly/busco_downloads/lineages/saccharomycetes_odb10/hmms/8487at4891.hmm /home/inf-39-2023/bin/BINP29/Denovo/2_Assembly/BUSCO_SRR.asm.bp.p_ctg.fasta/run_saccharomycetes_odb10/metaeuk_output/initial_results/SRR.asm.bp.p_ctg.fasta.modified.fas 
# Current dir:     /home/inf-39-2023/bin/BINP29/Denovo/2_Assembly
# Date:            Wed Feb 21 15:52:46 2024
# [ok]
