#                                                                                              --- full sequence --- -------------- this domain -------------   hmm coord   ali coord   env coord
# target name                          accession   tlen query name           accession   qlen   E-value  score  bias   #  of  c-Evalue  i-Evalue  score  bias  from    to  from    to  from    to  acc description of target
#                  ------------------- ---------- ----- -------------------- ---------- ----- --------- ------ ----- --- --- --------- --------- ------ ----- ----- ----- ----- ----- ----- ----- ---- ---------------------
9012at4891_2|ptg000017l:122431-124155  -            575 9012at4891           -            421  7.1e-182  602.1   7.6   1   3   2.8e-05     0.015   11.3   0.2     3    54    40    95    38   103 0.75 -
9012at4891_2|ptg000017l:122431-124155  -            575 9012at4891           -            421  7.1e-182  602.1   7.6   2   3   1.2e-68   6.2e-66  220.1   0.0    17   217    75   330    73   347 0.81 -
9012at4891_2|ptg000017l:122431-124155  -            575 9012at4891           -            421  7.1e-182  602.1   7.6   3   3  1.8e-115  9.6e-113  374.3   2.9   222   420   365   572   339   573 0.92 -
20755at4891_3|ptg000002l:512231-512734 -            168 9012at4891           -            421   4.8e-05   19.5   0.0   1   1     1e-07   5.5e-05   19.3   0.0   239   332    29   125     3   136 0.69 -
35193at4891_2|ptg000003l:684147-685076 -            310 9012at4891           -            421    0.0039   13.2   0.0   1   1     1e-05    0.0056   12.7   0.0   259   325    78   145    56   184 0.82 -
26634at4891_1|ptg000014l:269282-270184 -            301 9012at4891           -            421     0.011   11.8   0.1   1   1   2.9e-05     0.016   11.3   0.1   259   326    96   166    92   176 0.82 -
20755at4891_2|ptg000011l:133101-133937 -            279 9012at4891           -            421     0.016   11.3   0.0   1   1   3.8e-05      0.02   10.9   0.0   259   318    74   138    25   151 0.75 -
#
# Program:         hmmsearch
# Version:         3.1b2 (February 2015)
# Pipeline mode:   SEARCH
# Query file:      /home/inf-39-2023/bin/BINP29/Denovo/2_Assembly/busco_downloads/lineages/saccharomycetes_odb10/hmms/9012at4891.hmm
# Target file:     /home/inf-39-2023/bin/BINP29/Denovo/2_Assembly/BUSCO_SRR.asm.bp.p_ctg.fasta/run_saccharomycetes_odb10/metaeuk_output/initial_results/SRR.asm.bp.p_ctg.fasta.modified.fas
# Option settings: hmmsearch --domtblout /home/inf-39-2023/bin/BINP29/Denovo/2_Assembly/BUSCO_SRR.asm.bp.p_ctg.fasta/run_saccharomycetes_odb10/hmmer_output/initial_run_results/9012at4891.out --cpu 1 /home/inf-39-2023/bin/BINP29/Denovo/2_Assembly/busco_downloads/lineages/saccharomycetes_odb10/hmms/9012at4891.hmm /home/inf-39-2023/bin/BINP29/Denovo/2_Assembly/BUSCO_SRR.asm.bp.p_ctg.fasta/run_saccharomycetes_odb10/metaeuk_output/initial_results/SRR.asm.bp.p_ctg.fasta.modified.fas 
# Current dir:     /home/inf-39-2023/bin/BINP29/Denovo/2_Assembly
# Date:            Wed Feb 21 15:52:49 2024
# [ok]
