#                                                                                                --- full sequence --- -------------- this domain -------------   hmm coord   ali coord   env coord
# target name                            accession   tlen query name           accession   qlen   E-value  score  bias   #  of  c-Evalue  i-Evalue  score  bias  from    to  from    to  from    to  acc description of target
#                    ------------------- ---------- ----- -------------------- ---------- ----- --------- ------ ----- --- --- --------- --------- ------ ----- ----- ----- ----- ----- ----- ----- ---- ---------------------
9258at4891_2|ptg000006l:372453-374762    -            770 9258at4891           -            586  1.4e-295  978.3  35.1   1   3       4.1   4.2e+02   -4.0   1.4   424   454     2    32     1    33 0.85 -
9258at4891_2|ptg000006l:372453-374762    -            770 9258at4891           -            586  1.4e-295  978.3  35.1   2   3  3.7e-295  3.8e-293  970.2  23.5     3   577    40   689    38   693 0.92 -
9258at4891_2|ptg000006l:372453-374762    -            770 9258at4891           -            586  1.4e-295  978.3  35.1   3   3     1e-05    0.0011   14.5   0.0   564   586   746   768   730   768 0.93 -
9633at4891_2|ptg000007l:827917-829431    -            505 9258at4891           -            586  5.9e-121  401.6   0.0   1   1  7.5e-123  7.7e-121  401.3   0.0     3   424    41   488    39   504 0.90 -
9846at4891_1|ptg000004l:117254-119470    -            739 9258at4891           -            586   1.3e-78  261.8   0.3   1   1   1.3e-80   1.3e-78  261.8   0.3     4   350   221   585   218   602 0.85 -
18663at4891_2|ptg000015l:228298-229758   -            487 9258at4891           -            586   2.3e-78  261.0   0.1   1   2      0.85        87   -1.8   0.8   529   577    15    63     7    68 0.47 -
18663at4891_2|ptg000015l:228298-229758   -            487 9258at4891           -            586   2.3e-78  261.0   0.1   2   2   2.2e-80   2.3e-78  261.0   0.1     3   353    66   425    64   452 0.83 -
9680at4891_2|ptg000001l:124240-126057    -            606 9258at4891           -            586   2.5e-70  234.5   1.7   1   1     4e-72   4.1e-70  233.8   1.7    15   551    18   595     6   601 0.75 -
11161at4891_2|ptg000005l:1333798-1335195 -            466 9258at4891           -            586   5.6e-68  226.7   0.2   1   1   6.7e-70   6.9e-68  226.4   0.2     4   339    27   369    24   382 0.89 -
11161at4891_2|ptg000005l:1017666-1018778 -            371 9258at4891           -            586     3e-66  221.0   3.9   1   1   3.5e-68   3.6e-66  220.7   3.9     5   344     2   353     1   368 0.90 -
7407at4891_2|ptg000017l:186429-188648    -            740 9258at4891           -            586   1.3e-65  218.9   4.0   1   3   3.3e-37   3.4e-35  118.5   0.9     4   252   141   444   139   448 0.69 -
7407at4891_2|ptg000017l:186429-188648    -            740 9258at4891           -            586   1.3e-65  218.9   4.0   2   3   1.7e-24   1.7e-22   76.5   0.0   256   348   477   575   467   583 0.90 -
7407at4891_2|ptg000017l:186429-188648    -            740 9258at4891           -            586   1.3e-65  218.9   4.0   3   3   2.1e-07   2.1e-05   20.1   0.2   369   439   645   718   633   737 0.74 -
21277at4891_1|ptg000005l:677915-679567   -            551 9258at4891           -            586     3e-64  214.4   0.9   1   1   6.3e-66   6.5e-64  213.3   0.9    11   354    25   407    19   431 0.81 -
12541at4891_2|ptg000014l:361660-364252   -            535 9258at4891           -            586   7.6e-64  213.1   0.0   1   1   9.6e-66   9.9e-64  212.7   0.0     3   365   109   487   107   491 0.87 -
4326at4891_2|ptg000005l:1108448-1111432  -            995 9258at4891           -            586   7.6e-64  213.1   0.2   1   4         3   3.1e+02   -3.6   3.3   495   536    67   108     5   138 0.47 -
4326at4891_2|ptg000005l:1108448-1111432  -            995 9258at4891           -            586   7.6e-64  213.1   0.2   2   4   2.1e-51   2.2e-49  165.3   0.2     5   224   138   356   132   390 0.90 -
4326at4891_2|ptg000005l:1108448-1111432  -            995 9258at4891           -            586   7.6e-64  213.1   0.2   3   4   6.6e-18   6.8e-16   54.7   0.0   235   346   435   544   430   566 0.90 -
4326at4891_2|ptg000005l:1108448-1111432  -            995 9258at4891           -            586   7.6e-64  213.1   0.2   4   4     0.054       5.5    2.2   3.9   444   547   668   779   583   786 0.76 -
11037at4891_2|ptg000015l:442921-444213   -            431 9258at4891           -            586   4.6e-63  210.5   1.2   1   1   9.5e-65   9.8e-63  209.4   0.5     3   346     2   367     1   405 0.80 -
10350at4891_2|ptg000008l:740959-742527   -            523 9258at4891           -            586   6.2e-63  210.1   0.0   1   1     6e-65   6.2e-63  210.1   0.0    22   391   130   512   115   523 0.81 -
12541at4891_1|ptg000003l:614076-615311   -            412 9258at4891           -            586   9.4e-62  206.2   0.0   1   1   1.6e-63   1.6e-61  205.4   0.0     3   366     8   397     6   405 0.85 -
12541at4891_4|ptg000011l:718500-720020   -            507 9258at4891           -            586   1.7e-61  205.3   0.0   1   1   2.8e-63   2.8e-61  204.6   0.0     3   365    99   487    97   501 0.85 -
11161at4891_6|ptg000006l:598503-599603   -            367 9258at4891           -            586   3.8e-57  191.0   0.5   1   1   4.5e-59   4.6e-57  190.7   0.5     6   346     1   349     1   361 0.91 -
11161at4891_6|ptg000017l:117639-118739   -            367 9258at4891           -            586   3.8e-57  191.0   0.5   1   1   4.5e-59   4.6e-57  190.7   0.5     6   346     1   349     1   361 0.91 -
11838at4891_2|ptg000008l:918760-920427   -            556 9258at4891           -            586   9.1e-56  186.4   1.1   1   1     1e-57   1.1e-55  186.2   0.4    11   357   129   494   117   518 0.81 -
15766at4891_4|ptg000005l:575310-577073   -            588 9258at4891           -            586   9.6e-54  179.7   0.2   1   1   1.6e-55   1.6e-53  179.0   0.2    19   353   189   556   171   576 0.80 -
13757at4891_2|ptg000002l:119716-122229   -            838 9258at4891           -            586   1.8e-52  175.5   0.9   1   3     3e-39   3.1e-37  125.2   0.2     3   203   243   453   241   478 0.87 -
13757at4891_2|ptg000002l:119716-122229   -            838 9258at4891           -            586   1.8e-52  175.5   0.9   2   3   7.7e-19     8e-17   57.8   0.0   231   354   513   634   510   663 0.83 -
13757at4891_2|ptg000002l:119716-122229   -            838 9258at4891           -            586   1.8e-52  175.5   0.9   3   3      0.87        90   -1.8   0.2   406   446   662   702   650   710 0.62 -
9724at4891_2|ptg000002l:289455-291701    -            749 9258at4891           -            586   1.3e-50  169.4  13.4   1   4       1.1   1.1e+02   -2.1   0.2   525   572    26    72    16    81 0.71 -
9724at4891_2|ptg000002l:289455-291701    -            749 9258at4891           -            586   1.3e-50  169.4  13.4   2   4   2.9e-36   2.9e-34  115.4   0.2     9   188   156   361   148   415 0.80 -
9724at4891_2|ptg000002l:289455-291701    -            749 9258at4891           -            586   1.3e-50  169.4  13.4   3   4   3.1e-19   3.2e-17   59.1   0.0   267   371   488   595   447   605 0.78 -
9724at4891_2|ptg000002l:289455-291701    -            749 9258at4891           -            586   1.3e-50  169.4  13.4   4   4      0.06       6.1    2.0   1.0   529   563   658   692   627   701 0.80 -
11266at4891_7|ptg000011l:415416-416861   -            482 9258at4891           -            586   1.5e-50  169.1   0.7   1   1   2.3e-52   2.3e-50  168.5   0.7     4   344    92   446    90   455 0.87 -
8758at4891_1|ptg000005l:1199077-1200414  -            446 9258at4891           -            586   4.6e-48  161.0   0.1   1   1   6.2e-50   6.4e-48  160.5   0.1     5   350    63   422    60   431 0.85 -
8762at4891_2|ptg000013l:229450-231213    -            588 9258at4891           -            586   1.3e-45  152.9  12.2   1   3   2.2e-37   2.3e-35  119.0   4.0     5   292    12   325     8   329 0.80 -
8762at4891_2|ptg000013l:229450-231213    -            588 9258at4891           -            586   1.3e-45  152.9  12.2   2   3       1.9   1.9e+02   -2.9   0.2   536   562   344   372   332   377 0.54 -
8762at4891_2|ptg000013l:229450-231213    -            588 9258at4891           -            586   1.3e-45  152.9  12.2   3   3   4.5e-13   4.6e-11   38.8   0.0   294   348   377   431   373   456 0.83 -
17188at4891_4|ptg000014l:80555-82345     -            597 9258at4891           -            586   2.7e-43  145.2   4.0   1   1   6.3e-45   6.5e-43  144.0   4.0    42   355   228   589   215   597 0.81 -
31544at4891_2|ptg000008l:719760-721292   -            511 9258at4891           -            586   3.7e-29   98.5   0.2   1   2   7.7e-18   7.9e-16   54.5   0.1    32   193   100   276    81   289 0.75 -
31544at4891_2|ptg000008l:719760-721292   -            511 9258at4891           -            586   3.7e-29   98.5   0.2   2   2   5.5e-14   5.6e-12   41.8   0.0   285   358   436   508   418   511 0.86 -
#
# Program:         hmmsearch
# Version:         3.1b2 (February 2015)
# Pipeline mode:   SEARCH
# Query file:      /home/inf-39-2023/bin/BINP29/Denovo/2_Assembly/busco_downloads/lineages/saccharomycetes_odb10/hmms/9258at4891.hmm
# Target file:     /home/inf-39-2023/bin/BINP29/Denovo/2_Assembly/BUSCO_SRR.asm.bp.p_ctg.fasta/run_saccharomycetes_odb10/metaeuk_output/initial_results/SRR.asm.bp.p_ctg.fasta.modified.fas
# Option settings: hmmsearch --domtblout /home/inf-39-2023/bin/BINP29/Denovo/2_Assembly/BUSCO_SRR.asm.bp.p_ctg.fasta/run_saccharomycetes_odb10/hmmer_output/initial_run_results/9258at4891.out --cpu 1 /home/inf-39-2023/bin/BINP29/Denovo/2_Assembly/busco_downloads/lineages/saccharomycetes_odb10/hmms/9258at4891.hmm /home/inf-39-2023/bin/BINP29/Denovo/2_Assembly/BUSCO_SRR.asm.bp.p_ctg.fasta/run_saccharomycetes_odb10/metaeuk_output/initial_results/SRR.asm.bp.p_ctg.fasta.modified.fas 
# Current dir:     /home/inf-39-2023/bin/BINP29/Denovo/2_Assembly
# Date:            Wed Feb 21 15:52:50 2024
# [ok]
