#                                                                                                --- full sequence --- -------------- this domain -------------   hmm coord   ali coord   env coord
# target name                            accession   tlen query name           accession   qlen   E-value  score  bias   #  of  c-Evalue  i-Evalue  score  bias  from    to  from    to  from    to  acc description of target
#                    ------------------- ---------- ----- -------------------- ---------- ----- --------- ------ ----- --- --- --------- --------- ------ ----- ----- ----- ----- ----- ----- ----- ---- ---------------------
9633at4891_2|ptg000007l:827917-829431    -            505 9633at4891           -            420  1.4e-268  887.6   0.1   1   1  1.8e-270  1.6e-268  887.5   0.1     1   420    53   490    53   490 0.98 -
9258at4891_2|ptg000006l:372453-374762    -            770 9633at4891           -            420  2.6e-100  333.4   2.1   1   1  1.5e-101   1.3e-99  331.1   2.1     7   417    60   491    52   493 0.91 -
18663at4891_2|ptg000015l:228298-229758   -            487 9633at4891           -            420   2.1e-71  238.2   0.1   1   1   3.2e-73   2.9e-71  237.7   0.1     6   330    85   416    81   434 0.88 -
9680at4891_2|ptg000001l:124240-126057    -            606 9633at4891           -            420   1.1e-69  232.5   0.4   1   1   1.6e-71   1.4e-69  232.1   0.4     5   415    24   467    20   471 0.84 -
9846at4891_1|ptg000004l:117254-119470    -            739 9633at4891           -            420   1.3e-69  232.3   0.3   1   1     2e-71   1.8e-69  231.8   0.3     5   326   238   574   234   593 0.89 -
21277at4891_1|ptg000005l:677915-679567   -            551 9633at4891           -            420   8.1e-65  216.5   1.1   1   1   1.2e-66   1.1e-64  216.0   1.1     6   341    36   408    30   456 0.81 -
7407at4891_2|ptg000017l:186429-188648    -            740 9633at4891           -            420   1.2e-61  206.0   0.6   1   4   2.7e-37   2.4e-35  119.4   0.1     5   162   159   327   155   393 0.77 -
7407at4891_2|ptg000017l:186429-188648    -            740 9633at4891           -            420   1.2e-61  206.0   0.6   2   4       3.1   2.7e+02   -2.7   0.0   221   242   424   445   415   473 0.73 -
7407at4891_2|ptg000017l:186429-188648    -            740 9633at4891           -            420   1.2e-61  206.0   0.6   3   4     2e-21   1.8e-19   67.1   0.0   245   335   479   576   475   583 0.84 -
7407at4891_2|ptg000017l:186429-188648    -            740 9633at4891           -            420   1.2e-61  206.0   0.6   4   4     1e-05   0.00091   15.4   0.0   337   414   619   698   609   701 0.87 -
10350at4891_2|ptg000008l:740959-742527   -            523 9633at4891           -            420   8.7e-59  196.6   0.1   1   1   1.3e-60   1.2e-58  196.2   0.1     5   343   129   485   125   499 0.77 -
12541at4891_2|ptg000014l:361660-364252   -            535 9633at4891           -            420   4.3e-58  194.3   0.0   1   1   6.6e-60   5.9e-58  193.9   0.0     7   332   129   468   125   482 0.87 -
12541at4891_1|ptg000003l:614076-615311   -            412 9633at4891           -            420   2.6e-56  188.5   0.0   1   1   3.7e-58   3.3e-56  188.1   0.0     6   325    27   370    22   395 0.84 -
11037at4891_2|ptg000015l:442921-444213   -            431 9633at4891           -            420   1.7e-54  182.5   0.2   1   1   2.4e-56   2.2e-54  182.1   0.2     6   336    21   370    17   416 0.82 -
12541at4891_4|ptg000011l:718500-720020   -            507 9633at4891           -            420     2e-53  179.0   0.0   1   1   3.3e-55   2.9e-53  178.4   0.0     6   319   118   455   114   482 0.83 -
11161at4891_2|ptg000005l:1333798-1335195 -            466 9633at4891           -            420   7.8e-53  177.0   0.4   1   1   1.2e-54   1.1e-52  176.5   0.4     7   313    46   357    41   369 0.90 -
13757at4891_2|ptg000002l:119716-122229   -            838 9633at4891           -            420   5.4e-52  174.2   0.4   1   1     9e-53     8e-51  170.4   0.4     6   331   263   624   258   634 0.79 -
4326at4891_2|ptg000005l:1108448-1111432  -            995 9633at4891           -            420   6.1e-51  170.7   0.3   1   2   6.2e-36   5.5e-34  114.9   0.2     7   184   156   334   151   377 0.85 -
4326at4891_2|ptg000005l:1108448-1111432  -            995 9633at4891           -            420   6.1e-51  170.7   0.3   2   2   2.7e-17   2.4e-15   53.5   0.0   221   334   432   545   427   551 0.91 -
15766at4891_4|ptg000005l:575310-577073   -            588 9633at4891           -            420   4.4e-50  167.9   0.5   1   1   6.5e-52   5.8e-50  167.5   0.5     7   360   193   582   187   587 0.74 -
11161at4891_6|ptg000006l:598503-599603   -            367 9633at4891           -            420   3.4e-46  155.1   0.4   1   1   4.7e-48   4.2e-46  154.8   0.4     7   338    18   354    11   364 0.87 -
11161at4891_6|ptg000017l:117639-118739   -            367 9633at4891           -            420   3.4e-46  155.1   0.4   1   1   4.7e-48   4.2e-46  154.8   0.4     7   338    18   354    11   364 0.87 -
9724at4891_2|ptg000002l:289455-291701    -            749 9633at4891           -            420   1.4e-45  153.0   0.4   1   2   1.1e-29   9.6e-28   94.3   0.1     6   161   169   334   164   364 0.84 -
9724at4891_2|ptg000002l:289455-291701    -            749 9633at4891           -            420   1.4e-45  153.0   0.4   2   2   8.5e-18   7.6e-16   55.1   0.0   199   340   422   579   401   591 0.75 -
11161at4891_2|ptg000005l:1017666-1018778 -            371 9633at4891           -            420     7e-45  150.8   2.7   1   1     1e-46     9e-45  150.4   2.7     7   337    20   359    14   368 0.86 -
8758at4891_1|ptg000005l:1199077-1200414  -            446 9633at4891           -            420   1.3e-43  146.6   0.2   1   1   1.9e-45   1.7e-43  146.2   0.2     7   329    81   414    74   439 0.83 -
11838at4891_2|ptg000008l:918760-920427   -            556 9633at4891           -            420   1.1e-42  143.5   0.5   1   1   1.8e-44   1.6e-42  143.0   0.5     7   330   141   481   136   526 0.75 -
8762at4891_2|ptg000013l:229450-231213    -            588 9633at4891           -            420   1.1e-38  130.3   2.5   1   2   4.7e-31   4.2e-29   98.8   2.0     6   230    29   276    23   289 0.76 -
8762at4891_2|ptg000013l:229450-231213    -            588 9633at4891           -            420   1.1e-38  130.3   2.5   2   2   4.2e-10   3.7e-08   29.8   0.0   281   331   378   428   368   476 0.89 -
17188at4891_4|ptg000014l:80555-82345     -            597 9633at4891           -            420   3.1e-36  122.3   2.4   1   1   1.8e-36   1.6e-34  116.6   2.4    27   316   229   564   215   586 0.71 -
11266at4891_7|ptg000011l:415416-416861   -            482 9633at4891           -            420   2.3e-32  109.6   1.2   1   1     3e-34   2.7e-32  109.3   1.2     6   327   110   442   104   482 0.77 -
31544at4891_2|ptg000008l:719760-721292   -            511 9633at4891           -            420   5.5e-22   75.4   0.3   1   2   1.2e-13   1.1e-11   41.4   0.1    31   171   113   268    90   291 0.74 -
31544at4891_2|ptg000008l:719760-721292   -            511 9633at4891           -            420   5.5e-22   75.4   0.3   2   2   9.2e-11   8.3e-09   32.0   0.0   272   324   437   488   411   500 0.86 -
5557at4891_8|ptg000011l:851995-853452    -            486 9633at4891           -            420   3.6e-05   20.0   0.0   1   1   6.6e-07   5.9e-05   19.3   0.0   219   326   345   457   326   472 0.76 -
5557at4891_3|ptg000016l:325676-327139    -            488 9633at4891           -            420    0.0004   16.5   0.0   1   1   6.8e-06   0.00061   15.9   0.0   219   320   346   452   326   471 0.78 -
1088at4891_4|ptg000005l:482687-485866    -           1060 9633at4891           -            420    0.0039   13.3   0.0   1   2    0.0003     0.027   10.5   0.0     7    75   287   350   283   448 0.65 -
1088at4891_4|ptg000005l:482687-485866    -           1060 9633at4891           -            420    0.0039   13.3   0.0   2   2      0.74        66   -0.7   0.0   207   258   839   890   815   898 0.85 -
1679at4891_2|ptg000013l:449512-453372    -           1287 9633at4891           -            420    0.0078   12.3   0.0   1   1   0.00015     0.014   11.5   0.0    13   135   332   447   328   479 0.88 -
#
# Program:         hmmsearch
# Version:         3.1b2 (February 2015)
# Pipeline mode:   SEARCH
# Query file:      /home/inf-39-2023/bin/BINP29/Denovo/2_Assembly/busco_downloads/lineages/saccharomycetes_odb10/hmms/9633at4891.hmm
# Target file:     /home/inf-39-2023/bin/BINP29/Denovo/2_Assembly/BUSCO_SRR.asm.bp.p_ctg.fasta/run_saccharomycetes_odb10/metaeuk_output/initial_results/SRR.asm.bp.p_ctg.fasta.modified.fas
# Option settings: hmmsearch --domtblout /home/inf-39-2023/bin/BINP29/Denovo/2_Assembly/BUSCO_SRR.asm.bp.p_ctg.fasta/run_saccharomycetes_odb10/hmmer_output/initial_run_results/9633at4891.out --cpu 1 /home/inf-39-2023/bin/BINP29/Denovo/2_Assembly/busco_downloads/lineages/saccharomycetes_odb10/hmms/9633at4891.hmm /home/inf-39-2023/bin/BINP29/Denovo/2_Assembly/BUSCO_SRR.asm.bp.p_ctg.fasta/run_saccharomycetes_odb10/metaeuk_output/initial_results/SRR.asm.bp.p_ctg.fasta.modified.fas 
# Current dir:     /home/inf-39-2023/bin/BINP29/Denovo/2_Assembly
# Date:            Wed Feb 21 15:52:47 2024
# [ok]
