Create directory /home/inf-39-2023/bin/BINP29/Denovo/2_Assembly/BUSCO_SRR.asm.bp.p_ctg.fasta/run_saccharomycetes_odb10/metaeuk_output/tmp
easy-predict --threads 10 /home/inf-39-2023/bin/BINP29/Denovo/2_Assembly/SRR.asm.bp.p_ctg.fasta /home/inf-39-2023/bin/BINP29/Denovo/2_Assembly/busco_downloads/lineages/saccharomycetes_odb10/refseq_db.faa /home/inf-39-2023/bin/BINP29/Denovo/2_Assembly/BUSCO_SRR.asm.bp.p_ctg.fasta/run_saccharomycetes_odb10/metaeuk_output/initial_results/SRR.asm.bp.p_ctg.fasta /home/inf-39-2023/bin/BINP29/Denovo/2_Assembly/BUSCO_SRR.asm.bp.p_ctg.fasta/run_saccharomycetes_odb10/metaeuk_output/tmp --max-intron 60000 --max-seq-len 70000 --min-exon-aa 15 --max-overlap 15 --min-intron 5 --overlap 1 -s 4.5 

MMseqs Version:                                             	6.a5d39d9
Substitution matrix                                         	aa:blosum62.out,nucl:nucleotide.out
Add backtrace                                               	false
Alignment mode                                              	2
Alignment mode                                              	0
Allow wrapped scoring                                       	false
E-value threshold                                           	100
Seq. id. threshold                                          	0
Min alignment length                                        	0
Seq. id. mode                                               	0
Alternative alignments                                      	0
Coverage threshold                                          	0
Coverage mode                                               	0
Max sequence length                                         	70000
Compositional bias                                          	1
Compositional bias                                          	1
Max reject                                                  	2147483647
Max accept                                                  	2147483647
Include identical seq. id.                                  	false
Preload mode                                                	0
Pseudo count a                                              	substitution:1.100,context:1.400
Pseudo count b                                              	substitution:4.100,context:5.800
Score bias                                                  	0
Realign hits                                                	false
Realign score bias                                          	-0.2
Realign max seqs                                            	2147483647
Correlation score weight                                    	0
Gap open cost                                               	aa:11,nucl:5
Gap extension cost                                          	aa:1,nucl:2
Zdrop                                                       	40
Threads                                                     	10
Compressed                                                  	0
Verbosity                                                   	3
Seed substitution matrix                                    	aa:VTML80.out,nucl:nucleotide.out
Sensitivity                                                 	4.5
k-mer length                                                	0
k-score                                                     	seq:2147483647,prof:2147483647
Alphabet size                                               	aa:21,nucl:5
Max results per query                                       	300
Split database                                              	0
Split mode                                                  	2
Split memory limit                                          	0
Diagonal scoring                                            	true
Exact k-mer matching                                        	0
Mask residues                                               	1
Mask residues probability                                   	0.9
Mask lower case residues                                    	0
Minimum diagonal score                                      	15
Spaced k-mers                                               	1
Spaced k-mer pattern                                        	
Local temporary path                                        	
Rescore mode                                                	0
Remove hits by seq. id. and coverage                        	false
Sort results                                                	0
Mask profile                                                	1
Profile E-value threshold                                   	0.001
Global sequence weighting                                   	false
Allow deletions                                             	false
Filter MSA                                                  	1
Use filter only at N seqs                                   	0
Maximum seq. id. threshold                                  	0.9
Minimum seq. id.                                            	0.0
Minimum score per column                                    	-20
Minimum coverage                                            	0
Select N most diverse seqs                                  	1000
Pseudo count mode                                           	0
Gap pseudo count                                            	10
Min codons in orf                                           	15
Max codons in length                                        	32734
Max orf gaps                                                	2147483647
Contig start mode                                           	2
Contig end mode                                             	2
Orf start mode                                              	1
Forward frames                                              	1,2,3
Reverse frames                                              	1,2,3
Translation table                                           	1
Translate orf                                               	0
Use all table starts                                        	false
Offset of numeric ids                                       	0
Create lookup                                               	0
Add orf stop                                                	false
Overlap between sequences                                   	0
Sequence split mode                                         	1
Header split mode                                           	0
Chain overlapping alignments                                	0
Merge query                                                 	1
Search type                                                 	0
Search iterations                                           	1
Start sensitivity                                           	4
Search steps                                                	1
Exhaustive search mode                                      	false
Filter results during exhaustive search                     	0
Strand selection                                            	1
LCA search mode                                             	false
Disk space limit                                            	0
MPI runner                                                  	
Force restart with latest tmp                               	false
Remove temporary files                                      	false
maximal combined evalue of an optimal set                   	0.001
minimal length ratio between combined optimal set and target	0.5
Maximal intron length                                       	60000
Minimal intron length                                       	5
Minimal exon length aa                                      	15
Maximal overlap of exons                                    	15
Maximal number of exon sets                                 	1
Gap open penalty                                            	-1
Gap extend penalty                                          	-1
allow same-strand overlaps                                  	1
translate codons to AAs                                     	0
write target key instead of accession                       	0
write fragment contig coords                                	0
Reverse AA Fragments                                        	0

createdb /home/inf-39-2023/bin/BINP29/Denovo/2_Assembly/SRR.asm.bp.p_ctg.fasta /home/inf-39-2023/bin/BINP29/Denovo/2_Assembly/BUSCO_SRR.asm.bp.p_ctg.fasta/run_saccharomycetes_odb10/metaeuk_output/tmp/10452731243808658098/contigs --dbtype 2 --compressed 0 -v 3 

Converting sequences
[
Time for merging to contigs_h: 0h 0m 0s 2ms
Time for merging to contigs: 0h 0m 0s 14ms
Database type: Nucleotide
Time for processing: 0h 0m 0s 47ms
createdb /home/inf-39-2023/bin/BINP29/Denovo/2_Assembly/busco_downloads/lineages/saccharomycetes_odb10/refseq_db.faa /home/inf-39-2023/bin/BINP29/Denovo/2_Assembly/BUSCO_SRR.asm.bp.p_ctg.fasta/run_saccharomycetes_odb10/metaeuk_output/tmp/10452731243808658098/targets --dbtype 1 --compressed 0 -v 3 

Converting sequences
[==
Time for merging to targets_h: 0h 0m 0s 4ms
Time for merging to targets: 0h 0m 0s 14ms
Database type: Aminoacid
Time for processing: 0h 0m 0s 75ms
Create directory /home/inf-39-2023/bin/BINP29/Denovo/2_Assembly/BUSCO_SRR.asm.bp.p_ctg.fasta/run_saccharomycetes_odb10/metaeuk_output/tmp/10452731243808658098/tmp_predict
predictexons /home/inf-39-2023/bin/BINP29/Denovo/2_Assembly/BUSCO_SRR.asm.bp.p_ctg.fasta/run_saccharomycetes_odb10/metaeuk_output/tmp/10452731243808658098/contigs /home/inf-39-2023/bin/BINP29/Denovo/2_Assembly/BUSCO_SRR.asm.bp.p_ctg.fasta/run_saccharomycetes_odb10/metaeuk_output/tmp/10452731243808658098/targets /home/inf-39-2023/bin/BINP29/Denovo/2_Assembly/BUSCO_SRR.asm.bp.p_ctg.fasta/run_saccharomycetes_odb10/metaeuk_output/tmp/10452731243808658098/MetaEuk_calls /home/inf-39-2023/bin/BINP29/Denovo/2_Assembly/BUSCO_SRR.asm.bp.p_ctg.fasta/run_saccharomycetes_odb10/metaeuk_output/tmp/10452731243808658098/tmp_predict --sub-mat 'aa:blosum62.out,nucl:nucleotide.out' -a 0 --alignment-mode 2 --alignment-output-mode 0 --wrapped-scoring 0 -e 100 --min-seq-id 0 --min-aln-len 0 --seq-id-mode 0 --alt-ali 0 -c 0 --cov-mode 0 --max-seq-len 70000 --comp-bias-corr 1 --comp-bias-corr-scale 1 --max-rejected 2147483647 --max-accept 2147483647 --add-self-matches 0 --db-load-mode 0 --pca substitution:1.100,context:1.400 --pcb substitution:4.100,context:5.800 --score-bias 0 --realign 0 --realign-score-bias -0.2 --realign-max-seqs 2147483647 --corr-score-weight 0 --gap-open aa:11,nucl:5 --gap-extend aa:1,nucl:2 --zdrop 40 --threads 10 --compressed 0 -v 3 --seed-sub-mat 'aa:VTML80.out,nucl:nucleotide.out' -s 4.5 -k 0 --k-score seq:2147483647,prof:2147483647 --alph-size aa:21,nucl:5 --max-seqs 300 --split 0 --split-mode 2 --split-memory-limit 0 --diag-score 1 --exact-kmer-matching 0 --mask 1 --mask-prob 0.9 --mask-lower-case 0 --min-ungapped-score 15 --spaced-kmer-mode 1 --rescore-mode 0 --filter-hits 0 --sort-results 0 --mask-profile 1 --e-profile 0.001 --wg 0 --allow-deletion 0 --filter-msa 1 --filter-min-enable 0 --max-seq-id 0.9 --qid '0.0' --qsc -20 --cov 0 --diff 1000 --pseudo-cnt-mode 0 --gap-pc 10 --min-length 15 --max-length 32734 --max-gaps 2147483647 --contig-start-mode 2 --contig-end-mode 2 --orf-start-mode 1 --forward-frames 1,2,3 --reverse-frames 1,2,3 --translation-table 1 --translate 0 --use-all-table-starts 0 --id-offset 0 --create-lookup 0 --add-orf-stop 0 --sequence-overlap 0 --sequence-split-mode 1 --headers-split-mode 0 --chain-alignments 0 --merge-query 1 --search-type 0 --num-iterations 1 --start-sens 4 --sens-steps 1 --exhaustive-search 0 --exhaustive-search-filter 0 --strand 1 --lca-search 0 --disk-space-limit 0 --force-reuse 0 --remove-tmp-files 0 --metaeuk-eval 0.001 --metaeuk-tcov 0.5 --max-intron 60000 --min-intron 5 --min-exon-aa 15 --max-overlap 15 --max-exon-sets 1 --set-gap-open -1 --set-gap-extend -1 --reverse-fragments 0 

extractorfs /home/inf-39-2023/bin/BINP29/Denovo/2_Assembly/BUSCO_SRR.asm.bp.p_ctg.fasta/run_saccharomycetes_odb10/metaeuk_output/tmp/10452731243808658098/contigs /home/inf-39-2023/bin/BINP29/Denovo/2_Assembly/BUSCO_SRR.asm.bp.p_ctg.fasta/run_saccharomycetes_odb10/metaeuk_output/tmp/10452731243808658098/tmp_predict/8183788163978783827/nucl_6f --min-length 15 --max-length 32734 --max-gaps 2147483647 --contig-start-mode 2 --contig-end-mode 2 --orf-start-mode 1 --forward-frames 1,2,3 --reverse-frames 1,2,3 --translation-table 1 --translate 0 --use-all-table-starts 0 --id-offset 0 --create-lookup 0 --threads 10 --compressed 0 -v 3 

[=================================================================] 49 0s 52ms
Time for merging to nucl_6f_h: 0h 0m 0s 62ms
Time for merging to nucl_6f: 0h 0m 0s 115ms
Time for processing: 0h 0m 0s 409ms
translatenucs /home/inf-39-2023/bin/BINP29/Denovo/2_Assembly/BUSCO_SRR.asm.bp.p_ctg.fasta/run_saccharomycetes_odb10/metaeuk_output/tmp/10452731243808658098/tmp_predict/8183788163978783827/nucl_6f /home/inf-39-2023/bin/BINP29/Denovo/2_Assembly/BUSCO_SRR.asm.bp.p_ctg.fasta/run_saccharomycetes_odb10/metaeuk_output/tmp/10452731243808658098/tmp_predict/8183788163978783827/aa_6f --translation-table 1 --add-orf-stop 0 -v 3 --compressed 0 --threads 10 

[=================================================================] 507.05K 0s 45ms
Time for merging to aa_6f: 0h 0m 0s 112ms
Time for processing: 0h 0m 0s 197ms
Create directory /home/inf-39-2023/bin/BINP29/Denovo/2_Assembly/BUSCO_SRR.asm.bp.p_ctg.fasta/run_saccharomycetes_odb10/metaeuk_output/tmp/10452731243808658098/tmp_predict/8183788163978783827/tmp_search
search /home/inf-39-2023/bin/BINP29/Denovo/2_Assembly/BUSCO_SRR.asm.bp.p_ctg.fasta/run_saccharomycetes_odb10/metaeuk_output/tmp/10452731243808658098/tmp_predict/8183788163978783827/aa_6f /home/inf-39-2023/bin/BINP29/Denovo/2_Assembly/BUSCO_SRR.asm.bp.p_ctg.fasta/run_saccharomycetes_odb10/metaeuk_output/tmp/10452731243808658098/targets /home/inf-39-2023/bin/BINP29/Denovo/2_Assembly/BUSCO_SRR.asm.bp.p_ctg.fasta/run_saccharomycetes_odb10/metaeuk_output/tmp/10452731243808658098/tmp_predict/8183788163978783827/search_res /home/inf-39-2023/bin/BINP29/Denovo/2_Assembly/BUSCO_SRR.asm.bp.p_ctg.fasta/run_saccharomycetes_odb10/metaeuk_output/tmp/10452731243808658098/tmp_predict/8183788163978783827/tmp_search --sub-mat 'aa:blosum62.out,nucl:nucleotide.out' -a 0 --alignment-mode 2 --alignment-output-mode 0 --wrapped-scoring 0 -e 100 --min-seq-id 0 --min-aln-len 15 --seq-id-mode 0 --alt-ali 0 -c 0 --cov-mode 0 --max-seq-len 70000 --comp-bias-corr 1 --comp-bias-corr-scale 1 --max-rejected 2147483647 --max-accept 2147483647 --add-self-matches 0 --db-load-mode 0 --pca substitution:1.100,context:1.400 --pcb substitution:4.100,context:5.800 --score-bias 0 --realign 0 --realign-score-bias -0.2 --realign-max-seqs 2147483647 --corr-score-weight 0 --gap-open aa:11,nucl:5 --gap-extend aa:1,nucl:2 --zdrop 40 --threads 10 --compressed 0 -v 3 --seed-sub-mat 'aa:VTML80.out,nucl:nucleotide.out' -s 4.5 -k 0 --k-score seq:2147483647,prof:2147483647 --alph-size aa:21,nucl:5 --max-seqs 300 --split 0 --split-mode 2 --split-memory-limit 0 --diag-score 1 --exact-kmer-matching 0 --mask 1 --mask-prob 0.9 --mask-lower-case 0 --min-ungapped-score 15 --spaced-kmer-mode 1 --rescore-mode 0 --filter-hits 0 --sort-results 0 --mask-profile 1 --e-profile 0.001 --wg 0 --allow-deletion 0 --filter-msa 1 --filter-min-enable 0 --max-seq-id 0.9 --qid '0.0' --qsc -20 --cov 0 --diff 1000 --pseudo-cnt-mode 0 --gap-pc 10 --min-length 15 --max-length 32734 --max-gaps 2147483647 --contig-start-mode 2 --contig-end-mode 2 --orf-start-mode 1 --forward-frames 1,2,3 --reverse-frames 1,2,3 --translation-table 1 --translate 0 --use-all-table-starts 0 --id-offset 0 --create-lookup 0 --add-orf-stop 0 --sequence-overlap 0 --sequence-split-mode 1 --headers-split-mode 0 --chain-alignments 0 --merge-query 1 --search-type 0 --num-iterations 1 --start-sens 4 --sens-steps 1 --exhaustive-search 0 --exhaustive-search-filter 0 --strand 1 --lca-search 0 --disk-space-limit 0 --force-reuse 0 --remove-tmp-files 0 

prefilter /home/inf-39-2023/bin/BINP29/Denovo/2_Assembly/BUSCO_SRR.asm.bp.p_ctg.fasta/run_saccharomycetes_odb10/metaeuk_output/tmp/10452731243808658098/tmp_predict/8183788163978783827/aa_6f /home/inf-39-2023/bin/BINP29/Denovo/2_Assembly/BUSCO_SRR.asm.bp.p_ctg.fasta/run_saccharomycetes_odb10/metaeuk_output/tmp/10452731243808658098/targets /home/inf-39-2023/bin/BINP29/Denovo/2_Assembly/BUSCO_SRR.asm.bp.p_ctg.fasta/run_saccharomycetes_odb10/metaeuk_output/tmp/10452731243808658098/tmp_predict/8183788163978783827/tmp_search/4457457773991982264/pref_0 --sub-mat 'aa:blosum62.out,nucl:nucleotide.out' --seed-sub-mat 'aa:VTML80.out,nucl:nucleotide.out' -k 0 --k-score seq:2147483647,prof:2147483647 --alph-size aa:21,nucl:5 --max-seq-len 70000 --max-seqs 300 --split 0 --split-mode 2 --split-memory-limit 0 -c 0 --cov-mode 0 --comp-bias-corr 1 --comp-bias-corr-scale 1 --diag-score 1 --exact-kmer-matching 0 --mask 1 --mask-prob 0.9 --mask-lower-case 0 --min-ungapped-score 15 --add-self-matches 0 --spaced-kmer-mode 1 --db-load-mode 0 --pca substitution:1.100,context:1.400 --pcb substitution:4.100,context:5.800 --threads 10 --compressed 0 -v 3 -s 4.5 

Query database size: 507046 type: Aminoacid
Estimated memory consumption: 1G
Target database size: 23486 type: Aminoacid
Index table k-mer threshold: 123 at k-mer size 6 
Index table: counting k-mers
[=================================================================] 23.49K 0s 212ms
Index table: Masked residues: 176547
Index table: fill
[=================================================================] 23.49K 0s 288ms
Index statistics
Entries:          12057313
DB size:          557 MB
Avg k-mer size:   0.188396
Top 10 k-mers
    LLGPGK	146
    ALRGDR	109
    LYPGKT	82
    PPGLGP	77
    PGGTAR	77
    DEDIKR	76
    LAEGKT	76
    QDEGTT	66
    TGTLAV	60
    GVLGGT	54
Time for index table init: 0h 0m 0s 889ms
Process prefiltering step 1 of 1

k-mer similarity threshold: 123
Starting prefiltering scores calculation (step 1 of 1)
Query db start 1 to 507046
Target db start 1 to 23486
[=================================================================] 507.05K 8s 724ms

76.613326 k-mers per position
373 DB matches per sequence
0 overflows
0 queries produce too many hits (truncated result)
2 sequences passed prefiltering per query sequence
1 median result list length
227037 sequences with 0 size result lists
Time for merging to pref_0: 0h 0m 0s 96ms
Time for processing: 0h 0m 10s 136ms
align /home/inf-39-2023/bin/BINP29/Denovo/2_Assembly/BUSCO_SRR.asm.bp.p_ctg.fasta/run_saccharomycetes_odb10/metaeuk_output/tmp/10452731243808658098/tmp_predict/8183788163978783827/aa_6f /home/inf-39-2023/bin/BINP29/Denovo/2_Assembly/BUSCO_SRR.asm.bp.p_ctg.fasta/run_saccharomycetes_odb10/metaeuk_output/tmp/10452731243808658098/targets /home/inf-39-2023/bin/BINP29/Denovo/2_Assembly/BUSCO_SRR.asm.bp.p_ctg.fasta/run_saccharomycetes_odb10/metaeuk_output/tmp/10452731243808658098/tmp_predict/8183788163978783827/tmp_search/4457457773991982264/pref_0 /home/inf-39-2023/bin/BINP29/Denovo/2_Assembly/BUSCO_SRR.asm.bp.p_ctg.fasta/run_saccharomycetes_odb10/metaeuk_output/tmp/10452731243808658098/tmp_predict/8183788163978783827/search_res --sub-mat 'aa:blosum62.out,nucl:nucleotide.out' -a 0 --alignment-mode 2 --alignment-output-mode 0 --wrapped-scoring 0 -e 100 --min-seq-id 0 --min-aln-len 15 --seq-id-mode 0 --alt-ali 0 -c 0 --cov-mode 0 --max-seq-len 70000 --comp-bias-corr 1 --comp-bias-corr-scale 1 --max-rejected 2147483647 --max-accept 2147483647 --add-self-matches 0 --db-load-mode 0 --pca substitution:1.100,context:1.400 --pcb substitution:4.100,context:5.800 --score-bias 0 --realign 0 --realign-score-bias -0.2 --realign-max-seqs 2147483647 --corr-score-weight 0 --gap-open aa:11,nucl:5 --gap-extend aa:1,nucl:2 --zdrop 40 --threads 10 --compressed 0 -v 3 

Compute score and coverage
Query database size: 507046 type: Aminoacid
Target database size: 23486 type: Aminoacid
Calculation of alignments
[=================================================================] 507.05K 5s 345ms
Time for merging to search_res: 0h 0m 0s 89ms
1095034 alignments calculated
165468 sequence pairs passed the thresholds (0.151108 of overall calculated)
0.326337 hits per query sequence
Time for processing: 0h 0m 5s 499ms
resultspercontig /home/inf-39-2023/bin/BINP29/Denovo/2_Assembly/BUSCO_SRR.asm.bp.p_ctg.fasta/run_saccharomycetes_odb10/metaeuk_output/tmp/10452731243808658098/contigs /home/inf-39-2023/bin/BINP29/Denovo/2_Assembly/BUSCO_SRR.asm.bp.p_ctg.fasta/run_saccharomycetes_odb10/metaeuk_output/tmp/10452731243808658098/tmp_predict/8183788163978783827/nucl_6f /home/inf-39-2023/bin/BINP29/Denovo/2_Assembly/BUSCO_SRR.asm.bp.p_ctg.fasta/run_saccharomycetes_odb10/metaeuk_output/tmp/10452731243808658098/tmp_predict/8183788163978783827/search_res /home/inf-39-2023/bin/BINP29/Denovo/2_Assembly/BUSCO_SRR.asm.bp.p_ctg.fasta/run_saccharomycetes_odb10/metaeuk_output/tmp/10452731243808658098/tmp_predict/8183788163978783827/search_res_by_contig --threads 10 --compressed 0 -v 3 

Computing ORF lookup
Computing contig offsets
Computing contig lookup
Time for contig lookup: 0h 0m 0s 13ms
[=================================================================] 49 0s 89ms
Time for merging to search_res_by_contig: 0h 0m 0s 0ms
Time for processing: 0h 0m 0s 170ms
collectoptimalset /home/inf-39-2023/bin/BINP29/Denovo/2_Assembly/BUSCO_SRR.asm.bp.p_ctg.fasta/run_saccharomycetes_odb10/metaeuk_output/tmp/10452731243808658098/tmp_predict/8183788163978783827/search_res_by_contig /home/inf-39-2023/bin/BINP29/Denovo/2_Assembly/BUSCO_SRR.asm.bp.p_ctg.fasta/run_saccharomycetes_odb10/metaeuk_output/tmp/10452731243808658098/targets /home/inf-39-2023/bin/BINP29/Denovo/2_Assembly/BUSCO_SRR.asm.bp.p_ctg.fasta/run_saccharomycetes_odb10/metaeuk_output/tmp/10452731243808658098/tmp_predict/8183788163978783827/dp_predictions --metaeuk-eval 0.001 --metaeuk-tcov 0.5 --max-intron 60000 --min-intron 5 --min-exon-aa 15 --max-overlap 15 --max-exon-sets 1 --set-gap-open -1 --set-gap-extend -1 --score-bias 0 --threads 10 --compressed 0 -v 3 

[=================================================================] 49 0s 111ms
Time for merging to dp_predictions: 0h 0m 0s 0ms
Time for processing: 0h 0m 0s 118ms
mvdb /home/inf-39-2023/bin/BINP29/Denovo/2_Assembly/BUSCO_SRR.asm.bp.p_ctg.fasta/run_saccharomycetes_odb10/metaeuk_output/tmp/10452731243808658098/tmp_predict/8183788163978783827/dp_predictions /home/inf-39-2023/bin/BINP29/Denovo/2_Assembly/BUSCO_SRR.asm.bp.p_ctg.fasta/run_saccharomycetes_odb10/metaeuk_output/tmp/10452731243808658098/MetaEuk_calls 

Time for processing: 0h 0m 0s 0ms
reduceredundancy /home/inf-39-2023/bin/BINP29/Denovo/2_Assembly/BUSCO_SRR.asm.bp.p_ctg.fasta/run_saccharomycetes_odb10/metaeuk_output/tmp/10452731243808658098/MetaEuk_calls /home/inf-39-2023/bin/BINP29/Denovo/2_Assembly/BUSCO_SRR.asm.bp.p_ctg.fasta/run_saccharomycetes_odb10/metaeuk_output/tmp/10452731243808658098/MetaEuk_preds /home/inf-39-2023/bin/BINP29/Denovo/2_Assembly/BUSCO_SRR.asm.bp.p_ctg.fasta/run_saccharomycetes_odb10/metaeuk_output/tmp/10452731243808658098/MetaEuk_preds_clust --overlap 1 --threads 10 --compressed 0 -v 3 

[=================================================================] 49 0s 37ms
Time for merging to MetaEuk_preds_clust: 0h 0m 0s 0ms
Time for merging to MetaEuk_preds: 0h 0m 0s 0ms
Time for processing: 0h 0m 0s 42ms
unitesetstofasta /home/inf-39-2023/bin/BINP29/Denovo/2_Assembly/BUSCO_SRR.asm.bp.p_ctg.fasta/run_saccharomycetes_odb10/metaeuk_output/tmp/10452731243808658098/contigs /home/inf-39-2023/bin/BINP29/Denovo/2_Assembly/BUSCO_SRR.asm.bp.p_ctg.fasta/run_saccharomycetes_odb10/metaeuk_output/tmp/10452731243808658098/targets /home/inf-39-2023/bin/BINP29/Denovo/2_Assembly/BUSCO_SRR.asm.bp.p_ctg.fasta/run_saccharomycetes_odb10/metaeuk_output/tmp/10452731243808658098/MetaEuk_preds /home/inf-39-2023/bin/BINP29/Denovo/2_Assembly/BUSCO_SRR.asm.bp.p_ctg.fasta/run_saccharomycetes_odb10/metaeuk_output/initial_results/SRR.asm.bp.p_ctg.fasta --protein 0 --translation-table 1 --target-key 0 --write-frag-coords 0 --max-seq-len 70000 --threads 10 -v 3 

[=================================================================] 49 0s 34ms
Time for merging to SRR.asm.bp.p_ctg.fasta.fas: 0h 0m 0s 2ms
Time for merging to SRR.asm.bp.p_ctg.fasta.codon.fas: 0h 0m 0s 4ms
Time for merging to SRR.asm.bp.p_ctg.fasta.headersMap.tsv: 0h 0m 0s 0ms
Time for merging to SRR.asm.bp.p_ctg.fasta.gff: 0h 0m 0s 1ms
Time for processing: 0h 0m 0s 54ms
